[2023-06-05T20:11:50.403+0000] {processor.py:157} INFO - Started process (PID=51) to work on /home/airflow/.local/lib/python3.7/site-packages/airflow/example_dags/example_branch_datetime_operator.py
[2023-06-05T20:11:50.403+0000] {processor.py:826} INFO - Processing file /home/airflow/.local/lib/python3.7/site-packages/airflow/example_dags/example_branch_datetime_operator.py for tasks to queue
[2023-06-05T20:11:50.404+0000] {logging_mixin.py:149} INFO - [2023-06-05T20:11:50.404+0000] {dagbag.py:541} INFO - Filling up the DagBag from /home/airflow/.local/lib/python3.7/site-packages/airflow/example_dags/example_branch_datetime_operator.py
[2023-06-05T20:11:50.420+0000] {processor.py:836} INFO - DAG(s) dict_keys(['example_branch_datetime_operator_2', 'example_branch_datetime_operator_3', 'example_branch_datetime_operator']) retrieved from /home/airflow/.local/lib/python3.7/site-packages/airflow/example_dags/example_branch_datetime_operator.py
[2023-06-05T20:11:50.449+0000] {logging_mixin.py:149} INFO - [2023-06-05T20:11:50.449+0000] {dag.py:2726} INFO - Sync 3 DAGs
[2023-06-05T20:11:50.652+0000] {logging_mixin.py:149} INFO - [2023-06-05T20:11:50.652+0000] {dag.py:3490} INFO - Setting next_dagrun for example_branch_datetime_operator to 2023-06-04T00:00:00+00:00, run_after=2023-06-05T00:00:00+00:00
[2023-06-05T20:11:50.657+0000] {logging_mixin.py:149} INFO - [2023-06-05T20:11:50.657+0000] {dag.py:3490} INFO - Setting next_dagrun for example_branch_datetime_operator_2 to 2023-06-04T00:00:00+00:00, run_after=2023-06-05T00:00:00+00:00
[2023-06-05T20:11:50.659+0000] {logging_mixin.py:149} INFO - [2023-06-05T20:11:50.659+0000] {dag.py:3490} INFO - Setting next_dagrun for example_branch_datetime_operator_3 to 2023-06-04T00:00:00+00:00, run_after=2023-06-05T00:00:00+00:00
[2023-06-05T20:11:50.678+0000] {processor.py:179} INFO - Processing /home/airflow/.local/lib/python3.7/site-packages/airflow/example_dags/example_branch_datetime_operator.py took 0.277 seconds
[2023-06-05T20:12:21.674+0000] {processor.py:157} INFO - Started process (PID=119) to work on /home/airflow/.local/lib/python3.7/site-packages/airflow/example_dags/example_branch_datetime_operator.py
[2023-06-05T20:12:21.676+0000] {processor.py:826} INFO - Processing file /home/airflow/.local/lib/python3.7/site-packages/airflow/example_dags/example_branch_datetime_operator.py for tasks to queue
[2023-06-05T20:12:21.676+0000] {logging_mixin.py:149} INFO - [2023-06-05T20:12:21.676+0000] {dagbag.py:541} INFO - Filling up the DagBag from /home/airflow/.local/lib/python3.7/site-packages/airflow/example_dags/example_branch_datetime_operator.py
[2023-06-05T20:12:21.690+0000] {processor.py:836} INFO - DAG(s) dict_keys(['example_branch_datetime_operator_2', 'example_branch_datetime_operator_3', 'example_branch_datetime_operator']) retrieved from /home/airflow/.local/lib/python3.7/site-packages/airflow/example_dags/example_branch_datetime_operator.py
[2023-06-05T20:12:21.731+0000] {logging_mixin.py:149} INFO - [2023-06-05T20:12:21.730+0000] {dag.py:2726} INFO - Sync 3 DAGs
[2023-06-05T20:12:21.766+0000] {logging_mixin.py:149} INFO - [2023-06-05T20:12:21.766+0000] {dag.py:3490} INFO - Setting next_dagrun for example_branch_datetime_operator to 2023-06-04T00:00:00+00:00, run_after=2023-06-05T00:00:00+00:00
[2023-06-05T20:12:21.772+0000] {logging_mixin.py:149} INFO - [2023-06-05T20:12:21.772+0000] {dag.py:3490} INFO - Setting next_dagrun for example_branch_datetime_operator_2 to 2023-06-04T00:00:00+00:00, run_after=2023-06-05T00:00:00+00:00
[2023-06-05T20:12:21.776+0000] {logging_mixin.py:149} INFO - [2023-06-05T20:12:21.776+0000] {dag.py:3490} INFO - Setting next_dagrun for example_branch_datetime_operator_3 to 2023-06-04T00:00:00+00:00, run_after=2023-06-05T00:00:00+00:00
[2023-06-05T20:12:21.797+0000] {processor.py:179} INFO - Processing /home/airflow/.local/lib/python3.7/site-packages/airflow/example_dags/example_branch_datetime_operator.py took 0.126 seconds
[2023-06-05T20:12:51.931+0000] {processor.py:157} INFO - Started process (PID=187) to work on /home/airflow/.local/lib/python3.7/site-packages/airflow/example_dags/example_branch_datetime_operator.py
[2023-06-05T20:12:51.932+0000] {processor.py:826} INFO - Processing file /home/airflow/.local/lib/python3.7/site-packages/airflow/example_dags/example_branch_datetime_operator.py for tasks to queue
[2023-06-05T20:12:51.932+0000] {logging_mixin.py:149} INFO - [2023-06-05T20:12:51.932+0000] {dagbag.py:541} INFO - Filling up the DagBag from /home/airflow/.local/lib/python3.7/site-packages/airflow/example_dags/example_branch_datetime_operator.py
[2023-06-05T20:12:51.940+0000] {processor.py:836} INFO - DAG(s) dict_keys(['example_branch_datetime_operator_3', 'example_branch_datetime_operator_2', 'example_branch_datetime_operator']) retrieved from /home/airflow/.local/lib/python3.7/site-packages/airflow/example_dags/example_branch_datetime_operator.py
[2023-06-05T20:12:51.966+0000] {logging_mixin.py:149} INFO - [2023-06-05T20:12:51.966+0000] {dag.py:2726} INFO - Sync 3 DAGs
[2023-06-05T20:12:51.989+0000] {logging_mixin.py:149} INFO - [2023-06-05T20:12:51.989+0000] {dag.py:3490} INFO - Setting next_dagrun for example_branch_datetime_operator to 2023-06-04T00:00:00+00:00, run_after=2023-06-05T00:00:00+00:00
[2023-06-05T20:12:51.994+0000] {logging_mixin.py:149} INFO - [2023-06-05T20:12:51.993+0000] {dag.py:3490} INFO - Setting next_dagrun for example_branch_datetime_operator_2 to 2023-06-04T00:00:00+00:00, run_after=2023-06-05T00:00:00+00:00
[2023-06-05T20:12:51.997+0000] {logging_mixin.py:149} INFO - [2023-06-05T20:12:51.996+0000] {dag.py:3490} INFO - Setting next_dagrun for example_branch_datetime_operator_3 to 2023-06-04T00:00:00+00:00, run_after=2023-06-05T00:00:00+00:00
[2023-06-05T20:12:52.020+0000] {processor.py:179} INFO - Processing /home/airflow/.local/lib/python3.7/site-packages/airflow/example_dags/example_branch_datetime_operator.py took 0.092 seconds
[2023-06-05T20:13:22.421+0000] {processor.py:157} INFO - Started process (PID=255) to work on /home/airflow/.local/lib/python3.7/site-packages/airflow/example_dags/example_branch_datetime_operator.py
[2023-06-05T20:13:22.422+0000] {processor.py:826} INFO - Processing file /home/airflow/.local/lib/python3.7/site-packages/airflow/example_dags/example_branch_datetime_operator.py for tasks to queue
[2023-06-05T20:13:22.422+0000] {logging_mixin.py:149} INFO - [2023-06-05T20:13:22.422+0000] {dagbag.py:541} INFO - Filling up the DagBag from /home/airflow/.local/lib/python3.7/site-packages/airflow/example_dags/example_branch_datetime_operator.py
[2023-06-05T20:13:22.430+0000] {processor.py:836} INFO - DAG(s) dict_keys(['example_branch_datetime_operator', 'example_branch_datetime_operator_3', 'example_branch_datetime_operator_2']) retrieved from /home/airflow/.local/lib/python3.7/site-packages/airflow/example_dags/example_branch_datetime_operator.py
[2023-06-05T20:13:22.456+0000] {logging_mixin.py:149} INFO - [2023-06-05T20:13:22.456+0000] {dag.py:2726} INFO - Sync 3 DAGs
[2023-06-05T20:13:22.481+0000] {logging_mixin.py:149} INFO - [2023-06-05T20:13:22.481+0000] {dag.py:3490} INFO - Setting next_dagrun for example_branch_datetime_operator to 2023-06-04T00:00:00+00:00, run_after=2023-06-05T00:00:00+00:00
[2023-06-05T20:13:22.485+0000] {logging_mixin.py:149} INFO - [2023-06-05T20:13:22.485+0000] {dag.py:3490} INFO - Setting next_dagrun for example_branch_datetime_operator_2 to 2023-06-04T00:00:00+00:00, run_after=2023-06-05T00:00:00+00:00
[2023-06-05T20:13:22.487+0000] {logging_mixin.py:149} INFO - [2023-06-05T20:13:22.487+0000] {dag.py:3490} INFO - Setting next_dagrun for example_branch_datetime_operator_3 to 2023-06-04T00:00:00+00:00, run_after=2023-06-05T00:00:00+00:00
[2023-06-05T20:13:22.504+0000] {processor.py:179} INFO - Processing /home/airflow/.local/lib/python3.7/site-packages/airflow/example_dags/example_branch_datetime_operator.py took 0.086 seconds
[2023-06-05T20:13:53.105+0000] {processor.py:157} INFO - Started process (PID=323) to work on /home/airflow/.local/lib/python3.7/site-packages/airflow/example_dags/example_branch_datetime_operator.py
[2023-06-05T20:13:53.105+0000] {processor.py:826} INFO - Processing file /home/airflow/.local/lib/python3.7/site-packages/airflow/example_dags/example_branch_datetime_operator.py for tasks to queue
[2023-06-05T20:13:53.106+0000] {logging_mixin.py:149} INFO - [2023-06-05T20:13:53.106+0000] {dagbag.py:541} INFO - Filling up the DagBag from /home/airflow/.local/lib/python3.7/site-packages/airflow/example_dags/example_branch_datetime_operator.py
[2023-06-05T20:13:53.114+0000] {processor.py:836} INFO - DAG(s) dict_keys(['example_branch_datetime_operator', 'example_branch_datetime_operator_2', 'example_branch_datetime_operator_3']) retrieved from /home/airflow/.local/lib/python3.7/site-packages/airflow/example_dags/example_branch_datetime_operator.py
[2023-06-05T20:13:53.144+0000] {logging_mixin.py:149} INFO - [2023-06-05T20:13:53.144+0000] {dag.py:2726} INFO - Sync 3 DAGs
[2023-06-05T20:13:53.176+0000] {logging_mixin.py:149} INFO - [2023-06-05T20:13:53.176+0000] {dag.py:3490} INFO - Setting next_dagrun for example_branch_datetime_operator to 2023-06-04T00:00:00+00:00, run_after=2023-06-05T00:00:00+00:00
[2023-06-05T20:13:53.181+0000] {logging_mixin.py:149} INFO - [2023-06-05T20:13:53.181+0000] {dag.py:3490} INFO - Setting next_dagrun for example_branch_datetime_operator_2 to 2023-06-04T00:00:00+00:00, run_after=2023-06-05T00:00:00+00:00
[2023-06-05T20:13:53.183+0000] {logging_mixin.py:149} INFO - [2023-06-05T20:13:53.183+0000] {dag.py:3490} INFO - Setting next_dagrun for example_branch_datetime_operator_3 to 2023-06-04T00:00:00+00:00, run_after=2023-06-05T00:00:00+00:00
[2023-06-05T20:13:53.203+0000] {processor.py:179} INFO - Processing /home/airflow/.local/lib/python3.7/site-packages/airflow/example_dags/example_branch_datetime_operator.py took 0.100 seconds
[2023-06-05T20:14:23.344+0000] {processor.py:157} INFO - Started process (PID=391) to work on /home/airflow/.local/lib/python3.7/site-packages/airflow/example_dags/example_branch_datetime_operator.py
[2023-06-05T20:14:23.345+0000] {processor.py:826} INFO - Processing file /home/airflow/.local/lib/python3.7/site-packages/airflow/example_dags/example_branch_datetime_operator.py for tasks to queue
[2023-06-05T20:14:23.346+0000] {logging_mixin.py:149} INFO - [2023-06-05T20:14:23.346+0000] {dagbag.py:541} INFO - Filling up the DagBag from /home/airflow/.local/lib/python3.7/site-packages/airflow/example_dags/example_branch_datetime_operator.py
[2023-06-05T20:14:23.354+0000] {processor.py:836} INFO - DAG(s) dict_keys(['example_branch_datetime_operator_2', 'example_branch_datetime_operator_3', 'example_branch_datetime_operator']) retrieved from /home/airflow/.local/lib/python3.7/site-packages/airflow/example_dags/example_branch_datetime_operator.py
[2023-06-05T20:14:23.384+0000] {logging_mixin.py:149} INFO - [2023-06-05T20:14:23.384+0000] {dag.py:2726} INFO - Sync 3 DAGs
[2023-06-05T20:14:23.424+0000] {logging_mixin.py:149} INFO - [2023-06-05T20:14:23.423+0000] {dag.py:3490} INFO - Setting next_dagrun for example_branch_datetime_operator to 2023-06-04T00:00:00+00:00, run_after=2023-06-05T00:00:00+00:00
[2023-06-05T20:14:23.429+0000] {logging_mixin.py:149} INFO - [2023-06-05T20:14:23.429+0000] {dag.py:3490} INFO - Setting next_dagrun for example_branch_datetime_operator_2 to 2023-06-04T00:00:00+00:00, run_after=2023-06-05T00:00:00+00:00
[2023-06-05T20:14:23.431+0000] {logging_mixin.py:149} INFO - [2023-06-05T20:14:23.431+0000] {dag.py:3490} INFO - Setting next_dagrun for example_branch_datetime_operator_3 to 2023-06-04T00:00:00+00:00, run_after=2023-06-05T00:00:00+00:00
[2023-06-05T20:14:23.448+0000] {processor.py:179} INFO - Processing /home/airflow/.local/lib/python3.7/site-packages/airflow/example_dags/example_branch_datetime_operator.py took 0.106 seconds
[2023-06-05T20:14:53.559+0000] {processor.py:157} INFO - Started process (PID=459) to work on /home/airflow/.local/lib/python3.7/site-packages/airflow/example_dags/example_branch_datetime_operator.py
[2023-06-05T20:14:53.560+0000] {processor.py:826} INFO - Processing file /home/airflow/.local/lib/python3.7/site-packages/airflow/example_dags/example_branch_datetime_operator.py for tasks to queue
[2023-06-05T20:14:53.561+0000] {logging_mixin.py:149} INFO - [2023-06-05T20:14:53.561+0000] {dagbag.py:541} INFO - Filling up the DagBag from /home/airflow/.local/lib/python3.7/site-packages/airflow/example_dags/example_branch_datetime_operator.py
[2023-06-05T20:14:53.569+0000] {processor.py:836} INFO - DAG(s) dict_keys(['example_branch_datetime_operator_3', 'example_branch_datetime_operator', 'example_branch_datetime_operator_2']) retrieved from /home/airflow/.local/lib/python3.7/site-packages/airflow/example_dags/example_branch_datetime_operator.py
[2023-06-05T20:14:53.601+0000] {logging_mixin.py:149} INFO - [2023-06-05T20:14:53.601+0000] {dag.py:2726} INFO - Sync 3 DAGs
[2023-06-05T20:14:53.632+0000] {logging_mixin.py:149} INFO - [2023-06-05T20:14:53.632+0000] {dag.py:3490} INFO - Setting next_dagrun for example_branch_datetime_operator to 2023-06-04T00:00:00+00:00, run_after=2023-06-05T00:00:00+00:00
[2023-06-05T20:14:53.636+0000] {logging_mixin.py:149} INFO - [2023-06-05T20:14:53.636+0000] {dag.py:3490} INFO - Setting next_dagrun for example_branch_datetime_operator_2 to 2023-06-04T00:00:00+00:00, run_after=2023-06-05T00:00:00+00:00
[2023-06-05T20:14:53.639+0000] {logging_mixin.py:149} INFO - [2023-06-05T20:14:53.639+0000] {dag.py:3490} INFO - Setting next_dagrun for example_branch_datetime_operator_3 to 2023-06-04T00:00:00+00:00, run_after=2023-06-05T00:00:00+00:00
[2023-06-05T20:14:53.653+0000] {processor.py:179} INFO - Processing /home/airflow/.local/lib/python3.7/site-packages/airflow/example_dags/example_branch_datetime_operator.py took 0.096 seconds
[2023-06-05T20:15:23.851+0000] {processor.py:157} INFO - Started process (PID=527) to work on /home/airflow/.local/lib/python3.7/site-packages/airflow/example_dags/example_branch_datetime_operator.py
[2023-06-05T20:15:23.852+0000] {processor.py:826} INFO - Processing file /home/airflow/.local/lib/python3.7/site-packages/airflow/example_dags/example_branch_datetime_operator.py for tasks to queue
[2023-06-05T20:15:23.853+0000] {logging_mixin.py:149} INFO - [2023-06-05T20:15:23.852+0000] {dagbag.py:541} INFO - Filling up the DagBag from /home/airflow/.local/lib/python3.7/site-packages/airflow/example_dags/example_branch_datetime_operator.py
[2023-06-05T20:15:23.861+0000] {processor.py:836} INFO - DAG(s) dict_keys(['example_branch_datetime_operator_2', 'example_branch_datetime_operator', 'example_branch_datetime_operator_3']) retrieved from /home/airflow/.local/lib/python3.7/site-packages/airflow/example_dags/example_branch_datetime_operator.py
[2023-06-05T20:15:23.888+0000] {logging_mixin.py:149} INFO - [2023-06-05T20:15:23.888+0000] {dag.py:2726} INFO - Sync 3 DAGs
[2023-06-05T20:15:23.931+0000] {logging_mixin.py:149} INFO - [2023-06-05T20:15:23.931+0000] {dag.py:3490} INFO - Setting next_dagrun for example_branch_datetime_operator to 2023-06-04T00:00:00+00:00, run_after=2023-06-05T00:00:00+00:00
[2023-06-05T20:15:23.937+0000] {logging_mixin.py:149} INFO - [2023-06-05T20:15:23.936+0000] {dag.py:3490} INFO - Setting next_dagrun for example_branch_datetime_operator_2 to 2023-06-04T00:00:00+00:00, run_after=2023-06-05T00:00:00+00:00
[2023-06-05T20:15:23.939+0000] {logging_mixin.py:149} INFO - [2023-06-05T20:15:23.939+0000] {dag.py:3490} INFO - Setting next_dagrun for example_branch_datetime_operator_3 to 2023-06-04T00:00:00+00:00, run_after=2023-06-05T00:00:00+00:00
[2023-06-05T20:15:23.959+0000] {processor.py:179} INFO - Processing /home/airflow/.local/lib/python3.7/site-packages/airflow/example_dags/example_branch_datetime_operator.py took 0.110 seconds
[2023-06-05T20:15:54.279+0000] {processor.py:157} INFO - Started process (PID=595) to work on /home/airflow/.local/lib/python3.7/site-packages/airflow/example_dags/example_branch_datetime_operator.py
[2023-06-05T20:15:54.280+0000] {processor.py:826} INFO - Processing file /home/airflow/.local/lib/python3.7/site-packages/airflow/example_dags/example_branch_datetime_operator.py for tasks to queue
[2023-06-05T20:15:54.281+0000] {logging_mixin.py:149} INFO - [2023-06-05T20:15:54.281+0000] {dagbag.py:541} INFO - Filling up the DagBag from /home/airflow/.local/lib/python3.7/site-packages/airflow/example_dags/example_branch_datetime_operator.py
[2023-06-05T20:15:54.291+0000] {processor.py:836} INFO - DAG(s) dict_keys(['example_branch_datetime_operator', 'example_branch_datetime_operator_3', 'example_branch_datetime_operator_2']) retrieved from /home/airflow/.local/lib/python3.7/site-packages/airflow/example_dags/example_branch_datetime_operator.py
[2023-06-05T20:15:54.333+0000] {logging_mixin.py:149} INFO - [2023-06-05T20:15:54.332+0000] {dag.py:2726} INFO - Sync 3 DAGs
[2023-06-05T20:15:54.365+0000] {logging_mixin.py:149} INFO - [2023-06-05T20:15:54.364+0000] {dag.py:3490} INFO - Setting next_dagrun for example_branch_datetime_operator to 2023-06-04T00:00:00+00:00, run_after=2023-06-05T00:00:00+00:00
[2023-06-05T20:15:54.372+0000] {logging_mixin.py:149} INFO - [2023-06-05T20:15:54.372+0000] {dag.py:3490} INFO - Setting next_dagrun for example_branch_datetime_operator_2 to 2023-06-04T00:00:00+00:00, run_after=2023-06-05T00:00:00+00:00
[2023-06-05T20:15:54.376+0000] {logging_mixin.py:149} INFO - [2023-06-05T20:15:54.376+0000] {dag.py:3490} INFO - Setting next_dagrun for example_branch_datetime_operator_3 to 2023-06-04T00:00:00+00:00, run_after=2023-06-05T00:00:00+00:00
[2023-06-05T20:15:54.399+0000] {processor.py:179} INFO - Processing /home/airflow/.local/lib/python3.7/site-packages/airflow/example_dags/example_branch_datetime_operator.py took 0.123 seconds
[2023-06-05T20:16:24.700+0000] {processor.py:157} INFO - Started process (PID=663) to work on /home/airflow/.local/lib/python3.7/site-packages/airflow/example_dags/example_branch_datetime_operator.py
[2023-06-05T20:16:24.701+0000] {processor.py:826} INFO - Processing file /home/airflow/.local/lib/python3.7/site-packages/airflow/example_dags/example_branch_datetime_operator.py for tasks to queue
[2023-06-05T20:16:24.701+0000] {logging_mixin.py:149} INFO - [2023-06-05T20:16:24.701+0000] {dagbag.py:541} INFO - Filling up the DagBag from /home/airflow/.local/lib/python3.7/site-packages/airflow/example_dags/example_branch_datetime_operator.py
[2023-06-05T20:16:24.709+0000] {processor.py:836} INFO - DAG(s) dict_keys(['example_branch_datetime_operator', 'example_branch_datetime_operator_2', 'example_branch_datetime_operator_3']) retrieved from /home/airflow/.local/lib/python3.7/site-packages/airflow/example_dags/example_branch_datetime_operator.py
[2023-06-05T20:16:24.736+0000] {logging_mixin.py:149} INFO - [2023-06-05T20:16:24.736+0000] {dag.py:2726} INFO - Sync 3 DAGs
[2023-06-05T20:16:24.760+0000] {logging_mixin.py:149} INFO - [2023-06-05T20:16:24.760+0000] {dag.py:3490} INFO - Setting next_dagrun for example_branch_datetime_operator to 2023-06-04T00:00:00+00:00, run_after=2023-06-05T00:00:00+00:00
[2023-06-05T20:16:24.764+0000] {logging_mixin.py:149} INFO - [2023-06-05T20:16:24.764+0000] {dag.py:3490} INFO - Setting next_dagrun for example_branch_datetime_operator_2 to 2023-06-04T00:00:00+00:00, run_after=2023-06-05T00:00:00+00:00
[2023-06-05T20:16:24.766+0000] {logging_mixin.py:149} INFO - [2023-06-05T20:16:24.766+0000] {dag.py:3490} INFO - Setting next_dagrun for example_branch_datetime_operator_3 to 2023-06-04T00:00:00+00:00, run_after=2023-06-05T00:00:00+00:00
[2023-06-05T20:16:24.780+0000] {processor.py:179} INFO - Processing /home/airflow/.local/lib/python3.7/site-packages/airflow/example_dags/example_branch_datetime_operator.py took 0.082 seconds
[2023-06-05T20:16:55.048+0000] {processor.py:157} INFO - Started process (PID=731) to work on /home/airflow/.local/lib/python3.7/site-packages/airflow/example_dags/example_branch_datetime_operator.py
[2023-06-05T20:16:55.049+0000] {processor.py:826} INFO - Processing file /home/airflow/.local/lib/python3.7/site-packages/airflow/example_dags/example_branch_datetime_operator.py for tasks to queue
[2023-06-05T20:16:55.049+0000] {logging_mixin.py:149} INFO - [2023-06-05T20:16:55.049+0000] {dagbag.py:541} INFO - Filling up the DagBag from /home/airflow/.local/lib/python3.7/site-packages/airflow/example_dags/example_branch_datetime_operator.py
[2023-06-05T20:16:55.057+0000] {processor.py:836} INFO - DAG(s) dict_keys(['example_branch_datetime_operator_3', 'example_branch_datetime_operator', 'example_branch_datetime_operator_2']) retrieved from /home/airflow/.local/lib/python3.7/site-packages/airflow/example_dags/example_branch_datetime_operator.py
[2023-06-05T20:16:55.083+0000] {logging_mixin.py:149} INFO - [2023-06-05T20:16:55.083+0000] {dag.py:2726} INFO - Sync 3 DAGs
[2023-06-05T20:16:55.119+0000] {logging_mixin.py:149} INFO - [2023-06-05T20:16:55.119+0000] {dag.py:3490} INFO - Setting next_dagrun for example_branch_datetime_operator to 2023-06-04T00:00:00+00:00, run_after=2023-06-05T00:00:00+00:00
[2023-06-05T20:16:55.123+0000] {logging_mixin.py:149} INFO - [2023-06-05T20:16:55.123+0000] {dag.py:3490} INFO - Setting next_dagrun for example_branch_datetime_operator_2 to 2023-06-04T00:00:00+00:00, run_after=2023-06-05T00:00:00+00:00
[2023-06-05T20:16:55.126+0000] {logging_mixin.py:149} INFO - [2023-06-05T20:16:55.125+0000] {dag.py:3490} INFO - Setting next_dagrun for example_branch_datetime_operator_3 to 2023-06-04T00:00:00+00:00, run_after=2023-06-05T00:00:00+00:00
[2023-06-05T20:16:55.141+0000] {processor.py:179} INFO - Processing /home/airflow/.local/lib/python3.7/site-packages/airflow/example_dags/example_branch_datetime_operator.py took 0.095 seconds
[2023-06-05T20:17:25.273+0000] {processor.py:157} INFO - Started process (PID=799) to work on /home/airflow/.local/lib/python3.7/site-packages/airflow/example_dags/example_branch_datetime_operator.py
[2023-06-05T20:17:25.274+0000] {processor.py:826} INFO - Processing file /home/airflow/.local/lib/python3.7/site-packages/airflow/example_dags/example_branch_datetime_operator.py for tasks to queue
[2023-06-05T20:17:25.275+0000] {logging_mixin.py:149} INFO - [2023-06-05T20:17:25.274+0000] {dagbag.py:541} INFO - Filling up the DagBag from /home/airflow/.local/lib/python3.7/site-packages/airflow/example_dags/example_branch_datetime_operator.py
[2023-06-05T20:17:25.282+0000] {processor.py:836} INFO - DAG(s) dict_keys(['example_branch_datetime_operator', 'example_branch_datetime_operator_3', 'example_branch_datetime_operator_2']) retrieved from /home/airflow/.local/lib/python3.7/site-packages/airflow/example_dags/example_branch_datetime_operator.py
[2023-06-05T20:17:25.322+0000] {logging_mixin.py:149} INFO - [2023-06-05T20:17:25.322+0000] {dag.py:2726} INFO - Sync 3 DAGs
[2023-06-05T20:17:25.344+0000] {logging_mixin.py:149} INFO - [2023-06-05T20:17:25.344+0000] {dag.py:3490} INFO - Setting next_dagrun for example_branch_datetime_operator to 2023-06-04T00:00:00+00:00, run_after=2023-06-05T00:00:00+00:00
[2023-06-05T20:17:25.348+0000] {logging_mixin.py:149} INFO - [2023-06-05T20:17:25.348+0000] {dag.py:3490} INFO - Setting next_dagrun for example_branch_datetime_operator_2 to 2023-06-04T00:00:00+00:00, run_after=2023-06-05T00:00:00+00:00
[2023-06-05T20:17:25.351+0000] {logging_mixin.py:149} INFO - [2023-06-05T20:17:25.350+0000] {dag.py:3490} INFO - Setting next_dagrun for example_branch_datetime_operator_3 to 2023-06-04T00:00:00+00:00, run_after=2023-06-05T00:00:00+00:00
[2023-06-05T20:17:25.365+0000] {processor.py:179} INFO - Processing /home/airflow/.local/lib/python3.7/site-packages/airflow/example_dags/example_branch_datetime_operator.py took 0.094 seconds
[2023-06-05T20:17:55.587+0000] {processor.py:157} INFO - Started process (PID=867) to work on /home/airflow/.local/lib/python3.7/site-packages/airflow/example_dags/example_branch_datetime_operator.py
[2023-06-05T20:17:55.587+0000] {processor.py:826} INFO - Processing file /home/airflow/.local/lib/python3.7/site-packages/airflow/example_dags/example_branch_datetime_operator.py for tasks to queue
[2023-06-05T20:17:55.588+0000] {logging_mixin.py:149} INFO - [2023-06-05T20:17:55.588+0000] {dagbag.py:541} INFO - Filling up the DagBag from /home/airflow/.local/lib/python3.7/site-packages/airflow/example_dags/example_branch_datetime_operator.py
[2023-06-05T20:17:55.598+0000] {processor.py:836} INFO - DAG(s) dict_keys(['example_branch_datetime_operator', 'example_branch_datetime_operator_3', 'example_branch_datetime_operator_2']) retrieved from /home/airflow/.local/lib/python3.7/site-packages/airflow/example_dags/example_branch_datetime_operator.py
[2023-06-05T20:17:55.638+0000] {logging_mixin.py:149} INFO - [2023-06-05T20:17:55.637+0000] {dag.py:2726} INFO - Sync 3 DAGs
[2023-06-05T20:17:55.660+0000] {logging_mixin.py:149} INFO - [2023-06-05T20:17:55.660+0000] {dag.py:3490} INFO - Setting next_dagrun for example_branch_datetime_operator to 2023-06-04T00:00:00+00:00, run_after=2023-06-05T00:00:00+00:00
[2023-06-05T20:17:55.664+0000] {logging_mixin.py:149} INFO - [2023-06-05T20:17:55.664+0000] {dag.py:3490} INFO - Setting next_dagrun for example_branch_datetime_operator_2 to 2023-06-04T00:00:00+00:00, run_after=2023-06-05T00:00:00+00:00
[2023-06-05T20:17:55.667+0000] {logging_mixin.py:149} INFO - [2023-06-05T20:17:55.666+0000] {dag.py:3490} INFO - Setting next_dagrun for example_branch_datetime_operator_3 to 2023-06-04T00:00:00+00:00, run_after=2023-06-05T00:00:00+00:00
[2023-06-05T20:17:55.681+0000] {processor.py:179} INFO - Processing /home/airflow/.local/lib/python3.7/site-packages/airflow/example_dags/example_branch_datetime_operator.py took 0.097 seconds
[2023-06-05T20:18:25.931+0000] {processor.py:157} INFO - Started process (PID=935) to work on /home/airflow/.local/lib/python3.7/site-packages/airflow/example_dags/example_branch_datetime_operator.py
[2023-06-05T20:18:25.932+0000] {processor.py:826} INFO - Processing file /home/airflow/.local/lib/python3.7/site-packages/airflow/example_dags/example_branch_datetime_operator.py for tasks to queue
[2023-06-05T20:18:25.933+0000] {logging_mixin.py:149} INFO - [2023-06-05T20:18:25.932+0000] {dagbag.py:541} INFO - Filling up the DagBag from /home/airflow/.local/lib/python3.7/site-packages/airflow/example_dags/example_branch_datetime_operator.py
[2023-06-05T20:18:25.941+0000] {processor.py:836} INFO - DAG(s) dict_keys(['example_branch_datetime_operator_3', 'example_branch_datetime_operator', 'example_branch_datetime_operator_2']) retrieved from /home/airflow/.local/lib/python3.7/site-packages/airflow/example_dags/example_branch_datetime_operator.py
[2023-06-05T20:18:25.967+0000] {logging_mixin.py:149} INFO - [2023-06-05T20:18:25.967+0000] {dag.py:2726} INFO - Sync 3 DAGs
[2023-06-05T20:18:25.991+0000] {logging_mixin.py:149} INFO - [2023-06-05T20:18:25.990+0000] {dag.py:3490} INFO - Setting next_dagrun for example_branch_datetime_operator to 2023-06-04T00:00:00+00:00, run_after=2023-06-05T00:00:00+00:00
[2023-06-05T20:18:25.994+0000] {logging_mixin.py:149} INFO - [2023-06-05T20:18:25.994+0000] {dag.py:3490} INFO - Setting next_dagrun for example_branch_datetime_operator_2 to 2023-06-04T00:00:00+00:00, run_after=2023-06-05T00:00:00+00:00
[2023-06-05T20:18:25.997+0000] {logging_mixin.py:149} INFO - [2023-06-05T20:18:25.997+0000] {dag.py:3490} INFO - Setting next_dagrun for example_branch_datetime_operator_3 to 2023-06-04T00:00:00+00:00, run_after=2023-06-05T00:00:00+00:00
[2023-06-05T20:18:26.022+0000] {processor.py:179} INFO - Processing /home/airflow/.local/lib/python3.7/site-packages/airflow/example_dags/example_branch_datetime_operator.py took 0.093 seconds
[2023-06-05T20:18:56.456+0000] {processor.py:157} INFO - Started process (PID=1003) to work on /home/airflow/.local/lib/python3.7/site-packages/airflow/example_dags/example_branch_datetime_operator.py
[2023-06-05T20:18:56.457+0000] {processor.py:826} INFO - Processing file /home/airflow/.local/lib/python3.7/site-packages/airflow/example_dags/example_branch_datetime_operator.py for tasks to queue
[2023-06-05T20:18:56.457+0000] {logging_mixin.py:149} INFO - [2023-06-05T20:18:56.457+0000] {dagbag.py:541} INFO - Filling up the DagBag from /home/airflow/.local/lib/python3.7/site-packages/airflow/example_dags/example_branch_datetime_operator.py
[2023-06-05T20:18:56.465+0000] {processor.py:836} INFO - DAG(s) dict_keys(['example_branch_datetime_operator_3', 'example_branch_datetime_operator_2', 'example_branch_datetime_operator']) retrieved from /home/airflow/.local/lib/python3.7/site-packages/airflow/example_dags/example_branch_datetime_operator.py
[2023-06-05T20:18:56.510+0000] {logging_mixin.py:149} INFO - [2023-06-05T20:18:56.510+0000] {dag.py:2726} INFO - Sync 3 DAGs
[2023-06-05T20:18:56.547+0000] {logging_mixin.py:149} INFO - [2023-06-05T20:18:56.547+0000] {dag.py:3490} INFO - Setting next_dagrun for example_branch_datetime_operator to 2023-06-04T00:00:00+00:00, run_after=2023-06-05T00:00:00+00:00
[2023-06-05T20:18:56.553+0000] {logging_mixin.py:149} INFO - [2023-06-05T20:18:56.553+0000] {dag.py:3490} INFO - Setting next_dagrun for example_branch_datetime_operator_2 to 2023-06-04T00:00:00+00:00, run_after=2023-06-05T00:00:00+00:00
[2023-06-05T20:18:56.556+0000] {logging_mixin.py:149} INFO - [2023-06-05T20:18:56.556+0000] {dag.py:3490} INFO - Setting next_dagrun for example_branch_datetime_operator_3 to 2023-06-04T00:00:00+00:00, run_after=2023-06-05T00:00:00+00:00
[2023-06-05T20:18:56.572+0000] {processor.py:179} INFO - Processing /home/airflow/.local/lib/python3.7/site-packages/airflow/example_dags/example_branch_datetime_operator.py took 0.118 seconds
[2023-06-05T20:19:26.855+0000] {processor.py:157} INFO - Started process (PID=1071) to work on /home/airflow/.local/lib/python3.7/site-packages/airflow/example_dags/example_branch_datetime_operator.py
[2023-06-05T20:19:26.856+0000] {processor.py:826} INFO - Processing file /home/airflow/.local/lib/python3.7/site-packages/airflow/example_dags/example_branch_datetime_operator.py for tasks to queue
[2023-06-05T20:19:26.856+0000] {logging_mixin.py:149} INFO - [2023-06-05T20:19:26.856+0000] {dagbag.py:541} INFO - Filling up the DagBag from /home/airflow/.local/lib/python3.7/site-packages/airflow/example_dags/example_branch_datetime_operator.py
[2023-06-05T20:19:26.865+0000] {processor.py:836} INFO - DAG(s) dict_keys(['example_branch_datetime_operator_3', 'example_branch_datetime_operator_2', 'example_branch_datetime_operator']) retrieved from /home/airflow/.local/lib/python3.7/site-packages/airflow/example_dags/example_branch_datetime_operator.py
[2023-06-05T20:19:26.895+0000] {logging_mixin.py:149} INFO - [2023-06-05T20:19:26.895+0000] {dag.py:2726} INFO - Sync 3 DAGs
[2023-06-05T20:19:26.920+0000] {logging_mixin.py:149} INFO - [2023-06-05T20:19:26.919+0000] {dag.py:3490} INFO - Setting next_dagrun for example_branch_datetime_operator to 2023-06-04T00:00:00+00:00, run_after=2023-06-05T00:00:00+00:00
[2023-06-05T20:19:26.924+0000] {logging_mixin.py:149} INFO - [2023-06-05T20:19:26.924+0000] {dag.py:3490} INFO - Setting next_dagrun for example_branch_datetime_operator_2 to 2023-06-04T00:00:00+00:00, run_after=2023-06-05T00:00:00+00:00
[2023-06-05T20:19:26.926+0000] {logging_mixin.py:149} INFO - [2023-06-05T20:19:26.926+0000] {dag.py:3490} INFO - Setting next_dagrun for example_branch_datetime_operator_3 to 2023-06-04T00:00:00+00:00, run_after=2023-06-05T00:00:00+00:00
[2023-06-05T20:19:26.940+0000] {processor.py:179} INFO - Processing /home/airflow/.local/lib/python3.7/site-packages/airflow/example_dags/example_branch_datetime_operator.py took 0.087 seconds
[2023-06-05T20:19:57.231+0000] {processor.py:157} INFO - Started process (PID=1139) to work on /home/airflow/.local/lib/python3.7/site-packages/airflow/example_dags/example_branch_datetime_operator.py
[2023-06-05T20:19:57.232+0000] {processor.py:826} INFO - Processing file /home/airflow/.local/lib/python3.7/site-packages/airflow/example_dags/example_branch_datetime_operator.py for tasks to queue
[2023-06-05T20:19:57.232+0000] {logging_mixin.py:149} INFO - [2023-06-05T20:19:57.232+0000] {dagbag.py:541} INFO - Filling up the DagBag from /home/airflow/.local/lib/python3.7/site-packages/airflow/example_dags/example_branch_datetime_operator.py
[2023-06-05T20:19:57.244+0000] {processor.py:836} INFO - DAG(s) dict_keys(['example_branch_datetime_operator', 'example_branch_datetime_operator_2', 'example_branch_datetime_operator_3']) retrieved from /home/airflow/.local/lib/python3.7/site-packages/airflow/example_dags/example_branch_datetime_operator.py
[2023-06-05T20:19:57.277+0000] {logging_mixin.py:149} INFO - [2023-06-05T20:19:57.277+0000] {dag.py:2726} INFO - Sync 3 DAGs
[2023-06-05T20:19:57.304+0000] {logging_mixin.py:149} INFO - [2023-06-05T20:19:57.304+0000] {dag.py:3490} INFO - Setting next_dagrun for example_branch_datetime_operator to 2023-06-04T00:00:00+00:00, run_after=2023-06-05T00:00:00+00:00
[2023-06-05T20:19:57.310+0000] {logging_mixin.py:149} INFO - [2023-06-05T20:19:57.310+0000] {dag.py:3490} INFO - Setting next_dagrun for example_branch_datetime_operator_2 to 2023-06-04T00:00:00+00:00, run_after=2023-06-05T00:00:00+00:00
[2023-06-05T20:19:57.313+0000] {logging_mixin.py:149} INFO - [2023-06-05T20:19:57.313+0000] {dag.py:3490} INFO - Setting next_dagrun for example_branch_datetime_operator_3 to 2023-06-04T00:00:00+00:00, run_after=2023-06-05T00:00:00+00:00
[2023-06-05T20:19:57.330+0000] {processor.py:179} INFO - Processing /home/airflow/.local/lib/python3.7/site-packages/airflow/example_dags/example_branch_datetime_operator.py took 0.103 seconds
[2023-06-05T20:20:27.651+0000] {processor.py:157} INFO - Started process (PID=1207) to work on /home/airflow/.local/lib/python3.7/site-packages/airflow/example_dags/example_branch_datetime_operator.py
[2023-06-05T20:20:27.652+0000] {processor.py:826} INFO - Processing file /home/airflow/.local/lib/python3.7/site-packages/airflow/example_dags/example_branch_datetime_operator.py for tasks to queue
[2023-06-05T20:20:27.652+0000] {logging_mixin.py:149} INFO - [2023-06-05T20:20:27.652+0000] {dagbag.py:541} INFO - Filling up the DagBag from /home/airflow/.local/lib/python3.7/site-packages/airflow/example_dags/example_branch_datetime_operator.py
[2023-06-05T20:20:27.660+0000] {processor.py:836} INFO - DAG(s) dict_keys(['example_branch_datetime_operator', 'example_branch_datetime_operator_3', 'example_branch_datetime_operator_2']) retrieved from /home/airflow/.local/lib/python3.7/site-packages/airflow/example_dags/example_branch_datetime_operator.py
[2023-06-05T20:20:27.686+0000] {logging_mixin.py:149} INFO - [2023-06-05T20:20:27.686+0000] {dag.py:2726} INFO - Sync 3 DAGs
[2023-06-05T20:20:27.724+0000] {logging_mixin.py:149} INFO - [2023-06-05T20:20:27.723+0000] {dag.py:3490} INFO - Setting next_dagrun for example_branch_datetime_operator to 2023-06-04T00:00:00+00:00, run_after=2023-06-05T00:00:00+00:00
[2023-06-05T20:20:27.728+0000] {logging_mixin.py:149} INFO - [2023-06-05T20:20:27.728+0000] {dag.py:3490} INFO - Setting next_dagrun for example_branch_datetime_operator_2 to 2023-06-04T00:00:00+00:00, run_after=2023-06-05T00:00:00+00:00
[2023-06-05T20:20:27.730+0000] {logging_mixin.py:149} INFO - [2023-06-05T20:20:27.730+0000] {dag.py:3490} INFO - Setting next_dagrun for example_branch_datetime_operator_3 to 2023-06-04T00:00:00+00:00, run_after=2023-06-05T00:00:00+00:00
[2023-06-05T20:20:27.744+0000] {processor.py:179} INFO - Processing /home/airflow/.local/lib/python3.7/site-packages/airflow/example_dags/example_branch_datetime_operator.py took 0.096 seconds
[2023-06-05T20:20:58.241+0000] {processor.py:157} INFO - Started process (PID=1275) to work on /home/airflow/.local/lib/python3.7/site-packages/airflow/example_dags/example_branch_datetime_operator.py
[2023-06-05T20:20:58.242+0000] {processor.py:826} INFO - Processing file /home/airflow/.local/lib/python3.7/site-packages/airflow/example_dags/example_branch_datetime_operator.py for tasks to queue
[2023-06-05T20:20:58.242+0000] {logging_mixin.py:149} INFO - [2023-06-05T20:20:58.242+0000] {dagbag.py:541} INFO - Filling up the DagBag from /home/airflow/.local/lib/python3.7/site-packages/airflow/example_dags/example_branch_datetime_operator.py
[2023-06-05T20:20:58.251+0000] {processor.py:836} INFO - DAG(s) dict_keys(['example_branch_datetime_operator_3', 'example_branch_datetime_operator_2', 'example_branch_datetime_operator']) retrieved from /home/airflow/.local/lib/python3.7/site-packages/airflow/example_dags/example_branch_datetime_operator.py
[2023-06-05T20:20:58.280+0000] {logging_mixin.py:149} INFO - [2023-06-05T20:20:58.280+0000] {dag.py:2726} INFO - Sync 3 DAGs
[2023-06-05T20:20:58.305+0000] {logging_mixin.py:149} INFO - [2023-06-05T20:20:58.305+0000] {dag.py:3490} INFO - Setting next_dagrun for example_branch_datetime_operator to 2023-06-04T00:00:00+00:00, run_after=2023-06-05T00:00:00+00:00
[2023-06-05T20:20:58.310+0000] {logging_mixin.py:149} INFO - [2023-06-05T20:20:58.309+0000] {dag.py:3490} INFO - Setting next_dagrun for example_branch_datetime_operator_2 to 2023-06-04T00:00:00+00:00, run_after=2023-06-05T00:00:00+00:00
[2023-06-05T20:20:58.312+0000] {logging_mixin.py:149} INFO - [2023-06-05T20:20:58.312+0000] {dag.py:3490} INFO - Setting next_dagrun for example_branch_datetime_operator_3 to 2023-06-04T00:00:00+00:00, run_after=2023-06-05T00:00:00+00:00
[2023-06-05T20:20:58.329+0000] {processor.py:179} INFO - Processing /home/airflow/.local/lib/python3.7/site-packages/airflow/example_dags/example_branch_datetime_operator.py took 0.091 seconds
[2023-06-05T20:21:28.794+0000] {processor.py:157} INFO - Started process (PID=1343) to work on /home/airflow/.local/lib/python3.7/site-packages/airflow/example_dags/example_branch_datetime_operator.py
[2023-06-05T20:21:28.796+0000] {processor.py:826} INFO - Processing file /home/airflow/.local/lib/python3.7/site-packages/airflow/example_dags/example_branch_datetime_operator.py for tasks to queue
[2023-06-05T20:21:28.797+0000] {logging_mixin.py:149} INFO - [2023-06-05T20:21:28.797+0000] {dagbag.py:541} INFO - Filling up the DagBag from /home/airflow/.local/lib/python3.7/site-packages/airflow/example_dags/example_branch_datetime_operator.py
[2023-06-05T20:21:28.812+0000] {processor.py:836} INFO - DAG(s) dict_keys(['example_branch_datetime_operator', 'example_branch_datetime_operator_3', 'example_branch_datetime_operator_2']) retrieved from /home/airflow/.local/lib/python3.7/site-packages/airflow/example_dags/example_branch_datetime_operator.py
[2023-06-05T20:21:28.851+0000] {logging_mixin.py:149} INFO - [2023-06-05T20:21:28.851+0000] {dag.py:2726} INFO - Sync 3 DAGs
[2023-06-05T20:21:28.882+0000] {logging_mixin.py:149} INFO - [2023-06-05T20:21:28.882+0000] {dag.py:3490} INFO - Setting next_dagrun for example_branch_datetime_operator to 2023-06-04T00:00:00+00:00, run_after=2023-06-05T00:00:00+00:00
[2023-06-05T20:21:28.886+0000] {logging_mixin.py:149} INFO - [2023-06-05T20:21:28.886+0000] {dag.py:3490} INFO - Setting next_dagrun for example_branch_datetime_operator_2 to 2023-06-04T00:00:00+00:00, run_after=2023-06-05T00:00:00+00:00
[2023-06-05T20:21:28.888+0000] {logging_mixin.py:149} INFO - [2023-06-05T20:21:28.888+0000] {dag.py:3490} INFO - Setting next_dagrun for example_branch_datetime_operator_3 to 2023-06-04T00:00:00+00:00, run_after=2023-06-05T00:00:00+00:00
[2023-06-05T20:21:28.909+0000] {processor.py:179} INFO - Processing /home/airflow/.local/lib/python3.7/site-packages/airflow/example_dags/example_branch_datetime_operator.py took 0.118 seconds
[2023-06-05T20:21:59.339+0000] {processor.py:157} INFO - Started process (PID=1411) to work on /home/airflow/.local/lib/python3.7/site-packages/airflow/example_dags/example_branch_datetime_operator.py
[2023-06-05T20:21:59.340+0000] {processor.py:826} INFO - Processing file /home/airflow/.local/lib/python3.7/site-packages/airflow/example_dags/example_branch_datetime_operator.py for tasks to queue
[2023-06-05T20:21:59.340+0000] {logging_mixin.py:149} INFO - [2023-06-05T20:21:59.340+0000] {dagbag.py:541} INFO - Filling up the DagBag from /home/airflow/.local/lib/python3.7/site-packages/airflow/example_dags/example_branch_datetime_operator.py
[2023-06-05T20:21:59.349+0000] {processor.py:836} INFO - DAG(s) dict_keys(['example_branch_datetime_operator_2', 'example_branch_datetime_operator', 'example_branch_datetime_operator_3']) retrieved from /home/airflow/.local/lib/python3.7/site-packages/airflow/example_dags/example_branch_datetime_operator.py
[2023-06-05T20:21:59.388+0000] {logging_mixin.py:149} INFO - [2023-06-05T20:21:59.387+0000] {dag.py:2726} INFO - Sync 3 DAGs
[2023-06-05T20:21:59.429+0000] {logging_mixin.py:149} INFO - [2023-06-05T20:21:59.428+0000] {dag.py:3490} INFO - Setting next_dagrun for example_branch_datetime_operator to 2023-06-04T00:00:00+00:00, run_after=2023-06-05T00:00:00+00:00
[2023-06-05T20:21:59.435+0000] {logging_mixin.py:149} INFO - [2023-06-05T20:21:59.435+0000] {dag.py:3490} INFO - Setting next_dagrun for example_branch_datetime_operator_2 to 2023-06-04T00:00:00+00:00, run_after=2023-06-05T00:00:00+00:00
[2023-06-05T20:21:59.437+0000] {logging_mixin.py:149} INFO - [2023-06-05T20:21:59.437+0000] {dag.py:3490} INFO - Setting next_dagrun for example_branch_datetime_operator_3 to 2023-06-04T00:00:00+00:00, run_after=2023-06-05T00:00:00+00:00
[2023-06-05T20:21:59.454+0000] {processor.py:179} INFO - Processing /home/airflow/.local/lib/python3.7/site-packages/airflow/example_dags/example_branch_datetime_operator.py took 0.117 seconds
