[2023-06-05T20:11:51.501+0000] {processor.py:157} INFO - Started process (PID=58) to work on /home/airflow/.local/lib/python3.7/site-packages/airflow/example_dags/example_dag_decorator.py
[2023-06-05T20:11:51.502+0000] {processor.py:826} INFO - Processing file /home/airflow/.local/lib/python3.7/site-packages/airflow/example_dags/example_dag_decorator.py for tasks to queue
[2023-06-05T20:11:51.502+0000] {logging_mixin.py:149} INFO - [2023-06-05T20:11:51.502+0000] {dagbag.py:541} INFO - Filling up the DagBag from /home/airflow/.local/lib/python3.7/site-packages/airflow/example_dags/example_dag_decorator.py
[2023-06-05T20:11:51.508+0000] {logging_mixin.py:149} INFO - [2023-06-05T20:11:51.507+0000] {taskmixin.py:211} WARNING - Dependency <Task(_PythonDecoratedOperator): prepare_email>, send_email already registered for DAG: example_dag_decorator
[2023-06-05T20:11:51.508+0000] {logging_mixin.py:149} INFO - [2023-06-05T20:11:51.508+0000] {taskmixin.py:211} WARNING - Dependency <Task(EmailOperator): send_email>, prepare_email already registered for DAG: example_dag_decorator
[2023-06-05T20:11:51.521+0000] {processor.py:836} INFO - DAG(s) dict_keys(['example_dag_decorator']) retrieved from /home/airflow/.local/lib/python3.7/site-packages/airflow/example_dags/example_dag_decorator.py
[2023-06-05T20:11:51.534+0000] {logging_mixin.py:149} INFO - [2023-06-05T20:11:51.534+0000] {dag.py:2726} INFO - Sync 1 DAGs
[2023-06-05T20:11:51.559+0000] {logging_mixin.py:149} INFO - [2023-06-05T20:11:51.559+0000] {dag.py:3490} INFO - Setting next_dagrun for example_dag_decorator to None, run_after=None
[2023-06-05T20:11:51.580+0000] {processor.py:179} INFO - Processing /home/airflow/.local/lib/python3.7/site-packages/airflow/example_dags/example_dag_decorator.py took 0.081 seconds
[2023-06-05T20:12:22.179+0000] {processor.py:157} INFO - Started process (PID=126) to work on /home/airflow/.local/lib/python3.7/site-packages/airflow/example_dags/example_dag_decorator.py
[2023-06-05T20:12:22.180+0000] {processor.py:826} INFO - Processing file /home/airflow/.local/lib/python3.7/site-packages/airflow/example_dags/example_dag_decorator.py for tasks to queue
[2023-06-05T20:12:22.180+0000] {logging_mixin.py:149} INFO - [2023-06-05T20:12:22.180+0000] {dagbag.py:541} INFO - Filling up the DagBag from /home/airflow/.local/lib/python3.7/site-packages/airflow/example_dags/example_dag_decorator.py
[2023-06-05T20:12:22.185+0000] {logging_mixin.py:149} INFO - [2023-06-05T20:12:22.185+0000] {taskmixin.py:211} WARNING - Dependency <Task(_PythonDecoratedOperator): prepare_email>, send_email already registered for DAG: example_dag_decorator
[2023-06-05T20:12:22.185+0000] {logging_mixin.py:149} INFO - [2023-06-05T20:12:22.185+0000] {taskmixin.py:211} WARNING - Dependency <Task(EmailOperator): send_email>, prepare_email already registered for DAG: example_dag_decorator
[2023-06-05T20:12:22.192+0000] {processor.py:836} INFO - DAG(s) dict_keys(['example_dag_decorator']) retrieved from /home/airflow/.local/lib/python3.7/site-packages/airflow/example_dags/example_dag_decorator.py
[2023-06-05T20:12:22.290+0000] {logging_mixin.py:149} INFO - [2023-06-05T20:12:22.290+0000] {dag.py:2726} INFO - Sync 1 DAGs
[2023-06-05T20:12:22.326+0000] {logging_mixin.py:149} INFO - [2023-06-05T20:12:22.326+0000] {dag.py:3490} INFO - Setting next_dagrun for example_dag_decorator to None, run_after=None
[2023-06-05T20:12:22.360+0000] {processor.py:179} INFO - Processing /home/airflow/.local/lib/python3.7/site-packages/airflow/example_dags/example_dag_decorator.py took 0.184 seconds
[2023-06-05T20:12:52.428+0000] {processor.py:157} INFO - Started process (PID=194) to work on /home/airflow/.local/lib/python3.7/site-packages/airflow/example_dags/example_dag_decorator.py
[2023-06-05T20:12:52.428+0000] {processor.py:826} INFO - Processing file /home/airflow/.local/lib/python3.7/site-packages/airflow/example_dags/example_dag_decorator.py for tasks to queue
[2023-06-05T20:12:52.429+0000] {logging_mixin.py:149} INFO - [2023-06-05T20:12:52.429+0000] {dagbag.py:541} INFO - Filling up the DagBag from /home/airflow/.local/lib/python3.7/site-packages/airflow/example_dags/example_dag_decorator.py
[2023-06-05T20:12:52.434+0000] {logging_mixin.py:149} INFO - [2023-06-05T20:12:52.434+0000] {taskmixin.py:211} WARNING - Dependency <Task(_PythonDecoratedOperator): prepare_email>, send_email already registered for DAG: example_dag_decorator
[2023-06-05T20:12:52.434+0000] {logging_mixin.py:149} INFO - [2023-06-05T20:12:52.434+0000] {taskmixin.py:211} WARNING - Dependency <Task(EmailOperator): send_email>, prepare_email already registered for DAG: example_dag_decorator
[2023-06-05T20:12:52.442+0000] {processor.py:836} INFO - DAG(s) dict_keys(['example_dag_decorator']) retrieved from /home/airflow/.local/lib/python3.7/site-packages/airflow/example_dags/example_dag_decorator.py
[2023-06-05T20:12:52.513+0000] {logging_mixin.py:149} INFO - [2023-06-05T20:12:52.513+0000] {dag.py:2726} INFO - Sync 1 DAGs
[2023-06-05T20:12:52.537+0000] {logging_mixin.py:149} INFO - [2023-06-05T20:12:52.536+0000] {dag.py:3490} INFO - Setting next_dagrun for example_dag_decorator to None, run_after=None
[2023-06-05T20:12:52.556+0000] {processor.py:179} INFO - Processing /home/airflow/.local/lib/python3.7/site-packages/airflow/example_dags/example_dag_decorator.py took 0.130 seconds
[2023-06-05T20:13:22.949+0000] {processor.py:157} INFO - Started process (PID=262) to work on /home/airflow/.local/lib/python3.7/site-packages/airflow/example_dags/example_dag_decorator.py
[2023-06-05T20:13:22.950+0000] {processor.py:826} INFO - Processing file /home/airflow/.local/lib/python3.7/site-packages/airflow/example_dags/example_dag_decorator.py for tasks to queue
[2023-06-05T20:13:22.951+0000] {logging_mixin.py:149} INFO - [2023-06-05T20:13:22.951+0000] {dagbag.py:541} INFO - Filling up the DagBag from /home/airflow/.local/lib/python3.7/site-packages/airflow/example_dags/example_dag_decorator.py
[2023-06-05T20:13:22.956+0000] {logging_mixin.py:149} INFO - [2023-06-05T20:13:22.956+0000] {taskmixin.py:211} WARNING - Dependency <Task(_PythonDecoratedOperator): prepare_email>, send_email already registered for DAG: example_dag_decorator
[2023-06-05T20:13:22.956+0000] {logging_mixin.py:149} INFO - [2023-06-05T20:13:22.956+0000] {taskmixin.py:211} WARNING - Dependency <Task(EmailOperator): send_email>, prepare_email already registered for DAG: example_dag_decorator
[2023-06-05T20:13:22.962+0000] {processor.py:836} INFO - DAG(s) dict_keys(['example_dag_decorator']) retrieved from /home/airflow/.local/lib/python3.7/site-packages/airflow/example_dags/example_dag_decorator.py
[2023-06-05T20:13:23.035+0000] {logging_mixin.py:149} INFO - [2023-06-05T20:13:23.034+0000] {dag.py:2726} INFO - Sync 1 DAGs
[2023-06-05T20:13:23.057+0000] {logging_mixin.py:149} INFO - [2023-06-05T20:13:23.057+0000] {dag.py:3490} INFO - Setting next_dagrun for example_dag_decorator to None, run_after=None
[2023-06-05T20:13:23.076+0000] {processor.py:179} INFO - Processing /home/airflow/.local/lib/python3.7/site-packages/airflow/example_dags/example_dag_decorator.py took 0.129 seconds
[2023-06-05T20:13:53.542+0000] {processor.py:157} INFO - Started process (PID=330) to work on /home/airflow/.local/lib/python3.7/site-packages/airflow/example_dags/example_dag_decorator.py
[2023-06-05T20:13:53.542+0000] {processor.py:826} INFO - Processing file /home/airflow/.local/lib/python3.7/site-packages/airflow/example_dags/example_dag_decorator.py for tasks to queue
[2023-06-05T20:13:53.543+0000] {logging_mixin.py:149} INFO - [2023-06-05T20:13:53.543+0000] {dagbag.py:541} INFO - Filling up the DagBag from /home/airflow/.local/lib/python3.7/site-packages/airflow/example_dags/example_dag_decorator.py
[2023-06-05T20:13:53.548+0000] {logging_mixin.py:149} INFO - [2023-06-05T20:13:53.548+0000] {taskmixin.py:211} WARNING - Dependency <Task(_PythonDecoratedOperator): prepare_email>, send_email already registered for DAG: example_dag_decorator
[2023-06-05T20:13:53.548+0000] {logging_mixin.py:149} INFO - [2023-06-05T20:13:53.548+0000] {taskmixin.py:211} WARNING - Dependency <Task(EmailOperator): send_email>, prepare_email already registered for DAG: example_dag_decorator
[2023-06-05T20:13:53.555+0000] {processor.py:836} INFO - DAG(s) dict_keys(['example_dag_decorator']) retrieved from /home/airflow/.local/lib/python3.7/site-packages/airflow/example_dags/example_dag_decorator.py
[2023-06-05T20:13:53.630+0000] {logging_mixin.py:149} INFO - [2023-06-05T20:13:53.630+0000] {dag.py:2726} INFO - Sync 1 DAGs
[2023-06-05T20:13:53.653+0000] {logging_mixin.py:149} INFO - [2023-06-05T20:13:53.653+0000] {dag.py:3490} INFO - Setting next_dagrun for example_dag_decorator to None, run_after=None
[2023-06-05T20:13:53.671+0000] {processor.py:179} INFO - Processing /home/airflow/.local/lib/python3.7/site-packages/airflow/example_dags/example_dag_decorator.py took 0.132 seconds
[2023-06-05T20:14:23.982+0000] {processor.py:157} INFO - Started process (PID=398) to work on /home/airflow/.local/lib/python3.7/site-packages/airflow/example_dags/example_dag_decorator.py
[2023-06-05T20:14:23.984+0000] {processor.py:826} INFO - Processing file /home/airflow/.local/lib/python3.7/site-packages/airflow/example_dags/example_dag_decorator.py for tasks to queue
[2023-06-05T20:14:23.984+0000] {logging_mixin.py:149} INFO - [2023-06-05T20:14:23.984+0000] {dagbag.py:541} INFO - Filling up the DagBag from /home/airflow/.local/lib/python3.7/site-packages/airflow/example_dags/example_dag_decorator.py
[2023-06-05T20:14:23.989+0000] {logging_mixin.py:149} INFO - [2023-06-05T20:14:23.989+0000] {taskmixin.py:211} WARNING - Dependency <Task(_PythonDecoratedOperator): prepare_email>, send_email already registered for DAG: example_dag_decorator
[2023-06-05T20:14:23.989+0000] {logging_mixin.py:149} INFO - [2023-06-05T20:14:23.989+0000] {taskmixin.py:211} WARNING - Dependency <Task(EmailOperator): send_email>, prepare_email already registered for DAG: example_dag_decorator
[2023-06-05T20:14:23.996+0000] {processor.py:836} INFO - DAG(s) dict_keys(['example_dag_decorator']) retrieved from /home/airflow/.local/lib/python3.7/site-packages/airflow/example_dags/example_dag_decorator.py
[2023-06-05T20:14:24.071+0000] {logging_mixin.py:149} INFO - [2023-06-05T20:14:24.071+0000] {dag.py:2726} INFO - Sync 1 DAGs
[2023-06-05T20:14:24.105+0000] {logging_mixin.py:149} INFO - [2023-06-05T20:14:24.105+0000] {dag.py:3490} INFO - Setting next_dagrun for example_dag_decorator to None, run_after=None
[2023-06-05T20:14:24.131+0000] {processor.py:179} INFO - Processing /home/airflow/.local/lib/python3.7/site-packages/airflow/example_dags/example_dag_decorator.py took 0.151 seconds
[2023-06-05T20:14:54.176+0000] {processor.py:157} INFO - Started process (PID=466) to work on /home/airflow/.local/lib/python3.7/site-packages/airflow/example_dags/example_dag_decorator.py
[2023-06-05T20:14:54.176+0000] {processor.py:826} INFO - Processing file /home/airflow/.local/lib/python3.7/site-packages/airflow/example_dags/example_dag_decorator.py for tasks to queue
[2023-06-05T20:14:54.177+0000] {logging_mixin.py:149} INFO - [2023-06-05T20:14:54.176+0000] {dagbag.py:541} INFO - Filling up the DagBag from /home/airflow/.local/lib/python3.7/site-packages/airflow/example_dags/example_dag_decorator.py
[2023-06-05T20:14:54.182+0000] {logging_mixin.py:149} INFO - [2023-06-05T20:14:54.181+0000] {taskmixin.py:211} WARNING - Dependency <Task(_PythonDecoratedOperator): prepare_email>, send_email already registered for DAG: example_dag_decorator
[2023-06-05T20:14:54.182+0000] {logging_mixin.py:149} INFO - [2023-06-05T20:14:54.182+0000] {taskmixin.py:211} WARNING - Dependency <Task(EmailOperator): send_email>, prepare_email already registered for DAG: example_dag_decorator
[2023-06-05T20:14:54.188+0000] {processor.py:836} INFO - DAG(s) dict_keys(['example_dag_decorator']) retrieved from /home/airflow/.local/lib/python3.7/site-packages/airflow/example_dags/example_dag_decorator.py
[2023-06-05T20:14:54.258+0000] {logging_mixin.py:149} INFO - [2023-06-05T20:14:54.258+0000] {dag.py:2726} INFO - Sync 1 DAGs
[2023-06-05T20:14:54.281+0000] {logging_mixin.py:149} INFO - [2023-06-05T20:14:54.281+0000] {dag.py:3490} INFO - Setting next_dagrun for example_dag_decorator to None, run_after=None
[2023-06-05T20:14:54.300+0000] {processor.py:179} INFO - Processing /home/airflow/.local/lib/python3.7/site-packages/airflow/example_dags/example_dag_decorator.py took 0.127 seconds
[2023-06-05T20:15:24.419+0000] {processor.py:157} INFO - Started process (PID=534) to work on /home/airflow/.local/lib/python3.7/site-packages/airflow/example_dags/example_dag_decorator.py
[2023-06-05T20:15:24.421+0000] {processor.py:826} INFO - Processing file /home/airflow/.local/lib/python3.7/site-packages/airflow/example_dags/example_dag_decorator.py for tasks to queue
[2023-06-05T20:15:24.421+0000] {logging_mixin.py:149} INFO - [2023-06-05T20:15:24.421+0000] {dagbag.py:541} INFO - Filling up the DagBag from /home/airflow/.local/lib/python3.7/site-packages/airflow/example_dags/example_dag_decorator.py
[2023-06-05T20:15:24.427+0000] {logging_mixin.py:149} INFO - [2023-06-05T20:15:24.427+0000] {taskmixin.py:211} WARNING - Dependency <Task(_PythonDecoratedOperator): prepare_email>, send_email already registered for DAG: example_dag_decorator
[2023-06-05T20:15:24.427+0000] {logging_mixin.py:149} INFO - [2023-06-05T20:15:24.427+0000] {taskmixin.py:211} WARNING - Dependency <Task(EmailOperator): send_email>, prepare_email already registered for DAG: example_dag_decorator
[2023-06-05T20:15:24.434+0000] {processor.py:836} INFO - DAG(s) dict_keys(['example_dag_decorator']) retrieved from /home/airflow/.local/lib/python3.7/site-packages/airflow/example_dags/example_dag_decorator.py
[2023-06-05T20:15:24.500+0000] {logging_mixin.py:149} INFO - [2023-06-05T20:15:24.499+0000] {dag.py:2726} INFO - Sync 1 DAGs
[2023-06-05T20:15:24.531+0000] {logging_mixin.py:149} INFO - [2023-06-05T20:15:24.531+0000] {dag.py:3490} INFO - Setting next_dagrun for example_dag_decorator to None, run_after=None
[2023-06-05T20:15:24.555+0000] {processor.py:179} INFO - Processing /home/airflow/.local/lib/python3.7/site-packages/airflow/example_dags/example_dag_decorator.py took 0.139 seconds
[2023-06-05T20:15:54.734+0000] {processor.py:157} INFO - Started process (PID=602) to work on /home/airflow/.local/lib/python3.7/site-packages/airflow/example_dags/example_dag_decorator.py
[2023-06-05T20:15:54.735+0000] {processor.py:826} INFO - Processing file /home/airflow/.local/lib/python3.7/site-packages/airflow/example_dags/example_dag_decorator.py for tasks to queue
[2023-06-05T20:15:54.736+0000] {logging_mixin.py:149} INFO - [2023-06-05T20:15:54.736+0000] {dagbag.py:541} INFO - Filling up the DagBag from /home/airflow/.local/lib/python3.7/site-packages/airflow/example_dags/example_dag_decorator.py
[2023-06-05T20:15:54.741+0000] {logging_mixin.py:149} INFO - [2023-06-05T20:15:54.741+0000] {taskmixin.py:211} WARNING - Dependency <Task(_PythonDecoratedOperator): prepare_email>, send_email already registered for DAG: example_dag_decorator
[2023-06-05T20:15:54.741+0000] {logging_mixin.py:149} INFO - [2023-06-05T20:15:54.741+0000] {taskmixin.py:211} WARNING - Dependency <Task(EmailOperator): send_email>, prepare_email already registered for DAG: example_dag_decorator
[2023-06-05T20:15:54.748+0000] {processor.py:836} INFO - DAG(s) dict_keys(['example_dag_decorator']) retrieved from /home/airflow/.local/lib/python3.7/site-packages/airflow/example_dags/example_dag_decorator.py
[2023-06-05T20:15:54.817+0000] {logging_mixin.py:149} INFO - [2023-06-05T20:15:54.817+0000] {dag.py:2726} INFO - Sync 1 DAGs
[2023-06-05T20:15:54.848+0000] {logging_mixin.py:149} INFO - [2023-06-05T20:15:54.848+0000] {dag.py:3490} INFO - Setting next_dagrun for example_dag_decorator to None, run_after=None
[2023-06-05T20:15:54.871+0000] {processor.py:179} INFO - Processing /home/airflow/.local/lib/python3.7/site-packages/airflow/example_dags/example_dag_decorator.py took 0.140 seconds
[2023-06-05T20:16:25.150+0000] {processor.py:157} INFO - Started process (PID=670) to work on /home/airflow/.local/lib/python3.7/site-packages/airflow/example_dags/example_dag_decorator.py
[2023-06-05T20:16:25.151+0000] {processor.py:826} INFO - Processing file /home/airflow/.local/lib/python3.7/site-packages/airflow/example_dags/example_dag_decorator.py for tasks to queue
[2023-06-05T20:16:25.151+0000] {logging_mixin.py:149} INFO - [2023-06-05T20:16:25.151+0000] {dagbag.py:541} INFO - Filling up the DagBag from /home/airflow/.local/lib/python3.7/site-packages/airflow/example_dags/example_dag_decorator.py
[2023-06-05T20:16:25.156+0000] {logging_mixin.py:149} INFO - [2023-06-05T20:16:25.156+0000] {taskmixin.py:211} WARNING - Dependency <Task(_PythonDecoratedOperator): prepare_email>, send_email already registered for DAG: example_dag_decorator
[2023-06-05T20:16:25.156+0000] {logging_mixin.py:149} INFO - [2023-06-05T20:16:25.156+0000] {taskmixin.py:211} WARNING - Dependency <Task(EmailOperator): send_email>, prepare_email already registered for DAG: example_dag_decorator
[2023-06-05T20:16:25.163+0000] {processor.py:836} INFO - DAG(s) dict_keys(['example_dag_decorator']) retrieved from /home/airflow/.local/lib/python3.7/site-packages/airflow/example_dags/example_dag_decorator.py
[2023-06-05T20:16:25.239+0000] {logging_mixin.py:149} INFO - [2023-06-05T20:16:25.239+0000] {dag.py:2726} INFO - Sync 1 DAGs
[2023-06-05T20:16:25.261+0000] {logging_mixin.py:149} INFO - [2023-06-05T20:16:25.261+0000] {dag.py:3490} INFO - Setting next_dagrun for example_dag_decorator to None, run_after=None
[2023-06-05T20:16:25.282+0000] {processor.py:179} INFO - Processing /home/airflow/.local/lib/python3.7/site-packages/airflow/example_dags/example_dag_decorator.py took 0.135 seconds
[2023-06-05T20:16:55.557+0000] {processor.py:157} INFO - Started process (PID=738) to work on /home/airflow/.local/lib/python3.7/site-packages/airflow/example_dags/example_dag_decorator.py
[2023-06-05T20:16:55.557+0000] {processor.py:826} INFO - Processing file /home/airflow/.local/lib/python3.7/site-packages/airflow/example_dags/example_dag_decorator.py for tasks to queue
[2023-06-05T20:16:55.558+0000] {logging_mixin.py:149} INFO - [2023-06-05T20:16:55.558+0000] {dagbag.py:541} INFO - Filling up the DagBag from /home/airflow/.local/lib/python3.7/site-packages/airflow/example_dags/example_dag_decorator.py
[2023-06-05T20:16:55.562+0000] {logging_mixin.py:149} INFO - [2023-06-05T20:16:55.562+0000] {taskmixin.py:211} WARNING - Dependency <Task(_PythonDecoratedOperator): prepare_email>, send_email already registered for DAG: example_dag_decorator
[2023-06-05T20:16:55.563+0000] {logging_mixin.py:149} INFO - [2023-06-05T20:16:55.562+0000] {taskmixin.py:211} WARNING - Dependency <Task(EmailOperator): send_email>, prepare_email already registered for DAG: example_dag_decorator
[2023-06-05T20:16:55.569+0000] {processor.py:836} INFO - DAG(s) dict_keys(['example_dag_decorator']) retrieved from /home/airflow/.local/lib/python3.7/site-packages/airflow/example_dags/example_dag_decorator.py
[2023-06-05T20:16:55.640+0000] {logging_mixin.py:149} INFO - [2023-06-05T20:16:55.640+0000] {dag.py:2726} INFO - Sync 1 DAGs
[2023-06-05T20:16:55.662+0000] {logging_mixin.py:149} INFO - [2023-06-05T20:16:55.661+0000] {dag.py:3490} INFO - Setting next_dagrun for example_dag_decorator to None, run_after=None
[2023-06-05T20:16:55.679+0000] {processor.py:179} INFO - Processing /home/airflow/.local/lib/python3.7/site-packages/airflow/example_dags/example_dag_decorator.py took 0.124 seconds
[2023-06-05T20:17:26.661+0000] {processor.py:157} INFO - Started process (PID=806) to work on /home/airflow/.local/lib/python3.7/site-packages/airflow/example_dags/example_dag_decorator.py
[2023-06-05T20:17:26.662+0000] {processor.py:826} INFO - Processing file /home/airflow/.local/lib/python3.7/site-packages/airflow/example_dags/example_dag_decorator.py for tasks to queue
[2023-06-05T20:17:26.663+0000] {logging_mixin.py:149} INFO - [2023-06-05T20:17:26.663+0000] {dagbag.py:541} INFO - Filling up the DagBag from /home/airflow/.local/lib/python3.7/site-packages/airflow/example_dags/example_dag_decorator.py
[2023-06-05T20:17:26.668+0000] {logging_mixin.py:149} INFO - [2023-06-05T20:17:26.668+0000] {taskmixin.py:211} WARNING - Dependency <Task(_PythonDecoratedOperator): prepare_email>, send_email already registered for DAG: example_dag_decorator
[2023-06-05T20:17:26.668+0000] {logging_mixin.py:149} INFO - [2023-06-05T20:17:26.668+0000] {taskmixin.py:211} WARNING - Dependency <Task(EmailOperator): send_email>, prepare_email already registered for DAG: example_dag_decorator
[2023-06-05T20:17:26.675+0000] {processor.py:836} INFO - DAG(s) dict_keys(['example_dag_decorator']) retrieved from /home/airflow/.local/lib/python3.7/site-packages/airflow/example_dags/example_dag_decorator.py
[2023-06-05T20:17:26.748+0000] {logging_mixin.py:149} INFO - [2023-06-05T20:17:26.748+0000] {dag.py:2726} INFO - Sync 1 DAGs
[2023-06-05T20:17:26.771+0000] {logging_mixin.py:149} INFO - [2023-06-05T20:17:26.771+0000] {dag.py:3490} INFO - Setting next_dagrun for example_dag_decorator to None, run_after=None
[2023-06-05T20:17:26.791+0000] {processor.py:179} INFO - Processing /home/airflow/.local/lib/python3.7/site-packages/airflow/example_dags/example_dag_decorator.py took 0.133 seconds
[2023-06-05T20:17:57.109+0000] {processor.py:157} INFO - Started process (PID=874) to work on /home/airflow/.local/lib/python3.7/site-packages/airflow/example_dags/example_dag_decorator.py
[2023-06-05T20:17:57.110+0000] {processor.py:826} INFO - Processing file /home/airflow/.local/lib/python3.7/site-packages/airflow/example_dags/example_dag_decorator.py for tasks to queue
[2023-06-05T20:17:57.111+0000] {logging_mixin.py:149} INFO - [2023-06-05T20:17:57.111+0000] {dagbag.py:541} INFO - Filling up the DagBag from /home/airflow/.local/lib/python3.7/site-packages/airflow/example_dags/example_dag_decorator.py
[2023-06-05T20:17:57.119+0000] {logging_mixin.py:149} INFO - [2023-06-05T20:17:57.119+0000] {taskmixin.py:211} WARNING - Dependency <Task(_PythonDecoratedOperator): prepare_email>, send_email already registered for DAG: example_dag_decorator
[2023-06-05T20:17:57.119+0000] {logging_mixin.py:149} INFO - [2023-06-05T20:17:57.119+0000] {taskmixin.py:211} WARNING - Dependency <Task(EmailOperator): send_email>, prepare_email already registered for DAG: example_dag_decorator
[2023-06-05T20:17:57.126+0000] {processor.py:836} INFO - DAG(s) dict_keys(['example_dag_decorator']) retrieved from /home/airflow/.local/lib/python3.7/site-packages/airflow/example_dags/example_dag_decorator.py
[2023-06-05T20:17:57.188+0000] {logging_mixin.py:149} INFO - [2023-06-05T20:17:57.188+0000] {dag.py:2726} INFO - Sync 1 DAGs
[2023-06-05T20:17:57.222+0000] {logging_mixin.py:149} INFO - [2023-06-05T20:17:57.222+0000] {dag.py:3490} INFO - Setting next_dagrun for example_dag_decorator to None, run_after=None
[2023-06-05T20:17:57.243+0000] {processor.py:179} INFO - Processing /home/airflow/.local/lib/python3.7/site-packages/airflow/example_dags/example_dag_decorator.py took 0.137 seconds
[2023-06-05T20:18:27.503+0000] {processor.py:157} INFO - Started process (PID=942) to work on /home/airflow/.local/lib/python3.7/site-packages/airflow/example_dags/example_dag_decorator.py
[2023-06-05T20:18:27.505+0000] {processor.py:826} INFO - Processing file /home/airflow/.local/lib/python3.7/site-packages/airflow/example_dags/example_dag_decorator.py for tasks to queue
[2023-06-05T20:18:27.505+0000] {logging_mixin.py:149} INFO - [2023-06-05T20:18:27.505+0000] {dagbag.py:541} INFO - Filling up the DagBag from /home/airflow/.local/lib/python3.7/site-packages/airflow/example_dags/example_dag_decorator.py
[2023-06-05T20:18:27.513+0000] {logging_mixin.py:149} INFO - [2023-06-05T20:18:27.512+0000] {taskmixin.py:211} WARNING - Dependency <Task(_PythonDecoratedOperator): prepare_email>, send_email already registered for DAG: example_dag_decorator
[2023-06-05T20:18:27.513+0000] {logging_mixin.py:149} INFO - [2023-06-05T20:18:27.513+0000] {taskmixin.py:211} WARNING - Dependency <Task(EmailOperator): send_email>, prepare_email already registered for DAG: example_dag_decorator
[2023-06-05T20:18:27.521+0000] {processor.py:836} INFO - DAG(s) dict_keys(['example_dag_decorator']) retrieved from /home/airflow/.local/lib/python3.7/site-packages/airflow/example_dags/example_dag_decorator.py
[2023-06-05T20:18:27.585+0000] {logging_mixin.py:149} INFO - [2023-06-05T20:18:27.585+0000] {dag.py:2726} INFO - Sync 1 DAGs
[2023-06-05T20:18:27.626+0000] {logging_mixin.py:149} INFO - [2023-06-05T20:18:27.626+0000] {dag.py:3490} INFO - Setting next_dagrun for example_dag_decorator to None, run_after=None
[2023-06-05T20:18:27.648+0000] {processor.py:179} INFO - Processing /home/airflow/.local/lib/python3.7/site-packages/airflow/example_dags/example_dag_decorator.py took 0.147 seconds
[2023-06-05T20:18:57.951+0000] {processor.py:157} INFO - Started process (PID=1010) to work on /home/airflow/.local/lib/python3.7/site-packages/airflow/example_dags/example_dag_decorator.py
[2023-06-05T20:18:57.952+0000] {processor.py:826} INFO - Processing file /home/airflow/.local/lib/python3.7/site-packages/airflow/example_dags/example_dag_decorator.py for tasks to queue
[2023-06-05T20:18:57.953+0000] {logging_mixin.py:149} INFO - [2023-06-05T20:18:57.952+0000] {dagbag.py:541} INFO - Filling up the DagBag from /home/airflow/.local/lib/python3.7/site-packages/airflow/example_dags/example_dag_decorator.py
[2023-06-05T20:18:57.959+0000] {logging_mixin.py:149} INFO - [2023-06-05T20:18:57.959+0000] {taskmixin.py:211} WARNING - Dependency <Task(_PythonDecoratedOperator): prepare_email>, send_email already registered for DAG: example_dag_decorator
[2023-06-05T20:18:57.959+0000] {logging_mixin.py:149} INFO - [2023-06-05T20:18:57.959+0000] {taskmixin.py:211} WARNING - Dependency <Task(EmailOperator): send_email>, prepare_email already registered for DAG: example_dag_decorator
[2023-06-05T20:18:57.966+0000] {processor.py:836} INFO - DAG(s) dict_keys(['example_dag_decorator']) retrieved from /home/airflow/.local/lib/python3.7/site-packages/airflow/example_dags/example_dag_decorator.py
[2023-06-05T20:18:58.042+0000] {logging_mixin.py:149} INFO - [2023-06-05T20:18:58.042+0000] {dag.py:2726} INFO - Sync 1 DAGs
[2023-06-05T20:18:58.067+0000] {logging_mixin.py:149} INFO - [2023-06-05T20:18:58.067+0000] {dag.py:3490} INFO - Setting next_dagrun for example_dag_decorator to None, run_after=None
[2023-06-05T20:18:58.088+0000] {processor.py:179} INFO - Processing /home/airflow/.local/lib/python3.7/site-packages/airflow/example_dags/example_dag_decorator.py took 0.140 seconds
[2023-06-05T20:19:28.319+0000] {processor.py:157} INFO - Started process (PID=1078) to work on /home/airflow/.local/lib/python3.7/site-packages/airflow/example_dags/example_dag_decorator.py
[2023-06-05T20:19:28.321+0000] {processor.py:826} INFO - Processing file /home/airflow/.local/lib/python3.7/site-packages/airflow/example_dags/example_dag_decorator.py for tasks to queue
[2023-06-05T20:19:28.321+0000] {logging_mixin.py:149} INFO - [2023-06-05T20:19:28.321+0000] {dagbag.py:541} INFO - Filling up the DagBag from /home/airflow/.local/lib/python3.7/site-packages/airflow/example_dags/example_dag_decorator.py
[2023-06-05T20:19:28.326+0000] {logging_mixin.py:149} INFO - [2023-06-05T20:19:28.326+0000] {taskmixin.py:211} WARNING - Dependency <Task(_PythonDecoratedOperator): prepare_email>, send_email already registered for DAG: example_dag_decorator
[2023-06-05T20:19:28.326+0000] {logging_mixin.py:149} INFO - [2023-06-05T20:19:28.326+0000] {taskmixin.py:211} WARNING - Dependency <Task(EmailOperator): send_email>, prepare_email already registered for DAG: example_dag_decorator
[2023-06-05T20:19:28.333+0000] {processor.py:836} INFO - DAG(s) dict_keys(['example_dag_decorator']) retrieved from /home/airflow/.local/lib/python3.7/site-packages/airflow/example_dags/example_dag_decorator.py
[2023-06-05T20:19:28.395+0000] {logging_mixin.py:149} INFO - [2023-06-05T20:19:28.394+0000] {dag.py:2726} INFO - Sync 1 DAGs
[2023-06-05T20:19:28.418+0000] {logging_mixin.py:149} INFO - [2023-06-05T20:19:28.418+0000] {dag.py:3490} INFO - Setting next_dagrun for example_dag_decorator to None, run_after=None
[2023-06-05T20:19:28.438+0000] {processor.py:179} INFO - Processing /home/airflow/.local/lib/python3.7/site-packages/airflow/example_dags/example_dag_decorator.py took 0.121 seconds
[2023-06-05T20:19:58.714+0000] {processor.py:157} INFO - Started process (PID=1146) to work on /home/airflow/.local/lib/python3.7/site-packages/airflow/example_dags/example_dag_decorator.py
[2023-06-05T20:19:58.714+0000] {processor.py:826} INFO - Processing file /home/airflow/.local/lib/python3.7/site-packages/airflow/example_dags/example_dag_decorator.py for tasks to queue
[2023-06-05T20:19:58.715+0000] {logging_mixin.py:149} INFO - [2023-06-05T20:19:58.715+0000] {dagbag.py:541} INFO - Filling up the DagBag from /home/airflow/.local/lib/python3.7/site-packages/airflow/example_dags/example_dag_decorator.py
[2023-06-05T20:19:58.726+0000] {logging_mixin.py:149} INFO - [2023-06-05T20:19:58.726+0000] {taskmixin.py:211} WARNING - Dependency <Task(_PythonDecoratedOperator): prepare_email>, send_email already registered for DAG: example_dag_decorator
[2023-06-05T20:19:58.727+0000] {logging_mixin.py:149} INFO - [2023-06-05T20:19:58.726+0000] {taskmixin.py:211} WARNING - Dependency <Task(EmailOperator): send_email>, prepare_email already registered for DAG: example_dag_decorator
[2023-06-05T20:19:58.737+0000] {processor.py:836} INFO - DAG(s) dict_keys(['example_dag_decorator']) retrieved from /home/airflow/.local/lib/python3.7/site-packages/airflow/example_dags/example_dag_decorator.py
[2023-06-05T20:19:58.831+0000] {logging_mixin.py:149} INFO - [2023-06-05T20:19:58.830+0000] {dag.py:2726} INFO - Sync 1 DAGs
[2023-06-05T20:19:58.865+0000] {logging_mixin.py:149} INFO - [2023-06-05T20:19:58.864+0000] {dag.py:3490} INFO - Setting next_dagrun for example_dag_decorator to None, run_after=None
[2023-06-05T20:19:58.883+0000] {processor.py:179} INFO - Processing /home/airflow/.local/lib/python3.7/site-packages/airflow/example_dags/example_dag_decorator.py took 0.173 seconds
[2023-06-05T20:20:29.176+0000] {processor.py:157} INFO - Started process (PID=1214) to work on /home/airflow/.local/lib/python3.7/site-packages/airflow/example_dags/example_dag_decorator.py
[2023-06-05T20:20:29.177+0000] {processor.py:826} INFO - Processing file /home/airflow/.local/lib/python3.7/site-packages/airflow/example_dags/example_dag_decorator.py for tasks to queue
[2023-06-05T20:20:29.178+0000] {logging_mixin.py:149} INFO - [2023-06-05T20:20:29.178+0000] {dagbag.py:541} INFO - Filling up the DagBag from /home/airflow/.local/lib/python3.7/site-packages/airflow/example_dags/example_dag_decorator.py
[2023-06-05T20:20:29.183+0000] {logging_mixin.py:149} INFO - [2023-06-05T20:20:29.183+0000] {taskmixin.py:211} WARNING - Dependency <Task(_PythonDecoratedOperator): prepare_email>, send_email already registered for DAG: example_dag_decorator
[2023-06-05T20:20:29.183+0000] {logging_mixin.py:149} INFO - [2023-06-05T20:20:29.183+0000] {taskmixin.py:211} WARNING - Dependency <Task(EmailOperator): send_email>, prepare_email already registered for DAG: example_dag_decorator
[2023-06-05T20:20:29.190+0000] {processor.py:836} INFO - DAG(s) dict_keys(['example_dag_decorator']) retrieved from /home/airflow/.local/lib/python3.7/site-packages/airflow/example_dags/example_dag_decorator.py
[2023-06-05T20:20:29.264+0000] {logging_mixin.py:149} INFO - [2023-06-05T20:20:29.264+0000] {dag.py:2726} INFO - Sync 1 DAGs
[2023-06-05T20:20:29.288+0000] {logging_mixin.py:149} INFO - [2023-06-05T20:20:29.288+0000] {dag.py:3490} INFO - Setting next_dagrun for example_dag_decorator to None, run_after=None
[2023-06-05T20:20:29.320+0000] {processor.py:179} INFO - Processing /home/airflow/.local/lib/python3.7/site-packages/airflow/example_dags/example_dag_decorator.py took 0.146 seconds
[2023-06-05T20:20:59.751+0000] {processor.py:157} INFO - Started process (PID=1282) to work on /home/airflow/.local/lib/python3.7/site-packages/airflow/example_dags/example_dag_decorator.py
[2023-06-05T20:20:59.751+0000] {processor.py:826} INFO - Processing file /home/airflow/.local/lib/python3.7/site-packages/airflow/example_dags/example_dag_decorator.py for tasks to queue
[2023-06-05T20:20:59.752+0000] {logging_mixin.py:149} INFO - [2023-06-05T20:20:59.752+0000] {dagbag.py:541} INFO - Filling up the DagBag from /home/airflow/.local/lib/python3.7/site-packages/airflow/example_dags/example_dag_decorator.py
[2023-06-05T20:20:59.757+0000] {logging_mixin.py:149} INFO - [2023-06-05T20:20:59.756+0000] {taskmixin.py:211} WARNING - Dependency <Task(_PythonDecoratedOperator): prepare_email>, send_email already registered for DAG: example_dag_decorator
[2023-06-05T20:20:59.757+0000] {logging_mixin.py:149} INFO - [2023-06-05T20:20:59.757+0000] {taskmixin.py:211} WARNING - Dependency <Task(EmailOperator): send_email>, prepare_email already registered for DAG: example_dag_decorator
[2023-06-05T20:20:59.764+0000] {processor.py:836} INFO - DAG(s) dict_keys(['example_dag_decorator']) retrieved from /home/airflow/.local/lib/python3.7/site-packages/airflow/example_dags/example_dag_decorator.py
[2023-06-05T20:20:59.828+0000] {logging_mixin.py:149} INFO - [2023-06-05T20:20:59.827+0000] {dag.py:2726} INFO - Sync 1 DAGs
[2023-06-05T20:20:59.854+0000] {logging_mixin.py:149} INFO - [2023-06-05T20:20:59.853+0000] {dag.py:3490} INFO - Setting next_dagrun for example_dag_decorator to None, run_after=None
[2023-06-05T20:20:59.872+0000] {processor.py:179} INFO - Processing /home/airflow/.local/lib/python3.7/site-packages/airflow/example_dags/example_dag_decorator.py took 0.123 seconds
[2023-06-05T20:21:30.292+0000] {processor.py:157} INFO - Started process (PID=1350) to work on /home/airflow/.local/lib/python3.7/site-packages/airflow/example_dags/example_dag_decorator.py
[2023-06-05T20:21:30.293+0000] {processor.py:826} INFO - Processing file /home/airflow/.local/lib/python3.7/site-packages/airflow/example_dags/example_dag_decorator.py for tasks to queue
[2023-06-05T20:21:30.294+0000] {logging_mixin.py:149} INFO - [2023-06-05T20:21:30.294+0000] {dagbag.py:541} INFO - Filling up the DagBag from /home/airflow/.local/lib/python3.7/site-packages/airflow/example_dags/example_dag_decorator.py
[2023-06-05T20:21:30.306+0000] {logging_mixin.py:149} INFO - [2023-06-05T20:21:30.305+0000] {taskmixin.py:211} WARNING - Dependency <Task(_PythonDecoratedOperator): prepare_email>, send_email already registered for DAG: example_dag_decorator
[2023-06-05T20:21:30.306+0000] {logging_mixin.py:149} INFO - [2023-06-05T20:21:30.306+0000] {taskmixin.py:211} WARNING - Dependency <Task(EmailOperator): send_email>, prepare_email already registered for DAG: example_dag_decorator
[2023-06-05T20:21:30.317+0000] {processor.py:836} INFO - DAG(s) dict_keys(['example_dag_decorator']) retrieved from /home/airflow/.local/lib/python3.7/site-packages/airflow/example_dags/example_dag_decorator.py
[2023-06-05T20:21:30.379+0000] {logging_mixin.py:149} INFO - [2023-06-05T20:21:30.379+0000] {dag.py:2726} INFO - Sync 1 DAGs
[2023-06-05T20:21:30.408+0000] {logging_mixin.py:149} INFO - [2023-06-05T20:21:30.407+0000] {dag.py:3490} INFO - Setting next_dagrun for example_dag_decorator to None, run_after=None
[2023-06-05T20:21:30.434+0000] {processor.py:179} INFO - Processing /home/airflow/.local/lib/python3.7/site-packages/airflow/example_dags/example_dag_decorator.py took 0.144 seconds
[2023-06-05T20:22:00.931+0000] {processor.py:157} INFO - Started process (PID=1418) to work on /home/airflow/.local/lib/python3.7/site-packages/airflow/example_dags/example_dag_decorator.py
[2023-06-05T20:22:00.931+0000] {processor.py:826} INFO - Processing file /home/airflow/.local/lib/python3.7/site-packages/airflow/example_dags/example_dag_decorator.py for tasks to queue
[2023-06-05T20:22:00.932+0000] {logging_mixin.py:149} INFO - [2023-06-05T20:22:00.932+0000] {dagbag.py:541} INFO - Filling up the DagBag from /home/airflow/.local/lib/python3.7/site-packages/airflow/example_dags/example_dag_decorator.py
[2023-06-05T20:22:00.937+0000] {logging_mixin.py:149} INFO - [2023-06-05T20:22:00.937+0000] {taskmixin.py:211} WARNING - Dependency <Task(_PythonDecoratedOperator): prepare_email>, send_email already registered for DAG: example_dag_decorator
[2023-06-05T20:22:00.937+0000] {logging_mixin.py:149} INFO - [2023-06-05T20:22:00.937+0000] {taskmixin.py:211} WARNING - Dependency <Task(EmailOperator): send_email>, prepare_email already registered for DAG: example_dag_decorator
[2023-06-05T20:22:00.944+0000] {processor.py:836} INFO - DAG(s) dict_keys(['example_dag_decorator']) retrieved from /home/airflow/.local/lib/python3.7/site-packages/airflow/example_dags/example_dag_decorator.py
[2023-06-05T20:22:01.010+0000] {logging_mixin.py:149} INFO - [2023-06-05T20:22:01.010+0000] {dag.py:2726} INFO - Sync 1 DAGs
[2023-06-05T20:22:01.038+0000] {logging_mixin.py:149} INFO - [2023-06-05T20:22:01.038+0000] {dag.py:3490} INFO - Setting next_dagrun for example_dag_decorator to None, run_after=None
[2023-06-05T20:22:01.059+0000] {processor.py:179} INFO - Processing /home/airflow/.local/lib/python3.7/site-packages/airflow/example_dags/example_dag_decorator.py took 0.130 seconds
