[2023-06-05T20:11:51.313+0000] {processor.py:157} INFO - Started process (PID=56) to work on /home/airflow/.local/lib/python3.7/site-packages/airflow/example_dags/example_branch_python_dop_operator_3.py
[2023-06-05T20:11:51.314+0000] {processor.py:826} INFO - Processing file /home/airflow/.local/lib/python3.7/site-packages/airflow/example_dags/example_branch_python_dop_operator_3.py for tasks to queue
[2023-06-05T20:11:51.314+0000] {logging_mixin.py:149} INFO - [2023-06-05T20:11:51.314+0000] {dagbag.py:541} INFO - Filling up the DagBag from /home/airflow/.local/lib/python3.7/site-packages/airflow/example_dags/example_branch_python_dop_operator_3.py
[2023-06-05T20:11:51.324+0000] {processor.py:836} INFO - DAG(s) dict_keys(['example_branch_dop_operator_v3']) retrieved from /home/airflow/.local/lib/python3.7/site-packages/airflow/example_dags/example_branch_python_dop_operator_3.py
[2023-06-05T20:11:51.335+0000] {logging_mixin.py:149} INFO - [2023-06-05T20:11:51.335+0000] {dag.py:2726} INFO - Sync 1 DAGs
[2023-06-05T20:11:51.367+0000] {logging_mixin.py:149} INFO - [2023-06-05T20:11:51.366+0000] {dag.py:3490} INFO - Setting next_dagrun for example_branch_dop_operator_v3 to 2023-06-05T20:10:00+00:00, run_after=2023-06-05T20:11:00+00:00
[2023-06-05T20:11:51.393+0000] {processor.py:179} INFO - Processing /home/airflow/.local/lib/python3.7/site-packages/airflow/example_dags/example_branch_python_dop_operator_3.py took 0.082 seconds
[2023-06-05T20:12:22.048+0000] {processor.py:157} INFO - Started process (PID=124) to work on /home/airflow/.local/lib/python3.7/site-packages/airflow/example_dags/example_branch_python_dop_operator_3.py
[2023-06-05T20:12:22.049+0000] {processor.py:826} INFO - Processing file /home/airflow/.local/lib/python3.7/site-packages/airflow/example_dags/example_branch_python_dop_operator_3.py for tasks to queue
[2023-06-05T20:12:22.050+0000] {logging_mixin.py:149} INFO - [2023-06-05T20:12:22.050+0000] {dagbag.py:541} INFO - Filling up the DagBag from /home/airflow/.local/lib/python3.7/site-packages/airflow/example_dags/example_branch_python_dop_operator_3.py
[2023-06-05T20:12:22.060+0000] {processor.py:836} INFO - DAG(s) dict_keys(['example_branch_dop_operator_v3']) retrieved from /home/airflow/.local/lib/python3.7/site-packages/airflow/example_dags/example_branch_python_dop_operator_3.py
[2023-06-05T20:12:22.089+0000] {logging_mixin.py:149} INFO - [2023-06-05T20:12:22.089+0000] {dag.py:2726} INFO - Sync 1 DAGs
[2023-06-05T20:12:22.133+0000] {logging_mixin.py:149} INFO - [2023-06-05T20:12:22.132+0000] {dag.py:3490} INFO - Setting next_dagrun for example_branch_dop_operator_v3 to 2023-06-05T20:11:00+00:00, run_after=2023-06-05T20:12:00+00:00
[2023-06-05T20:12:22.157+0000] {processor.py:179} INFO - Processing /home/airflow/.local/lib/python3.7/site-packages/airflow/example_dags/example_branch_python_dop_operator_3.py took 0.112 seconds
[2023-06-05T20:12:52.329+0000] {processor.py:157} INFO - Started process (PID=192) to work on /home/airflow/.local/lib/python3.7/site-packages/airflow/example_dags/example_branch_python_dop_operator_3.py
[2023-06-05T20:12:52.330+0000] {processor.py:826} INFO - Processing file /home/airflow/.local/lib/python3.7/site-packages/airflow/example_dags/example_branch_python_dop_operator_3.py for tasks to queue
[2023-06-05T20:12:52.330+0000] {logging_mixin.py:149} INFO - [2023-06-05T20:12:52.330+0000] {dagbag.py:541} INFO - Filling up the DagBag from /home/airflow/.local/lib/python3.7/site-packages/airflow/example_dags/example_branch_python_dop_operator_3.py
[2023-06-05T20:12:52.336+0000] {processor.py:836} INFO - DAG(s) dict_keys(['example_branch_dop_operator_v3']) retrieved from /home/airflow/.local/lib/python3.7/site-packages/airflow/example_dags/example_branch_python_dop_operator_3.py
[2023-06-05T20:12:52.357+0000] {logging_mixin.py:149} INFO - [2023-06-05T20:12:52.357+0000] {dag.py:2726} INFO - Sync 1 DAGs
[2023-06-05T20:12:52.381+0000] {logging_mixin.py:149} INFO - [2023-06-05T20:12:52.381+0000] {dag.py:3490} INFO - Setting next_dagrun for example_branch_dop_operator_v3 to 2023-06-05T20:11:00+00:00, run_after=2023-06-05T20:12:00+00:00
[2023-06-05T20:12:52.398+0000] {processor.py:179} INFO - Processing /home/airflow/.local/lib/python3.7/site-packages/airflow/example_dags/example_branch_python_dop_operator_3.py took 0.072 seconds
[2023-06-05T20:13:22.839+0000] {processor.py:157} INFO - Started process (PID=260) to work on /home/airflow/.local/lib/python3.7/site-packages/airflow/example_dags/example_branch_python_dop_operator_3.py
[2023-06-05T20:13:22.841+0000] {processor.py:826} INFO - Processing file /home/airflow/.local/lib/python3.7/site-packages/airflow/example_dags/example_branch_python_dop_operator_3.py for tasks to queue
[2023-06-05T20:13:22.841+0000] {logging_mixin.py:149} INFO - [2023-06-05T20:13:22.841+0000] {dagbag.py:541} INFO - Filling up the DagBag from /home/airflow/.local/lib/python3.7/site-packages/airflow/example_dags/example_branch_python_dop_operator_3.py
[2023-06-05T20:13:22.848+0000] {processor.py:836} INFO - DAG(s) dict_keys(['example_branch_dop_operator_v3']) retrieved from /home/airflow/.local/lib/python3.7/site-packages/airflow/example_dags/example_branch_python_dop_operator_3.py
[2023-06-05T20:13:22.869+0000] {logging_mixin.py:149} INFO - [2023-06-05T20:13:22.869+0000] {dag.py:2726} INFO - Sync 1 DAGs
[2023-06-05T20:13:22.897+0000] {logging_mixin.py:149} INFO - [2023-06-05T20:13:22.897+0000] {dag.py:3490} INFO - Setting next_dagrun for example_branch_dop_operator_v3 to 2023-06-05T20:12:00+00:00, run_after=2023-06-05T20:13:00+00:00
[2023-06-05T20:13:22.929+0000] {processor.py:179} INFO - Processing /home/airflow/.local/lib/python3.7/site-packages/airflow/example_dags/example_branch_python_dop_operator_3.py took 0.093 seconds
[2023-06-05T20:13:53.436+0000] {processor.py:157} INFO - Started process (PID=328) to work on /home/airflow/.local/lib/python3.7/site-packages/airflow/example_dags/example_branch_python_dop_operator_3.py
[2023-06-05T20:13:53.436+0000] {processor.py:826} INFO - Processing file /home/airflow/.local/lib/python3.7/site-packages/airflow/example_dags/example_branch_python_dop_operator_3.py for tasks to queue
[2023-06-05T20:13:53.437+0000] {logging_mixin.py:149} INFO - [2023-06-05T20:13:53.436+0000] {dagbag.py:541} INFO - Filling up the DagBag from /home/airflow/.local/lib/python3.7/site-packages/airflow/example_dags/example_branch_python_dop_operator_3.py
[2023-06-05T20:13:53.443+0000] {processor.py:836} INFO - DAG(s) dict_keys(['example_branch_dop_operator_v3']) retrieved from /home/airflow/.local/lib/python3.7/site-packages/airflow/example_dags/example_branch_python_dop_operator_3.py
[2023-06-05T20:13:53.462+0000] {logging_mixin.py:149} INFO - [2023-06-05T20:13:53.462+0000] {dag.py:2726} INFO - Sync 1 DAGs
[2023-06-05T20:13:53.488+0000] {logging_mixin.py:149} INFO - [2023-06-05T20:13:53.488+0000] {dag.py:3490} INFO - Setting next_dagrun for example_branch_dop_operator_v3 to 2023-06-05T20:12:00+00:00, run_after=2023-06-05T20:13:00+00:00
[2023-06-05T20:13:53.524+0000] {processor.py:179} INFO - Processing /home/airflow/.local/lib/python3.7/site-packages/airflow/example_dags/example_branch_python_dop_operator_3.py took 0.091 seconds
[2023-06-05T20:14:23.771+0000] {processor.py:157} INFO - Started process (PID=396) to work on /home/airflow/.local/lib/python3.7/site-packages/airflow/example_dags/example_branch_python_dop_operator_3.py
[2023-06-05T20:14:23.773+0000] {processor.py:826} INFO - Processing file /home/airflow/.local/lib/python3.7/site-packages/airflow/example_dags/example_branch_python_dop_operator_3.py for tasks to queue
[2023-06-05T20:14:23.773+0000] {logging_mixin.py:149} INFO - [2023-06-05T20:14:23.773+0000] {dagbag.py:541} INFO - Filling up the DagBag from /home/airflow/.local/lib/python3.7/site-packages/airflow/example_dags/example_branch_python_dop_operator_3.py
[2023-06-05T20:14:23.779+0000] {processor.py:836} INFO - DAG(s) dict_keys(['example_branch_dop_operator_v3']) retrieved from /home/airflow/.local/lib/python3.7/site-packages/airflow/example_dags/example_branch_python_dop_operator_3.py
[2023-06-05T20:14:23.803+0000] {logging_mixin.py:149} INFO - [2023-06-05T20:14:23.803+0000] {dag.py:2726} INFO - Sync 1 DAGs
[2023-06-05T20:14:23.836+0000] {logging_mixin.py:149} INFO - [2023-06-05T20:14:23.836+0000] {dag.py:3490} INFO - Setting next_dagrun for example_branch_dop_operator_v3 to 2023-06-05T20:13:00+00:00, run_after=2023-06-05T20:14:00+00:00
[2023-06-05T20:14:23.853+0000] {processor.py:179} INFO - Processing /home/airflow/.local/lib/python3.7/site-packages/airflow/example_dags/example_branch_python_dop_operator_3.py took 0.084 seconds
[2023-06-05T20:14:53.963+0000] {processor.py:157} INFO - Started process (PID=464) to work on /home/airflow/.local/lib/python3.7/site-packages/airflow/example_dags/example_branch_python_dop_operator_3.py
[2023-06-05T20:14:53.964+0000] {processor.py:826} INFO - Processing file /home/airflow/.local/lib/python3.7/site-packages/airflow/example_dags/example_branch_python_dop_operator_3.py for tasks to queue
[2023-06-05T20:14:53.964+0000] {logging_mixin.py:149} INFO - [2023-06-05T20:14:53.964+0000] {dagbag.py:541} INFO - Filling up the DagBag from /home/airflow/.local/lib/python3.7/site-packages/airflow/example_dags/example_branch_python_dop_operator_3.py
[2023-06-05T20:14:53.971+0000] {processor.py:836} INFO - DAG(s) dict_keys(['example_branch_dop_operator_v3']) retrieved from /home/airflow/.local/lib/python3.7/site-packages/airflow/example_dags/example_branch_python_dop_operator_3.py
[2023-06-05T20:14:53.992+0000] {logging_mixin.py:149} INFO - [2023-06-05T20:14:53.992+0000] {dag.py:2726} INFO - Sync 1 DAGs
[2023-06-05T20:14:54.030+0000] {logging_mixin.py:149} INFO - [2023-06-05T20:14:54.030+0000] {dag.py:3490} INFO - Setting next_dagrun for example_branch_dop_operator_v3 to 2023-06-05T20:13:00+00:00, run_after=2023-06-05T20:14:00+00:00
[2023-06-05T20:14:54.047+0000] {processor.py:179} INFO - Processing /home/airflow/.local/lib/python3.7/site-packages/airflow/example_dags/example_branch_python_dop_operator_3.py took 0.086 seconds
[2023-06-05T20:15:24.200+0000] {processor.py:157} INFO - Started process (PID=532) to work on /home/airflow/.local/lib/python3.7/site-packages/airflow/example_dags/example_branch_python_dop_operator_3.py
[2023-06-05T20:15:24.206+0000] {processor.py:826} INFO - Processing file /home/airflow/.local/lib/python3.7/site-packages/airflow/example_dags/example_branch_python_dop_operator_3.py for tasks to queue
[2023-06-05T20:15:24.207+0000] {logging_mixin.py:149} INFO - [2023-06-05T20:15:24.207+0000] {dagbag.py:541} INFO - Filling up the DagBag from /home/airflow/.local/lib/python3.7/site-packages/airflow/example_dags/example_branch_python_dop_operator_3.py
[2023-06-05T20:15:24.217+0000] {processor.py:836} INFO - DAG(s) dict_keys(['example_branch_dop_operator_v3']) retrieved from /home/airflow/.local/lib/python3.7/site-packages/airflow/example_dags/example_branch_python_dop_operator_3.py
[2023-06-05T20:15:24.243+0000] {logging_mixin.py:149} INFO - [2023-06-05T20:15:24.243+0000] {dag.py:2726} INFO - Sync 1 DAGs
[2023-06-05T20:15:24.271+0000] {logging_mixin.py:149} INFO - [2023-06-05T20:15:24.271+0000] {dag.py:3490} INFO - Setting next_dagrun for example_branch_dop_operator_v3 to 2023-06-05T20:14:00+00:00, run_after=2023-06-05T20:15:00+00:00
[2023-06-05T20:15:24.289+0000] {processor.py:179} INFO - Processing /home/airflow/.local/lib/python3.7/site-packages/airflow/example_dags/example_branch_python_dop_operator_3.py took 0.093 seconds
[2023-06-05T20:15:54.621+0000] {processor.py:157} INFO - Started process (PID=600) to work on /home/airflow/.local/lib/python3.7/site-packages/airflow/example_dags/example_branch_python_dop_operator_3.py
[2023-06-05T20:15:54.622+0000] {processor.py:826} INFO - Processing file /home/airflow/.local/lib/python3.7/site-packages/airflow/example_dags/example_branch_python_dop_operator_3.py for tasks to queue
[2023-06-05T20:15:54.623+0000] {logging_mixin.py:149} INFO - [2023-06-05T20:15:54.623+0000] {dagbag.py:541} INFO - Filling up the DagBag from /home/airflow/.local/lib/python3.7/site-packages/airflow/example_dags/example_branch_python_dop_operator_3.py
[2023-06-05T20:15:54.631+0000] {processor.py:836} INFO - DAG(s) dict_keys(['example_branch_dop_operator_v3']) retrieved from /home/airflow/.local/lib/python3.7/site-packages/airflow/example_dags/example_branch_python_dop_operator_3.py
[2023-06-05T20:15:54.656+0000] {logging_mixin.py:149} INFO - [2023-06-05T20:15:54.656+0000] {dag.py:2726} INFO - Sync 1 DAGs
[2023-06-05T20:15:54.688+0000] {logging_mixin.py:149} INFO - [2023-06-05T20:15:54.688+0000] {dag.py:3490} INFO - Setting next_dagrun for example_branch_dop_operator_v3 to 2023-06-05T20:14:00+00:00, run_after=2023-06-05T20:15:00+00:00
[2023-06-05T20:15:54.710+0000] {processor.py:179} INFO - Processing /home/airflow/.local/lib/python3.7/site-packages/airflow/example_dags/example_branch_python_dop_operator_3.py took 0.091 seconds
[2023-06-05T20:16:25.056+0000] {processor.py:157} INFO - Started process (PID=668) to work on /home/airflow/.local/lib/python3.7/site-packages/airflow/example_dags/example_branch_python_dop_operator_3.py
[2023-06-05T20:16:25.056+0000] {processor.py:826} INFO - Processing file /home/airflow/.local/lib/python3.7/site-packages/airflow/example_dags/example_branch_python_dop_operator_3.py for tasks to queue
[2023-06-05T20:16:25.057+0000] {logging_mixin.py:149} INFO - [2023-06-05T20:16:25.057+0000] {dagbag.py:541} INFO - Filling up the DagBag from /home/airflow/.local/lib/python3.7/site-packages/airflow/example_dags/example_branch_python_dop_operator_3.py
[2023-06-05T20:16:25.063+0000] {processor.py:836} INFO - DAG(s) dict_keys(['example_branch_dop_operator_v3']) retrieved from /home/airflow/.local/lib/python3.7/site-packages/airflow/example_dags/example_branch_python_dop_operator_3.py
[2023-06-05T20:16:25.084+0000] {logging_mixin.py:149} INFO - [2023-06-05T20:16:25.084+0000] {dag.py:2726} INFO - Sync 1 DAGs
[2023-06-05T20:16:25.110+0000] {logging_mixin.py:149} INFO - [2023-06-05T20:16:25.110+0000] {dag.py:3490} INFO - Setting next_dagrun for example_branch_dop_operator_v3 to 2023-06-05T20:15:00+00:00, run_after=2023-06-05T20:16:00+00:00
[2023-06-05T20:16:25.128+0000] {processor.py:179} INFO - Processing /home/airflow/.local/lib/python3.7/site-packages/airflow/example_dags/example_branch_python_dop_operator_3.py took 0.076 seconds
[2023-06-05T20:16:55.456+0000] {processor.py:157} INFO - Started process (PID=736) to work on /home/airflow/.local/lib/python3.7/site-packages/airflow/example_dags/example_branch_python_dop_operator_3.py
[2023-06-05T20:16:55.457+0000] {processor.py:826} INFO - Processing file /home/airflow/.local/lib/python3.7/site-packages/airflow/example_dags/example_branch_python_dop_operator_3.py for tasks to queue
[2023-06-05T20:16:55.458+0000] {logging_mixin.py:149} INFO - [2023-06-05T20:16:55.458+0000] {dagbag.py:541} INFO - Filling up the DagBag from /home/airflow/.local/lib/python3.7/site-packages/airflow/example_dags/example_branch_python_dop_operator_3.py
[2023-06-05T20:16:55.465+0000] {processor.py:836} INFO - DAG(s) dict_keys(['example_branch_dop_operator_v3']) retrieved from /home/airflow/.local/lib/python3.7/site-packages/airflow/example_dags/example_branch_python_dop_operator_3.py
[2023-06-05T20:16:55.485+0000] {logging_mixin.py:149} INFO - [2023-06-05T20:16:55.485+0000] {dag.py:2726} INFO - Sync 1 DAGs
[2023-06-05T20:16:55.524+0000] {logging_mixin.py:149} INFO - [2023-06-05T20:16:55.524+0000] {dag.py:3490} INFO - Setting next_dagrun for example_branch_dop_operator_v3 to 2023-06-05T20:15:00+00:00, run_after=2023-06-05T20:16:00+00:00
[2023-06-05T20:16:55.540+0000] {processor.py:179} INFO - Processing /home/airflow/.local/lib/python3.7/site-packages/airflow/example_dags/example_branch_python_dop_operator_3.py took 0.087 seconds
[2023-06-05T20:17:25.565+0000] {processor.py:157} INFO - Started process (PID=804) to work on /home/airflow/.local/lib/python3.7/site-packages/airflow/example_dags/example_branch_python_dop_operator_3.py
[2023-06-05T20:17:25.566+0000] {processor.py:826} INFO - Processing file /home/airflow/.local/lib/python3.7/site-packages/airflow/example_dags/example_branch_python_dop_operator_3.py for tasks to queue
[2023-06-05T20:17:25.567+0000] {logging_mixin.py:149} INFO - [2023-06-05T20:17:25.567+0000] {dagbag.py:541} INFO - Filling up the DagBag from /home/airflow/.local/lib/python3.7/site-packages/airflow/example_dags/example_branch_python_dop_operator_3.py
[2023-06-05T20:17:25.575+0000] {processor.py:836} INFO - DAG(s) dict_keys(['example_branch_dop_operator_v3']) retrieved from /home/airflow/.local/lib/python3.7/site-packages/airflow/example_dags/example_branch_python_dop_operator_3.py
[2023-06-05T20:17:25.595+0000] {logging_mixin.py:149} INFO - [2023-06-05T20:17:25.595+0000] {dag.py:2726} INFO - Sync 1 DAGs
[2023-06-05T20:17:25.620+0000] {logging_mixin.py:149} INFO - [2023-06-05T20:17:25.620+0000] {dag.py:3490} INFO - Setting next_dagrun for example_branch_dop_operator_v3 to 2023-06-05T20:16:00+00:00, run_after=2023-06-05T20:17:00+00:00
[2023-06-05T20:17:25.637+0000] {processor.py:179} INFO - Processing /home/airflow/.local/lib/python3.7/site-packages/airflow/example_dags/example_branch_python_dop_operator_3.py took 0.073 seconds
[2023-06-05T20:17:55.994+0000] {processor.py:157} INFO - Started process (PID=872) to work on /home/airflow/.local/lib/python3.7/site-packages/airflow/example_dags/example_branch_python_dop_operator_3.py
[2023-06-05T20:17:55.995+0000] {processor.py:826} INFO - Processing file /home/airflow/.local/lib/python3.7/site-packages/airflow/example_dags/example_branch_python_dop_operator_3.py for tasks to queue
[2023-06-05T20:17:55.995+0000] {logging_mixin.py:149} INFO - [2023-06-05T20:17:55.995+0000] {dagbag.py:541} INFO - Filling up the DagBag from /home/airflow/.local/lib/python3.7/site-packages/airflow/example_dags/example_branch_python_dop_operator_3.py
[2023-06-05T20:17:56.008+0000] {processor.py:836} INFO - DAG(s) dict_keys(['example_branch_dop_operator_v3']) retrieved from /home/airflow/.local/lib/python3.7/site-packages/airflow/example_dags/example_branch_python_dop_operator_3.py
[2023-06-05T20:17:56.035+0000] {logging_mixin.py:149} INFO - [2023-06-05T20:17:56.035+0000] {dag.py:2726} INFO - Sync 1 DAGs
[2023-06-05T20:17:56.062+0000] {logging_mixin.py:149} INFO - [2023-06-05T20:17:56.061+0000] {dag.py:3490} INFO - Setting next_dagrun for example_branch_dop_operator_v3 to 2023-06-05T20:16:00+00:00, run_after=2023-06-05T20:17:00+00:00
[2023-06-05T20:17:56.079+0000] {processor.py:179} INFO - Processing /home/airflow/.local/lib/python3.7/site-packages/airflow/example_dags/example_branch_python_dop_operator_3.py took 0.087 seconds
[2023-06-05T20:18:26.392+0000] {processor.py:157} INFO - Started process (PID=940) to work on /home/airflow/.local/lib/python3.7/site-packages/airflow/example_dags/example_branch_python_dop_operator_3.py
[2023-06-05T20:18:26.393+0000] {processor.py:826} INFO - Processing file /home/airflow/.local/lib/python3.7/site-packages/airflow/example_dags/example_branch_python_dop_operator_3.py for tasks to queue
[2023-06-05T20:18:26.394+0000] {logging_mixin.py:149} INFO - [2023-06-05T20:18:26.394+0000] {dagbag.py:541} INFO - Filling up the DagBag from /home/airflow/.local/lib/python3.7/site-packages/airflow/example_dags/example_branch_python_dop_operator_3.py
[2023-06-05T20:18:26.404+0000] {processor.py:836} INFO - DAG(s) dict_keys(['example_branch_dop_operator_v3']) retrieved from /home/airflow/.local/lib/python3.7/site-packages/airflow/example_dags/example_branch_python_dop_operator_3.py
[2023-06-05T20:18:26.434+0000] {logging_mixin.py:149} INFO - [2023-06-05T20:18:26.434+0000] {dag.py:2726} INFO - Sync 1 DAGs
[2023-06-05T20:18:26.460+0000] {logging_mixin.py:149} INFO - [2023-06-05T20:18:26.460+0000] {dag.py:3490} INFO - Setting next_dagrun for example_branch_dop_operator_v3 to 2023-06-05T20:17:00+00:00, run_after=2023-06-05T20:18:00+00:00
[2023-06-05T20:18:26.477+0000] {processor.py:179} INFO - Processing /home/airflow/.local/lib/python3.7/site-packages/airflow/example_dags/example_branch_python_dop_operator_3.py took 0.088 seconds
[2023-06-05T20:18:56.815+0000] {processor.py:157} INFO - Started process (PID=1008) to work on /home/airflow/.local/lib/python3.7/site-packages/airflow/example_dags/example_branch_python_dop_operator_3.py
[2023-06-05T20:18:56.816+0000] {processor.py:826} INFO - Processing file /home/airflow/.local/lib/python3.7/site-packages/airflow/example_dags/example_branch_python_dop_operator_3.py for tasks to queue
[2023-06-05T20:18:56.817+0000] {logging_mixin.py:149} INFO - [2023-06-05T20:18:56.817+0000] {dagbag.py:541} INFO - Filling up the DagBag from /home/airflow/.local/lib/python3.7/site-packages/airflow/example_dags/example_branch_python_dop_operator_3.py
[2023-06-05T20:18:56.827+0000] {processor.py:836} INFO - DAG(s) dict_keys(['example_branch_dop_operator_v3']) retrieved from /home/airflow/.local/lib/python3.7/site-packages/airflow/example_dags/example_branch_python_dop_operator_3.py
[2023-06-05T20:18:56.856+0000] {logging_mixin.py:149} INFO - [2023-06-05T20:18:56.856+0000] {dag.py:2726} INFO - Sync 1 DAGs
[2023-06-05T20:18:56.900+0000] {logging_mixin.py:149} INFO - [2023-06-05T20:18:56.900+0000] {dag.py:3490} INFO - Setting next_dagrun for example_branch_dop_operator_v3 to 2023-06-05T20:17:00+00:00, run_after=2023-06-05T20:18:00+00:00
[2023-06-05T20:18:56.921+0000] {processor.py:179} INFO - Processing /home/airflow/.local/lib/python3.7/site-packages/airflow/example_dags/example_branch_python_dop_operator_3.py took 0.109 seconds
[2023-06-05T20:19:27.220+0000] {processor.py:157} INFO - Started process (PID=1076) to work on /home/airflow/.local/lib/python3.7/site-packages/airflow/example_dags/example_branch_python_dop_operator_3.py
[2023-06-05T20:19:27.221+0000] {processor.py:826} INFO - Processing file /home/airflow/.local/lib/python3.7/site-packages/airflow/example_dags/example_branch_python_dop_operator_3.py for tasks to queue
[2023-06-05T20:19:27.221+0000] {logging_mixin.py:149} INFO - [2023-06-05T20:19:27.221+0000] {dagbag.py:541} INFO - Filling up the DagBag from /home/airflow/.local/lib/python3.7/site-packages/airflow/example_dags/example_branch_python_dop_operator_3.py
[2023-06-05T20:19:27.228+0000] {processor.py:836} INFO - DAG(s) dict_keys(['example_branch_dop_operator_v3']) retrieved from /home/airflow/.local/lib/python3.7/site-packages/airflow/example_dags/example_branch_python_dop_operator_3.py
[2023-06-05T20:19:27.251+0000] {logging_mixin.py:149} INFO - [2023-06-05T20:19:27.251+0000] {dag.py:2726} INFO - Sync 1 DAGs
[2023-06-05T20:19:27.279+0000] {logging_mixin.py:149} INFO - [2023-06-05T20:19:27.279+0000] {dag.py:3490} INFO - Setting next_dagrun for example_branch_dop_operator_v3 to 2023-06-05T20:18:00+00:00, run_after=2023-06-05T20:19:00+00:00
[2023-06-05T20:19:27.296+0000] {processor.py:179} INFO - Processing /home/airflow/.local/lib/python3.7/site-packages/airflow/example_dags/example_branch_python_dop_operator_3.py took 0.079 seconds
[2023-06-05T20:19:57.603+0000] {processor.py:157} INFO - Started process (PID=1144) to work on /home/airflow/.local/lib/python3.7/site-packages/airflow/example_dags/example_branch_python_dop_operator_3.py
[2023-06-05T20:19:57.603+0000] {processor.py:826} INFO - Processing file /home/airflow/.local/lib/python3.7/site-packages/airflow/example_dags/example_branch_python_dop_operator_3.py for tasks to queue
[2023-06-05T20:19:57.604+0000] {logging_mixin.py:149} INFO - [2023-06-05T20:19:57.604+0000] {dagbag.py:541} INFO - Filling up the DagBag from /home/airflow/.local/lib/python3.7/site-packages/airflow/example_dags/example_branch_python_dop_operator_3.py
[2023-06-05T20:19:57.611+0000] {processor.py:836} INFO - DAG(s) dict_keys(['example_branch_dop_operator_v3']) retrieved from /home/airflow/.local/lib/python3.7/site-packages/airflow/example_dags/example_branch_python_dop_operator_3.py
[2023-06-05T20:19:57.634+0000] {logging_mixin.py:149} INFO - [2023-06-05T20:19:57.634+0000] {dag.py:2726} INFO - Sync 1 DAGs
[2023-06-05T20:19:57.661+0000] {logging_mixin.py:149} INFO - [2023-06-05T20:19:57.661+0000] {dag.py:3490} INFO - Setting next_dagrun for example_branch_dop_operator_v3 to 2023-06-05T20:18:00+00:00, run_after=2023-06-05T20:19:00+00:00
[2023-06-05T20:19:57.678+0000] {processor.py:179} INFO - Processing /home/airflow/.local/lib/python3.7/site-packages/airflow/example_dags/example_branch_python_dop_operator_3.py took 0.077 seconds
[2023-06-05T20:20:28.066+0000] {processor.py:157} INFO - Started process (PID=1212) to work on /home/airflow/.local/lib/python3.7/site-packages/airflow/example_dags/example_branch_python_dop_operator_3.py
[2023-06-05T20:20:28.067+0000] {processor.py:826} INFO - Processing file /home/airflow/.local/lib/python3.7/site-packages/airflow/example_dags/example_branch_python_dop_operator_3.py for tasks to queue
[2023-06-05T20:20:28.068+0000] {logging_mixin.py:149} INFO - [2023-06-05T20:20:28.067+0000] {dagbag.py:541} INFO - Filling up the DagBag from /home/airflow/.local/lib/python3.7/site-packages/airflow/example_dags/example_branch_python_dop_operator_3.py
[2023-06-05T20:20:28.074+0000] {processor.py:836} INFO - DAG(s) dict_keys(['example_branch_dop_operator_v3']) retrieved from /home/airflow/.local/lib/python3.7/site-packages/airflow/example_dags/example_branch_python_dop_operator_3.py
[2023-06-05T20:20:28.096+0000] {logging_mixin.py:149} INFO - [2023-06-05T20:20:28.095+0000] {dag.py:2726} INFO - Sync 1 DAGs
[2023-06-05T20:20:28.135+0000] {logging_mixin.py:149} INFO - [2023-06-05T20:20:28.135+0000] {dag.py:3490} INFO - Setting next_dagrun for example_branch_dop_operator_v3 to 2023-06-05T20:19:00+00:00, run_after=2023-06-05T20:20:00+00:00
[2023-06-05T20:20:28.152+0000] {processor.py:179} INFO - Processing /home/airflow/.local/lib/python3.7/site-packages/airflow/example_dags/example_branch_python_dop_operator_3.py took 0.089 seconds
[2023-06-05T20:20:58.655+0000] {processor.py:157} INFO - Started process (PID=1280) to work on /home/airflow/.local/lib/python3.7/site-packages/airflow/example_dags/example_branch_python_dop_operator_3.py
[2023-06-05T20:20:58.656+0000] {processor.py:826} INFO - Processing file /home/airflow/.local/lib/python3.7/site-packages/airflow/example_dags/example_branch_python_dop_operator_3.py for tasks to queue
[2023-06-05T20:20:58.656+0000] {logging_mixin.py:149} INFO - [2023-06-05T20:20:58.656+0000] {dagbag.py:541} INFO - Filling up the DagBag from /home/airflow/.local/lib/python3.7/site-packages/airflow/example_dags/example_branch_python_dop_operator_3.py
[2023-06-05T20:20:58.662+0000] {processor.py:836} INFO - DAG(s) dict_keys(['example_branch_dop_operator_v3']) retrieved from /home/airflow/.local/lib/python3.7/site-packages/airflow/example_dags/example_branch_python_dop_operator_3.py
[2023-06-05T20:20:58.683+0000] {logging_mixin.py:149} INFO - [2023-06-05T20:20:58.683+0000] {dag.py:2726} INFO - Sync 1 DAGs
[2023-06-05T20:20:58.711+0000] {logging_mixin.py:149} INFO - [2023-06-05T20:20:58.710+0000] {dag.py:3490} INFO - Setting next_dagrun for example_branch_dop_operator_v3 to 2023-06-05T20:19:00+00:00, run_after=2023-06-05T20:20:00+00:00
[2023-06-05T20:20:58.727+0000] {processor.py:179} INFO - Processing /home/airflow/.local/lib/python3.7/site-packages/airflow/example_dags/example_branch_python_dop_operator_3.py took 0.074 seconds
[2023-06-05T20:21:29.143+0000] {processor.py:157} INFO - Started process (PID=1348) to work on /home/airflow/.local/lib/python3.7/site-packages/airflow/example_dags/example_branch_python_dop_operator_3.py
[2023-06-05T20:21:29.144+0000] {processor.py:826} INFO - Processing file /home/airflow/.local/lib/python3.7/site-packages/airflow/example_dags/example_branch_python_dop_operator_3.py for tasks to queue
[2023-06-05T20:21:29.145+0000] {logging_mixin.py:149} INFO - [2023-06-05T20:21:29.145+0000] {dagbag.py:541} INFO - Filling up the DagBag from /home/airflow/.local/lib/python3.7/site-packages/airflow/example_dags/example_branch_python_dop_operator_3.py
[2023-06-05T20:21:29.152+0000] {processor.py:836} INFO - DAG(s) dict_keys(['example_branch_dop_operator_v3']) retrieved from /home/airflow/.local/lib/python3.7/site-packages/airflow/example_dags/example_branch_python_dop_operator_3.py
[2023-06-05T20:21:29.172+0000] {logging_mixin.py:149} INFO - [2023-06-05T20:21:29.172+0000] {dag.py:2726} INFO - Sync 1 DAGs
[2023-06-05T20:21:29.212+0000] {logging_mixin.py:149} INFO - [2023-06-05T20:21:29.211+0000] {dag.py:3490} INFO - Setting next_dagrun for example_branch_dop_operator_v3 to 2023-06-05T20:20:00+00:00, run_after=2023-06-05T20:21:00+00:00
[2023-06-05T20:21:29.233+0000] {processor.py:179} INFO - Processing /home/airflow/.local/lib/python3.7/site-packages/airflow/example_dags/example_branch_python_dop_operator_3.py took 0.093 seconds
[2023-06-05T20:21:59.803+0000] {processor.py:157} INFO - Started process (PID=1416) to work on /home/airflow/.local/lib/python3.7/site-packages/airflow/example_dags/example_branch_python_dop_operator_3.py
[2023-06-05T20:21:59.803+0000] {processor.py:826} INFO - Processing file /home/airflow/.local/lib/python3.7/site-packages/airflow/example_dags/example_branch_python_dop_operator_3.py for tasks to queue
[2023-06-05T20:21:59.804+0000] {logging_mixin.py:149} INFO - [2023-06-05T20:21:59.804+0000] {dagbag.py:541} INFO - Filling up the DagBag from /home/airflow/.local/lib/python3.7/site-packages/airflow/example_dags/example_branch_python_dop_operator_3.py
[2023-06-05T20:21:59.813+0000] {processor.py:836} INFO - DAG(s) dict_keys(['example_branch_dop_operator_v3']) retrieved from /home/airflow/.local/lib/python3.7/site-packages/airflow/example_dags/example_branch_python_dop_operator_3.py
[2023-06-05T20:21:59.837+0000] {logging_mixin.py:149} INFO - [2023-06-05T20:21:59.837+0000] {dag.py:2726} INFO - Sync 1 DAGs
[2023-06-05T20:21:59.866+0000] {logging_mixin.py:149} INFO - [2023-06-05T20:21:59.865+0000] {dag.py:3490} INFO - Setting next_dagrun for example_branch_dop_operator_v3 to 2023-06-05T20:20:00+00:00, run_after=2023-06-05T20:21:00+00:00
[2023-06-05T20:21:59.886+0000] {processor.py:179} INFO - Processing /home/airflow/.local/lib/python3.7/site-packages/airflow/example_dags/example_branch_python_dop_operator_3.py took 0.087 seconds
