[2023-06-05T20:11:53.184+0000] {processor.py:157} INFO - Started process (PID=72) to work on /home/airflow/.local/lib/python3.7/site-packages/airflow/example_dags/example_sensors.py
[2023-06-05T20:11:53.185+0000] {processor.py:826} INFO - Processing file /home/airflow/.local/lib/python3.7/site-packages/airflow/example_dags/example_sensors.py for tasks to queue
[2023-06-05T20:11:53.186+0000] {logging_mixin.py:149} INFO - [2023-06-05T20:11:53.186+0000] {dagbag.py:541} INFO - Filling up the DagBag from /home/airflow/.local/lib/python3.7/site-packages/airflow/example_dags/example_sensors.py
[2023-06-05T20:11:53.201+0000] {processor.py:836} INFO - DAG(s) dict_keys(['example_sensors']) retrieved from /home/airflow/.local/lib/python3.7/site-packages/airflow/example_dags/example_sensors.py
[2023-06-05T20:11:53.234+0000] {logging_mixin.py:149} INFO - [2023-06-05T20:11:53.234+0000] {dag.py:2726} INFO - Sync 1 DAGs
[2023-06-05T20:11:53.261+0000] {logging_mixin.py:149} INFO - [2023-06-05T20:11:53.260+0000] {dag.py:3490} INFO - Setting next_dagrun for example_sensors to None, run_after=None
[2023-06-05T20:11:53.278+0000] {processor.py:179} INFO - Processing /home/airflow/.local/lib/python3.7/site-packages/airflow/example_dags/example_sensors.py took 0.096 seconds
[2023-06-05T20:12:24.524+0000] {processor.py:157} INFO - Started process (PID=140) to work on /home/airflow/.local/lib/python3.7/site-packages/airflow/example_dags/example_sensors.py
[2023-06-05T20:12:24.525+0000] {processor.py:826} INFO - Processing file /home/airflow/.local/lib/python3.7/site-packages/airflow/example_dags/example_sensors.py for tasks to queue
[2023-06-05T20:12:24.526+0000] {logging_mixin.py:149} INFO - [2023-06-05T20:12:24.526+0000] {dagbag.py:541} INFO - Filling up the DagBag from /home/airflow/.local/lib/python3.7/site-packages/airflow/example_dags/example_sensors.py
[2023-06-05T20:12:24.537+0000] {processor.py:836} INFO - DAG(s) dict_keys(['example_sensors']) retrieved from /home/airflow/.local/lib/python3.7/site-packages/airflow/example_dags/example_sensors.py
[2023-06-05T20:12:24.572+0000] {logging_mixin.py:149} INFO - [2023-06-05T20:12:24.572+0000] {dag.py:2726} INFO - Sync 1 DAGs
[2023-06-05T20:12:24.600+0000] {logging_mixin.py:149} INFO - [2023-06-05T20:12:24.599+0000] {dag.py:3490} INFO - Setting next_dagrun for example_sensors to None, run_after=None
[2023-06-05T20:12:24.623+0000] {processor.py:179} INFO - Processing /home/airflow/.local/lib/python3.7/site-packages/airflow/example_dags/example_sensors.py took 0.102 seconds
[2023-06-05T20:12:55.588+0000] {processor.py:157} INFO - Started process (PID=208) to work on /home/airflow/.local/lib/python3.7/site-packages/airflow/example_dags/example_sensors.py
[2023-06-05T20:12:55.588+0000] {processor.py:826} INFO - Processing file /home/airflow/.local/lib/python3.7/site-packages/airflow/example_dags/example_sensors.py for tasks to queue
[2023-06-05T20:12:55.589+0000] {logging_mixin.py:149} INFO - [2023-06-05T20:12:55.589+0000] {dagbag.py:541} INFO - Filling up the DagBag from /home/airflow/.local/lib/python3.7/site-packages/airflow/example_dags/example_sensors.py
[2023-06-05T20:12:55.598+0000] {processor.py:836} INFO - DAG(s) dict_keys(['example_sensors']) retrieved from /home/airflow/.local/lib/python3.7/site-packages/airflow/example_dags/example_sensors.py
[2023-06-05T20:12:55.632+0000] {logging_mixin.py:149} INFO - [2023-06-05T20:12:55.632+0000] {dag.py:2726} INFO - Sync 1 DAGs
[2023-06-05T20:12:55.659+0000] {logging_mixin.py:149} INFO - [2023-06-05T20:12:55.659+0000] {dag.py:3490} INFO - Setting next_dagrun for example_sensors to None, run_after=None
[2023-06-05T20:12:55.678+0000] {processor.py:179} INFO - Processing /home/airflow/.local/lib/python3.7/site-packages/airflow/example_dags/example_sensors.py took 0.092 seconds
[2023-06-05T20:13:25.981+0000] {processor.py:157} INFO - Started process (PID=276) to work on /home/airflow/.local/lib/python3.7/site-packages/airflow/example_dags/example_sensors.py
[2023-06-05T20:13:25.982+0000] {processor.py:826} INFO - Processing file /home/airflow/.local/lib/python3.7/site-packages/airflow/example_dags/example_sensors.py for tasks to queue
[2023-06-05T20:13:25.982+0000] {logging_mixin.py:149} INFO - [2023-06-05T20:13:25.982+0000] {dagbag.py:541} INFO - Filling up the DagBag from /home/airflow/.local/lib/python3.7/site-packages/airflow/example_dags/example_sensors.py
[2023-06-05T20:13:25.990+0000] {processor.py:836} INFO - DAG(s) dict_keys(['example_sensors']) retrieved from /home/airflow/.local/lib/python3.7/site-packages/airflow/example_dags/example_sensors.py
[2023-06-05T20:13:26.026+0000] {logging_mixin.py:149} INFO - [2023-06-05T20:13:26.025+0000] {dag.py:2726} INFO - Sync 1 DAGs
[2023-06-05T20:13:26.051+0000] {logging_mixin.py:149} INFO - [2023-06-05T20:13:26.050+0000] {dag.py:3490} INFO - Setting next_dagrun for example_sensors to None, run_after=None
[2023-06-05T20:13:26.068+0000] {processor.py:179} INFO - Processing /home/airflow/.local/lib/python3.7/site-packages/airflow/example_dags/example_sensors.py took 0.090 seconds
[2023-06-05T20:13:56.917+0000] {processor.py:157} INFO - Started process (PID=344) to work on /home/airflow/.local/lib/python3.7/site-packages/airflow/example_dags/example_sensors.py
[2023-06-05T20:13:56.917+0000] {processor.py:826} INFO - Processing file /home/airflow/.local/lib/python3.7/site-packages/airflow/example_dags/example_sensors.py for tasks to queue
[2023-06-05T20:13:56.918+0000] {logging_mixin.py:149} INFO - [2023-06-05T20:13:56.918+0000] {dagbag.py:541} INFO - Filling up the DagBag from /home/airflow/.local/lib/python3.7/site-packages/airflow/example_dags/example_sensors.py
[2023-06-05T20:13:56.929+0000] {processor.py:836} INFO - DAG(s) dict_keys(['example_sensors']) retrieved from /home/airflow/.local/lib/python3.7/site-packages/airflow/example_dags/example_sensors.py
[2023-06-05T20:13:56.964+0000] {logging_mixin.py:149} INFO - [2023-06-05T20:13:56.964+0000] {dag.py:2726} INFO - Sync 1 DAGs
[2023-06-05T20:13:56.986+0000] {logging_mixin.py:149} INFO - [2023-06-05T20:13:56.986+0000] {dag.py:3490} INFO - Setting next_dagrun for example_sensors to None, run_after=None
[2023-06-05T20:13:57.006+0000] {processor.py:179} INFO - Processing /home/airflow/.local/lib/python3.7/site-packages/airflow/example_dags/example_sensors.py took 0.092 seconds
[2023-06-05T20:14:27.259+0000] {processor.py:157} INFO - Started process (PID=412) to work on /home/airflow/.local/lib/python3.7/site-packages/airflow/example_dags/example_sensors.py
[2023-06-05T20:14:27.260+0000] {processor.py:826} INFO - Processing file /home/airflow/.local/lib/python3.7/site-packages/airflow/example_dags/example_sensors.py for tasks to queue
[2023-06-05T20:14:27.261+0000] {logging_mixin.py:149} INFO - [2023-06-05T20:14:27.261+0000] {dagbag.py:541} INFO - Filling up the DagBag from /home/airflow/.local/lib/python3.7/site-packages/airflow/example_dags/example_sensors.py
[2023-06-05T20:14:27.269+0000] {processor.py:836} INFO - DAG(s) dict_keys(['example_sensors']) retrieved from /home/airflow/.local/lib/python3.7/site-packages/airflow/example_dags/example_sensors.py
[2023-06-05T20:14:27.293+0000] {logging_mixin.py:149} INFO - [2023-06-05T20:14:27.293+0000] {dag.py:2726} INFO - Sync 1 DAGs
[2023-06-05T20:14:27.330+0000] {logging_mixin.py:149} INFO - [2023-06-05T20:14:27.330+0000] {dag.py:3490} INFO - Setting next_dagrun for example_sensors to None, run_after=None
[2023-06-05T20:14:27.355+0000] {processor.py:179} INFO - Processing /home/airflow/.local/lib/python3.7/site-packages/airflow/example_dags/example_sensors.py took 0.099 seconds
[2023-06-05T20:14:58.536+0000] {processor.py:157} INFO - Started process (PID=480) to work on /home/airflow/.local/lib/python3.7/site-packages/airflow/example_dags/example_sensors.py
[2023-06-05T20:14:58.536+0000] {processor.py:826} INFO - Processing file /home/airflow/.local/lib/python3.7/site-packages/airflow/example_dags/example_sensors.py for tasks to queue
[2023-06-05T20:14:58.537+0000] {logging_mixin.py:149} INFO - [2023-06-05T20:14:58.537+0000] {dagbag.py:541} INFO - Filling up the DagBag from /home/airflow/.local/lib/python3.7/site-packages/airflow/example_dags/example_sensors.py
[2023-06-05T20:14:58.545+0000] {processor.py:836} INFO - DAG(s) dict_keys(['example_sensors']) retrieved from /home/airflow/.local/lib/python3.7/site-packages/airflow/example_dags/example_sensors.py
[2023-06-05T20:14:58.572+0000] {logging_mixin.py:149} INFO - [2023-06-05T20:14:58.572+0000] {dag.py:2726} INFO - Sync 1 DAGs
[2023-06-05T20:14:58.604+0000] {logging_mixin.py:149} INFO - [2023-06-05T20:14:58.604+0000] {dag.py:3490} INFO - Setting next_dagrun for example_sensors to None, run_after=None
[2023-06-05T20:14:58.625+0000] {processor.py:179} INFO - Processing /home/airflow/.local/lib/python3.7/site-packages/airflow/example_dags/example_sensors.py took 0.092 seconds
[2023-06-05T20:15:29.788+0000] {processor.py:157} INFO - Started process (PID=548) to work on /home/airflow/.local/lib/python3.7/site-packages/airflow/example_dags/example_sensors.py
[2023-06-05T20:15:29.791+0000] {processor.py:826} INFO - Processing file /home/airflow/.local/lib/python3.7/site-packages/airflow/example_dags/example_sensors.py for tasks to queue
[2023-06-05T20:15:29.792+0000] {logging_mixin.py:149} INFO - [2023-06-05T20:15:29.792+0000] {dagbag.py:541} INFO - Filling up the DagBag from /home/airflow/.local/lib/python3.7/site-packages/airflow/example_dags/example_sensors.py
[2023-06-05T20:15:29.802+0000] {processor.py:836} INFO - DAG(s) dict_keys(['example_sensors']) retrieved from /home/airflow/.local/lib/python3.7/site-packages/airflow/example_dags/example_sensors.py
[2023-06-05T20:15:29.838+0000] {logging_mixin.py:149} INFO - [2023-06-05T20:15:29.837+0000] {dag.py:2726} INFO - Sync 1 DAGs
[2023-06-05T20:15:29.867+0000] {logging_mixin.py:149} INFO - [2023-06-05T20:15:29.867+0000] {dag.py:3490} INFO - Setting next_dagrun for example_sensors to None, run_after=None
[2023-06-05T20:15:29.883+0000] {processor.py:179} INFO - Processing /home/airflow/.local/lib/python3.7/site-packages/airflow/example_dags/example_sensors.py took 0.097 seconds
[2023-06-05T20:16:00.954+0000] {processor.py:157} INFO - Started process (PID=616) to work on /home/airflow/.local/lib/python3.7/site-packages/airflow/example_dags/example_sensors.py
[2023-06-05T20:16:00.955+0000] {processor.py:826} INFO - Processing file /home/airflow/.local/lib/python3.7/site-packages/airflow/example_dags/example_sensors.py for tasks to queue
[2023-06-05T20:16:00.955+0000] {logging_mixin.py:149} INFO - [2023-06-05T20:16:00.955+0000] {dagbag.py:541} INFO - Filling up the DagBag from /home/airflow/.local/lib/python3.7/site-packages/airflow/example_dags/example_sensors.py
[2023-06-05T20:16:00.964+0000] {processor.py:836} INFO - DAG(s) dict_keys(['example_sensors']) retrieved from /home/airflow/.local/lib/python3.7/site-packages/airflow/example_dags/example_sensors.py
[2023-06-05T20:16:00.997+0000] {logging_mixin.py:149} INFO - [2023-06-05T20:16:00.997+0000] {dag.py:2726} INFO - Sync 1 DAGs
[2023-06-05T20:16:01.029+0000] {logging_mixin.py:149} INFO - [2023-06-05T20:16:01.029+0000] {dag.py:3490} INFO - Setting next_dagrun for example_sensors to None, run_after=None
[2023-06-05T20:16:01.053+0000] {processor.py:179} INFO - Processing /home/airflow/.local/lib/python3.7/site-packages/airflow/example_dags/example_sensors.py took 0.102 seconds
[2023-06-05T20:16:31.348+0000] {processor.py:157} INFO - Started process (PID=684) to work on /home/airflow/.local/lib/python3.7/site-packages/airflow/example_dags/example_sensors.py
[2023-06-05T20:16:31.350+0000] {processor.py:826} INFO - Processing file /home/airflow/.local/lib/python3.7/site-packages/airflow/example_dags/example_sensors.py for tasks to queue
[2023-06-05T20:16:31.351+0000] {logging_mixin.py:149} INFO - [2023-06-05T20:16:31.351+0000] {dagbag.py:541} INFO - Filling up the DagBag from /home/airflow/.local/lib/python3.7/site-packages/airflow/example_dags/example_sensors.py
[2023-06-05T20:16:31.362+0000] {processor.py:836} INFO - DAG(s) dict_keys(['example_sensors']) retrieved from /home/airflow/.local/lib/python3.7/site-packages/airflow/example_dags/example_sensors.py
[2023-06-05T20:16:31.389+0000] {logging_mixin.py:149} INFO - [2023-06-05T20:16:31.388+0000] {dag.py:2726} INFO - Sync 1 DAGs
[2023-06-05T20:16:31.425+0000] {logging_mixin.py:149} INFO - [2023-06-05T20:16:31.424+0000] {dag.py:3490} INFO - Setting next_dagrun for example_sensors to None, run_after=None
[2023-06-05T20:16:31.457+0000] {processor.py:179} INFO - Processing /home/airflow/.local/lib/python3.7/site-packages/airflow/example_dags/example_sensors.py took 0.112 seconds
[2023-06-05T20:17:01.696+0000] {processor.py:157} INFO - Started process (PID=752) to work on /home/airflow/.local/lib/python3.7/site-packages/airflow/example_dags/example_sensors.py
[2023-06-05T20:17:01.697+0000] {processor.py:826} INFO - Processing file /home/airflow/.local/lib/python3.7/site-packages/airflow/example_dags/example_sensors.py for tasks to queue
[2023-06-05T20:17:01.697+0000] {logging_mixin.py:149} INFO - [2023-06-05T20:17:01.697+0000] {dagbag.py:541} INFO - Filling up the DagBag from /home/airflow/.local/lib/python3.7/site-packages/airflow/example_dags/example_sensors.py
[2023-06-05T20:17:01.705+0000] {processor.py:836} INFO - DAG(s) dict_keys(['example_sensors']) retrieved from /home/airflow/.local/lib/python3.7/site-packages/airflow/example_dags/example_sensors.py
[2023-06-05T20:17:01.739+0000] {logging_mixin.py:149} INFO - [2023-06-05T20:17:01.738+0000] {dag.py:2726} INFO - Sync 1 DAGs
[2023-06-05T20:17:01.760+0000] {logging_mixin.py:149} INFO - [2023-06-05T20:17:01.760+0000] {dag.py:3490} INFO - Setting next_dagrun for example_sensors to None, run_after=None
[2023-06-05T20:17:01.777+0000] {processor.py:179} INFO - Processing /home/airflow/.local/lib/python3.7/site-packages/airflow/example_dags/example_sensors.py took 0.084 seconds
[2023-06-05T20:17:32.847+0000] {processor.py:157} INFO - Started process (PID=820) to work on /home/airflow/.local/lib/python3.7/site-packages/airflow/example_dags/example_sensors.py
[2023-06-05T20:17:32.848+0000] {processor.py:826} INFO - Processing file /home/airflow/.local/lib/python3.7/site-packages/airflow/example_dags/example_sensors.py for tasks to queue
[2023-06-05T20:17:32.849+0000] {logging_mixin.py:149} INFO - [2023-06-05T20:17:32.848+0000] {dagbag.py:541} INFO - Filling up the DagBag from /home/airflow/.local/lib/python3.7/site-packages/airflow/example_dags/example_sensors.py
[2023-06-05T20:17:32.856+0000] {processor.py:836} INFO - DAG(s) dict_keys(['example_sensors']) retrieved from /home/airflow/.local/lib/python3.7/site-packages/airflow/example_dags/example_sensors.py
[2023-06-05T20:17:32.879+0000] {logging_mixin.py:149} INFO - [2023-06-05T20:17:32.879+0000] {dag.py:2726} INFO - Sync 1 DAGs
[2023-06-05T20:17:32.900+0000] {logging_mixin.py:149} INFO - [2023-06-05T20:17:32.900+0000] {dag.py:3490} INFO - Setting next_dagrun for example_sensors to None, run_after=None
[2023-06-05T20:17:32.916+0000] {processor.py:179} INFO - Processing /home/airflow/.local/lib/python3.7/site-packages/airflow/example_dags/example_sensors.py took 0.071 seconds
[2023-06-05T20:18:03.251+0000] {processor.py:157} INFO - Started process (PID=888) to work on /home/airflow/.local/lib/python3.7/site-packages/airflow/example_dags/example_sensors.py
[2023-06-05T20:18:03.252+0000] {processor.py:826} INFO - Processing file /home/airflow/.local/lib/python3.7/site-packages/airflow/example_dags/example_sensors.py for tasks to queue
[2023-06-05T20:18:03.252+0000] {logging_mixin.py:149} INFO - [2023-06-05T20:18:03.252+0000] {dagbag.py:541} INFO - Filling up the DagBag from /home/airflow/.local/lib/python3.7/site-packages/airflow/example_dags/example_sensors.py
[2023-06-05T20:18:03.260+0000] {processor.py:836} INFO - DAG(s) dict_keys(['example_sensors']) retrieved from /home/airflow/.local/lib/python3.7/site-packages/airflow/example_dags/example_sensors.py
[2023-06-05T20:18:03.284+0000] {logging_mixin.py:149} INFO - [2023-06-05T20:18:03.284+0000] {dag.py:2726} INFO - Sync 1 DAGs
[2023-06-05T20:18:03.310+0000] {logging_mixin.py:149} INFO - [2023-06-05T20:18:03.310+0000] {dag.py:3490} INFO - Setting next_dagrun for example_sensors to None, run_after=None
[2023-06-05T20:18:03.337+0000] {processor.py:179} INFO - Processing /home/airflow/.local/lib/python3.7/site-packages/airflow/example_dags/example_sensors.py took 0.088 seconds
[2023-06-05T20:18:33.627+0000] {processor.py:157} INFO - Started process (PID=956) to work on /home/airflow/.local/lib/python3.7/site-packages/airflow/example_dags/example_sensors.py
[2023-06-05T20:18:33.628+0000] {processor.py:826} INFO - Processing file /home/airflow/.local/lib/python3.7/site-packages/airflow/example_dags/example_sensors.py for tasks to queue
[2023-06-05T20:18:33.628+0000] {logging_mixin.py:149} INFO - [2023-06-05T20:18:33.628+0000] {dagbag.py:541} INFO - Filling up the DagBag from /home/airflow/.local/lib/python3.7/site-packages/airflow/example_dags/example_sensors.py
[2023-06-05T20:18:33.640+0000] {processor.py:836} INFO - DAG(s) dict_keys(['example_sensors']) retrieved from /home/airflow/.local/lib/python3.7/site-packages/airflow/example_dags/example_sensors.py
[2023-06-05T20:18:33.668+0000] {logging_mixin.py:149} INFO - [2023-06-05T20:18:33.668+0000] {dag.py:2726} INFO - Sync 1 DAGs
[2023-06-05T20:18:33.692+0000] {logging_mixin.py:149} INFO - [2023-06-05T20:18:33.692+0000] {dag.py:3490} INFO - Setting next_dagrun for example_sensors to None, run_after=None
[2023-06-05T20:18:33.725+0000] {processor.py:179} INFO - Processing /home/airflow/.local/lib/python3.7/site-packages/airflow/example_dags/example_sensors.py took 0.102 seconds
[2023-06-05T20:19:04.102+0000] {processor.py:157} INFO - Started process (PID=1024) to work on /home/airflow/.local/lib/python3.7/site-packages/airflow/example_dags/example_sensors.py
[2023-06-05T20:19:04.102+0000] {processor.py:826} INFO - Processing file /home/airflow/.local/lib/python3.7/site-packages/airflow/example_dags/example_sensors.py for tasks to queue
[2023-06-05T20:19:04.103+0000] {logging_mixin.py:149} INFO - [2023-06-05T20:19:04.103+0000] {dagbag.py:541} INFO - Filling up the DagBag from /home/airflow/.local/lib/python3.7/site-packages/airflow/example_dags/example_sensors.py
[2023-06-05T20:19:04.110+0000] {processor.py:836} INFO - DAG(s) dict_keys(['example_sensors']) retrieved from /home/airflow/.local/lib/python3.7/site-packages/airflow/example_dags/example_sensors.py
[2023-06-05T20:19:04.135+0000] {logging_mixin.py:149} INFO - [2023-06-05T20:19:04.135+0000] {dag.py:2726} INFO - Sync 1 DAGs
[2023-06-05T20:19:04.159+0000] {logging_mixin.py:149} INFO - [2023-06-05T20:19:04.159+0000] {dag.py:3490} INFO - Setting next_dagrun for example_sensors to None, run_after=None
[2023-06-05T20:19:04.177+0000] {processor.py:179} INFO - Processing /home/airflow/.local/lib/python3.7/site-packages/airflow/example_dags/example_sensors.py took 0.079 seconds
[2023-06-05T20:19:34.391+0000] {processor.py:157} INFO - Started process (PID=1092) to work on /home/airflow/.local/lib/python3.7/site-packages/airflow/example_dags/example_sensors.py
[2023-06-05T20:19:34.392+0000] {processor.py:826} INFO - Processing file /home/airflow/.local/lib/python3.7/site-packages/airflow/example_dags/example_sensors.py for tasks to queue
[2023-06-05T20:19:34.393+0000] {logging_mixin.py:149} INFO - [2023-06-05T20:19:34.392+0000] {dagbag.py:541} INFO - Filling up the DagBag from /home/airflow/.local/lib/python3.7/site-packages/airflow/example_dags/example_sensors.py
[2023-06-05T20:19:34.401+0000] {processor.py:836} INFO - DAG(s) dict_keys(['example_sensors']) retrieved from /home/airflow/.local/lib/python3.7/site-packages/airflow/example_dags/example_sensors.py
[2023-06-05T20:19:34.435+0000] {logging_mixin.py:149} INFO - [2023-06-05T20:19:34.435+0000] {dag.py:2726} INFO - Sync 1 DAGs
[2023-06-05T20:19:34.475+0000] {logging_mixin.py:149} INFO - [2023-06-05T20:19:34.475+0000] {dag.py:3490} INFO - Setting next_dagrun for example_sensors to None, run_after=None
[2023-06-05T20:19:34.508+0000] {processor.py:179} INFO - Processing /home/airflow/.local/lib/python3.7/site-packages/airflow/example_dags/example_sensors.py took 0.119 seconds
[2023-06-05T20:20:04.980+0000] {processor.py:157} INFO - Started process (PID=1160) to work on /home/airflow/.local/lib/python3.7/site-packages/airflow/example_dags/example_sensors.py
[2023-06-05T20:20:04.982+0000] {processor.py:826} INFO - Processing file /home/airflow/.local/lib/python3.7/site-packages/airflow/example_dags/example_sensors.py for tasks to queue
[2023-06-05T20:20:04.982+0000] {logging_mixin.py:149} INFO - [2023-06-05T20:20:04.982+0000] {dagbag.py:541} INFO - Filling up the DagBag from /home/airflow/.local/lib/python3.7/site-packages/airflow/example_dags/example_sensors.py
[2023-06-05T20:20:04.990+0000] {processor.py:836} INFO - DAG(s) dict_keys(['example_sensors']) retrieved from /home/airflow/.local/lib/python3.7/site-packages/airflow/example_dags/example_sensors.py
[2023-06-05T20:20:05.029+0000] {logging_mixin.py:149} INFO - [2023-06-05T20:20:05.029+0000] {dag.py:2726} INFO - Sync 1 DAGs
[2023-06-05T20:20:05.061+0000] {logging_mixin.py:149} INFO - [2023-06-05T20:20:05.061+0000] {dag.py:3490} INFO - Setting next_dagrun for example_sensors to None, run_after=None
[2023-06-05T20:20:05.078+0000] {processor.py:179} INFO - Processing /home/airflow/.local/lib/python3.7/site-packages/airflow/example_dags/example_sensors.py took 0.100 seconds
[2023-06-05T20:20:35.346+0000] {processor.py:157} INFO - Started process (PID=1228) to work on /home/airflow/.local/lib/python3.7/site-packages/airflow/example_dags/example_sensors.py
[2023-06-05T20:20:35.347+0000] {processor.py:826} INFO - Processing file /home/airflow/.local/lib/python3.7/site-packages/airflow/example_dags/example_sensors.py for tasks to queue
[2023-06-05T20:20:35.347+0000] {logging_mixin.py:149} INFO - [2023-06-05T20:20:35.347+0000] {dagbag.py:541} INFO - Filling up the DagBag from /home/airflow/.local/lib/python3.7/site-packages/airflow/example_dags/example_sensors.py
[2023-06-05T20:20:35.356+0000] {processor.py:836} INFO - DAG(s) dict_keys(['example_sensors']) retrieved from /home/airflow/.local/lib/python3.7/site-packages/airflow/example_dags/example_sensors.py
[2023-06-05T20:20:35.383+0000] {logging_mixin.py:149} INFO - [2023-06-05T20:20:35.382+0000] {dag.py:2726} INFO - Sync 1 DAGs
[2023-06-05T20:20:35.418+0000] {logging_mixin.py:149} INFO - [2023-06-05T20:20:35.418+0000] {dag.py:3490} INFO - Setting next_dagrun for example_sensors to None, run_after=None
[2023-06-05T20:20:35.436+0000] {processor.py:179} INFO - Processing /home/airflow/.local/lib/python3.7/site-packages/airflow/example_dags/example_sensors.py took 0.092 seconds
[2023-06-05T20:21:05.873+0000] {processor.py:157} INFO - Started process (PID=1296) to work on /home/airflow/.local/lib/python3.7/site-packages/airflow/example_dags/example_sensors.py
[2023-06-05T20:21:05.875+0000] {processor.py:826} INFO - Processing file /home/airflow/.local/lib/python3.7/site-packages/airflow/example_dags/example_sensors.py for tasks to queue
[2023-06-05T20:21:05.875+0000] {logging_mixin.py:149} INFO - [2023-06-05T20:21:05.875+0000] {dagbag.py:541} INFO - Filling up the DagBag from /home/airflow/.local/lib/python3.7/site-packages/airflow/example_dags/example_sensors.py
[2023-06-05T20:21:05.883+0000] {processor.py:836} INFO - DAG(s) dict_keys(['example_sensors']) retrieved from /home/airflow/.local/lib/python3.7/site-packages/airflow/example_dags/example_sensors.py
[2023-06-05T20:21:05.910+0000] {logging_mixin.py:149} INFO - [2023-06-05T20:21:05.909+0000] {dag.py:2726} INFO - Sync 1 DAGs
[2023-06-05T20:21:05.935+0000] {logging_mixin.py:149} INFO - [2023-06-05T20:21:05.935+0000] {dag.py:3490} INFO - Setting next_dagrun for example_sensors to None, run_after=None
[2023-06-05T20:21:05.955+0000] {processor.py:179} INFO - Processing /home/airflow/.local/lib/python3.7/site-packages/airflow/example_dags/example_sensors.py took 0.084 seconds
[2023-06-05T20:21:36.440+0000] {processor.py:157} INFO - Started process (PID=1364) to work on /home/airflow/.local/lib/python3.7/site-packages/airflow/example_dags/example_sensors.py
[2023-06-05T20:21:36.441+0000] {processor.py:826} INFO - Processing file /home/airflow/.local/lib/python3.7/site-packages/airflow/example_dags/example_sensors.py for tasks to queue
[2023-06-05T20:21:36.441+0000] {logging_mixin.py:149} INFO - [2023-06-05T20:21:36.441+0000] {dagbag.py:541} INFO - Filling up the DagBag from /home/airflow/.local/lib/python3.7/site-packages/airflow/example_dags/example_sensors.py
[2023-06-05T20:21:36.449+0000] {processor.py:836} INFO - DAG(s) dict_keys(['example_sensors']) retrieved from /home/airflow/.local/lib/python3.7/site-packages/airflow/example_dags/example_sensors.py
[2023-06-05T20:21:36.472+0000] {logging_mixin.py:149} INFO - [2023-06-05T20:21:36.472+0000] {dag.py:2726} INFO - Sync 1 DAGs
[2023-06-05T20:21:36.494+0000] {logging_mixin.py:149} INFO - [2023-06-05T20:21:36.494+0000] {dag.py:3490} INFO - Setting next_dagrun for example_sensors to None, run_after=None
[2023-06-05T20:21:36.521+0000] {processor.py:179} INFO - Processing /home/airflow/.local/lib/python3.7/site-packages/airflow/example_dags/example_sensors.py took 0.083 seconds
[2023-06-05T20:22:07.137+0000] {processor.py:157} INFO - Started process (PID=1432) to work on /home/airflow/.local/lib/python3.7/site-packages/airflow/example_dags/example_sensors.py
[2023-06-05T20:22:07.138+0000] {processor.py:826} INFO - Processing file /home/airflow/.local/lib/python3.7/site-packages/airflow/example_dags/example_sensors.py for tasks to queue
[2023-06-05T20:22:07.138+0000] {logging_mixin.py:149} INFO - [2023-06-05T20:22:07.138+0000] {dagbag.py:541} INFO - Filling up the DagBag from /home/airflow/.local/lib/python3.7/site-packages/airflow/example_dags/example_sensors.py
[2023-06-05T20:22:07.148+0000] {processor.py:836} INFO - DAG(s) dict_keys(['example_sensors']) retrieved from /home/airflow/.local/lib/python3.7/site-packages/airflow/example_dags/example_sensors.py
[2023-06-05T20:22:07.177+0000] {logging_mixin.py:149} INFO - [2023-06-05T20:22:07.177+0000] {dag.py:2726} INFO - Sync 1 DAGs
[2023-06-05T20:22:07.210+0000] {logging_mixin.py:149} INFO - [2023-06-05T20:22:07.209+0000] {dag.py:3490} INFO - Setting next_dagrun for example_sensors to None, run_after=None
[2023-06-05T20:22:07.234+0000] {processor.py:179} INFO - Processing /home/airflow/.local/lib/python3.7/site-packages/airflow/example_dags/example_sensors.py took 0.099 seconds
