[2023-06-05T20:11:53.654+0000] {processor.py:157} INFO - Started process (PID=81) to work on /home/airflow/.local/lib/python3.7/site-packages/airflow/example_dags/example_task_group_decorator.py
[2023-06-05T20:11:53.654+0000] {processor.py:826} INFO - Processing file /home/airflow/.local/lib/python3.7/site-packages/airflow/example_dags/example_task_group_decorator.py for tasks to queue
[2023-06-05T20:11:53.655+0000] {logging_mixin.py:149} INFO - [2023-06-05T20:11:53.655+0000] {dagbag.py:541} INFO - Filling up the DagBag from /home/airflow/.local/lib/python3.7/site-packages/airflow/example_dags/example_task_group_decorator.py
[2023-06-05T20:11:53.667+0000] {processor.py:836} INFO - DAG(s) dict_keys(['example_task_group_decorator']) retrieved from /home/airflow/.local/lib/python3.7/site-packages/airflow/example_dags/example_task_group_decorator.py
[2023-06-05T20:11:53.678+0000] {logging_mixin.py:149} INFO - [2023-06-05T20:11:53.678+0000] {dag.py:2726} INFO - Sync 1 DAGs
[2023-06-05T20:11:53.710+0000] {logging_mixin.py:149} INFO - [2023-06-05T20:11:53.710+0000] {dag.py:3490} INFO - Setting next_dagrun for example_task_group_decorator to 2023-06-04T20:11:53.709879+00:00, run_after=2023-06-05T20:11:53.709879+00:00
[2023-06-05T20:11:53.735+0000] {processor.py:179} INFO - Processing /home/airflow/.local/lib/python3.7/site-packages/airflow/example_dags/example_task_group_decorator.py took 0.083 seconds
[2023-06-05T20:12:25.076+0000] {processor.py:157} INFO - Started process (PID=149) to work on /home/airflow/.local/lib/python3.7/site-packages/airflow/example_dags/example_task_group_decorator.py
[2023-06-05T20:12:25.077+0000] {processor.py:826} INFO - Processing file /home/airflow/.local/lib/python3.7/site-packages/airflow/example_dags/example_task_group_decorator.py for tasks to queue
[2023-06-05T20:12:25.077+0000] {logging_mixin.py:149} INFO - [2023-06-05T20:12:25.077+0000] {dagbag.py:541} INFO - Filling up the DagBag from /home/airflow/.local/lib/python3.7/site-packages/airflow/example_dags/example_task_group_decorator.py
[2023-06-05T20:12:25.090+0000] {processor.py:836} INFO - DAG(s) dict_keys(['example_task_group_decorator']) retrieved from /home/airflow/.local/lib/python3.7/site-packages/airflow/example_dags/example_task_group_decorator.py
[2023-06-05T20:12:25.124+0000] {logging_mixin.py:149} INFO - [2023-06-05T20:12:25.124+0000] {dag.py:2726} INFO - Sync 1 DAGs
[2023-06-05T20:12:25.156+0000] {logging_mixin.py:149} INFO - [2023-06-05T20:12:25.156+0000] {dag.py:3490} INFO - Setting next_dagrun for example_task_group_decorator to 2023-06-04T20:12:25.156368+00:00, run_after=2023-06-05T20:12:25.156368+00:00
[2023-06-05T20:12:25.178+0000] {processor.py:179} INFO - Processing /home/airflow/.local/lib/python3.7/site-packages/airflow/example_dags/example_task_group_decorator.py took 0.105 seconds
[2023-06-05T20:12:56.122+0000] {processor.py:157} INFO - Started process (PID=217) to work on /home/airflow/.local/lib/python3.7/site-packages/airflow/example_dags/example_task_group_decorator.py
[2023-06-05T20:12:56.123+0000] {processor.py:826} INFO - Processing file /home/airflow/.local/lib/python3.7/site-packages/airflow/example_dags/example_task_group_decorator.py for tasks to queue
[2023-06-05T20:12:56.124+0000] {logging_mixin.py:149} INFO - [2023-06-05T20:12:56.123+0000] {dagbag.py:541} INFO - Filling up the DagBag from /home/airflow/.local/lib/python3.7/site-packages/airflow/example_dags/example_task_group_decorator.py
[2023-06-05T20:12:56.140+0000] {processor.py:836} INFO - DAG(s) dict_keys(['example_task_group_decorator']) retrieved from /home/airflow/.local/lib/python3.7/site-packages/airflow/example_dags/example_task_group_decorator.py
[2023-06-05T20:12:56.173+0000] {logging_mixin.py:149} INFO - [2023-06-05T20:12:56.173+0000] {dag.py:2726} INFO - Sync 1 DAGs
[2023-06-05T20:12:56.206+0000] {logging_mixin.py:149} INFO - [2023-06-05T20:12:56.206+0000] {dag.py:3490} INFO - Setting next_dagrun for example_task_group_decorator to 2023-06-04T20:12:56.206087+00:00, run_after=2023-06-05T20:12:56.206087+00:00
[2023-06-05T20:12:56.235+0000] {processor.py:179} INFO - Processing /home/airflow/.local/lib/python3.7/site-packages/airflow/example_dags/example_task_group_decorator.py took 0.115 seconds
[2023-06-05T20:13:26.418+0000] {processor.py:157} INFO - Started process (PID=285) to work on /home/airflow/.local/lib/python3.7/site-packages/airflow/example_dags/example_task_group_decorator.py
[2023-06-05T20:13:26.419+0000] {processor.py:826} INFO - Processing file /home/airflow/.local/lib/python3.7/site-packages/airflow/example_dags/example_task_group_decorator.py for tasks to queue
[2023-06-05T20:13:26.420+0000] {logging_mixin.py:149} INFO - [2023-06-05T20:13:26.420+0000] {dagbag.py:541} INFO - Filling up the DagBag from /home/airflow/.local/lib/python3.7/site-packages/airflow/example_dags/example_task_group_decorator.py
[2023-06-05T20:13:26.432+0000] {processor.py:836} INFO - DAG(s) dict_keys(['example_task_group_decorator']) retrieved from /home/airflow/.local/lib/python3.7/site-packages/airflow/example_dags/example_task_group_decorator.py
[2023-06-05T20:13:26.455+0000] {logging_mixin.py:149} INFO - [2023-06-05T20:13:26.455+0000] {dag.py:2726} INFO - Sync 1 DAGs
[2023-06-05T20:13:26.475+0000] {logging_mixin.py:149} INFO - [2023-06-05T20:13:26.475+0000] {dag.py:3490} INFO - Setting next_dagrun for example_task_group_decorator to 2023-06-04T20:13:26.475331+00:00, run_after=2023-06-05T20:13:26.475331+00:00
[2023-06-05T20:13:26.493+0000] {processor.py:179} INFO - Processing /home/airflow/.local/lib/python3.7/site-packages/airflow/example_dags/example_task_group_decorator.py took 0.078 seconds
[2023-06-05T20:13:57.429+0000] {processor.py:157} INFO - Started process (PID=353) to work on /home/airflow/.local/lib/python3.7/site-packages/airflow/example_dags/example_task_group_decorator.py
[2023-06-05T20:13:57.430+0000] {processor.py:826} INFO - Processing file /home/airflow/.local/lib/python3.7/site-packages/airflow/example_dags/example_task_group_decorator.py for tasks to queue
[2023-06-05T20:13:57.431+0000] {logging_mixin.py:149} INFO - [2023-06-05T20:13:57.431+0000] {dagbag.py:541} INFO - Filling up the DagBag from /home/airflow/.local/lib/python3.7/site-packages/airflow/example_dags/example_task_group_decorator.py
[2023-06-05T20:13:57.449+0000] {processor.py:836} INFO - DAG(s) dict_keys(['example_task_group_decorator']) retrieved from /home/airflow/.local/lib/python3.7/site-packages/airflow/example_dags/example_task_group_decorator.py
[2023-06-05T20:13:57.474+0000] {logging_mixin.py:149} INFO - [2023-06-05T20:13:57.474+0000] {dag.py:2726} INFO - Sync 1 DAGs
[2023-06-05T20:13:57.497+0000] {logging_mixin.py:149} INFO - [2023-06-05T20:13:57.496+0000] {dag.py:3490} INFO - Setting next_dagrun for example_task_group_decorator to 2023-06-04T20:13:57.496730+00:00, run_after=2023-06-05T20:13:57.496730+00:00
[2023-06-05T20:13:57.525+0000] {processor.py:179} INFO - Processing /home/airflow/.local/lib/python3.7/site-packages/airflow/example_dags/example_task_group_decorator.py took 0.100 seconds
[2023-06-05T20:14:27.918+0000] {processor.py:157} INFO - Started process (PID=421) to work on /home/airflow/.local/lib/python3.7/site-packages/airflow/example_dags/example_task_group_decorator.py
[2023-06-05T20:14:27.922+0000] {processor.py:826} INFO - Processing file /home/airflow/.local/lib/python3.7/site-packages/airflow/example_dags/example_task_group_decorator.py for tasks to queue
[2023-06-05T20:14:27.923+0000] {logging_mixin.py:149} INFO - [2023-06-05T20:14:27.923+0000] {dagbag.py:541} INFO - Filling up the DagBag from /home/airflow/.local/lib/python3.7/site-packages/airflow/example_dags/example_task_group_decorator.py
[2023-06-05T20:14:27.942+0000] {processor.py:836} INFO - DAG(s) dict_keys(['example_task_group_decorator']) retrieved from /home/airflow/.local/lib/python3.7/site-packages/airflow/example_dags/example_task_group_decorator.py
[2023-06-05T20:14:27.982+0000] {logging_mixin.py:149} INFO - [2023-06-05T20:14:27.982+0000] {dag.py:2726} INFO - Sync 1 DAGs
[2023-06-05T20:14:28.015+0000] {logging_mixin.py:149} INFO - [2023-06-05T20:14:28.014+0000] {dag.py:3490} INFO - Setting next_dagrun for example_task_group_decorator to 2023-06-04T20:14:28.014591+00:00, run_after=2023-06-05T20:14:28.014591+00:00
[2023-06-05T20:14:28.053+0000] {processor.py:179} INFO - Processing /home/airflow/.local/lib/python3.7/site-packages/airflow/example_dags/example_task_group_decorator.py took 0.139 seconds
[2023-06-05T20:14:59.003+0000] {processor.py:157} INFO - Started process (PID=489) to work on /home/airflow/.local/lib/python3.7/site-packages/airflow/example_dags/example_task_group_decorator.py
[2023-06-05T20:14:59.004+0000] {processor.py:826} INFO - Processing file /home/airflow/.local/lib/python3.7/site-packages/airflow/example_dags/example_task_group_decorator.py for tasks to queue
[2023-06-05T20:14:59.005+0000] {logging_mixin.py:149} INFO - [2023-06-05T20:14:59.004+0000] {dagbag.py:541} INFO - Filling up the DagBag from /home/airflow/.local/lib/python3.7/site-packages/airflow/example_dags/example_task_group_decorator.py
[2023-06-05T20:14:59.022+0000] {processor.py:836} INFO - DAG(s) dict_keys(['example_task_group_decorator']) retrieved from /home/airflow/.local/lib/python3.7/site-packages/airflow/example_dags/example_task_group_decorator.py
[2023-06-05T20:14:59.060+0000] {logging_mixin.py:149} INFO - [2023-06-05T20:14:59.060+0000] {dag.py:2726} INFO - Sync 1 DAGs
[2023-06-05T20:14:59.085+0000] {logging_mixin.py:149} INFO - [2023-06-05T20:14:59.085+0000] {dag.py:3490} INFO - Setting next_dagrun for example_task_group_decorator to 2023-06-04T20:14:59.085417+00:00, run_after=2023-06-05T20:14:59.085417+00:00
[2023-06-05T20:14:59.118+0000] {processor.py:179} INFO - Processing /home/airflow/.local/lib/python3.7/site-packages/airflow/example_dags/example_task_group_decorator.py took 0.118 seconds
[2023-06-05T20:15:30.337+0000] {processor.py:157} INFO - Started process (PID=557) to work on /home/airflow/.local/lib/python3.7/site-packages/airflow/example_dags/example_task_group_decorator.py
[2023-06-05T20:15:30.339+0000] {processor.py:826} INFO - Processing file /home/airflow/.local/lib/python3.7/site-packages/airflow/example_dags/example_task_group_decorator.py for tasks to queue
[2023-06-05T20:15:30.339+0000] {logging_mixin.py:149} INFO - [2023-06-05T20:15:30.339+0000] {dagbag.py:541} INFO - Filling up the DagBag from /home/airflow/.local/lib/python3.7/site-packages/airflow/example_dags/example_task_group_decorator.py
[2023-06-05T20:15:30.359+0000] {processor.py:836} INFO - DAG(s) dict_keys(['example_task_group_decorator']) retrieved from /home/airflow/.local/lib/python3.7/site-packages/airflow/example_dags/example_task_group_decorator.py
[2023-06-05T20:15:30.388+0000] {logging_mixin.py:149} INFO - [2023-06-05T20:15:30.388+0000] {dag.py:2726} INFO - Sync 1 DAGs
[2023-06-05T20:15:30.422+0000] {logging_mixin.py:149} INFO - [2023-06-05T20:15:30.422+0000] {dag.py:3490} INFO - Setting next_dagrun for example_task_group_decorator to 2023-06-04T20:15:30.421950+00:00, run_after=2023-06-05T20:15:30.421950+00:00
[2023-06-05T20:15:30.460+0000] {processor.py:179} INFO - Processing /home/airflow/.local/lib/python3.7/site-packages/airflow/example_dags/example_task_group_decorator.py took 0.127 seconds
[2023-06-05T20:16:01.426+0000] {processor.py:157} INFO - Started process (PID=625) to work on /home/airflow/.local/lib/python3.7/site-packages/airflow/example_dags/example_task_group_decorator.py
[2023-06-05T20:16:01.427+0000] {processor.py:826} INFO - Processing file /home/airflow/.local/lib/python3.7/site-packages/airflow/example_dags/example_task_group_decorator.py for tasks to queue
[2023-06-05T20:16:01.427+0000] {logging_mixin.py:149} INFO - [2023-06-05T20:16:01.427+0000] {dagbag.py:541} INFO - Filling up the DagBag from /home/airflow/.local/lib/python3.7/site-packages/airflow/example_dags/example_task_group_decorator.py
[2023-06-05T20:16:01.440+0000] {processor.py:836} INFO - DAG(s) dict_keys(['example_task_group_decorator']) retrieved from /home/airflow/.local/lib/python3.7/site-packages/airflow/example_dags/example_task_group_decorator.py
[2023-06-05T20:16:01.465+0000] {logging_mixin.py:149} INFO - [2023-06-05T20:16:01.465+0000] {dag.py:2726} INFO - Sync 1 DAGs
[2023-06-05T20:16:01.504+0000] {logging_mixin.py:149} INFO - [2023-06-05T20:16:01.504+0000] {dag.py:3490} INFO - Setting next_dagrun for example_task_group_decorator to 2023-06-04T20:16:01.504305+00:00, run_after=2023-06-05T20:16:01.504305+00:00
[2023-06-05T20:16:01.557+0000] {processor.py:179} INFO - Processing /home/airflow/.local/lib/python3.7/site-packages/airflow/example_dags/example_task_group_decorator.py took 0.133 seconds
[2023-06-05T20:16:31.982+0000] {processor.py:157} INFO - Started process (PID=693) to work on /home/airflow/.local/lib/python3.7/site-packages/airflow/example_dags/example_task_group_decorator.py
[2023-06-05T20:16:31.983+0000] {processor.py:826} INFO - Processing file /home/airflow/.local/lib/python3.7/site-packages/airflow/example_dags/example_task_group_decorator.py for tasks to queue
[2023-06-05T20:16:31.984+0000] {logging_mixin.py:149} INFO - [2023-06-05T20:16:31.984+0000] {dagbag.py:541} INFO - Filling up the DagBag from /home/airflow/.local/lib/python3.7/site-packages/airflow/example_dags/example_task_group_decorator.py
[2023-06-05T20:16:31.997+0000] {processor.py:836} INFO - DAG(s) dict_keys(['example_task_group_decorator']) retrieved from /home/airflow/.local/lib/python3.7/site-packages/airflow/example_dags/example_task_group_decorator.py
[2023-06-05T20:16:32.070+0000] {logging_mixin.py:149} INFO - [2023-06-05T20:16:32.069+0000] {dag.py:2726} INFO - Sync 1 DAGs
[2023-06-05T20:16:32.095+0000] {logging_mixin.py:149} INFO - [2023-06-05T20:16:32.094+0000] {dag.py:3490} INFO - Setting next_dagrun for example_task_group_decorator to 2023-06-04T20:16:32.094640+00:00, run_after=2023-06-05T20:16:32.094640+00:00
[2023-06-05T20:16:32.139+0000] {processor.py:179} INFO - Processing /home/airflow/.local/lib/python3.7/site-packages/airflow/example_dags/example_task_group_decorator.py took 0.159 seconds
[2023-06-05T20:17:02.240+0000] {processor.py:157} INFO - Started process (PID=761) to work on /home/airflow/.local/lib/python3.7/site-packages/airflow/example_dags/example_task_group_decorator.py
[2023-06-05T20:17:02.241+0000] {processor.py:826} INFO - Processing file /home/airflow/.local/lib/python3.7/site-packages/airflow/example_dags/example_task_group_decorator.py for tasks to queue
[2023-06-05T20:17:02.242+0000] {logging_mixin.py:149} INFO - [2023-06-05T20:17:02.242+0000] {dagbag.py:541} INFO - Filling up the DagBag from /home/airflow/.local/lib/python3.7/site-packages/airflow/example_dags/example_task_group_decorator.py
[2023-06-05T20:17:02.254+0000] {processor.py:836} INFO - DAG(s) dict_keys(['example_task_group_decorator']) retrieved from /home/airflow/.local/lib/python3.7/site-packages/airflow/example_dags/example_task_group_decorator.py
[2023-06-05T20:17:02.278+0000] {logging_mixin.py:149} INFO - [2023-06-05T20:17:02.278+0000] {dag.py:2726} INFO - Sync 1 DAGs
[2023-06-05T20:17:02.301+0000] {logging_mixin.py:149} INFO - [2023-06-05T20:17:02.301+0000] {dag.py:3490} INFO - Setting next_dagrun for example_task_group_decorator to 2023-06-04T20:17:02.301507+00:00, run_after=2023-06-05T20:17:02.301507+00:00
[2023-06-05T20:17:02.320+0000] {processor.py:179} INFO - Processing /home/airflow/.local/lib/python3.7/site-packages/airflow/example_dags/example_task_group_decorator.py took 0.082 seconds
[2023-06-05T20:17:33.321+0000] {processor.py:157} INFO - Started process (PID=829) to work on /home/airflow/.local/lib/python3.7/site-packages/airflow/example_dags/example_task_group_decorator.py
[2023-06-05T20:17:33.322+0000] {processor.py:826} INFO - Processing file /home/airflow/.local/lib/python3.7/site-packages/airflow/example_dags/example_task_group_decorator.py for tasks to queue
[2023-06-05T20:17:33.322+0000] {logging_mixin.py:149} INFO - [2023-06-05T20:17:33.322+0000] {dagbag.py:541} INFO - Filling up the DagBag from /home/airflow/.local/lib/python3.7/site-packages/airflow/example_dags/example_task_group_decorator.py
[2023-06-05T20:17:33.334+0000] {processor.py:836} INFO - DAG(s) dict_keys(['example_task_group_decorator']) retrieved from /home/airflow/.local/lib/python3.7/site-packages/airflow/example_dags/example_task_group_decorator.py
[2023-06-05T20:17:33.359+0000] {logging_mixin.py:149} INFO - [2023-06-05T20:17:33.359+0000] {dag.py:2726} INFO - Sync 1 DAGs
[2023-06-05T20:17:33.382+0000] {logging_mixin.py:149} INFO - [2023-06-05T20:17:33.382+0000] {dag.py:3490} INFO - Setting next_dagrun for example_task_group_decorator to 2023-06-04T20:17:33.382246+00:00, run_after=2023-06-05T20:17:33.382246+00:00
[2023-06-05T20:17:33.399+0000] {processor.py:179} INFO - Processing /home/airflow/.local/lib/python3.7/site-packages/airflow/example_dags/example_task_group_decorator.py took 0.080 seconds
[2023-06-05T20:18:03.774+0000] {processor.py:157} INFO - Started process (PID=897) to work on /home/airflow/.local/lib/python3.7/site-packages/airflow/example_dags/example_task_group_decorator.py
[2023-06-05T20:18:03.775+0000] {processor.py:826} INFO - Processing file /home/airflow/.local/lib/python3.7/site-packages/airflow/example_dags/example_task_group_decorator.py for tasks to queue
[2023-06-05T20:18:03.775+0000] {logging_mixin.py:149} INFO - [2023-06-05T20:18:03.775+0000] {dagbag.py:541} INFO - Filling up the DagBag from /home/airflow/.local/lib/python3.7/site-packages/airflow/example_dags/example_task_group_decorator.py
[2023-06-05T20:18:03.787+0000] {processor.py:836} INFO - DAG(s) dict_keys(['example_task_group_decorator']) retrieved from /home/airflow/.local/lib/python3.7/site-packages/airflow/example_dags/example_task_group_decorator.py
[2023-06-05T20:18:03.827+0000] {logging_mixin.py:149} INFO - [2023-06-05T20:18:03.826+0000] {dag.py:2726} INFO - Sync 1 DAGs
[2023-06-05T20:18:03.850+0000] {logging_mixin.py:149} INFO - [2023-06-05T20:18:03.849+0000] {dag.py:3490} INFO - Setting next_dagrun for example_task_group_decorator to 2023-06-04T20:18:03.849792+00:00, run_after=2023-06-05T20:18:03.849792+00:00
[2023-06-05T20:18:03.866+0000] {processor.py:179} INFO - Processing /home/airflow/.local/lib/python3.7/site-packages/airflow/example_dags/example_task_group_decorator.py took 0.095 seconds
[2023-06-05T20:18:34.194+0000] {processor.py:157} INFO - Started process (PID=965) to work on /home/airflow/.local/lib/python3.7/site-packages/airflow/example_dags/example_task_group_decorator.py
[2023-06-05T20:18:34.194+0000] {processor.py:826} INFO - Processing file /home/airflow/.local/lib/python3.7/site-packages/airflow/example_dags/example_task_group_decorator.py for tasks to queue
[2023-06-05T20:18:34.195+0000] {logging_mixin.py:149} INFO - [2023-06-05T20:18:34.195+0000] {dagbag.py:541} INFO - Filling up the DagBag from /home/airflow/.local/lib/python3.7/site-packages/airflow/example_dags/example_task_group_decorator.py
[2023-06-05T20:18:34.213+0000] {processor.py:836} INFO - DAG(s) dict_keys(['example_task_group_decorator']) retrieved from /home/airflow/.local/lib/python3.7/site-packages/airflow/example_dags/example_task_group_decorator.py
[2023-06-05T20:18:34.243+0000] {logging_mixin.py:149} INFO - [2023-06-05T20:18:34.242+0000] {dag.py:2726} INFO - Sync 1 DAGs
[2023-06-05T20:18:34.267+0000] {logging_mixin.py:149} INFO - [2023-06-05T20:18:34.267+0000] {dag.py:3490} INFO - Setting next_dagrun for example_task_group_decorator to 2023-06-04T20:18:34.267566+00:00, run_after=2023-06-05T20:18:34.267566+00:00
[2023-06-05T20:18:34.286+0000] {processor.py:179} INFO - Processing /home/airflow/.local/lib/python3.7/site-packages/airflow/example_dags/example_task_group_decorator.py took 0.095 seconds
[2023-06-05T20:19:04.566+0000] {processor.py:157} INFO - Started process (PID=1033) to work on /home/airflow/.local/lib/python3.7/site-packages/airflow/example_dags/example_task_group_decorator.py
[2023-06-05T20:19:04.567+0000] {processor.py:826} INFO - Processing file /home/airflow/.local/lib/python3.7/site-packages/airflow/example_dags/example_task_group_decorator.py for tasks to queue
[2023-06-05T20:19:04.568+0000] {logging_mixin.py:149} INFO - [2023-06-05T20:19:04.568+0000] {dagbag.py:541} INFO - Filling up the DagBag from /home/airflow/.local/lib/python3.7/site-packages/airflow/example_dags/example_task_group_decorator.py
[2023-06-05T20:19:04.582+0000] {processor.py:836} INFO - DAG(s) dict_keys(['example_task_group_decorator']) retrieved from /home/airflow/.local/lib/python3.7/site-packages/airflow/example_dags/example_task_group_decorator.py
[2023-06-05T20:19:04.618+0000] {logging_mixin.py:149} INFO - [2023-06-05T20:19:04.617+0000] {dag.py:2726} INFO - Sync 1 DAGs
[2023-06-05T20:19:04.652+0000] {logging_mixin.py:149} INFO - [2023-06-05T20:19:04.652+0000] {dag.py:3490} INFO - Setting next_dagrun for example_task_group_decorator to 2023-06-04T20:19:04.651917+00:00, run_after=2023-06-05T20:19:04.651917+00:00
[2023-06-05T20:19:04.676+0000] {processor.py:179} INFO - Processing /home/airflow/.local/lib/python3.7/site-packages/airflow/example_dags/example_task_group_decorator.py took 0.113 seconds
[2023-06-05T20:19:35.095+0000] {processor.py:157} INFO - Started process (PID=1101) to work on /home/airflow/.local/lib/python3.7/site-packages/airflow/example_dags/example_task_group_decorator.py
[2023-06-05T20:19:35.099+0000] {processor.py:826} INFO - Processing file /home/airflow/.local/lib/python3.7/site-packages/airflow/example_dags/example_task_group_decorator.py for tasks to queue
[2023-06-05T20:19:35.099+0000] {logging_mixin.py:149} INFO - [2023-06-05T20:19:35.099+0000] {dagbag.py:541} INFO - Filling up the DagBag from /home/airflow/.local/lib/python3.7/site-packages/airflow/example_dags/example_task_group_decorator.py
[2023-06-05T20:19:35.117+0000] {processor.py:836} INFO - DAG(s) dict_keys(['example_task_group_decorator']) retrieved from /home/airflow/.local/lib/python3.7/site-packages/airflow/example_dags/example_task_group_decorator.py
[2023-06-05T20:19:35.176+0000] {logging_mixin.py:149} INFO - [2023-06-05T20:19:35.176+0000] {dag.py:2726} INFO - Sync 1 DAGs
[2023-06-05T20:19:35.204+0000] {logging_mixin.py:149} INFO - [2023-06-05T20:19:35.203+0000] {dag.py:3490} INFO - Setting next_dagrun for example_task_group_decorator to 2023-06-04T20:19:35.203563+00:00, run_after=2023-06-05T20:19:35.203563+00:00
[2023-06-05T20:19:35.248+0000] {processor.py:179} INFO - Processing /home/airflow/.local/lib/python3.7/site-packages/airflow/example_dags/example_task_group_decorator.py took 0.156 seconds
[2023-06-05T20:20:05.537+0000] {processor.py:157} INFO - Started process (PID=1169) to work on /home/airflow/.local/lib/python3.7/site-packages/airflow/example_dags/example_task_group_decorator.py
[2023-06-05T20:20:05.538+0000] {processor.py:826} INFO - Processing file /home/airflow/.local/lib/python3.7/site-packages/airflow/example_dags/example_task_group_decorator.py for tasks to queue
[2023-06-05T20:20:05.539+0000] {logging_mixin.py:149} INFO - [2023-06-05T20:20:05.539+0000] {dagbag.py:541} INFO - Filling up the DagBag from /home/airflow/.local/lib/python3.7/site-packages/airflow/example_dags/example_task_group_decorator.py
[2023-06-05T20:20:05.557+0000] {processor.py:836} INFO - DAG(s) dict_keys(['example_task_group_decorator']) retrieved from /home/airflow/.local/lib/python3.7/site-packages/airflow/example_dags/example_task_group_decorator.py
[2023-06-05T20:20:05.582+0000] {logging_mixin.py:149} INFO - [2023-06-05T20:20:05.582+0000] {dag.py:2726} INFO - Sync 1 DAGs
[2023-06-05T20:20:05.614+0000] {logging_mixin.py:149} INFO - [2023-06-05T20:20:05.614+0000] {dag.py:3490} INFO - Setting next_dagrun for example_task_group_decorator to 2023-06-04T20:20:05.614451+00:00, run_after=2023-06-05T20:20:05.614451+00:00
[2023-06-05T20:20:05.656+0000] {processor.py:179} INFO - Processing /home/airflow/.local/lib/python3.7/site-packages/airflow/example_dags/example_task_group_decorator.py took 0.122 seconds
[2023-06-05T20:20:35.823+0000] {processor.py:157} INFO - Started process (PID=1237) to work on /home/airflow/.local/lib/python3.7/site-packages/airflow/example_dags/example_task_group_decorator.py
[2023-06-05T20:20:35.824+0000] {processor.py:826} INFO - Processing file /home/airflow/.local/lib/python3.7/site-packages/airflow/example_dags/example_task_group_decorator.py for tasks to queue
[2023-06-05T20:20:35.824+0000] {logging_mixin.py:149} INFO - [2023-06-05T20:20:35.824+0000] {dagbag.py:541} INFO - Filling up the DagBag from /home/airflow/.local/lib/python3.7/site-packages/airflow/example_dags/example_task_group_decorator.py
[2023-06-05T20:20:35.836+0000] {processor.py:836} INFO - DAG(s) dict_keys(['example_task_group_decorator']) retrieved from /home/airflow/.local/lib/python3.7/site-packages/airflow/example_dags/example_task_group_decorator.py
[2023-06-05T20:20:35.862+0000] {logging_mixin.py:149} INFO - [2023-06-05T20:20:35.861+0000] {dag.py:2726} INFO - Sync 1 DAGs
[2023-06-05T20:20:35.883+0000] {logging_mixin.py:149} INFO - [2023-06-05T20:20:35.883+0000] {dag.py:3490} INFO - Setting next_dagrun for example_task_group_decorator to 2023-06-04T20:20:35.882886+00:00, run_after=2023-06-05T20:20:35.882886+00:00
[2023-06-05T20:20:35.917+0000] {processor.py:179} INFO - Processing /home/airflow/.local/lib/python3.7/site-packages/airflow/example_dags/example_task_group_decorator.py took 0.097 seconds
[2023-06-05T20:21:06.400+0000] {processor.py:157} INFO - Started process (PID=1305) to work on /home/airflow/.local/lib/python3.7/site-packages/airflow/example_dags/example_task_group_decorator.py
[2023-06-05T20:21:06.401+0000] {processor.py:826} INFO - Processing file /home/airflow/.local/lib/python3.7/site-packages/airflow/example_dags/example_task_group_decorator.py for tasks to queue
[2023-06-05T20:21:06.402+0000] {logging_mixin.py:149} INFO - [2023-06-05T20:21:06.401+0000] {dagbag.py:541} INFO - Filling up the DagBag from /home/airflow/.local/lib/python3.7/site-packages/airflow/example_dags/example_task_group_decorator.py
[2023-06-05T20:21:06.414+0000] {processor.py:836} INFO - DAG(s) dict_keys(['example_task_group_decorator']) retrieved from /home/airflow/.local/lib/python3.7/site-packages/airflow/example_dags/example_task_group_decorator.py
[2023-06-05T20:21:06.448+0000] {logging_mixin.py:149} INFO - [2023-06-05T20:21:06.447+0000] {dag.py:2726} INFO - Sync 1 DAGs
[2023-06-05T20:21:06.475+0000] {logging_mixin.py:149} INFO - [2023-06-05T20:21:06.475+0000] {dag.py:3490} INFO - Setting next_dagrun for example_task_group_decorator to 2023-06-04T20:21:06.475380+00:00, run_after=2023-06-05T20:21:06.475380+00:00
[2023-06-05T20:21:06.493+0000] {processor.py:179} INFO - Processing /home/airflow/.local/lib/python3.7/site-packages/airflow/example_dags/example_task_group_decorator.py took 0.096 seconds
[2023-06-05T20:21:36.894+0000] {processor.py:157} INFO - Started process (PID=1373) to work on /home/airflow/.local/lib/python3.7/site-packages/airflow/example_dags/example_task_group_decorator.py
[2023-06-05T20:21:36.896+0000] {processor.py:826} INFO - Processing file /home/airflow/.local/lib/python3.7/site-packages/airflow/example_dags/example_task_group_decorator.py for tasks to queue
[2023-06-05T20:21:36.897+0000] {logging_mixin.py:149} INFO - [2023-06-05T20:21:36.897+0000] {dagbag.py:541} INFO - Filling up the DagBag from /home/airflow/.local/lib/python3.7/site-packages/airflow/example_dags/example_task_group_decorator.py
[2023-06-05T20:21:36.916+0000] {processor.py:836} INFO - DAG(s) dict_keys(['example_task_group_decorator']) retrieved from /home/airflow/.local/lib/python3.7/site-packages/airflow/example_dags/example_task_group_decorator.py
[2023-06-05T20:21:36.946+0000] {logging_mixin.py:149} INFO - [2023-06-05T20:21:36.946+0000] {dag.py:2726} INFO - Sync 1 DAGs
[2023-06-05T20:21:36.972+0000] {logging_mixin.py:149} INFO - [2023-06-05T20:21:36.972+0000] {dag.py:3490} INFO - Setting next_dagrun for example_task_group_decorator to 2023-06-04T20:21:36.972042+00:00, run_after=2023-06-05T20:21:36.972042+00:00
[2023-06-05T20:21:36.989+0000] {processor.py:179} INFO - Processing /home/airflow/.local/lib/python3.7/site-packages/airflow/example_dags/example_task_group_decorator.py took 0.098 seconds
[2023-06-05T20:22:07.675+0000] {processor.py:157} INFO - Started process (PID=1441) to work on /home/airflow/.local/lib/python3.7/site-packages/airflow/example_dags/example_task_group_decorator.py
[2023-06-05T20:22:07.676+0000] {processor.py:826} INFO - Processing file /home/airflow/.local/lib/python3.7/site-packages/airflow/example_dags/example_task_group_decorator.py for tasks to queue
[2023-06-05T20:22:07.676+0000] {logging_mixin.py:149} INFO - [2023-06-05T20:22:07.676+0000] {dagbag.py:541} INFO - Filling up the DagBag from /home/airflow/.local/lib/python3.7/site-packages/airflow/example_dags/example_task_group_decorator.py
[2023-06-05T20:22:07.688+0000] {processor.py:836} INFO - DAG(s) dict_keys(['example_task_group_decorator']) retrieved from /home/airflow/.local/lib/python3.7/site-packages/airflow/example_dags/example_task_group_decorator.py
[2023-06-05T20:22:07.722+0000] {logging_mixin.py:149} INFO - [2023-06-05T20:22:07.722+0000] {dag.py:2726} INFO - Sync 1 DAGs
[2023-06-05T20:22:07.745+0000] {logging_mixin.py:149} INFO - [2023-06-05T20:22:07.745+0000] {dag.py:3490} INFO - Setting next_dagrun for example_task_group_decorator to 2023-06-04T20:22:07.745062+00:00, run_after=2023-06-05T20:22:07.745062+00:00
[2023-06-05T20:22:07.763+0000] {processor.py:179} INFO - Processing /home/airflow/.local/lib/python3.7/site-packages/airflow/example_dags/example_task_group_decorator.py took 0.091 seconds
