[2023-06-05T20:11:53.437+0000] {processor.py:157} INFO - Started process (PID=77) to work on /home/airflow/.local/lib/python3.7/site-packages/airflow/example_dags/example_skip_dag.py
[2023-06-05T20:11:53.437+0000] {processor.py:826} INFO - Processing file /home/airflow/.local/lib/python3.7/site-packages/airflow/example_dags/example_skip_dag.py for tasks to queue
[2023-06-05T20:11:53.438+0000] {logging_mixin.py:149} INFO - [2023-06-05T20:11:53.438+0000] {dagbag.py:541} INFO - Filling up the DagBag from /home/airflow/.local/lib/python3.7/site-packages/airflow/example_dags/example_skip_dag.py
[2023-06-05T20:11:53.445+0000] {processor.py:836} INFO - DAG(s) dict_keys(['example_skip_dag']) retrieved from /home/airflow/.local/lib/python3.7/site-packages/airflow/example_dags/example_skip_dag.py
[2023-06-05T20:11:53.457+0000] {logging_mixin.py:149} INFO - [2023-06-05T20:11:53.457+0000] {dag.py:2726} INFO - Sync 1 DAGs
[2023-06-05T20:11:53.482+0000] {logging_mixin.py:149} INFO - [2023-06-05T20:11:53.482+0000] {dag.py:3490} INFO - Setting next_dagrun for example_skip_dag to 2023-06-04T20:11:53.481851+00:00, run_after=2023-06-05T20:11:53.481851+00:00
[2023-06-05T20:11:53.500+0000] {processor.py:179} INFO - Processing /home/airflow/.local/lib/python3.7/site-packages/airflow/example_dags/example_skip_dag.py took 0.065 seconds
[2023-06-05T20:12:24.800+0000] {processor.py:157} INFO - Started process (PID=145) to work on /home/airflow/.local/lib/python3.7/site-packages/airflow/example_dags/example_skip_dag.py
[2023-06-05T20:12:24.802+0000] {processor.py:826} INFO - Processing file /home/airflow/.local/lib/python3.7/site-packages/airflow/example_dags/example_skip_dag.py for tasks to queue
[2023-06-05T20:12:24.803+0000] {logging_mixin.py:149} INFO - [2023-06-05T20:12:24.803+0000] {dagbag.py:541} INFO - Filling up the DagBag from /home/airflow/.local/lib/python3.7/site-packages/airflow/example_dags/example_skip_dag.py
[2023-06-05T20:12:24.813+0000] {processor.py:836} INFO - DAG(s) dict_keys(['example_skip_dag']) retrieved from /home/airflow/.local/lib/python3.7/site-packages/airflow/example_dags/example_skip_dag.py
[2023-06-05T20:12:24.843+0000] {logging_mixin.py:149} INFO - [2023-06-05T20:12:24.842+0000] {dag.py:2726} INFO - Sync 1 DAGs
[2023-06-05T20:12:24.870+0000] {logging_mixin.py:149} INFO - [2023-06-05T20:12:24.870+0000] {dag.py:3490} INFO - Setting next_dagrun for example_skip_dag to 2023-06-04T20:12:24.870514+00:00, run_after=2023-06-05T20:12:24.870514+00:00
[2023-06-05T20:12:24.890+0000] {processor.py:179} INFO - Processing /home/airflow/.local/lib/python3.7/site-packages/airflow/example_dags/example_skip_dag.py took 0.094 seconds
[2023-06-05T20:12:55.861+0000] {processor.py:157} INFO - Started process (PID=213) to work on /home/airflow/.local/lib/python3.7/site-packages/airflow/example_dags/example_skip_dag.py
[2023-06-05T20:12:55.861+0000] {processor.py:826} INFO - Processing file /home/airflow/.local/lib/python3.7/site-packages/airflow/example_dags/example_skip_dag.py for tasks to queue
[2023-06-05T20:12:55.862+0000] {logging_mixin.py:149} INFO - [2023-06-05T20:12:55.862+0000] {dagbag.py:541} INFO - Filling up the DagBag from /home/airflow/.local/lib/python3.7/site-packages/airflow/example_dags/example_skip_dag.py
[2023-06-05T20:12:55.868+0000] {processor.py:836} INFO - DAG(s) dict_keys(['example_skip_dag']) retrieved from /home/airflow/.local/lib/python3.7/site-packages/airflow/example_dags/example_skip_dag.py
[2023-06-05T20:12:55.891+0000] {logging_mixin.py:149} INFO - [2023-06-05T20:12:55.891+0000] {dag.py:2726} INFO - Sync 1 DAGs
[2023-06-05T20:12:55.928+0000] {logging_mixin.py:149} INFO - [2023-06-05T20:12:55.928+0000] {dag.py:3490} INFO - Setting next_dagrun for example_skip_dag to 2023-06-04T20:12:55.928170+00:00, run_after=2023-06-05T20:12:55.928170+00:00
[2023-06-05T20:12:55.951+0000] {processor.py:179} INFO - Processing /home/airflow/.local/lib/python3.7/site-packages/airflow/example_dags/example_skip_dag.py took 0.093 seconds
[2023-06-05T20:13:26.191+0000] {processor.py:157} INFO - Started process (PID=281) to work on /home/airflow/.local/lib/python3.7/site-packages/airflow/example_dags/example_skip_dag.py
[2023-06-05T20:13:26.193+0000] {processor.py:826} INFO - Processing file /home/airflow/.local/lib/python3.7/site-packages/airflow/example_dags/example_skip_dag.py for tasks to queue
[2023-06-05T20:13:26.193+0000] {logging_mixin.py:149} INFO - [2023-06-05T20:13:26.193+0000] {dagbag.py:541} INFO - Filling up the DagBag from /home/airflow/.local/lib/python3.7/site-packages/airflow/example_dags/example_skip_dag.py
[2023-06-05T20:13:26.200+0000] {processor.py:836} INFO - DAG(s) dict_keys(['example_skip_dag']) retrieved from /home/airflow/.local/lib/python3.7/site-packages/airflow/example_dags/example_skip_dag.py
[2023-06-05T20:13:26.229+0000] {logging_mixin.py:149} INFO - [2023-06-05T20:13:26.229+0000] {dag.py:2726} INFO - Sync 1 DAGs
[2023-06-05T20:13:26.251+0000] {logging_mixin.py:149} INFO - [2023-06-05T20:13:26.251+0000] {dag.py:3490} INFO - Setting next_dagrun for example_skip_dag to 2023-06-04T20:13:26.250920+00:00, run_after=2023-06-05T20:13:26.250920+00:00
[2023-06-05T20:13:26.266+0000] {processor.py:179} INFO - Processing /home/airflow/.local/lib/python3.7/site-packages/airflow/example_dags/example_skip_dag.py took 0.077 seconds
[2023-06-05T20:13:57.175+0000] {processor.py:157} INFO - Started process (PID=349) to work on /home/airflow/.local/lib/python3.7/site-packages/airflow/example_dags/example_skip_dag.py
[2023-06-05T20:13:57.176+0000] {processor.py:826} INFO - Processing file /home/airflow/.local/lib/python3.7/site-packages/airflow/example_dags/example_skip_dag.py for tasks to queue
[2023-06-05T20:13:57.177+0000] {logging_mixin.py:149} INFO - [2023-06-05T20:13:57.177+0000] {dagbag.py:541} INFO - Filling up the DagBag from /home/airflow/.local/lib/python3.7/site-packages/airflow/example_dags/example_skip_dag.py
[2023-06-05T20:13:57.183+0000] {processor.py:836} INFO - DAG(s) dict_keys(['example_skip_dag']) retrieved from /home/airflow/.local/lib/python3.7/site-packages/airflow/example_dags/example_skip_dag.py
[2023-06-05T20:13:57.212+0000] {logging_mixin.py:149} INFO - [2023-06-05T20:13:57.212+0000] {dag.py:2726} INFO - Sync 1 DAGs
[2023-06-05T20:13:57.247+0000] {logging_mixin.py:149} INFO - [2023-06-05T20:13:57.247+0000] {dag.py:3490} INFO - Setting next_dagrun for example_skip_dag to 2023-06-04T20:13:57.246751+00:00, run_after=2023-06-05T20:13:57.246751+00:00
[2023-06-05T20:13:57.269+0000] {processor.py:179} INFO - Processing /home/airflow/.local/lib/python3.7/site-packages/airflow/example_dags/example_skip_dag.py took 0.097 seconds
[2023-06-05T20:14:27.546+0000] {processor.py:157} INFO - Started process (PID=417) to work on /home/airflow/.local/lib/python3.7/site-packages/airflow/example_dags/example_skip_dag.py
[2023-06-05T20:14:27.547+0000] {processor.py:826} INFO - Processing file /home/airflow/.local/lib/python3.7/site-packages/airflow/example_dags/example_skip_dag.py for tasks to queue
[2023-06-05T20:14:27.547+0000] {logging_mixin.py:149} INFO - [2023-06-05T20:14:27.547+0000] {dagbag.py:541} INFO - Filling up the DagBag from /home/airflow/.local/lib/python3.7/site-packages/airflow/example_dags/example_skip_dag.py
[2023-06-05T20:14:27.556+0000] {processor.py:836} INFO - DAG(s) dict_keys(['example_skip_dag']) retrieved from /home/airflow/.local/lib/python3.7/site-packages/airflow/example_dags/example_skip_dag.py
[2023-06-05T20:14:27.585+0000] {logging_mixin.py:149} INFO - [2023-06-05T20:14:27.585+0000] {dag.py:2726} INFO - Sync 1 DAGs
[2023-06-05T20:14:27.621+0000] {logging_mixin.py:149} INFO - [2023-06-05T20:14:27.620+0000] {dag.py:3490} INFO - Setting next_dagrun for example_skip_dag to 2023-06-04T20:14:27.620458+00:00, run_after=2023-06-05T20:14:27.620458+00:00
[2023-06-05T20:14:27.657+0000] {processor.py:179} INFO - Processing /home/airflow/.local/lib/python3.7/site-packages/airflow/example_dags/example_skip_dag.py took 0.115 seconds
[2023-06-05T20:14:58.717+0000] {processor.py:157} INFO - Started process (PID=485) to work on /home/airflow/.local/lib/python3.7/site-packages/airflow/example_dags/example_skip_dag.py
[2023-06-05T20:14:58.718+0000] {processor.py:826} INFO - Processing file /home/airflow/.local/lib/python3.7/site-packages/airflow/example_dags/example_skip_dag.py for tasks to queue
[2023-06-05T20:14:58.719+0000] {logging_mixin.py:149} INFO - [2023-06-05T20:14:58.719+0000] {dagbag.py:541} INFO - Filling up the DagBag from /home/airflow/.local/lib/python3.7/site-packages/airflow/example_dags/example_skip_dag.py
[2023-06-05T20:14:58.724+0000] {processor.py:836} INFO - DAG(s) dict_keys(['example_skip_dag']) retrieved from /home/airflow/.local/lib/python3.7/site-packages/airflow/example_dags/example_skip_dag.py
[2023-06-05T20:14:58.754+0000] {logging_mixin.py:149} INFO - [2023-06-05T20:14:58.754+0000] {dag.py:2726} INFO - Sync 1 DAGs
[2023-06-05T20:14:58.799+0000] {logging_mixin.py:149} INFO - [2023-06-05T20:14:58.799+0000] {dag.py:3490} INFO - Setting next_dagrun for example_skip_dag to 2023-06-04T20:14:58.799151+00:00, run_after=2023-06-05T20:14:58.799151+00:00
[2023-06-05T20:14:58.829+0000] {processor.py:179} INFO - Processing /home/airflow/.local/lib/python3.7/site-packages/airflow/example_dags/example_skip_dag.py took 0.114 seconds
[2023-06-05T20:15:30.056+0000] {processor.py:157} INFO - Started process (PID=553) to work on /home/airflow/.local/lib/python3.7/site-packages/airflow/example_dags/example_skip_dag.py
[2023-06-05T20:15:30.058+0000] {processor.py:826} INFO - Processing file /home/airflow/.local/lib/python3.7/site-packages/airflow/example_dags/example_skip_dag.py for tasks to queue
[2023-06-05T20:15:30.059+0000] {logging_mixin.py:149} INFO - [2023-06-05T20:15:30.059+0000] {dagbag.py:541} INFO - Filling up the DagBag from /home/airflow/.local/lib/python3.7/site-packages/airflow/example_dags/example_skip_dag.py
[2023-06-05T20:15:30.067+0000] {processor.py:836} INFO - DAG(s) dict_keys(['example_skip_dag']) retrieved from /home/airflow/.local/lib/python3.7/site-packages/airflow/example_dags/example_skip_dag.py
[2023-06-05T20:15:30.088+0000] {logging_mixin.py:149} INFO - [2023-06-05T20:15:30.088+0000] {dag.py:2726} INFO - Sync 1 DAGs
[2023-06-05T20:15:30.125+0000] {logging_mixin.py:149} INFO - [2023-06-05T20:15:30.125+0000] {dag.py:3490} INFO - Setting next_dagrun for example_skip_dag to 2023-06-04T20:15:30.124831+00:00, run_after=2023-06-05T20:15:30.124831+00:00
[2023-06-05T20:15:30.164+0000] {processor.py:179} INFO - Processing /home/airflow/.local/lib/python3.7/site-packages/airflow/example_dags/example_skip_dag.py took 0.111 seconds
[2023-06-05T20:16:01.168+0000] {processor.py:157} INFO - Started process (PID=621) to work on /home/airflow/.local/lib/python3.7/site-packages/airflow/example_dags/example_skip_dag.py
[2023-06-05T20:16:01.169+0000] {processor.py:826} INFO - Processing file /home/airflow/.local/lib/python3.7/site-packages/airflow/example_dags/example_skip_dag.py for tasks to queue
[2023-06-05T20:16:01.169+0000] {logging_mixin.py:149} INFO - [2023-06-05T20:16:01.169+0000] {dagbag.py:541} INFO - Filling up the DagBag from /home/airflow/.local/lib/python3.7/site-packages/airflow/example_dags/example_skip_dag.py
[2023-06-05T20:16:01.176+0000] {processor.py:836} INFO - DAG(s) dict_keys(['example_skip_dag']) retrieved from /home/airflow/.local/lib/python3.7/site-packages/airflow/example_dags/example_skip_dag.py
[2023-06-05T20:16:01.207+0000] {logging_mixin.py:149} INFO - [2023-06-05T20:16:01.207+0000] {dag.py:2726} INFO - Sync 1 DAGs
[2023-06-05T20:16:01.237+0000] {logging_mixin.py:149} INFO - [2023-06-05T20:16:01.237+0000] {dag.py:3490} INFO - Setting next_dagrun for example_skip_dag to 2023-06-04T20:16:01.237014+00:00, run_after=2023-06-05T20:16:01.237014+00:00
[2023-06-05T20:16:01.259+0000] {processor.py:179} INFO - Processing /home/airflow/.local/lib/python3.7/site-packages/airflow/example_dags/example_skip_dag.py took 0.093 seconds
[2023-06-05T20:16:31.684+0000] {processor.py:157} INFO - Started process (PID=689) to work on /home/airflow/.local/lib/python3.7/site-packages/airflow/example_dags/example_skip_dag.py
[2023-06-05T20:16:31.685+0000] {processor.py:826} INFO - Processing file /home/airflow/.local/lib/python3.7/site-packages/airflow/example_dags/example_skip_dag.py for tasks to queue
[2023-06-05T20:16:31.686+0000] {logging_mixin.py:149} INFO - [2023-06-05T20:16:31.686+0000] {dagbag.py:541} INFO - Filling up the DagBag from /home/airflow/.local/lib/python3.7/site-packages/airflow/example_dags/example_skip_dag.py
[2023-06-05T20:16:31.692+0000] {processor.py:836} INFO - DAG(s) dict_keys(['example_skip_dag']) retrieved from /home/airflow/.local/lib/python3.7/site-packages/airflow/example_dags/example_skip_dag.py
[2023-06-05T20:16:31.725+0000] {logging_mixin.py:149} INFO - [2023-06-05T20:16:31.725+0000] {dag.py:2726} INFO - Sync 1 DAGs
[2023-06-05T20:16:31.759+0000] {logging_mixin.py:149} INFO - [2023-06-05T20:16:31.758+0000] {dag.py:3490} INFO - Setting next_dagrun for example_skip_dag to 2023-06-04T20:16:31.758755+00:00, run_after=2023-06-05T20:16:31.758755+00:00
[2023-06-05T20:16:31.777+0000] {processor.py:179} INFO - Processing /home/airflow/.local/lib/python3.7/site-packages/airflow/example_dags/example_skip_dag.py took 0.097 seconds
[2023-06-05T20:17:01.942+0000] {processor.py:157} INFO - Started process (PID=757) to work on /home/airflow/.local/lib/python3.7/site-packages/airflow/example_dags/example_skip_dag.py
[2023-06-05T20:17:01.943+0000] {processor.py:826} INFO - Processing file /home/airflow/.local/lib/python3.7/site-packages/airflow/example_dags/example_skip_dag.py for tasks to queue
[2023-06-05T20:17:01.943+0000] {logging_mixin.py:149} INFO - [2023-06-05T20:17:01.943+0000] {dagbag.py:541} INFO - Filling up the DagBag from /home/airflow/.local/lib/python3.7/site-packages/airflow/example_dags/example_skip_dag.py
[2023-06-05T20:17:01.948+0000] {processor.py:836} INFO - DAG(s) dict_keys(['example_skip_dag']) retrieved from /home/airflow/.local/lib/python3.7/site-packages/airflow/example_dags/example_skip_dag.py
[2023-06-05T20:17:01.969+0000] {logging_mixin.py:149} INFO - [2023-06-05T20:17:01.969+0000] {dag.py:2726} INFO - Sync 1 DAGs
[2023-06-05T20:17:01.991+0000] {logging_mixin.py:149} INFO - [2023-06-05T20:17:01.991+0000] {dag.py:3490} INFO - Setting next_dagrun for example_skip_dag to 2023-06-04T20:17:01.991168+00:00, run_after=2023-06-05T20:17:01.991168+00:00
[2023-06-05T20:17:02.020+0000] {processor.py:179} INFO - Processing /home/airflow/.local/lib/python3.7/site-packages/airflow/example_dags/example_skip_dag.py took 0.081 seconds
[2023-06-05T20:17:33.054+0000] {processor.py:157} INFO - Started process (PID=825) to work on /home/airflow/.local/lib/python3.7/site-packages/airflow/example_dags/example_skip_dag.py
[2023-06-05T20:17:33.055+0000] {processor.py:826} INFO - Processing file /home/airflow/.local/lib/python3.7/site-packages/airflow/example_dags/example_skip_dag.py for tasks to queue
[2023-06-05T20:17:33.055+0000] {logging_mixin.py:149} INFO - [2023-06-05T20:17:33.055+0000] {dagbag.py:541} INFO - Filling up the DagBag from /home/airflow/.local/lib/python3.7/site-packages/airflow/example_dags/example_skip_dag.py
[2023-06-05T20:17:33.060+0000] {processor.py:836} INFO - DAG(s) dict_keys(['example_skip_dag']) retrieved from /home/airflow/.local/lib/python3.7/site-packages/airflow/example_dags/example_skip_dag.py
[2023-06-05T20:17:33.080+0000] {logging_mixin.py:149} INFO - [2023-06-05T20:17:33.080+0000] {dag.py:2726} INFO - Sync 1 DAGs
[2023-06-05T20:17:33.101+0000] {logging_mixin.py:149} INFO - [2023-06-05T20:17:33.101+0000] {dag.py:3490} INFO - Setting next_dagrun for example_skip_dag to 2023-06-04T20:17:33.101655+00:00, run_after=2023-06-05T20:17:33.101655+00:00
[2023-06-05T20:17:33.119+0000] {processor.py:179} INFO - Processing /home/airflow/.local/lib/python3.7/site-packages/airflow/example_dags/example_skip_dag.py took 0.067 seconds
[2023-06-05T20:18:03.483+0000] {processor.py:157} INFO - Started process (PID=893) to work on /home/airflow/.local/lib/python3.7/site-packages/airflow/example_dags/example_skip_dag.py
[2023-06-05T20:18:03.483+0000] {processor.py:826} INFO - Processing file /home/airflow/.local/lib/python3.7/site-packages/airflow/example_dags/example_skip_dag.py for tasks to queue
[2023-06-05T20:18:03.484+0000] {logging_mixin.py:149} INFO - [2023-06-05T20:18:03.484+0000] {dagbag.py:541} INFO - Filling up the DagBag from /home/airflow/.local/lib/python3.7/site-packages/airflow/example_dags/example_skip_dag.py
[2023-06-05T20:18:03.490+0000] {processor.py:836} INFO - DAG(s) dict_keys(['example_skip_dag']) retrieved from /home/airflow/.local/lib/python3.7/site-packages/airflow/example_dags/example_skip_dag.py
[2023-06-05T20:18:03.524+0000] {logging_mixin.py:149} INFO - [2023-06-05T20:18:03.523+0000] {dag.py:2726} INFO - Sync 1 DAGs
[2023-06-05T20:18:03.547+0000] {logging_mixin.py:149} INFO - [2023-06-05T20:18:03.547+0000] {dag.py:3490} INFO - Setting next_dagrun for example_skip_dag to 2023-06-04T20:18:03.547549+00:00, run_after=2023-06-05T20:18:03.547549+00:00
[2023-06-05T20:18:03.564+0000] {processor.py:179} INFO - Processing /home/airflow/.local/lib/python3.7/site-packages/airflow/example_dags/example_skip_dag.py took 0.084 seconds
[2023-06-05T20:18:33.904+0000] {processor.py:157} INFO - Started process (PID=961) to work on /home/airflow/.local/lib/python3.7/site-packages/airflow/example_dags/example_skip_dag.py
[2023-06-05T20:18:33.905+0000] {processor.py:826} INFO - Processing file /home/airflow/.local/lib/python3.7/site-packages/airflow/example_dags/example_skip_dag.py for tasks to queue
[2023-06-05T20:18:33.906+0000] {logging_mixin.py:149} INFO - [2023-06-05T20:18:33.905+0000] {dagbag.py:541} INFO - Filling up the DagBag from /home/airflow/.local/lib/python3.7/site-packages/airflow/example_dags/example_skip_dag.py
[2023-06-05T20:18:33.916+0000] {processor.py:836} INFO - DAG(s) dict_keys(['example_skip_dag']) retrieved from /home/airflow/.local/lib/python3.7/site-packages/airflow/example_dags/example_skip_dag.py
[2023-06-05T20:18:33.945+0000] {logging_mixin.py:149} INFO - [2023-06-05T20:18:33.945+0000] {dag.py:2726} INFO - Sync 1 DAGs
[2023-06-05T20:18:33.974+0000] {logging_mixin.py:149} INFO - [2023-06-05T20:18:33.974+0000] {dag.py:3490} INFO - Setting next_dagrun for example_skip_dag to 2023-06-04T20:18:33.974109+00:00, run_after=2023-06-05T20:18:33.974109+00:00
[2023-06-05T20:18:34.008+0000] {processor.py:179} INFO - Processing /home/airflow/.local/lib/python3.7/site-packages/airflow/example_dags/example_skip_dag.py took 0.109 seconds
[2023-06-05T20:19:04.342+0000] {processor.py:157} INFO - Started process (PID=1029) to work on /home/airflow/.local/lib/python3.7/site-packages/airflow/example_dags/example_skip_dag.py
[2023-06-05T20:19:04.343+0000] {processor.py:826} INFO - Processing file /home/airflow/.local/lib/python3.7/site-packages/airflow/example_dags/example_skip_dag.py for tasks to queue
[2023-06-05T20:19:04.344+0000] {logging_mixin.py:149} INFO - [2023-06-05T20:19:04.344+0000] {dagbag.py:541} INFO - Filling up the DagBag from /home/airflow/.local/lib/python3.7/site-packages/airflow/example_dags/example_skip_dag.py
[2023-06-05T20:19:04.352+0000] {processor.py:836} INFO - DAG(s) dict_keys(['example_skip_dag']) retrieved from /home/airflow/.local/lib/python3.7/site-packages/airflow/example_dags/example_skip_dag.py
[2023-06-05T20:19:04.382+0000] {logging_mixin.py:149} INFO - [2023-06-05T20:19:04.382+0000] {dag.py:2726} INFO - Sync 1 DAGs
[2023-06-05T20:19:04.406+0000] {logging_mixin.py:149} INFO - [2023-06-05T20:19:04.406+0000] {dag.py:3490} INFO - Setting next_dagrun for example_skip_dag to 2023-06-04T20:19:04.406508+00:00, run_after=2023-06-05T20:19:04.406508+00:00
[2023-06-05T20:19:04.424+0000] {processor.py:179} INFO - Processing /home/airflow/.local/lib/python3.7/site-packages/airflow/example_dags/example_skip_dag.py took 0.086 seconds
[2023-06-05T20:19:34.759+0000] {processor.py:157} INFO - Started process (PID=1097) to work on /home/airflow/.local/lib/python3.7/site-packages/airflow/example_dags/example_skip_dag.py
[2023-06-05T20:19:34.760+0000] {processor.py:826} INFO - Processing file /home/airflow/.local/lib/python3.7/site-packages/airflow/example_dags/example_skip_dag.py for tasks to queue
[2023-06-05T20:19:34.761+0000] {logging_mixin.py:149} INFO - [2023-06-05T20:19:34.761+0000] {dagbag.py:541} INFO - Filling up the DagBag from /home/airflow/.local/lib/python3.7/site-packages/airflow/example_dags/example_skip_dag.py
[2023-06-05T20:19:34.772+0000] {processor.py:836} INFO - DAG(s) dict_keys(['example_skip_dag']) retrieved from /home/airflow/.local/lib/python3.7/site-packages/airflow/example_dags/example_skip_dag.py
[2023-06-05T20:19:34.824+0000] {logging_mixin.py:149} INFO - [2023-06-05T20:19:34.824+0000] {dag.py:2726} INFO - Sync 1 DAGs
[2023-06-05T20:19:34.872+0000] {logging_mixin.py:149} INFO - [2023-06-05T20:19:34.871+0000] {dag.py:3490} INFO - Setting next_dagrun for example_skip_dag to 2023-06-04T20:19:34.871480+00:00, run_after=2023-06-05T20:19:34.871480+00:00
[2023-06-05T20:19:34.910+0000] {processor.py:179} INFO - Processing /home/airflow/.local/lib/python3.7/site-packages/airflow/example_dags/example_skip_dag.py took 0.154 seconds
[2023-06-05T20:20:05.270+0000] {processor.py:157} INFO - Started process (PID=1165) to work on /home/airflow/.local/lib/python3.7/site-packages/airflow/example_dags/example_skip_dag.py
[2023-06-05T20:20:05.270+0000] {processor.py:826} INFO - Processing file /home/airflow/.local/lib/python3.7/site-packages/airflow/example_dags/example_skip_dag.py for tasks to queue
[2023-06-05T20:20:05.271+0000] {logging_mixin.py:149} INFO - [2023-06-05T20:20:05.270+0000] {dagbag.py:541} INFO - Filling up the DagBag from /home/airflow/.local/lib/python3.7/site-packages/airflow/example_dags/example_skip_dag.py
[2023-06-05T20:20:05.276+0000] {processor.py:836} INFO - DAG(s) dict_keys(['example_skip_dag']) retrieved from /home/airflow/.local/lib/python3.7/site-packages/airflow/example_dags/example_skip_dag.py
[2023-06-05T20:20:05.298+0000] {logging_mixin.py:149} INFO - [2023-06-05T20:20:05.298+0000] {dag.py:2726} INFO - Sync 1 DAGs
[2023-06-05T20:20:05.335+0000] {logging_mixin.py:149} INFO - [2023-06-05T20:20:05.335+0000] {dag.py:3490} INFO - Setting next_dagrun for example_skip_dag to 2023-06-04T20:20:05.335376+00:00, run_after=2023-06-05T20:20:05.335376+00:00
[2023-06-05T20:20:05.360+0000] {processor.py:179} INFO - Processing /home/airflow/.local/lib/python3.7/site-packages/airflow/example_dags/example_skip_dag.py took 0.093 seconds
[2023-06-05T20:20:35.538+0000] {processor.py:157} INFO - Started process (PID=1233) to work on /home/airflow/.local/lib/python3.7/site-packages/airflow/example_dags/example_skip_dag.py
[2023-06-05T20:20:35.540+0000] {processor.py:826} INFO - Processing file /home/airflow/.local/lib/python3.7/site-packages/airflow/example_dags/example_skip_dag.py for tasks to queue
[2023-06-05T20:20:35.540+0000] {logging_mixin.py:149} INFO - [2023-06-05T20:20:35.540+0000] {dagbag.py:541} INFO - Filling up the DagBag from /home/airflow/.local/lib/python3.7/site-packages/airflow/example_dags/example_skip_dag.py
[2023-06-05T20:20:35.545+0000] {processor.py:836} INFO - DAG(s) dict_keys(['example_skip_dag']) retrieved from /home/airflow/.local/lib/python3.7/site-packages/airflow/example_dags/example_skip_dag.py
[2023-06-05T20:20:35.565+0000] {logging_mixin.py:149} INFO - [2023-06-05T20:20:35.565+0000] {dag.py:2726} INFO - Sync 1 DAGs
[2023-06-05T20:20:35.586+0000] {logging_mixin.py:149} INFO - [2023-06-05T20:20:35.586+0000] {dag.py:3490} INFO - Setting next_dagrun for example_skip_dag to 2023-06-04T20:20:35.586631+00:00, run_after=2023-06-05T20:20:35.586631+00:00
[2023-06-05T20:20:35.605+0000] {processor.py:179} INFO - Processing /home/airflow/.local/lib/python3.7/site-packages/airflow/example_dags/example_skip_dag.py took 0.069 seconds
[2023-06-05T20:21:06.071+0000] {processor.py:157} INFO - Started process (PID=1301) to work on /home/airflow/.local/lib/python3.7/site-packages/airflow/example_dags/example_skip_dag.py
[2023-06-05T20:21:06.072+0000] {processor.py:826} INFO - Processing file /home/airflow/.local/lib/python3.7/site-packages/airflow/example_dags/example_skip_dag.py for tasks to queue
[2023-06-05T20:21:06.072+0000] {logging_mixin.py:149} INFO - [2023-06-05T20:21:06.072+0000] {dagbag.py:541} INFO - Filling up the DagBag from /home/airflow/.local/lib/python3.7/site-packages/airflow/example_dags/example_skip_dag.py
[2023-06-05T20:21:06.078+0000] {processor.py:836} INFO - DAG(s) dict_keys(['example_skip_dag']) retrieved from /home/airflow/.local/lib/python3.7/site-packages/airflow/example_dags/example_skip_dag.py
[2023-06-05T20:21:06.100+0000] {logging_mixin.py:149} INFO - [2023-06-05T20:21:06.100+0000] {dag.py:2726} INFO - Sync 1 DAGs
[2023-06-05T20:21:06.126+0000] {logging_mixin.py:149} INFO - [2023-06-05T20:21:06.126+0000] {dag.py:3490} INFO - Setting next_dagrun for example_skip_dag to 2023-06-04T20:21:06.126396+00:00, run_after=2023-06-05T20:21:06.126396+00:00
[2023-06-05T20:21:06.145+0000] {processor.py:179} INFO - Processing /home/airflow/.local/lib/python3.7/site-packages/airflow/example_dags/example_skip_dag.py took 0.076 seconds
[2023-06-05T20:21:36.675+0000] {processor.py:157} INFO - Started process (PID=1369) to work on /home/airflow/.local/lib/python3.7/site-packages/airflow/example_dags/example_skip_dag.py
[2023-06-05T20:21:36.676+0000] {processor.py:826} INFO - Processing file /home/airflow/.local/lib/python3.7/site-packages/airflow/example_dags/example_skip_dag.py for tasks to queue
[2023-06-05T20:21:36.676+0000] {logging_mixin.py:149} INFO - [2023-06-05T20:21:36.676+0000] {dagbag.py:541} INFO - Filling up the DagBag from /home/airflow/.local/lib/python3.7/site-packages/airflow/example_dags/example_skip_dag.py
[2023-06-05T20:21:36.681+0000] {processor.py:836} INFO - DAG(s) dict_keys(['example_skip_dag']) retrieved from /home/airflow/.local/lib/python3.7/site-packages/airflow/example_dags/example_skip_dag.py
[2023-06-05T20:21:36.704+0000] {logging_mixin.py:149} INFO - [2023-06-05T20:21:36.704+0000] {dag.py:2726} INFO - Sync 1 DAGs
[2023-06-05T20:21:36.732+0000] {logging_mixin.py:149} INFO - [2023-06-05T20:21:36.732+0000] {dag.py:3490} INFO - Setting next_dagrun for example_skip_dag to 2023-06-04T20:21:36.732168+00:00, run_after=2023-06-05T20:21:36.732168+00:00
[2023-06-05T20:21:36.750+0000] {processor.py:179} INFO - Processing /home/airflow/.local/lib/python3.7/site-packages/airflow/example_dags/example_skip_dag.py took 0.078 seconds
[2023-06-05T20:22:07.368+0000] {processor.py:157} INFO - Started process (PID=1437) to work on /home/airflow/.local/lib/python3.7/site-packages/airflow/example_dags/example_skip_dag.py
[2023-06-05T20:22:07.369+0000] {processor.py:826} INFO - Processing file /home/airflow/.local/lib/python3.7/site-packages/airflow/example_dags/example_skip_dag.py for tasks to queue
[2023-06-05T20:22:07.370+0000] {logging_mixin.py:149} INFO - [2023-06-05T20:22:07.370+0000] {dagbag.py:541} INFO - Filling up the DagBag from /home/airflow/.local/lib/python3.7/site-packages/airflow/example_dags/example_skip_dag.py
[2023-06-05T20:22:07.376+0000] {processor.py:836} INFO - DAG(s) dict_keys(['example_skip_dag']) retrieved from /home/airflow/.local/lib/python3.7/site-packages/airflow/example_dags/example_skip_dag.py
[2023-06-05T20:22:07.400+0000] {logging_mixin.py:149} INFO - [2023-06-05T20:22:07.399+0000] {dag.py:2726} INFO - Sync 1 DAGs
[2023-06-05T20:22:07.435+0000] {logging_mixin.py:149} INFO - [2023-06-05T20:22:07.435+0000] {dag.py:3490} INFO - Setting next_dagrun for example_skip_dag to 2023-06-04T20:22:07.435175+00:00, run_after=2023-06-05T20:22:07.435175+00:00
[2023-06-05T20:22:07.452+0000] {processor.py:179} INFO - Processing /home/airflow/.local/lib/python3.7/site-packages/airflow/example_dags/example_skip_dag.py took 0.087 seconds
