[2023-06-05T20:11:53.528+0000] {processor.py:157} INFO - Started process (PID=78) to work on /home/airflow/.local/lib/python3.7/site-packages/airflow/example_dags/example_sla_dag.py
[2023-06-05T20:11:53.529+0000] {processor.py:826} INFO - Processing file /home/airflow/.local/lib/python3.7/site-packages/airflow/example_dags/example_sla_dag.py for tasks to queue
[2023-06-05T20:11:53.529+0000] {logging_mixin.py:149} INFO - [2023-06-05T20:11:53.529+0000] {dagbag.py:541} INFO - Filling up the DagBag from /home/airflow/.local/lib/python3.7/site-packages/airflow/example_dags/example_sla_dag.py
[2023-06-05T20:11:53.538+0000] {processor.py:836} INFO - DAG(s) dict_keys(['example_sla_dag']) retrieved from /home/airflow/.local/lib/python3.7/site-packages/airflow/example_dags/example_sla_dag.py
[2023-06-05T20:11:53.550+0000] {logging_mixin.py:149} INFO - [2023-06-05T20:11:53.550+0000] {dag.py:2726} INFO - Sync 1 DAGs
[2023-06-05T20:11:53.581+0000] {logging_mixin.py:149} INFO - [2023-06-05T20:11:53.581+0000] {dag.py:3490} INFO - Setting next_dagrun for example_sla_dag to 2023-06-05T20:08:00+00:00, run_after=2023-06-05T20:10:00+00:00
[2023-06-05T20:11:53.600+0000] {processor.py:179} INFO - Processing /home/airflow/.local/lib/python3.7/site-packages/airflow/example_dags/example_sla_dag.py took 0.075 seconds
[2023-06-05T20:12:24.831+0000] {processor.py:157} INFO - Started process (PID=146) to work on /home/airflow/.local/lib/python3.7/site-packages/airflow/example_dags/example_sla_dag.py
[2023-06-05T20:12:24.832+0000] {processor.py:826} INFO - Processing file /home/airflow/.local/lib/python3.7/site-packages/airflow/example_dags/example_sla_dag.py for tasks to queue
[2023-06-05T20:12:24.833+0000] {logging_mixin.py:149} INFO - [2023-06-05T20:12:24.833+0000] {dagbag.py:541} INFO - Filling up the DagBag from /home/airflow/.local/lib/python3.7/site-packages/airflow/example_dags/example_sla_dag.py
[2023-06-05T20:12:24.844+0000] {processor.py:836} INFO - DAG(s) dict_keys(['example_sla_dag']) retrieved from /home/airflow/.local/lib/python3.7/site-packages/airflow/example_dags/example_sla_dag.py
[2023-06-05T20:12:24.876+0000] {logging_mixin.py:149} INFO - [2023-06-05T20:12:24.876+0000] {dag.py:2726} INFO - Sync 1 DAGs
[2023-06-05T20:12:24.921+0000] {logging_mixin.py:149} INFO - [2023-06-05T20:12:24.921+0000] {dag.py:3490} INFO - Setting next_dagrun for example_sla_dag to 2023-06-05T20:10:00+00:00, run_after=2023-06-05T20:12:00+00:00
[2023-06-05T20:12:24.943+0000] {processor.py:179} INFO - Processing /home/airflow/.local/lib/python3.7/site-packages/airflow/example_dags/example_sla_dag.py took 0.116 seconds
[2023-06-05T20:12:55.976+0000] {processor.py:157} INFO - Started process (PID=214) to work on /home/airflow/.local/lib/python3.7/site-packages/airflow/example_dags/example_sla_dag.py
[2023-06-05T20:12:55.977+0000] {processor.py:826} INFO - Processing file /home/airflow/.local/lib/python3.7/site-packages/airflow/example_dags/example_sla_dag.py for tasks to queue
[2023-06-05T20:12:55.977+0000] {logging_mixin.py:149} INFO - [2023-06-05T20:12:55.977+0000] {dagbag.py:541} INFO - Filling up the DagBag from /home/airflow/.local/lib/python3.7/site-packages/airflow/example_dags/example_sla_dag.py
[2023-06-05T20:12:55.985+0000] {processor.py:836} INFO - DAG(s) dict_keys(['example_sla_dag']) retrieved from /home/airflow/.local/lib/python3.7/site-packages/airflow/example_dags/example_sla_dag.py
[2023-06-05T20:12:56.020+0000] {logging_mixin.py:149} INFO - [2023-06-05T20:12:56.020+0000] {dag.py:2726} INFO - Sync 1 DAGs
[2023-06-05T20:12:56.048+0000] {logging_mixin.py:149} INFO - [2023-06-05T20:12:56.048+0000] {dag.py:3490} INFO - Setting next_dagrun for example_sla_dag to 2023-06-05T20:10:00+00:00, run_after=2023-06-05T20:12:00+00:00
[2023-06-05T20:12:56.067+0000] {processor.py:179} INFO - Processing /home/airflow/.local/lib/python3.7/site-packages/airflow/example_dags/example_sla_dag.py took 0.094 seconds
[2023-06-05T20:13:26.296+0000] {processor.py:157} INFO - Started process (PID=282) to work on /home/airflow/.local/lib/python3.7/site-packages/airflow/example_dags/example_sla_dag.py
[2023-06-05T20:13:26.297+0000] {processor.py:826} INFO - Processing file /home/airflow/.local/lib/python3.7/site-packages/airflow/example_dags/example_sla_dag.py for tasks to queue
[2023-06-05T20:13:26.298+0000] {logging_mixin.py:149} INFO - [2023-06-05T20:13:26.298+0000] {dagbag.py:541} INFO - Filling up the DagBag from /home/airflow/.local/lib/python3.7/site-packages/airflow/example_dags/example_sla_dag.py
[2023-06-05T20:13:26.308+0000] {processor.py:836} INFO - DAG(s) dict_keys(['example_sla_dag']) retrieved from /home/airflow/.local/lib/python3.7/site-packages/airflow/example_dags/example_sla_dag.py
[2023-06-05T20:13:26.334+0000] {logging_mixin.py:149} INFO - [2023-06-05T20:13:26.334+0000] {dag.py:2726} INFO - Sync 1 DAGs
[2023-06-05T20:13:26.359+0000] {logging_mixin.py:149} INFO - [2023-06-05T20:13:26.359+0000] {dag.py:3490} INFO - Setting next_dagrun for example_sla_dag to 2023-06-05T20:10:00+00:00, run_after=2023-06-05T20:12:00+00:00
[2023-06-05T20:13:26.374+0000] {processor.py:179} INFO - Processing /home/airflow/.local/lib/python3.7/site-packages/airflow/example_dags/example_sla_dag.py took 0.081 seconds
[2023-06-05T20:13:57.192+0000] {processor.py:157} INFO - Started process (PID=350) to work on /home/airflow/.local/lib/python3.7/site-packages/airflow/example_dags/example_sla_dag.py
[2023-06-05T20:13:57.193+0000] {processor.py:826} INFO - Processing file /home/airflow/.local/lib/python3.7/site-packages/airflow/example_dags/example_sla_dag.py for tasks to queue
[2023-06-05T20:13:57.193+0000] {logging_mixin.py:149} INFO - [2023-06-05T20:13:57.193+0000] {dagbag.py:541} INFO - Filling up the DagBag from /home/airflow/.local/lib/python3.7/site-packages/airflow/example_dags/example_sla_dag.py
[2023-06-05T20:13:57.203+0000] {processor.py:836} INFO - DAG(s) dict_keys(['example_sla_dag']) retrieved from /home/airflow/.local/lib/python3.7/site-packages/airflow/example_dags/example_sla_dag.py
[2023-06-05T20:13:57.234+0000] {logging_mixin.py:149} INFO - [2023-06-05T20:13:57.234+0000] {dag.py:2726} INFO - Sync 1 DAGs
[2023-06-05T20:13:57.267+0000] {logging_mixin.py:149} INFO - [2023-06-05T20:13:57.267+0000] {dag.py:3490} INFO - Setting next_dagrun for example_sla_dag to 2023-06-05T20:10:00+00:00, run_after=2023-06-05T20:12:00+00:00
[2023-06-05T20:13:57.283+0000] {processor.py:179} INFO - Processing /home/airflow/.local/lib/python3.7/site-packages/airflow/example_dags/example_sla_dag.py took 0.094 seconds
[2023-06-05T20:14:27.678+0000] {processor.py:157} INFO - Started process (PID=418) to work on /home/airflow/.local/lib/python3.7/site-packages/airflow/example_dags/example_sla_dag.py
[2023-06-05T20:14:27.678+0000] {processor.py:826} INFO - Processing file /home/airflow/.local/lib/python3.7/site-packages/airflow/example_dags/example_sla_dag.py for tasks to queue
[2023-06-05T20:14:27.679+0000] {logging_mixin.py:149} INFO - [2023-06-05T20:14:27.679+0000] {dagbag.py:541} INFO - Filling up the DagBag from /home/airflow/.local/lib/python3.7/site-packages/airflow/example_dags/example_sla_dag.py
[2023-06-05T20:14:27.685+0000] {processor.py:836} INFO - DAG(s) dict_keys(['example_sla_dag']) retrieved from /home/airflow/.local/lib/python3.7/site-packages/airflow/example_dags/example_sla_dag.py
[2023-06-05T20:14:27.719+0000] {logging_mixin.py:149} INFO - [2023-06-05T20:14:27.719+0000] {dag.py:2726} INFO - Sync 1 DAGs
[2023-06-05T20:14:27.757+0000] {logging_mixin.py:149} INFO - [2023-06-05T20:14:27.757+0000] {dag.py:3490} INFO - Setting next_dagrun for example_sla_dag to 2023-06-05T20:12:00+00:00, run_after=2023-06-05T20:14:00+00:00
[2023-06-05T20:14:27.776+0000] {processor.py:179} INFO - Processing /home/airflow/.local/lib/python3.7/site-packages/airflow/example_dags/example_sla_dag.py took 0.100 seconds
[2023-06-05T20:14:58.745+0000] {processor.py:157} INFO - Started process (PID=486) to work on /home/airflow/.local/lib/python3.7/site-packages/airflow/example_dags/example_sla_dag.py
[2023-06-05T20:14:58.754+0000] {processor.py:826} INFO - Processing file /home/airflow/.local/lib/python3.7/site-packages/airflow/example_dags/example_sla_dag.py for tasks to queue
[2023-06-05T20:14:58.756+0000] {logging_mixin.py:149} INFO - [2023-06-05T20:14:58.755+0000] {dagbag.py:541} INFO - Filling up the DagBag from /home/airflow/.local/lib/python3.7/site-packages/airflow/example_dags/example_sla_dag.py
[2023-06-05T20:14:58.766+0000] {processor.py:836} INFO - DAG(s) dict_keys(['example_sla_dag']) retrieved from /home/airflow/.local/lib/python3.7/site-packages/airflow/example_dags/example_sla_dag.py
[2023-06-05T20:14:58.805+0000] {logging_mixin.py:149} INFO - [2023-06-05T20:14:58.805+0000] {dag.py:2726} INFO - Sync 1 DAGs
[2023-06-05T20:14:58.850+0000] {logging_mixin.py:149} INFO - [2023-06-05T20:14:58.849+0000] {dag.py:3490} INFO - Setting next_dagrun for example_sla_dag to 2023-06-05T20:12:00+00:00, run_after=2023-06-05T20:14:00+00:00
[2023-06-05T20:14:58.877+0000] {processor.py:179} INFO - Processing /home/airflow/.local/lib/python3.7/site-packages/airflow/example_dags/example_sla_dag.py took 0.136 seconds
[2023-06-05T20:15:30.073+0000] {processor.py:157} INFO - Started process (PID=554) to work on /home/airflow/.local/lib/python3.7/site-packages/airflow/example_dags/example_sla_dag.py
[2023-06-05T20:15:30.074+0000] {processor.py:826} INFO - Processing file /home/airflow/.local/lib/python3.7/site-packages/airflow/example_dags/example_sla_dag.py for tasks to queue
[2023-06-05T20:15:30.074+0000] {logging_mixin.py:149} INFO - [2023-06-05T20:15:30.074+0000] {dagbag.py:541} INFO - Filling up the DagBag from /home/airflow/.local/lib/python3.7/site-packages/airflow/example_dags/example_sla_dag.py
[2023-06-05T20:15:30.081+0000] {processor.py:836} INFO - DAG(s) dict_keys(['example_sla_dag']) retrieved from /home/airflow/.local/lib/python3.7/site-packages/airflow/example_dags/example_sla_dag.py
[2023-06-05T20:15:30.109+0000] {logging_mixin.py:149} INFO - [2023-06-05T20:15:30.109+0000] {dag.py:2726} INFO - Sync 1 DAGs
[2023-06-05T20:15:30.146+0000] {logging_mixin.py:149} INFO - [2023-06-05T20:15:30.146+0000] {dag.py:3490} INFO - Setting next_dagrun for example_sla_dag to 2023-06-05T20:12:00+00:00, run_after=2023-06-05T20:14:00+00:00
[2023-06-05T20:15:30.175+0000] {processor.py:179} INFO - Processing /home/airflow/.local/lib/python3.7/site-packages/airflow/example_dags/example_sla_dag.py took 0.105 seconds
[2023-06-05T20:16:01.199+0000] {processor.py:157} INFO - Started process (PID=622) to work on /home/airflow/.local/lib/python3.7/site-packages/airflow/example_dags/example_sla_dag.py
[2023-06-05T20:16:01.199+0000] {processor.py:826} INFO - Processing file /home/airflow/.local/lib/python3.7/site-packages/airflow/example_dags/example_sla_dag.py for tasks to queue
[2023-06-05T20:16:01.200+0000] {logging_mixin.py:149} INFO - [2023-06-05T20:16:01.200+0000] {dagbag.py:541} INFO - Filling up the DagBag from /home/airflow/.local/lib/python3.7/site-packages/airflow/example_dags/example_sla_dag.py
[2023-06-05T20:16:01.209+0000] {processor.py:836} INFO - DAG(s) dict_keys(['example_sla_dag']) retrieved from /home/airflow/.local/lib/python3.7/site-packages/airflow/example_dags/example_sla_dag.py
[2023-06-05T20:16:01.235+0000] {logging_mixin.py:149} INFO - [2023-06-05T20:16:01.235+0000] {dag.py:2726} INFO - Sync 1 DAGs
[2023-06-05T20:16:01.267+0000] {logging_mixin.py:149} INFO - [2023-06-05T20:16:01.266+0000] {dag.py:3490} INFO - Setting next_dagrun for example_sla_dag to 2023-06-05T20:14:00+00:00, run_after=2023-06-05T20:16:00+00:00
[2023-06-05T20:16:01.286+0000] {processor.py:179} INFO - Processing /home/airflow/.local/lib/python3.7/site-packages/airflow/example_dags/example_sla_dag.py took 0.091 seconds
[2023-06-05T20:16:31.704+0000] {processor.py:157} INFO - Started process (PID=690) to work on /home/airflow/.local/lib/python3.7/site-packages/airflow/example_dags/example_sla_dag.py
[2023-06-05T20:16:31.710+0000] {processor.py:826} INFO - Processing file /home/airflow/.local/lib/python3.7/site-packages/airflow/example_dags/example_sla_dag.py for tasks to queue
[2023-06-05T20:16:31.711+0000] {logging_mixin.py:149} INFO - [2023-06-05T20:16:31.711+0000] {dagbag.py:541} INFO - Filling up the DagBag from /home/airflow/.local/lib/python3.7/site-packages/airflow/example_dags/example_sla_dag.py
[2023-06-05T20:16:31.726+0000] {processor.py:836} INFO - DAG(s) dict_keys(['example_sla_dag']) retrieved from /home/airflow/.local/lib/python3.7/site-packages/airflow/example_dags/example_sla_dag.py
[2023-06-05T20:16:31.756+0000] {logging_mixin.py:149} INFO - [2023-06-05T20:16:31.756+0000] {dag.py:2726} INFO - Sync 1 DAGs
[2023-06-05T20:16:31.784+0000] {logging_mixin.py:149} INFO - [2023-06-05T20:16:31.784+0000] {dag.py:3490} INFO - Setting next_dagrun for example_sla_dag to 2023-06-05T20:14:00+00:00, run_after=2023-06-05T20:16:00+00:00
[2023-06-05T20:16:31.811+0000] {processor.py:179} INFO - Processing /home/airflow/.local/lib/python3.7/site-packages/airflow/example_dags/example_sla_dag.py took 0.114 seconds
[2023-06-05T20:17:02.040+0000] {processor.py:157} INFO - Started process (PID=758) to work on /home/airflow/.local/lib/python3.7/site-packages/airflow/example_dags/example_sla_dag.py
[2023-06-05T20:17:02.041+0000] {processor.py:826} INFO - Processing file /home/airflow/.local/lib/python3.7/site-packages/airflow/example_dags/example_sla_dag.py for tasks to queue
[2023-06-05T20:17:02.041+0000] {logging_mixin.py:149} INFO - [2023-06-05T20:17:02.041+0000] {dagbag.py:541} INFO - Filling up the DagBag from /home/airflow/.local/lib/python3.7/site-packages/airflow/example_dags/example_sla_dag.py
[2023-06-05T20:17:02.047+0000] {processor.py:836} INFO - DAG(s) dict_keys(['example_sla_dag']) retrieved from /home/airflow/.local/lib/python3.7/site-packages/airflow/example_dags/example_sla_dag.py
[2023-06-05T20:17:02.067+0000] {logging_mixin.py:149} INFO - [2023-06-05T20:17:02.067+0000] {dag.py:2726} INFO - Sync 1 DAGs
[2023-06-05T20:17:02.093+0000] {logging_mixin.py:149} INFO - [2023-06-05T20:17:02.093+0000] {dag.py:3490} INFO - Setting next_dagrun for example_sla_dag to 2023-06-05T20:14:00+00:00, run_after=2023-06-05T20:16:00+00:00
[2023-06-05T20:17:02.122+0000] {processor.py:179} INFO - Processing /home/airflow/.local/lib/python3.7/site-packages/airflow/example_dags/example_sla_dag.py took 0.085 seconds
[2023-06-05T20:17:33.134+0000] {processor.py:157} INFO - Started process (PID=826) to work on /home/airflow/.local/lib/python3.7/site-packages/airflow/example_dags/example_sla_dag.py
[2023-06-05T20:17:33.135+0000] {processor.py:826} INFO - Processing file /home/airflow/.local/lib/python3.7/site-packages/airflow/example_dags/example_sla_dag.py for tasks to queue
[2023-06-05T20:17:33.135+0000] {logging_mixin.py:149} INFO - [2023-06-05T20:17:33.135+0000] {dagbag.py:541} INFO - Filling up the DagBag from /home/airflow/.local/lib/python3.7/site-packages/airflow/example_dags/example_sla_dag.py
[2023-06-05T20:17:33.141+0000] {processor.py:836} INFO - DAG(s) dict_keys(['example_sla_dag']) retrieved from /home/airflow/.local/lib/python3.7/site-packages/airflow/example_dags/example_sla_dag.py
[2023-06-05T20:17:33.159+0000] {logging_mixin.py:149} INFO - [2023-06-05T20:17:33.159+0000] {dag.py:2726} INFO - Sync 1 DAGs
[2023-06-05T20:17:33.183+0000] {logging_mixin.py:149} INFO - [2023-06-05T20:17:33.183+0000] {dag.py:3490} INFO - Setting next_dagrun for example_sla_dag to 2023-06-05T20:14:00+00:00, run_after=2023-06-05T20:16:00+00:00
[2023-06-05T20:17:33.198+0000] {processor.py:179} INFO - Processing /home/airflow/.local/lib/python3.7/site-packages/airflow/example_dags/example_sla_dag.py took 0.066 seconds
[2023-06-05T20:18:03.574+0000] {processor.py:157} INFO - Started process (PID=894) to work on /home/airflow/.local/lib/python3.7/site-packages/airflow/example_dags/example_sla_dag.py
[2023-06-05T20:18:03.575+0000] {processor.py:826} INFO - Processing file /home/airflow/.local/lib/python3.7/site-packages/airflow/example_dags/example_sla_dag.py for tasks to queue
[2023-06-05T20:18:03.575+0000] {logging_mixin.py:149} INFO - [2023-06-05T20:18:03.575+0000] {dagbag.py:541} INFO - Filling up the DagBag from /home/airflow/.local/lib/python3.7/site-packages/airflow/example_dags/example_sla_dag.py
[2023-06-05T20:18:03.582+0000] {processor.py:836} INFO - DAG(s) dict_keys(['example_sla_dag']) retrieved from /home/airflow/.local/lib/python3.7/site-packages/airflow/example_dags/example_sla_dag.py
[2023-06-05T20:18:03.613+0000] {logging_mixin.py:149} INFO - [2023-06-05T20:18:03.613+0000] {dag.py:2726} INFO - Sync 1 DAGs
[2023-06-05T20:18:03.640+0000] {logging_mixin.py:149} INFO - [2023-06-05T20:18:03.639+0000] {dag.py:3490} INFO - Setting next_dagrun for example_sla_dag to 2023-06-05T20:16:00+00:00, run_after=2023-06-05T20:18:00+00:00
[2023-06-05T20:18:03.655+0000] {processor.py:179} INFO - Processing /home/airflow/.local/lib/python3.7/site-packages/airflow/example_dags/example_sla_dag.py took 0.084 seconds
[2023-06-05T20:18:34.022+0000] {processor.py:157} INFO - Started process (PID=962) to work on /home/airflow/.local/lib/python3.7/site-packages/airflow/example_dags/example_sla_dag.py
[2023-06-05T20:18:34.022+0000] {processor.py:826} INFO - Processing file /home/airflow/.local/lib/python3.7/site-packages/airflow/example_dags/example_sla_dag.py for tasks to queue
[2023-06-05T20:18:34.023+0000] {logging_mixin.py:149} INFO - [2023-06-05T20:18:34.023+0000] {dagbag.py:541} INFO - Filling up the DagBag from /home/airflow/.local/lib/python3.7/site-packages/airflow/example_dags/example_sla_dag.py
[2023-06-05T20:18:34.032+0000] {processor.py:836} INFO - DAG(s) dict_keys(['example_sla_dag']) retrieved from /home/airflow/.local/lib/python3.7/site-packages/airflow/example_dags/example_sla_dag.py
[2023-06-05T20:18:34.059+0000] {logging_mixin.py:149} INFO - [2023-06-05T20:18:34.059+0000] {dag.py:2726} INFO - Sync 1 DAGs
[2023-06-05T20:18:34.099+0000] {logging_mixin.py:149} INFO - [2023-06-05T20:18:34.099+0000] {dag.py:3490} INFO - Setting next_dagrun for example_sla_dag to 2023-06-05T20:16:00+00:00, run_after=2023-06-05T20:18:00+00:00
[2023-06-05T20:18:34.132+0000] {processor.py:179} INFO - Processing /home/airflow/.local/lib/python3.7/site-packages/airflow/example_dags/example_sla_dag.py took 0.114 seconds
[2023-06-05T20:19:04.429+0000] {processor.py:157} INFO - Started process (PID=1030) to work on /home/airflow/.local/lib/python3.7/site-packages/airflow/example_dags/example_sla_dag.py
[2023-06-05T20:19:04.430+0000] {processor.py:826} INFO - Processing file /home/airflow/.local/lib/python3.7/site-packages/airflow/example_dags/example_sla_dag.py for tasks to queue
[2023-06-05T20:19:04.431+0000] {logging_mixin.py:149} INFO - [2023-06-05T20:19:04.431+0000] {dagbag.py:541} INFO - Filling up the DagBag from /home/airflow/.local/lib/python3.7/site-packages/airflow/example_dags/example_sla_dag.py
[2023-06-05T20:19:04.437+0000] {processor.py:836} INFO - DAG(s) dict_keys(['example_sla_dag']) retrieved from /home/airflow/.local/lib/python3.7/site-packages/airflow/example_dags/example_sla_dag.py
[2023-06-05T20:19:04.457+0000] {logging_mixin.py:149} INFO - [2023-06-05T20:19:04.457+0000] {dag.py:2726} INFO - Sync 1 DAGs
[2023-06-05T20:19:04.493+0000] {logging_mixin.py:149} INFO - [2023-06-05T20:19:04.492+0000] {dag.py:3490} INFO - Setting next_dagrun for example_sla_dag to 2023-06-05T20:16:00+00:00, run_after=2023-06-05T20:18:00+00:00
[2023-06-05T20:19:04.516+0000] {processor.py:179} INFO - Processing /home/airflow/.local/lib/python3.7/site-packages/airflow/example_dags/example_sla_dag.py took 0.089 seconds
[2023-06-05T20:19:34.795+0000] {processor.py:157} INFO - Started process (PID=1098) to work on /home/airflow/.local/lib/python3.7/site-packages/airflow/example_dags/example_sla_dag.py
[2023-06-05T20:19:34.796+0000] {processor.py:826} INFO - Processing file /home/airflow/.local/lib/python3.7/site-packages/airflow/example_dags/example_sla_dag.py for tasks to queue
[2023-06-05T20:19:34.797+0000] {logging_mixin.py:149} INFO - [2023-06-05T20:19:34.797+0000] {dagbag.py:541} INFO - Filling up the DagBag from /home/airflow/.local/lib/python3.7/site-packages/airflow/example_dags/example_sla_dag.py
[2023-06-05T20:19:34.810+0000] {processor.py:836} INFO - DAG(s) dict_keys(['example_sla_dag']) retrieved from /home/airflow/.local/lib/python3.7/site-packages/airflow/example_dags/example_sla_dag.py
[2023-06-05T20:19:34.851+0000] {logging_mixin.py:149} INFO - [2023-06-05T20:19:34.850+0000] {dag.py:2726} INFO - Sync 1 DAGs
[2023-06-05T20:19:34.885+0000] {logging_mixin.py:149} INFO - [2023-06-05T20:19:34.885+0000] {dag.py:3490} INFO - Setting next_dagrun for example_sla_dag to 2023-06-05T20:16:00+00:00, run_after=2023-06-05T20:18:00+00:00
[2023-06-05T20:19:34.907+0000] {processor.py:179} INFO - Processing /home/airflow/.local/lib/python3.7/site-packages/airflow/example_dags/example_sla_dag.py took 0.115 seconds
[2023-06-05T20:20:05.278+0000] {processor.py:157} INFO - Started process (PID=1166) to work on /home/airflow/.local/lib/python3.7/site-packages/airflow/example_dags/example_sla_dag.py
[2023-06-05T20:20:05.279+0000] {processor.py:826} INFO - Processing file /home/airflow/.local/lib/python3.7/site-packages/airflow/example_dags/example_sla_dag.py for tasks to queue
[2023-06-05T20:20:05.279+0000] {logging_mixin.py:149} INFO - [2023-06-05T20:20:05.279+0000] {dagbag.py:541} INFO - Filling up the DagBag from /home/airflow/.local/lib/python3.7/site-packages/airflow/example_dags/example_sla_dag.py
[2023-06-05T20:20:05.286+0000] {processor.py:836} INFO - DAG(s) dict_keys(['example_sla_dag']) retrieved from /home/airflow/.local/lib/python3.7/site-packages/airflow/example_dags/example_sla_dag.py
[2023-06-05T20:20:05.314+0000] {logging_mixin.py:149} INFO - [2023-06-05T20:20:05.313+0000] {dag.py:2726} INFO - Sync 1 DAGs
[2023-06-05T20:20:05.351+0000] {logging_mixin.py:149} INFO - [2023-06-05T20:20:05.351+0000] {dag.py:3490} INFO - Setting next_dagrun for example_sla_dag to 2023-06-05T20:18:00+00:00, run_after=2023-06-05T20:20:00+00:00
[2023-06-05T20:20:05.369+0000] {processor.py:179} INFO - Processing /home/airflow/.local/lib/python3.7/site-packages/airflow/example_dags/example_sla_dag.py took 0.093 seconds
[2023-06-05T20:20:35.628+0000] {processor.py:157} INFO - Started process (PID=1234) to work on /home/airflow/.local/lib/python3.7/site-packages/airflow/example_dags/example_sla_dag.py
[2023-06-05T20:20:35.629+0000] {processor.py:826} INFO - Processing file /home/airflow/.local/lib/python3.7/site-packages/airflow/example_dags/example_sla_dag.py for tasks to queue
[2023-06-05T20:20:35.629+0000] {logging_mixin.py:149} INFO - [2023-06-05T20:20:35.629+0000] {dagbag.py:541} INFO - Filling up the DagBag from /home/airflow/.local/lib/python3.7/site-packages/airflow/example_dags/example_sla_dag.py
[2023-06-05T20:20:35.636+0000] {processor.py:836} INFO - DAG(s) dict_keys(['example_sla_dag']) retrieved from /home/airflow/.local/lib/python3.7/site-packages/airflow/example_dags/example_sla_dag.py
[2023-06-05T20:20:35.657+0000] {logging_mixin.py:149} INFO - [2023-06-05T20:20:35.656+0000] {dag.py:2726} INFO - Sync 1 DAGs
[2023-06-05T20:20:35.680+0000] {logging_mixin.py:149} INFO - [2023-06-05T20:20:35.680+0000] {dag.py:3490} INFO - Setting next_dagrun for example_sla_dag to 2023-06-05T20:18:00+00:00, run_after=2023-06-05T20:20:00+00:00
[2023-06-05T20:20:35.695+0000] {processor.py:179} INFO - Processing /home/airflow/.local/lib/python3.7/site-packages/airflow/example_dags/example_sla_dag.py took 0.069 seconds
[2023-06-05T20:21:06.164+0000] {processor.py:157} INFO - Started process (PID=1302) to work on /home/airflow/.local/lib/python3.7/site-packages/airflow/example_dags/example_sla_dag.py
[2023-06-05T20:21:06.165+0000] {processor.py:826} INFO - Processing file /home/airflow/.local/lib/python3.7/site-packages/airflow/example_dags/example_sla_dag.py for tasks to queue
[2023-06-05T20:21:06.165+0000] {logging_mixin.py:149} INFO - [2023-06-05T20:21:06.165+0000] {dagbag.py:541} INFO - Filling up the DagBag from /home/airflow/.local/lib/python3.7/site-packages/airflow/example_dags/example_sla_dag.py
[2023-06-05T20:21:06.173+0000] {processor.py:836} INFO - DAG(s) dict_keys(['example_sla_dag']) retrieved from /home/airflow/.local/lib/python3.7/site-packages/airflow/example_dags/example_sla_dag.py
[2023-06-05T20:21:06.193+0000] {logging_mixin.py:149} INFO - [2023-06-05T20:21:06.193+0000] {dag.py:2726} INFO - Sync 1 DAGs
[2023-06-05T20:21:06.220+0000] {logging_mixin.py:149} INFO - [2023-06-05T20:21:06.220+0000] {dag.py:3490} INFO - Setting next_dagrun for example_sla_dag to 2023-06-05T20:18:00+00:00, run_after=2023-06-05T20:20:00+00:00
[2023-06-05T20:21:06.237+0000] {processor.py:179} INFO - Processing /home/airflow/.local/lib/python3.7/site-packages/airflow/example_dags/example_sla_dag.py took 0.075 seconds
[2023-06-05T20:21:36.703+0000] {processor.py:157} INFO - Started process (PID=1370) to work on /home/airflow/.local/lib/python3.7/site-packages/airflow/example_dags/example_sla_dag.py
[2023-06-05T20:21:36.705+0000] {processor.py:826} INFO - Processing file /home/airflow/.local/lib/python3.7/site-packages/airflow/example_dags/example_sla_dag.py for tasks to queue
[2023-06-05T20:21:36.705+0000] {logging_mixin.py:149} INFO - [2023-06-05T20:21:36.705+0000] {dagbag.py:541} INFO - Filling up the DagBag from /home/airflow/.local/lib/python3.7/site-packages/airflow/example_dags/example_sla_dag.py
[2023-06-05T20:21:36.714+0000] {processor.py:836} INFO - DAG(s) dict_keys(['example_sla_dag']) retrieved from /home/airflow/.local/lib/python3.7/site-packages/airflow/example_dags/example_sla_dag.py
[2023-06-05T20:21:36.738+0000] {logging_mixin.py:149} INFO - [2023-06-05T20:21:36.737+0000] {dag.py:2726} INFO - Sync 1 DAGs
[2023-06-05T20:21:36.764+0000] {logging_mixin.py:149} INFO - [2023-06-05T20:21:36.763+0000] {dag.py:3490} INFO - Setting next_dagrun for example_sla_dag to 2023-06-05T20:18:00+00:00, run_after=2023-06-05T20:20:00+00:00
[2023-06-05T20:21:36.780+0000] {processor.py:179} INFO - Processing /home/airflow/.local/lib/python3.7/site-packages/airflow/example_dags/example_sla_dag.py took 0.079 seconds
[2023-06-05T20:22:07.468+0000] {processor.py:157} INFO - Started process (PID=1438) to work on /home/airflow/.local/lib/python3.7/site-packages/airflow/example_dags/example_sla_dag.py
[2023-06-05T20:22:07.468+0000] {processor.py:826} INFO - Processing file /home/airflow/.local/lib/python3.7/site-packages/airflow/example_dags/example_sla_dag.py for tasks to queue
[2023-06-05T20:22:07.469+0000] {logging_mixin.py:149} INFO - [2023-06-05T20:22:07.469+0000] {dagbag.py:541} INFO - Filling up the DagBag from /home/airflow/.local/lib/python3.7/site-packages/airflow/example_dags/example_sla_dag.py
[2023-06-05T20:22:07.475+0000] {processor.py:836} INFO - DAG(s) dict_keys(['example_sla_dag']) retrieved from /home/airflow/.local/lib/python3.7/site-packages/airflow/example_dags/example_sla_dag.py
[2023-06-05T20:22:07.499+0000] {logging_mixin.py:149} INFO - [2023-06-05T20:22:07.499+0000] {dag.py:2726} INFO - Sync 1 DAGs
[2023-06-05T20:22:07.531+0000] {logging_mixin.py:149} INFO - [2023-06-05T20:22:07.531+0000] {dag.py:3490} INFO - Setting next_dagrun for example_sla_dag to 2023-06-05T20:20:00+00:00, run_after=2023-06-05T20:22:00+00:00
[2023-06-05T20:22:07.547+0000] {processor.py:179} INFO - Processing /home/airflow/.local/lib/python3.7/site-packages/airflow/example_dags/example_sla_dag.py took 0.082 seconds
