[2023-06-05T20:11:54.033+0000] {processor.py:157} INFO - Started process (PID=86) to work on /home/airflow/.local/lib/python3.7/site-packages/airflow/example_dags/example_xcomargs.py
[2023-06-05T20:11:54.033+0000] {processor.py:826} INFO - Processing file /home/airflow/.local/lib/python3.7/site-packages/airflow/example_dags/example_xcomargs.py for tasks to queue
[2023-06-05T20:11:54.034+0000] {logging_mixin.py:149} INFO - [2023-06-05T20:11:54.034+0000] {dagbag.py:541} INFO - Filling up the DagBag from /home/airflow/.local/lib/python3.7/site-packages/airflow/example_dags/example_xcomargs.py
[2023-06-05T20:11:54.040+0000] {processor.py:836} INFO - DAG(s) dict_keys(['example_xcom_args_with_operators', 'example_xcom_args']) retrieved from /home/airflow/.local/lib/python3.7/site-packages/airflow/example_dags/example_xcomargs.py
[2023-06-05T20:11:54.053+0000] {logging_mixin.py:149} INFO - [2023-06-05T20:11:54.053+0000] {dag.py:2726} INFO - Sync 2 DAGs
[2023-06-05T20:11:54.085+0000] {logging_mixin.py:149} INFO - [2023-06-05T20:11:54.085+0000] {dag.py:3490} INFO - Setting next_dagrun for example_xcom_args to None, run_after=None
[2023-06-05T20:11:54.089+0000] {logging_mixin.py:149} INFO - [2023-06-05T20:11:54.088+0000] {dag.py:3490} INFO - Setting next_dagrun for example_xcom_args_with_operators to None, run_after=None
[2023-06-05T20:11:54.113+0000] {processor.py:179} INFO - Processing /home/airflow/.local/lib/python3.7/site-packages/airflow/example_dags/example_xcomargs.py took 0.082 seconds
[2023-06-05T20:12:25.450+0000] {processor.py:157} INFO - Started process (PID=154) to work on /home/airflow/.local/lib/python3.7/site-packages/airflow/example_dags/example_xcomargs.py
[2023-06-05T20:12:25.451+0000] {processor.py:826} INFO - Processing file /home/airflow/.local/lib/python3.7/site-packages/airflow/example_dags/example_xcomargs.py for tasks to queue
[2023-06-05T20:12:25.452+0000] {logging_mixin.py:149} INFO - [2023-06-05T20:12:25.452+0000] {dagbag.py:541} INFO - Filling up the DagBag from /home/airflow/.local/lib/python3.7/site-packages/airflow/example_dags/example_xcomargs.py
[2023-06-05T20:12:25.463+0000] {processor.py:836} INFO - DAG(s) dict_keys(['example_xcom_args', 'example_xcom_args_with_operators']) retrieved from /home/airflow/.local/lib/python3.7/site-packages/airflow/example_dags/example_xcomargs.py
[2023-06-05T20:12:25.487+0000] {logging_mixin.py:149} INFO - [2023-06-05T20:12:25.487+0000] {dag.py:2726} INFO - Sync 2 DAGs
[2023-06-05T20:12:25.516+0000] {logging_mixin.py:149} INFO - [2023-06-05T20:12:25.516+0000] {dag.py:3490} INFO - Setting next_dagrun for example_xcom_args to None, run_after=None
[2023-06-05T20:12:25.521+0000] {logging_mixin.py:149} INFO - [2023-06-05T20:12:25.520+0000] {dag.py:3490} INFO - Setting next_dagrun for example_xcom_args_with_operators to None, run_after=None
[2023-06-05T20:12:25.547+0000] {processor.py:179} INFO - Processing /home/airflow/.local/lib/python3.7/site-packages/airflow/example_dags/example_xcomargs.py took 0.101 seconds
[2023-06-05T20:12:56.444+0000] {processor.py:157} INFO - Started process (PID=222) to work on /home/airflow/.local/lib/python3.7/site-packages/airflow/example_dags/example_xcomargs.py
[2023-06-05T20:12:56.444+0000] {processor.py:826} INFO - Processing file /home/airflow/.local/lib/python3.7/site-packages/airflow/example_dags/example_xcomargs.py for tasks to queue
[2023-06-05T20:12:56.445+0000] {logging_mixin.py:149} INFO - [2023-06-05T20:12:56.445+0000] {dagbag.py:541} INFO - Filling up the DagBag from /home/airflow/.local/lib/python3.7/site-packages/airflow/example_dags/example_xcomargs.py
[2023-06-05T20:12:56.451+0000] {processor.py:836} INFO - DAG(s) dict_keys(['example_xcom_args_with_operators', 'example_xcom_args']) retrieved from /home/airflow/.local/lib/python3.7/site-packages/airflow/example_dags/example_xcomargs.py
[2023-06-05T20:12:56.476+0000] {logging_mixin.py:149} INFO - [2023-06-05T20:12:56.476+0000] {dag.py:2726} INFO - Sync 2 DAGs
[2023-06-05T20:12:56.500+0000] {logging_mixin.py:149} INFO - [2023-06-05T20:12:56.500+0000] {dag.py:3490} INFO - Setting next_dagrun for example_xcom_args to None, run_after=None
[2023-06-05T20:12:56.505+0000] {logging_mixin.py:149} INFO - [2023-06-05T20:12:56.505+0000] {dag.py:3490} INFO - Setting next_dagrun for example_xcom_args_with_operators to None, run_after=None
[2023-06-05T20:12:56.530+0000] {processor.py:179} INFO - Processing /home/airflow/.local/lib/python3.7/site-packages/airflow/example_dags/example_xcomargs.py took 0.088 seconds
[2023-06-05T20:13:26.668+0000] {processor.py:157} INFO - Started process (PID=290) to work on /home/airflow/.local/lib/python3.7/site-packages/airflow/example_dags/example_xcomargs.py
[2023-06-05T20:13:26.669+0000] {processor.py:826} INFO - Processing file /home/airflow/.local/lib/python3.7/site-packages/airflow/example_dags/example_xcomargs.py for tasks to queue
[2023-06-05T20:13:26.670+0000] {logging_mixin.py:149} INFO - [2023-06-05T20:13:26.670+0000] {dagbag.py:541} INFO - Filling up the DagBag from /home/airflow/.local/lib/python3.7/site-packages/airflow/example_dags/example_xcomargs.py
[2023-06-05T20:13:26.676+0000] {processor.py:836} INFO - DAG(s) dict_keys(['example_xcom_args_with_operators', 'example_xcom_args']) retrieved from /home/airflow/.local/lib/python3.7/site-packages/airflow/example_dags/example_xcomargs.py
[2023-06-05T20:13:26.703+0000] {logging_mixin.py:149} INFO - [2023-06-05T20:13:26.702+0000] {dag.py:2726} INFO - Sync 2 DAGs
[2023-06-05T20:13:26.730+0000] {logging_mixin.py:149} INFO - [2023-06-05T20:13:26.730+0000] {dag.py:3490} INFO - Setting next_dagrun for example_xcom_args to None, run_after=None
[2023-06-05T20:13:26.733+0000] {logging_mixin.py:149} INFO - [2023-06-05T20:13:26.733+0000] {dag.py:3490} INFO - Setting next_dagrun for example_xcom_args_with_operators to None, run_after=None
[2023-06-05T20:13:26.749+0000] {processor.py:179} INFO - Processing /home/airflow/.local/lib/python3.7/site-packages/airflow/example_dags/example_xcomargs.py took 0.083 seconds
[2023-06-05T20:13:57.798+0000] {processor.py:157} INFO - Started process (PID=358) to work on /home/airflow/.local/lib/python3.7/site-packages/airflow/example_dags/example_xcomargs.py
[2023-06-05T20:13:57.799+0000] {processor.py:826} INFO - Processing file /home/airflow/.local/lib/python3.7/site-packages/airflow/example_dags/example_xcomargs.py for tasks to queue
[2023-06-05T20:13:57.800+0000] {logging_mixin.py:149} INFO - [2023-06-05T20:13:57.800+0000] {dagbag.py:541} INFO - Filling up the DagBag from /home/airflow/.local/lib/python3.7/site-packages/airflow/example_dags/example_xcomargs.py
[2023-06-05T20:13:57.808+0000] {processor.py:836} INFO - DAG(s) dict_keys(['example_xcom_args', 'example_xcom_args_with_operators']) retrieved from /home/airflow/.local/lib/python3.7/site-packages/airflow/example_dags/example_xcomargs.py
[2023-06-05T20:13:57.847+0000] {logging_mixin.py:149} INFO - [2023-06-05T20:13:57.847+0000] {dag.py:2726} INFO - Sync 2 DAGs
[2023-06-05T20:13:57.872+0000] {logging_mixin.py:149} INFO - [2023-06-05T20:13:57.872+0000] {dag.py:3490} INFO - Setting next_dagrun for example_xcom_args to None, run_after=None
[2023-06-05T20:13:57.875+0000] {logging_mixin.py:149} INFO - [2023-06-05T20:13:57.875+0000] {dag.py:3490} INFO - Setting next_dagrun for example_xcom_args_with_operators to None, run_after=None
[2023-06-05T20:13:57.889+0000] {processor.py:179} INFO - Processing /home/airflow/.local/lib/python3.7/site-packages/airflow/example_dags/example_xcomargs.py took 0.094 seconds
[2023-06-05T20:14:28.359+0000] {processor.py:157} INFO - Started process (PID=426) to work on /home/airflow/.local/lib/python3.7/site-packages/airflow/example_dags/example_xcomargs.py
[2023-06-05T20:14:28.360+0000] {processor.py:826} INFO - Processing file /home/airflow/.local/lib/python3.7/site-packages/airflow/example_dags/example_xcomargs.py for tasks to queue
[2023-06-05T20:14:28.361+0000] {logging_mixin.py:149} INFO - [2023-06-05T20:14:28.360+0000] {dagbag.py:541} INFO - Filling up the DagBag from /home/airflow/.local/lib/python3.7/site-packages/airflow/example_dags/example_xcomargs.py
[2023-06-05T20:14:28.367+0000] {processor.py:836} INFO - DAG(s) dict_keys(['example_xcom_args_with_operators', 'example_xcom_args']) retrieved from /home/airflow/.local/lib/python3.7/site-packages/airflow/example_dags/example_xcomargs.py
[2023-06-05T20:14:28.390+0000] {logging_mixin.py:149} INFO - [2023-06-05T20:14:28.390+0000] {dag.py:2726} INFO - Sync 2 DAGs
[2023-06-05T20:14:28.432+0000] {logging_mixin.py:149} INFO - [2023-06-05T20:14:28.432+0000] {dag.py:3490} INFO - Setting next_dagrun for example_xcom_args to None, run_after=None
[2023-06-05T20:14:28.442+0000] {logging_mixin.py:149} INFO - [2023-06-05T20:14:28.441+0000] {dag.py:3490} INFO - Setting next_dagrun for example_xcom_args_with_operators to None, run_after=None
[2023-06-05T20:14:28.464+0000] {processor.py:179} INFO - Processing /home/airflow/.local/lib/python3.7/site-packages/airflow/example_dags/example_xcomargs.py took 0.108 seconds
[2023-06-05T20:14:59.311+0000] {processor.py:157} INFO - Started process (PID=494) to work on /home/airflow/.local/lib/python3.7/site-packages/airflow/example_dags/example_xcomargs.py
[2023-06-05T20:14:59.312+0000] {processor.py:826} INFO - Processing file /home/airflow/.local/lib/python3.7/site-packages/airflow/example_dags/example_xcomargs.py for tasks to queue
[2023-06-05T20:14:59.313+0000] {logging_mixin.py:149} INFO - [2023-06-05T20:14:59.313+0000] {dagbag.py:541} INFO - Filling up the DagBag from /home/airflow/.local/lib/python3.7/site-packages/airflow/example_dags/example_xcomargs.py
[2023-06-05T20:14:59.322+0000] {processor.py:836} INFO - DAG(s) dict_keys(['example_xcom_args', 'example_xcom_args_with_operators']) retrieved from /home/airflow/.local/lib/python3.7/site-packages/airflow/example_dags/example_xcomargs.py
[2023-06-05T20:14:59.362+0000] {logging_mixin.py:149} INFO - [2023-06-05T20:14:59.362+0000] {dag.py:2726} INFO - Sync 2 DAGs
[2023-06-05T20:14:59.390+0000] {logging_mixin.py:149} INFO - [2023-06-05T20:14:59.390+0000] {dag.py:3490} INFO - Setting next_dagrun for example_xcom_args to None, run_after=None
[2023-06-05T20:14:59.393+0000] {logging_mixin.py:149} INFO - [2023-06-05T20:14:59.393+0000] {dag.py:3490} INFO - Setting next_dagrun for example_xcom_args_with_operators to None, run_after=None
[2023-06-05T20:14:59.413+0000] {processor.py:179} INFO - Processing /home/airflow/.local/lib/python3.7/site-packages/airflow/example_dags/example_xcomargs.py took 0.106 seconds
[2023-06-05T20:15:30.750+0000] {processor.py:157} INFO - Started process (PID=562) to work on /home/airflow/.local/lib/python3.7/site-packages/airflow/example_dags/example_xcomargs.py
[2023-06-05T20:15:30.751+0000] {processor.py:826} INFO - Processing file /home/airflow/.local/lib/python3.7/site-packages/airflow/example_dags/example_xcomargs.py for tasks to queue
[2023-06-05T20:15:30.752+0000] {logging_mixin.py:149} INFO - [2023-06-05T20:15:30.751+0000] {dagbag.py:541} INFO - Filling up the DagBag from /home/airflow/.local/lib/python3.7/site-packages/airflow/example_dags/example_xcomargs.py
[2023-06-05T20:15:30.761+0000] {processor.py:836} INFO - DAG(s) dict_keys(['example_xcom_args', 'example_xcom_args_with_operators']) retrieved from /home/airflow/.local/lib/python3.7/site-packages/airflow/example_dags/example_xcomargs.py
[2023-06-05T20:15:30.788+0000] {logging_mixin.py:149} INFO - [2023-06-05T20:15:30.788+0000] {dag.py:2726} INFO - Sync 2 DAGs
[2023-06-05T20:15:30.822+0000] {logging_mixin.py:149} INFO - [2023-06-05T20:15:30.821+0000] {dag.py:3490} INFO - Setting next_dagrun for example_xcom_args to None, run_after=None
[2023-06-05T20:15:30.826+0000] {logging_mixin.py:149} INFO - [2023-06-05T20:15:30.826+0000] {dag.py:3490} INFO - Setting next_dagrun for example_xcom_args_with_operators to None, run_after=None
[2023-06-05T20:15:30.851+0000] {processor.py:179} INFO - Processing /home/airflow/.local/lib/python3.7/site-packages/airflow/example_dags/example_xcomargs.py took 0.105 seconds
[2023-06-05T20:16:01.774+0000] {processor.py:157} INFO - Started process (PID=630) to work on /home/airflow/.local/lib/python3.7/site-packages/airflow/example_dags/example_xcomargs.py
[2023-06-05T20:16:01.775+0000] {processor.py:826} INFO - Processing file /home/airflow/.local/lib/python3.7/site-packages/airflow/example_dags/example_xcomargs.py for tasks to queue
[2023-06-05T20:16:01.775+0000] {logging_mixin.py:149} INFO - [2023-06-05T20:16:01.775+0000] {dagbag.py:541} INFO - Filling up the DagBag from /home/airflow/.local/lib/python3.7/site-packages/airflow/example_dags/example_xcomargs.py
[2023-06-05T20:16:01.783+0000] {processor.py:836} INFO - DAG(s) dict_keys(['example_xcom_args', 'example_xcom_args_with_operators']) retrieved from /home/airflow/.local/lib/python3.7/site-packages/airflow/example_dags/example_xcomargs.py
[2023-06-05T20:16:01.820+0000] {logging_mixin.py:149} INFO - [2023-06-05T20:16:01.820+0000] {dag.py:2726} INFO - Sync 2 DAGs
[2023-06-05T20:16:01.847+0000] {logging_mixin.py:149} INFO - [2023-06-05T20:16:01.847+0000] {dag.py:3490} INFO - Setting next_dagrun for example_xcom_args to None, run_after=None
[2023-06-05T20:16:01.850+0000] {logging_mixin.py:149} INFO - [2023-06-05T20:16:01.850+0000] {dag.py:3490} INFO - Setting next_dagrun for example_xcom_args_with_operators to None, run_after=None
[2023-06-05T20:16:01.866+0000] {processor.py:179} INFO - Processing /home/airflow/.local/lib/python3.7/site-packages/airflow/example_dags/example_xcomargs.py took 0.095 seconds
[2023-06-05T20:16:32.465+0000] {processor.py:157} INFO - Started process (PID=698) to work on /home/airflow/.local/lib/python3.7/site-packages/airflow/example_dags/example_xcomargs.py
[2023-06-05T20:16:32.467+0000] {processor.py:826} INFO - Processing file /home/airflow/.local/lib/python3.7/site-packages/airflow/example_dags/example_xcomargs.py for tasks to queue
[2023-06-05T20:16:32.468+0000] {logging_mixin.py:149} INFO - [2023-06-05T20:16:32.468+0000] {dagbag.py:541} INFO - Filling up the DagBag from /home/airflow/.local/lib/python3.7/site-packages/airflow/example_dags/example_xcomargs.py
[2023-06-05T20:16:32.475+0000] {processor.py:836} INFO - DAG(s) dict_keys(['example_xcom_args_with_operators', 'example_xcom_args']) retrieved from /home/airflow/.local/lib/python3.7/site-packages/airflow/example_dags/example_xcomargs.py
[2023-06-05T20:16:32.510+0000] {logging_mixin.py:149} INFO - [2023-06-05T20:16:32.509+0000] {dag.py:2726} INFO - Sync 2 DAGs
[2023-06-05T20:16:32.547+0000] {logging_mixin.py:149} INFO - [2023-06-05T20:16:32.546+0000] {dag.py:3490} INFO - Setting next_dagrun for example_xcom_args to None, run_after=None
[2023-06-05T20:16:32.551+0000] {logging_mixin.py:149} INFO - [2023-06-05T20:16:32.551+0000] {dag.py:3490} INFO - Setting next_dagrun for example_xcom_args_with_operators to None, run_after=None
[2023-06-05T20:16:32.572+0000] {processor.py:179} INFO - Processing /home/airflow/.local/lib/python3.7/site-packages/airflow/example_dags/example_xcomargs.py took 0.110 seconds
[2023-06-05T20:17:02.599+0000] {processor.py:157} INFO - Started process (PID=766) to work on /home/airflow/.local/lib/python3.7/site-packages/airflow/example_dags/example_xcomargs.py
[2023-06-05T20:17:02.600+0000] {processor.py:826} INFO - Processing file /home/airflow/.local/lib/python3.7/site-packages/airflow/example_dags/example_xcomargs.py for tasks to queue
[2023-06-05T20:17:02.600+0000] {logging_mixin.py:149} INFO - [2023-06-05T20:17:02.600+0000] {dagbag.py:541} INFO - Filling up the DagBag from /home/airflow/.local/lib/python3.7/site-packages/airflow/example_dags/example_xcomargs.py
[2023-06-05T20:17:02.608+0000] {processor.py:836} INFO - DAG(s) dict_keys(['example_xcom_args_with_operators', 'example_xcom_args']) retrieved from /home/airflow/.local/lib/python3.7/site-packages/airflow/example_dags/example_xcomargs.py
[2023-06-05T20:17:02.642+0000] {logging_mixin.py:149} INFO - [2023-06-05T20:17:02.642+0000] {dag.py:2726} INFO - Sync 2 DAGs
[2023-06-05T20:17:02.665+0000] {logging_mixin.py:149} INFO - [2023-06-05T20:17:02.665+0000] {dag.py:3490} INFO - Setting next_dagrun for example_xcom_args to None, run_after=None
[2023-06-05T20:17:02.668+0000] {logging_mixin.py:149} INFO - [2023-06-05T20:17:02.668+0000] {dag.py:3490} INFO - Setting next_dagrun for example_xcom_args_with_operators to None, run_after=None
[2023-06-05T20:17:02.683+0000] {processor.py:179} INFO - Processing /home/airflow/.local/lib/python3.7/site-packages/airflow/example_dags/example_xcomargs.py took 0.086 seconds
[2023-06-05T20:17:33.574+0000] {processor.py:157} INFO - Started process (PID=834) to work on /home/airflow/.local/lib/python3.7/site-packages/airflow/example_dags/example_xcomargs.py
[2023-06-05T20:17:33.575+0000] {processor.py:826} INFO - Processing file /home/airflow/.local/lib/python3.7/site-packages/airflow/example_dags/example_xcomargs.py for tasks to queue
[2023-06-05T20:17:33.575+0000] {logging_mixin.py:149} INFO - [2023-06-05T20:17:33.575+0000] {dagbag.py:541} INFO - Filling up the DagBag from /home/airflow/.local/lib/python3.7/site-packages/airflow/example_dags/example_xcomargs.py
[2023-06-05T20:17:33.581+0000] {processor.py:836} INFO - DAG(s) dict_keys(['example_xcom_args_with_operators', 'example_xcom_args']) retrieved from /home/airflow/.local/lib/python3.7/site-packages/airflow/example_dags/example_xcomargs.py
[2023-06-05T20:17:33.604+0000] {logging_mixin.py:149} INFO - [2023-06-05T20:17:33.604+0000] {dag.py:2726} INFO - Sync 2 DAGs
[2023-06-05T20:17:33.626+0000] {logging_mixin.py:149} INFO - [2023-06-05T20:17:33.625+0000] {dag.py:3490} INFO - Setting next_dagrun for example_xcom_args to None, run_after=None
[2023-06-05T20:17:33.628+0000] {logging_mixin.py:149} INFO - [2023-06-05T20:17:33.628+0000] {dag.py:3490} INFO - Setting next_dagrun for example_xcom_args_with_operators to None, run_after=None
[2023-06-05T20:17:33.642+0000] {processor.py:179} INFO - Processing /home/airflow/.local/lib/python3.7/site-packages/airflow/example_dags/example_xcomargs.py took 0.070 seconds
[2023-06-05T20:18:04.059+0000] {processor.py:157} INFO - Started process (PID=902) to work on /home/airflow/.local/lib/python3.7/site-packages/airflow/example_dags/example_xcomargs.py
[2023-06-05T20:18:04.060+0000] {processor.py:826} INFO - Processing file /home/airflow/.local/lib/python3.7/site-packages/airflow/example_dags/example_xcomargs.py for tasks to queue
[2023-06-05T20:18:04.060+0000] {logging_mixin.py:149} INFO - [2023-06-05T20:18:04.060+0000] {dagbag.py:541} INFO - Filling up the DagBag from /home/airflow/.local/lib/python3.7/site-packages/airflow/example_dags/example_xcomargs.py
[2023-06-05T20:18:04.066+0000] {processor.py:836} INFO - DAG(s) dict_keys(['example_xcom_args', 'example_xcom_args_with_operators']) retrieved from /home/airflow/.local/lib/python3.7/site-packages/airflow/example_dags/example_xcomargs.py
[2023-06-05T20:18:04.088+0000] {logging_mixin.py:149} INFO - [2023-06-05T20:18:04.088+0000] {dag.py:2726} INFO - Sync 2 DAGs
[2023-06-05T20:18:04.124+0000] {logging_mixin.py:149} INFO - [2023-06-05T20:18:04.124+0000] {dag.py:3490} INFO - Setting next_dagrun for example_xcom_args to None, run_after=None
[2023-06-05T20:18:04.127+0000] {logging_mixin.py:149} INFO - [2023-06-05T20:18:04.127+0000] {dag.py:3490} INFO - Setting next_dagrun for example_xcom_args_with_operators to None, run_after=None
[2023-06-05T20:18:04.141+0000] {processor.py:179} INFO - Processing /home/airflow/.local/lib/python3.7/site-packages/airflow/example_dags/example_xcomargs.py took 0.085 seconds
[2023-06-05T20:18:34.462+0000] {processor.py:157} INFO - Started process (PID=970) to work on /home/airflow/.local/lib/python3.7/site-packages/airflow/example_dags/example_xcomargs.py
[2023-06-05T20:18:34.463+0000] {processor.py:826} INFO - Processing file /home/airflow/.local/lib/python3.7/site-packages/airflow/example_dags/example_xcomargs.py for tasks to queue
[2023-06-05T20:18:34.463+0000] {logging_mixin.py:149} INFO - [2023-06-05T20:18:34.463+0000] {dagbag.py:541} INFO - Filling up the DagBag from /home/airflow/.local/lib/python3.7/site-packages/airflow/example_dags/example_xcomargs.py
[2023-06-05T20:18:34.471+0000] {processor.py:836} INFO - DAG(s) dict_keys(['example_xcom_args', 'example_xcom_args_with_operators']) retrieved from /home/airflow/.local/lib/python3.7/site-packages/airflow/example_dags/example_xcomargs.py
[2023-06-05T20:18:34.503+0000] {logging_mixin.py:149} INFO - [2023-06-05T20:18:34.502+0000] {dag.py:2726} INFO - Sync 2 DAGs
[2023-06-05T20:18:34.534+0000] {logging_mixin.py:149} INFO - [2023-06-05T20:18:34.533+0000] {dag.py:3490} INFO - Setting next_dagrun for example_xcom_args to None, run_after=None
[2023-06-05T20:18:34.537+0000] {logging_mixin.py:149} INFO - [2023-06-05T20:18:34.537+0000] {dag.py:3490} INFO - Setting next_dagrun for example_xcom_args_with_operators to None, run_after=None
[2023-06-05T20:18:34.558+0000] {processor.py:179} INFO - Processing /home/airflow/.local/lib/python3.7/site-packages/airflow/example_dags/example_xcomargs.py took 0.098 seconds
[2023-06-05T20:19:04.871+0000] {processor.py:157} INFO - Started process (PID=1038) to work on /home/airflow/.local/lib/python3.7/site-packages/airflow/example_dags/example_xcomargs.py
[2023-06-05T20:19:04.872+0000] {processor.py:826} INFO - Processing file /home/airflow/.local/lib/python3.7/site-packages/airflow/example_dags/example_xcomargs.py for tasks to queue
[2023-06-05T20:19:04.873+0000] {logging_mixin.py:149} INFO - [2023-06-05T20:19:04.872+0000] {dagbag.py:541} INFO - Filling up the DagBag from /home/airflow/.local/lib/python3.7/site-packages/airflow/example_dags/example_xcomargs.py
[2023-06-05T20:19:04.881+0000] {processor.py:836} INFO - DAG(s) dict_keys(['example_xcom_args_with_operators', 'example_xcom_args']) retrieved from /home/airflow/.local/lib/python3.7/site-packages/airflow/example_dags/example_xcomargs.py
[2023-06-05T20:19:04.911+0000] {logging_mixin.py:149} INFO - [2023-06-05T20:19:04.911+0000] {dag.py:2726} INFO - Sync 2 DAGs
[2023-06-05T20:19:04.938+0000] {logging_mixin.py:149} INFO - [2023-06-05T20:19:04.938+0000] {dag.py:3490} INFO - Setting next_dagrun for example_xcom_args to None, run_after=None
[2023-06-05T20:19:04.941+0000] {logging_mixin.py:149} INFO - [2023-06-05T20:19:04.941+0000] {dag.py:3490} INFO - Setting next_dagrun for example_xcom_args_with_operators to None, run_after=None
[2023-06-05T20:19:04.959+0000] {processor.py:179} INFO - Processing /home/airflow/.local/lib/python3.7/site-packages/airflow/example_dags/example_xcomargs.py took 0.092 seconds
[2023-06-05T20:19:35.570+0000] {processor.py:157} INFO - Started process (PID=1106) to work on /home/airflow/.local/lib/python3.7/site-packages/airflow/example_dags/example_xcomargs.py
[2023-06-05T20:19:35.570+0000] {processor.py:826} INFO - Processing file /home/airflow/.local/lib/python3.7/site-packages/airflow/example_dags/example_xcomargs.py for tasks to queue
[2023-06-05T20:19:35.571+0000] {logging_mixin.py:149} INFO - [2023-06-05T20:19:35.571+0000] {dagbag.py:541} INFO - Filling up the DagBag from /home/airflow/.local/lib/python3.7/site-packages/airflow/example_dags/example_xcomargs.py
[2023-06-05T20:19:35.577+0000] {processor.py:836} INFO - DAG(s) dict_keys(['example_xcom_args_with_operators', 'example_xcom_args']) retrieved from /home/airflow/.local/lib/python3.7/site-packages/airflow/example_dags/example_xcomargs.py
[2023-06-05T20:19:35.627+0000] {logging_mixin.py:149} INFO - [2023-06-05T20:19:35.626+0000] {dag.py:2726} INFO - Sync 2 DAGs
[2023-06-05T20:19:35.665+0000] {logging_mixin.py:149} INFO - [2023-06-05T20:19:35.664+0000] {dag.py:3490} INFO - Setting next_dagrun for example_xcom_args to None, run_after=None
[2023-06-05T20:19:35.670+0000] {logging_mixin.py:149} INFO - [2023-06-05T20:19:35.669+0000] {dag.py:3490} INFO - Setting next_dagrun for example_xcom_args_with_operators to None, run_after=None
[2023-06-05T20:19:35.689+0000] {processor.py:179} INFO - Processing /home/airflow/.local/lib/python3.7/site-packages/airflow/example_dags/example_xcomargs.py took 0.122 seconds
[2023-06-05T20:20:06.058+0000] {processor.py:157} INFO - Started process (PID=1174) to work on /home/airflow/.local/lib/python3.7/site-packages/airflow/example_dags/example_xcomargs.py
[2023-06-05T20:20:06.059+0000] {processor.py:826} INFO - Processing file /home/airflow/.local/lib/python3.7/site-packages/airflow/example_dags/example_xcomargs.py for tasks to queue
[2023-06-05T20:20:06.060+0000] {logging_mixin.py:149} INFO - [2023-06-05T20:20:06.060+0000] {dagbag.py:541} INFO - Filling up the DagBag from /home/airflow/.local/lib/python3.7/site-packages/airflow/example_dags/example_xcomargs.py
[2023-06-05T20:20:06.066+0000] {processor.py:836} INFO - DAG(s) dict_keys(['example_xcom_args_with_operators', 'example_xcom_args']) retrieved from /home/airflow/.local/lib/python3.7/site-packages/airflow/example_dags/example_xcomargs.py
[2023-06-05T20:20:06.090+0000] {logging_mixin.py:149} INFO - [2023-06-05T20:20:06.090+0000] {dag.py:2726} INFO - Sync 2 DAGs
[2023-06-05T20:20:06.129+0000] {logging_mixin.py:149} INFO - [2023-06-05T20:20:06.128+0000] {dag.py:3490} INFO - Setting next_dagrun for example_xcom_args to None, run_after=None
[2023-06-05T20:20:06.134+0000] {logging_mixin.py:149} INFO - [2023-06-05T20:20:06.133+0000] {dag.py:3490} INFO - Setting next_dagrun for example_xcom_args_with_operators to None, run_after=None
[2023-06-05T20:20:06.158+0000] {processor.py:179} INFO - Processing /home/airflow/.local/lib/python3.7/site-packages/airflow/example_dags/example_xcomargs.py took 0.103 seconds
[2023-06-05T20:20:36.218+0000] {processor.py:157} INFO - Started process (PID=1242) to work on /home/airflow/.local/lib/python3.7/site-packages/airflow/example_dags/example_xcomargs.py
[2023-06-05T20:20:36.218+0000] {processor.py:826} INFO - Processing file /home/airflow/.local/lib/python3.7/site-packages/airflow/example_dags/example_xcomargs.py for tasks to queue
[2023-06-05T20:20:36.219+0000] {logging_mixin.py:149} INFO - [2023-06-05T20:20:36.219+0000] {dagbag.py:541} INFO - Filling up the DagBag from /home/airflow/.local/lib/python3.7/site-packages/airflow/example_dags/example_xcomargs.py
[2023-06-05T20:20:36.226+0000] {processor.py:836} INFO - DAG(s) dict_keys(['example_xcom_args_with_operators', 'example_xcom_args']) retrieved from /home/airflow/.local/lib/python3.7/site-packages/airflow/example_dags/example_xcomargs.py
[2023-06-05T20:20:36.252+0000] {logging_mixin.py:149} INFO - [2023-06-05T20:20:36.252+0000] {dag.py:2726} INFO - Sync 2 DAGs
[2023-06-05T20:20:36.274+0000] {logging_mixin.py:149} INFO - [2023-06-05T20:20:36.274+0000] {dag.py:3490} INFO - Setting next_dagrun for example_xcom_args to None, run_after=None
[2023-06-05T20:20:36.278+0000] {logging_mixin.py:149} INFO - [2023-06-05T20:20:36.278+0000] {dag.py:3490} INFO - Setting next_dagrun for example_xcom_args_with_operators to None, run_after=None
[2023-06-05T20:20:36.293+0000] {processor.py:179} INFO - Processing /home/airflow/.local/lib/python3.7/site-packages/airflow/example_dags/example_xcomargs.py took 0.078 seconds
[2023-06-05T20:21:06.696+0000] {processor.py:157} INFO - Started process (PID=1310) to work on /home/airflow/.local/lib/python3.7/site-packages/airflow/example_dags/example_xcomargs.py
[2023-06-05T20:21:06.697+0000] {processor.py:826} INFO - Processing file /home/airflow/.local/lib/python3.7/site-packages/airflow/example_dags/example_xcomargs.py for tasks to queue
[2023-06-05T20:21:06.697+0000] {logging_mixin.py:149} INFO - [2023-06-05T20:21:06.697+0000] {dagbag.py:541} INFO - Filling up the DagBag from /home/airflow/.local/lib/python3.7/site-packages/airflow/example_dags/example_xcomargs.py
[2023-06-05T20:21:06.704+0000] {processor.py:836} INFO - DAG(s) dict_keys(['example_xcom_args_with_operators', 'example_xcom_args']) retrieved from /home/airflow/.local/lib/python3.7/site-packages/airflow/example_dags/example_xcomargs.py
[2023-06-05T20:21:06.731+0000] {logging_mixin.py:149} INFO - [2023-06-05T20:21:06.731+0000] {dag.py:2726} INFO - Sync 2 DAGs
[2023-06-05T20:21:06.756+0000] {logging_mixin.py:149} INFO - [2023-06-05T20:21:06.756+0000] {dag.py:3490} INFO - Setting next_dagrun for example_xcom_args to None, run_after=None
[2023-06-05T20:21:06.759+0000] {logging_mixin.py:149} INFO - [2023-06-05T20:21:06.759+0000] {dag.py:3490} INFO - Setting next_dagrun for example_xcom_args_with_operators to None, run_after=None
[2023-06-05T20:21:06.774+0000] {processor.py:179} INFO - Processing /home/airflow/.local/lib/python3.7/site-packages/airflow/example_dags/example_xcomargs.py took 0.080 seconds
[2023-06-05T20:21:37.219+0000] {processor.py:157} INFO - Started process (PID=1378) to work on /home/airflow/.local/lib/python3.7/site-packages/airflow/example_dags/example_xcomargs.py
[2023-06-05T20:21:37.220+0000] {processor.py:826} INFO - Processing file /home/airflow/.local/lib/python3.7/site-packages/airflow/example_dags/example_xcomargs.py for tasks to queue
[2023-06-05T20:21:37.221+0000] {logging_mixin.py:149} INFO - [2023-06-05T20:21:37.221+0000] {dagbag.py:541} INFO - Filling up the DagBag from /home/airflow/.local/lib/python3.7/site-packages/airflow/example_dags/example_xcomargs.py
[2023-06-05T20:21:37.227+0000] {processor.py:836} INFO - DAG(s) dict_keys(['example_xcom_args_with_operators', 'example_xcom_args']) retrieved from /home/airflow/.local/lib/python3.7/site-packages/airflow/example_dags/example_xcomargs.py
[2023-06-05T20:21:37.252+0000] {logging_mixin.py:149} INFO - [2023-06-05T20:21:37.252+0000] {dag.py:2726} INFO - Sync 2 DAGs
[2023-06-05T20:21:37.275+0000] {logging_mixin.py:149} INFO - [2023-06-05T20:21:37.275+0000] {dag.py:3490} INFO - Setting next_dagrun for example_xcom_args to None, run_after=None
[2023-06-05T20:21:37.278+0000] {logging_mixin.py:149} INFO - [2023-06-05T20:21:37.278+0000] {dag.py:3490} INFO - Setting next_dagrun for example_xcom_args_with_operators to None, run_after=None
[2023-06-05T20:21:37.294+0000] {processor.py:179} INFO - Processing /home/airflow/.local/lib/python3.7/site-packages/airflow/example_dags/example_xcomargs.py took 0.078 seconds
[2023-06-05T20:22:07.984+0000] {processor.py:157} INFO - Started process (PID=1446) to work on /home/airflow/.local/lib/python3.7/site-packages/airflow/example_dags/example_xcomargs.py
[2023-06-05T20:22:07.985+0000] {processor.py:826} INFO - Processing file /home/airflow/.local/lib/python3.7/site-packages/airflow/example_dags/example_xcomargs.py for tasks to queue
[2023-06-05T20:22:07.986+0000] {logging_mixin.py:149} INFO - [2023-06-05T20:22:07.985+0000] {dagbag.py:541} INFO - Filling up the DagBag from /home/airflow/.local/lib/python3.7/site-packages/airflow/example_dags/example_xcomargs.py
[2023-06-05T20:22:07.992+0000] {processor.py:836} INFO - DAG(s) dict_keys(['example_xcom_args', 'example_xcom_args_with_operators']) retrieved from /home/airflow/.local/lib/python3.7/site-packages/airflow/example_dags/example_xcomargs.py
[2023-06-05T20:22:08.032+0000] {logging_mixin.py:149} INFO - [2023-06-05T20:22:08.032+0000] {dag.py:2726} INFO - Sync 2 DAGs
[2023-06-05T20:22:08.058+0000] {logging_mixin.py:149} INFO - [2023-06-05T20:22:08.058+0000] {dag.py:3490} INFO - Setting next_dagrun for example_xcom_args to None, run_after=None
[2023-06-05T20:22:08.061+0000] {logging_mixin.py:149} INFO - [2023-06-05T20:22:08.061+0000] {dag.py:3490} INFO - Setting next_dagrun for example_xcom_args_with_operators to None, run_after=None
[2023-06-05T20:22:08.077+0000] {processor.py:179} INFO - Processing /home/airflow/.local/lib/python3.7/site-packages/airflow/example_dags/example_xcomargs.py took 0.095 seconds
