[2023-06-05T20:11:50.905+0000] {processor.py:157} INFO - Started process (PID=54) to work on /home/airflow/.local/lib/python3.7/site-packages/airflow/example_dags/example_branch_operator.py
[2023-06-05T20:11:50.906+0000] {processor.py:826} INFO - Processing file /home/airflow/.local/lib/python3.7/site-packages/airflow/example_dags/example_branch_operator.py for tasks to queue
[2023-06-05T20:11:50.906+0000] {logging_mixin.py:149} INFO - [2023-06-05T20:11:50.906+0000] {dagbag.py:541} INFO - Filling up the DagBag from /home/airflow/.local/lib/python3.7/site-packages/airflow/example_dags/example_branch_operator.py
[2023-06-05T20:11:51.087+0000] {processor.py:836} INFO - DAG(s) dict_keys(['example_branch_operator']) retrieved from /home/airflow/.local/lib/python3.7/site-packages/airflow/example_dags/example_branch_operator.py
[2023-06-05T20:11:51.097+0000] {logging_mixin.py:149} INFO - [2023-06-05T20:11:51.097+0000] {dag.py:2726} INFO - Sync 1 DAGs
[2023-06-05T20:11:51.125+0000] {logging_mixin.py:149} INFO - [2023-06-05T20:11:51.125+0000] {dag.py:3490} INFO - Setting next_dagrun for example_branch_operator to 2023-06-04T00:00:00+00:00, run_after=2023-06-05T00:00:00+00:00
[2023-06-05T20:11:51.144+0000] {processor.py:179} INFO - Processing /home/airflow/.local/lib/python3.7/site-packages/airflow/example_dags/example_branch_operator.py took 0.241 seconds
[2023-06-05T20:12:21.909+0000] {processor.py:157} INFO - Started process (PID=122) to work on /home/airflow/.local/lib/python3.7/site-packages/airflow/example_dags/example_branch_operator.py
[2023-06-05T20:12:21.910+0000] {processor.py:826} INFO - Processing file /home/airflow/.local/lib/python3.7/site-packages/airflow/example_dags/example_branch_operator.py for tasks to queue
[2023-06-05T20:12:21.911+0000] {logging_mixin.py:149} INFO - [2023-06-05T20:12:21.911+0000] {dagbag.py:541} INFO - Filling up the DagBag from /home/airflow/.local/lib/python3.7/site-packages/airflow/example_dags/example_branch_operator.py
[2023-06-05T20:12:21.922+0000] {processor.py:836} INFO - DAG(s) dict_keys(['example_branch_operator']) retrieved from /home/airflow/.local/lib/python3.7/site-packages/airflow/example_dags/example_branch_operator.py
[2023-06-05T20:12:21.959+0000] {logging_mixin.py:149} INFO - [2023-06-05T20:12:21.958+0000] {dag.py:2726} INFO - Sync 1 DAGs
[2023-06-05T20:12:21.994+0000] {logging_mixin.py:149} INFO - [2023-06-05T20:12:21.994+0000] {dag.py:3490} INFO - Setting next_dagrun for example_branch_operator to 2023-06-04T00:00:00+00:00, run_after=2023-06-05T00:00:00+00:00
[2023-06-05T20:12:22.020+0000] {processor.py:179} INFO - Processing /home/airflow/.local/lib/python3.7/site-packages/airflow/example_dags/example_branch_operator.py took 0.114 seconds
[2023-06-05T20:12:52.226+0000] {processor.py:157} INFO - Started process (PID=190) to work on /home/airflow/.local/lib/python3.7/site-packages/airflow/example_dags/example_branch_operator.py
[2023-06-05T20:12:52.227+0000] {processor.py:826} INFO - Processing file /home/airflow/.local/lib/python3.7/site-packages/airflow/example_dags/example_branch_operator.py for tasks to queue
[2023-06-05T20:12:52.227+0000] {logging_mixin.py:149} INFO - [2023-06-05T20:12:52.227+0000] {dagbag.py:541} INFO - Filling up the DagBag from /home/airflow/.local/lib/python3.7/site-packages/airflow/example_dags/example_branch_operator.py
[2023-06-05T20:12:52.236+0000] {processor.py:836} INFO - DAG(s) dict_keys(['example_branch_operator']) retrieved from /home/airflow/.local/lib/python3.7/site-packages/airflow/example_dags/example_branch_operator.py
[2023-06-05T20:12:52.260+0000] {logging_mixin.py:149} INFO - [2023-06-05T20:12:52.260+0000] {dag.py:2726} INFO - Sync 1 DAGs
[2023-06-05T20:12:52.283+0000] {logging_mixin.py:149} INFO - [2023-06-05T20:12:52.283+0000] {dag.py:3490} INFO - Setting next_dagrun for example_branch_operator to 2023-06-04T00:00:00+00:00, run_after=2023-06-05T00:00:00+00:00
[2023-06-05T20:12:52.306+0000] {processor.py:179} INFO - Processing /home/airflow/.local/lib/python3.7/site-packages/airflow/example_dags/example_branch_operator.py took 0.082 seconds
