[2023-06-05T20:11:53.339+0000] {processor.py:157} INFO - Started process (PID=75) to work on /home/airflow/.local/lib/python3.7/site-packages/airflow/example_dags/example_short_circuit_decorator.py
[2023-06-05T20:11:53.339+0000] {processor.py:826} INFO - Processing file /home/airflow/.local/lib/python3.7/site-packages/airflow/example_dags/example_short_circuit_decorator.py for tasks to queue
[2023-06-05T20:11:53.340+0000] {logging_mixin.py:149} INFO - [2023-06-05T20:11:53.339+0000] {dagbag.py:541} INFO - Filling up the DagBag from /home/airflow/.local/lib/python3.7/site-packages/airflow/example_dags/example_short_circuit_decorator.py
[2023-06-05T20:11:53.349+0000] {processor.py:836} INFO - DAG(s) dict_keys(['example_short_circuit_decorator']) retrieved from /home/airflow/.local/lib/python3.7/site-packages/airflow/example_dags/example_short_circuit_decorator.py
[2023-06-05T20:11:53.362+0000] {logging_mixin.py:149} INFO - [2023-06-05T20:11:53.362+0000] {dag.py:2726} INFO - Sync 1 DAGs
[2023-06-05T20:11:53.397+0000] {logging_mixin.py:149} INFO - [2023-06-05T20:11:53.397+0000] {dag.py:3490} INFO - Setting next_dagrun for example_short_circuit_decorator to 2023-06-04T20:11:53.396994+00:00, run_after=2023-06-05T20:11:53.396994+00:00
[2023-06-05T20:11:53.426+0000] {processor.py:179} INFO - Processing /home/airflow/.local/lib/python3.7/site-packages/airflow/example_dags/example_short_circuit_decorator.py took 0.090 seconds
[2023-06-05T20:12:24.655+0000] {processor.py:157} INFO - Started process (PID=143) to work on /home/airflow/.local/lib/python3.7/site-packages/airflow/example_dags/example_short_circuit_decorator.py
[2023-06-05T20:12:24.656+0000] {processor.py:826} INFO - Processing file /home/airflow/.local/lib/python3.7/site-packages/airflow/example_dags/example_short_circuit_decorator.py for tasks to queue
[2023-06-05T20:12:24.657+0000] {logging_mixin.py:149} INFO - [2023-06-05T20:12:24.657+0000] {dagbag.py:541} INFO - Filling up the DagBag from /home/airflow/.local/lib/python3.7/site-packages/airflow/example_dags/example_short_circuit_decorator.py
[2023-06-05T20:12:24.668+0000] {processor.py:836} INFO - DAG(s) dict_keys(['example_short_circuit_decorator']) retrieved from /home/airflow/.local/lib/python3.7/site-packages/airflow/example_dags/example_short_circuit_decorator.py
[2023-06-05T20:12:24.699+0000] {logging_mixin.py:149} INFO - [2023-06-05T20:12:24.699+0000] {dag.py:2726} INFO - Sync 1 DAGs
[2023-06-05T20:12:24.736+0000] {logging_mixin.py:149} INFO - [2023-06-05T20:12:24.736+0000] {dag.py:3490} INFO - Setting next_dagrun for example_short_circuit_decorator to 2023-06-04T20:12:24.735774+00:00, run_after=2023-06-05T20:12:24.735774+00:00
[2023-06-05T20:12:24.762+0000] {processor.py:179} INFO - Processing /home/airflow/.local/lib/python3.7/site-packages/airflow/example_dags/example_short_circuit_decorator.py took 0.110 seconds
[2023-06-05T20:12:55.727+0000] {processor.py:157} INFO - Started process (PID=211) to work on /home/airflow/.local/lib/python3.7/site-packages/airflow/example_dags/example_short_circuit_decorator.py
[2023-06-05T20:12:55.728+0000] {processor.py:826} INFO - Processing file /home/airflow/.local/lib/python3.7/site-packages/airflow/example_dags/example_short_circuit_decorator.py for tasks to queue
[2023-06-05T20:12:55.728+0000] {logging_mixin.py:149} INFO - [2023-06-05T20:12:55.728+0000] {dagbag.py:541} INFO - Filling up the DagBag from /home/airflow/.local/lib/python3.7/site-packages/airflow/example_dags/example_short_circuit_decorator.py
[2023-06-05T20:12:55.736+0000] {processor.py:836} INFO - DAG(s) dict_keys(['example_short_circuit_decorator']) retrieved from /home/airflow/.local/lib/python3.7/site-packages/airflow/example_dags/example_short_circuit_decorator.py
[2023-06-05T20:12:55.760+0000] {logging_mixin.py:149} INFO - [2023-06-05T20:12:55.760+0000] {dag.py:2726} INFO - Sync 1 DAGs
[2023-06-05T20:12:55.785+0000] {logging_mixin.py:149} INFO - [2023-06-05T20:12:55.785+0000] {dag.py:3490} INFO - Setting next_dagrun for example_short_circuit_decorator to 2023-06-04T20:12:55.785308+00:00, run_after=2023-06-05T20:12:55.785308+00:00
[2023-06-05T20:12:55.821+0000] {processor.py:179} INFO - Processing /home/airflow/.local/lib/python3.7/site-packages/airflow/example_dags/example_short_circuit_decorator.py took 0.096 seconds
[2023-06-05T20:13:26.076+0000] {processor.py:157} INFO - Started process (PID=279) to work on /home/airflow/.local/lib/python3.7/site-packages/airflow/example_dags/example_short_circuit_decorator.py
[2023-06-05T20:13:26.077+0000] {processor.py:826} INFO - Processing file /home/airflow/.local/lib/python3.7/site-packages/airflow/example_dags/example_short_circuit_decorator.py for tasks to queue
[2023-06-05T20:13:26.078+0000] {logging_mixin.py:149} INFO - [2023-06-05T20:13:26.077+0000] {dagbag.py:541} INFO - Filling up the DagBag from /home/airflow/.local/lib/python3.7/site-packages/airflow/example_dags/example_short_circuit_decorator.py
[2023-06-05T20:13:26.085+0000] {processor.py:836} INFO - DAG(s) dict_keys(['example_short_circuit_decorator']) retrieved from /home/airflow/.local/lib/python3.7/site-packages/airflow/example_dags/example_short_circuit_decorator.py
[2023-06-05T20:13:26.124+0000] {logging_mixin.py:149} INFO - [2023-06-05T20:13:26.124+0000] {dag.py:2726} INFO - Sync 1 DAGs
[2023-06-05T20:13:26.150+0000] {logging_mixin.py:149} INFO - [2023-06-05T20:13:26.150+0000] {dag.py:3490} INFO - Setting next_dagrun for example_short_circuit_decorator to 2023-06-04T20:13:26.150082+00:00, run_after=2023-06-05T20:13:26.150082+00:00
[2023-06-05T20:13:26.168+0000] {processor.py:179} INFO - Processing /home/airflow/.local/lib/python3.7/site-packages/airflow/example_dags/example_short_circuit_decorator.py took 0.094 seconds
[2023-06-05T20:13:57.066+0000] {processor.py:157} INFO - Started process (PID=347) to work on /home/airflow/.local/lib/python3.7/site-packages/airflow/example_dags/example_short_circuit_decorator.py
[2023-06-05T20:13:57.067+0000] {processor.py:826} INFO - Processing file /home/airflow/.local/lib/python3.7/site-packages/airflow/example_dags/example_short_circuit_decorator.py for tasks to queue
[2023-06-05T20:13:57.067+0000] {logging_mixin.py:149} INFO - [2023-06-05T20:13:57.067+0000] {dagbag.py:541} INFO - Filling up the DagBag from /home/airflow/.local/lib/python3.7/site-packages/airflow/example_dags/example_short_circuit_decorator.py
[2023-06-05T20:13:57.075+0000] {processor.py:836} INFO - DAG(s) dict_keys(['example_short_circuit_decorator']) retrieved from /home/airflow/.local/lib/python3.7/site-packages/airflow/example_dags/example_short_circuit_decorator.py
[2023-06-05T20:13:57.101+0000] {logging_mixin.py:149} INFO - [2023-06-05T20:13:57.101+0000] {dag.py:2726} INFO - Sync 1 DAGs
[2023-06-05T20:13:57.135+0000] {logging_mixin.py:149} INFO - [2023-06-05T20:13:57.135+0000] {dag.py:3490} INFO - Setting next_dagrun for example_short_circuit_decorator to 2023-06-04T20:13:57.134769+00:00, run_after=2023-06-05T20:13:57.134769+00:00
[2023-06-05T20:13:57.156+0000] {processor.py:179} INFO - Processing /home/airflow/.local/lib/python3.7/site-packages/airflow/example_dags/example_short_circuit_decorator.py took 0.093 seconds
[2023-06-05T20:14:27.419+0000] {processor.py:157} INFO - Started process (PID=415) to work on /home/airflow/.local/lib/python3.7/site-packages/airflow/example_dags/example_short_circuit_decorator.py
[2023-06-05T20:14:27.421+0000] {processor.py:826} INFO - Processing file /home/airflow/.local/lib/python3.7/site-packages/airflow/example_dags/example_short_circuit_decorator.py for tasks to queue
[2023-06-05T20:14:27.422+0000] {logging_mixin.py:149} INFO - [2023-06-05T20:14:27.422+0000] {dagbag.py:541} INFO - Filling up the DagBag from /home/airflow/.local/lib/python3.7/site-packages/airflow/example_dags/example_short_circuit_decorator.py
[2023-06-05T20:14:27.434+0000] {processor.py:836} INFO - DAG(s) dict_keys(['example_short_circuit_decorator']) retrieved from /home/airflow/.local/lib/python3.7/site-packages/airflow/example_dags/example_short_circuit_decorator.py
[2023-06-05T20:14:27.464+0000] {logging_mixin.py:149} INFO - [2023-06-05T20:14:27.464+0000] {dag.py:2726} INFO - Sync 1 DAGs
[2023-06-05T20:14:27.486+0000] {logging_mixin.py:149} INFO - [2023-06-05T20:14:27.486+0000] {dag.py:3490} INFO - Setting next_dagrun for example_short_circuit_decorator to 2023-06-04T20:14:27.486116+00:00, run_after=2023-06-05T20:14:27.486116+00:00
[2023-06-05T20:14:27.507+0000] {processor.py:179} INFO - Processing /home/airflow/.local/lib/python3.7/site-packages/airflow/example_dags/example_short_circuit_decorator.py took 0.092 seconds
[2023-06-05T20:14:58.621+0000] {processor.py:157} INFO - Started process (PID=483) to work on /home/airflow/.local/lib/python3.7/site-packages/airflow/example_dags/example_short_circuit_decorator.py
[2023-06-05T20:14:58.623+0000] {processor.py:826} INFO - Processing file /home/airflow/.local/lib/python3.7/site-packages/airflow/example_dags/example_short_circuit_decorator.py for tasks to queue
[2023-06-05T20:14:58.623+0000] {logging_mixin.py:149} INFO - [2023-06-05T20:14:58.623+0000] {dagbag.py:541} INFO - Filling up the DagBag from /home/airflow/.local/lib/python3.7/site-packages/airflow/example_dags/example_short_circuit_decorator.py
[2023-06-05T20:14:58.633+0000] {processor.py:836} INFO - DAG(s) dict_keys(['example_short_circuit_decorator']) retrieved from /home/airflow/.local/lib/python3.7/site-packages/airflow/example_dags/example_short_circuit_decorator.py
[2023-06-05T20:14:58.656+0000] {logging_mixin.py:149} INFO - [2023-06-05T20:14:58.656+0000] {dag.py:2726} INFO - Sync 1 DAGs
[2023-06-05T20:14:58.679+0000] {logging_mixin.py:149} INFO - [2023-06-05T20:14:58.679+0000] {dag.py:3490} INFO - Setting next_dagrun for example_short_circuit_decorator to 2023-06-04T20:14:58.679559+00:00, run_after=2023-06-05T20:14:58.679559+00:00
[2023-06-05T20:14:58.697+0000] {processor.py:179} INFO - Processing /home/airflow/.local/lib/python3.7/site-packages/airflow/example_dags/example_short_circuit_decorator.py took 0.079 seconds
[2023-06-05T20:15:29.901+0000] {processor.py:157} INFO - Started process (PID=551) to work on /home/airflow/.local/lib/python3.7/site-packages/airflow/example_dags/example_short_circuit_decorator.py
[2023-06-05T20:15:29.906+0000] {processor.py:826} INFO - Processing file /home/airflow/.local/lib/python3.7/site-packages/airflow/example_dags/example_short_circuit_decorator.py for tasks to queue
[2023-06-05T20:15:29.907+0000] {logging_mixin.py:149} INFO - [2023-06-05T20:15:29.907+0000] {dagbag.py:541} INFO - Filling up the DagBag from /home/airflow/.local/lib/python3.7/site-packages/airflow/example_dags/example_short_circuit_decorator.py
[2023-06-05T20:15:29.919+0000] {processor.py:836} INFO - DAG(s) dict_keys(['example_short_circuit_decorator']) retrieved from /home/airflow/.local/lib/python3.7/site-packages/airflow/example_dags/example_short_circuit_decorator.py
[2023-06-05T20:15:29.957+0000] {logging_mixin.py:149} INFO - [2023-06-05T20:15:29.957+0000] {dag.py:2726} INFO - Sync 1 DAGs
[2023-06-05T20:15:29.983+0000] {logging_mixin.py:149} INFO - [2023-06-05T20:15:29.983+0000] {dag.py:3490} INFO - Setting next_dagrun for example_short_circuit_decorator to 2023-06-04T20:15:29.983211+00:00, run_after=2023-06-05T20:15:29.983211+00:00
[2023-06-05T20:15:30.021+0000] {processor.py:179} INFO - Processing /home/airflow/.local/lib/python3.7/site-packages/airflow/example_dags/example_short_circuit_decorator.py took 0.123 seconds
[2023-06-05T20:16:01.053+0000] {processor.py:157} INFO - Started process (PID=619) to work on /home/airflow/.local/lib/python3.7/site-packages/airflow/example_dags/example_short_circuit_decorator.py
[2023-06-05T20:16:01.054+0000] {processor.py:826} INFO - Processing file /home/airflow/.local/lib/python3.7/site-packages/airflow/example_dags/example_short_circuit_decorator.py for tasks to queue
[2023-06-05T20:16:01.054+0000] {logging_mixin.py:149} INFO - [2023-06-05T20:16:01.054+0000] {dagbag.py:541} INFO - Filling up the DagBag from /home/airflow/.local/lib/python3.7/site-packages/airflow/example_dags/example_short_circuit_decorator.py
[2023-06-05T20:16:01.063+0000] {processor.py:836} INFO - DAG(s) dict_keys(['example_short_circuit_decorator']) retrieved from /home/airflow/.local/lib/python3.7/site-packages/airflow/example_dags/example_short_circuit_decorator.py
[2023-06-05T20:16:01.096+0000] {logging_mixin.py:149} INFO - [2023-06-05T20:16:01.096+0000] {dag.py:2726} INFO - Sync 1 DAGs
[2023-06-05T20:16:01.123+0000] {logging_mixin.py:149} INFO - [2023-06-05T20:16:01.123+0000] {dag.py:3490} INFO - Setting next_dagrun for example_short_circuit_decorator to 2023-06-04T20:16:01.123370+00:00, run_after=2023-06-05T20:16:01.123370+00:00
[2023-06-05T20:16:01.146+0000] {processor.py:179} INFO - Processing /home/airflow/.local/lib/python3.7/site-packages/airflow/example_dags/example_short_circuit_decorator.py took 0.095 seconds
[2023-06-05T20:16:31.538+0000] {processor.py:157} INFO - Started process (PID=687) to work on /home/airflow/.local/lib/python3.7/site-packages/airflow/example_dags/example_short_circuit_decorator.py
[2023-06-05T20:16:31.542+0000] {processor.py:826} INFO - Processing file /home/airflow/.local/lib/python3.7/site-packages/airflow/example_dags/example_short_circuit_decorator.py for tasks to queue
[2023-06-05T20:16:31.543+0000] {logging_mixin.py:149} INFO - [2023-06-05T20:16:31.542+0000] {dagbag.py:541} INFO - Filling up the DagBag from /home/airflow/.local/lib/python3.7/site-packages/airflow/example_dags/example_short_circuit_decorator.py
[2023-06-05T20:16:31.555+0000] {processor.py:836} INFO - DAG(s) dict_keys(['example_short_circuit_decorator']) retrieved from /home/airflow/.local/lib/python3.7/site-packages/airflow/example_dags/example_short_circuit_decorator.py
[2023-06-05T20:16:31.580+0000] {logging_mixin.py:149} INFO - [2023-06-05T20:16:31.580+0000] {dag.py:2726} INFO - Sync 1 DAGs
[2023-06-05T20:16:31.613+0000] {logging_mixin.py:149} INFO - [2023-06-05T20:16:31.612+0000] {dag.py:3490} INFO - Setting next_dagrun for example_short_circuit_decorator to 2023-06-04T20:16:31.612577+00:00, run_after=2023-06-05T20:16:31.612577+00:00
[2023-06-05T20:16:31.662+0000] {processor.py:179} INFO - Processing /home/airflow/.local/lib/python3.7/site-packages/airflow/example_dags/example_short_circuit_decorator.py took 0.129 seconds
[2023-06-05T20:17:01.837+0000] {processor.py:157} INFO - Started process (PID=755) to work on /home/airflow/.local/lib/python3.7/site-packages/airflow/example_dags/example_short_circuit_decorator.py
[2023-06-05T20:17:01.838+0000] {processor.py:826} INFO - Processing file /home/airflow/.local/lib/python3.7/site-packages/airflow/example_dags/example_short_circuit_decorator.py for tasks to queue
[2023-06-05T20:17:01.838+0000] {logging_mixin.py:149} INFO - [2023-06-05T20:17:01.838+0000] {dagbag.py:541} INFO - Filling up the DagBag from /home/airflow/.local/lib/python3.7/site-packages/airflow/example_dags/example_short_circuit_decorator.py
[2023-06-05T20:17:01.846+0000] {processor.py:836} INFO - DAG(s) dict_keys(['example_short_circuit_decorator']) retrieved from /home/airflow/.local/lib/python3.7/site-packages/airflow/example_dags/example_short_circuit_decorator.py
[2023-06-05T20:17:01.868+0000] {logging_mixin.py:149} INFO - [2023-06-05T20:17:01.868+0000] {dag.py:2726} INFO - Sync 1 DAGs
[2023-06-05T20:17:01.890+0000] {logging_mixin.py:149} INFO - [2023-06-05T20:17:01.890+0000] {dag.py:3490} INFO - Setting next_dagrun for example_short_circuit_decorator to 2023-06-04T20:17:01.890076+00:00, run_after=2023-06-05T20:17:01.890076+00:00
[2023-06-05T20:17:01.920+0000] {processor.py:179} INFO - Processing /home/airflow/.local/lib/python3.7/site-packages/airflow/example_dags/example_short_circuit_decorator.py took 0.085 seconds
[2023-06-05T20:17:32.962+0000] {processor.py:157} INFO - Started process (PID=823) to work on /home/airflow/.local/lib/python3.7/site-packages/airflow/example_dags/example_short_circuit_decorator.py
[2023-06-05T20:17:32.963+0000] {processor.py:826} INFO - Processing file /home/airflow/.local/lib/python3.7/site-packages/airflow/example_dags/example_short_circuit_decorator.py for tasks to queue
[2023-06-05T20:17:32.964+0000] {logging_mixin.py:149} INFO - [2023-06-05T20:17:32.964+0000] {dagbag.py:541} INFO - Filling up the DagBag from /home/airflow/.local/lib/python3.7/site-packages/airflow/example_dags/example_short_circuit_decorator.py
[2023-06-05T20:17:32.972+0000] {processor.py:836} INFO - DAG(s) dict_keys(['example_short_circuit_decorator']) retrieved from /home/airflow/.local/lib/python3.7/site-packages/airflow/example_dags/example_short_circuit_decorator.py
[2023-06-05T20:17:32.994+0000] {logging_mixin.py:149} INFO - [2023-06-05T20:17:32.994+0000] {dag.py:2726} INFO - Sync 1 DAGs
[2023-06-05T20:17:33.015+0000] {logging_mixin.py:149} INFO - [2023-06-05T20:17:33.015+0000] {dag.py:3490} INFO - Setting next_dagrun for example_short_circuit_decorator to 2023-06-04T20:17:33.015590+00:00, run_after=2023-06-05T20:17:33.015590+00:00
[2023-06-05T20:17:33.032+0000] {processor.py:179} INFO - Processing /home/airflow/.local/lib/python3.7/site-packages/airflow/example_dags/example_short_circuit_decorator.py took 0.072 seconds
[2023-06-05T20:18:03.381+0000] {processor.py:157} INFO - Started process (PID=891) to work on /home/airflow/.local/lib/python3.7/site-packages/airflow/example_dags/example_short_circuit_decorator.py
[2023-06-05T20:18:03.382+0000] {processor.py:826} INFO - Processing file /home/airflow/.local/lib/python3.7/site-packages/airflow/example_dags/example_short_circuit_decorator.py for tasks to queue
[2023-06-05T20:18:03.382+0000] {logging_mixin.py:149} INFO - [2023-06-05T20:18:03.382+0000] {dagbag.py:541} INFO - Filling up the DagBag from /home/airflow/.local/lib/python3.7/site-packages/airflow/example_dags/example_short_circuit_decorator.py
[2023-06-05T20:18:03.389+0000] {processor.py:836} INFO - DAG(s) dict_keys(['example_short_circuit_decorator']) retrieved from /home/airflow/.local/lib/python3.7/site-packages/airflow/example_dags/example_short_circuit_decorator.py
[2023-06-05T20:18:03.423+0000] {logging_mixin.py:149} INFO - [2023-06-05T20:18:03.423+0000] {dag.py:2726} INFO - Sync 1 DAGs
[2023-06-05T20:18:03.445+0000] {logging_mixin.py:149} INFO - [2023-06-05T20:18:03.445+0000] {dag.py:3490} INFO - Setting next_dagrun for example_short_circuit_decorator to 2023-06-04T20:18:03.445218+00:00, run_after=2023-06-05T20:18:03.445218+00:00
[2023-06-05T20:18:03.461+0000] {processor.py:179} INFO - Processing /home/airflow/.local/lib/python3.7/site-packages/airflow/example_dags/example_short_circuit_decorator.py took 0.082 seconds
[2023-06-05T20:18:33.777+0000] {processor.py:157} INFO - Started process (PID=959) to work on /home/airflow/.local/lib/python3.7/site-packages/airflow/example_dags/example_short_circuit_decorator.py
[2023-06-05T20:18:33.778+0000] {processor.py:826} INFO - Processing file /home/airflow/.local/lib/python3.7/site-packages/airflow/example_dags/example_short_circuit_decorator.py for tasks to queue
[2023-06-05T20:18:33.779+0000] {logging_mixin.py:149} INFO - [2023-06-05T20:18:33.778+0000] {dagbag.py:541} INFO - Filling up the DagBag from /home/airflow/.local/lib/python3.7/site-packages/airflow/example_dags/example_short_circuit_decorator.py
[2023-06-05T20:18:33.786+0000] {processor.py:836} INFO - DAG(s) dict_keys(['example_short_circuit_decorator']) retrieved from /home/airflow/.local/lib/python3.7/site-packages/airflow/example_dags/example_short_circuit_decorator.py
[2023-06-05T20:18:33.826+0000] {logging_mixin.py:149} INFO - [2023-06-05T20:18:33.826+0000] {dag.py:2726} INFO - Sync 1 DAGs
[2023-06-05T20:18:33.853+0000] {logging_mixin.py:149} INFO - [2023-06-05T20:18:33.852+0000] {dag.py:3490} INFO - Setting next_dagrun for example_short_circuit_decorator to 2023-06-04T20:18:33.852607+00:00, run_after=2023-06-05T20:18:33.852607+00:00
[2023-06-05T20:18:33.873+0000] {processor.py:179} INFO - Processing /home/airflow/.local/lib/python3.7/site-packages/airflow/example_dags/example_short_circuit_decorator.py took 0.098 seconds
[2023-06-05T20:19:04.233+0000] {processor.py:157} INFO - Started process (PID=1027) to work on /home/airflow/.local/lib/python3.7/site-packages/airflow/example_dags/example_short_circuit_decorator.py
[2023-06-05T20:19:04.234+0000] {processor.py:826} INFO - Processing file /home/airflow/.local/lib/python3.7/site-packages/airflow/example_dags/example_short_circuit_decorator.py for tasks to queue
[2023-06-05T20:19:04.235+0000] {logging_mixin.py:149} INFO - [2023-06-05T20:19:04.235+0000] {dagbag.py:541} INFO - Filling up the DagBag from /home/airflow/.local/lib/python3.7/site-packages/airflow/example_dags/example_short_circuit_decorator.py
[2023-06-05T20:19:04.243+0000] {processor.py:836} INFO - DAG(s) dict_keys(['example_short_circuit_decorator']) retrieved from /home/airflow/.local/lib/python3.7/site-packages/airflow/example_dags/example_short_circuit_decorator.py
[2023-06-05T20:19:04.266+0000] {logging_mixin.py:149} INFO - [2023-06-05T20:19:04.266+0000] {dag.py:2726} INFO - Sync 1 DAGs
[2023-06-05T20:19:04.293+0000] {logging_mixin.py:149} INFO - [2023-06-05T20:19:04.292+0000] {dag.py:3490} INFO - Setting next_dagrun for example_short_circuit_decorator to 2023-06-04T20:19:04.292663+00:00, run_after=2023-06-05T20:19:04.292663+00:00
[2023-06-05T20:19:04.315+0000] {processor.py:179} INFO - Processing /home/airflow/.local/lib/python3.7/site-packages/airflow/example_dags/example_short_circuit_decorator.py took 0.084 seconds
[2023-06-05T20:19:34.565+0000] {processor.py:157} INFO - Started process (PID=1095) to work on /home/airflow/.local/lib/python3.7/site-packages/airflow/example_dags/example_short_circuit_decorator.py
[2023-06-05T20:19:34.565+0000] {processor.py:826} INFO - Processing file /home/airflow/.local/lib/python3.7/site-packages/airflow/example_dags/example_short_circuit_decorator.py for tasks to queue
[2023-06-05T20:19:34.566+0000] {logging_mixin.py:149} INFO - [2023-06-05T20:19:34.566+0000] {dagbag.py:541} INFO - Filling up the DagBag from /home/airflow/.local/lib/python3.7/site-packages/airflow/example_dags/example_short_circuit_decorator.py
[2023-06-05T20:19:34.585+0000] {processor.py:836} INFO - DAG(s) dict_keys(['example_short_circuit_decorator']) retrieved from /home/airflow/.local/lib/python3.7/site-packages/airflow/example_dags/example_short_circuit_decorator.py
[2023-06-05T20:19:34.649+0000] {logging_mixin.py:149} INFO - [2023-06-05T20:19:34.648+0000] {dag.py:2726} INFO - Sync 1 DAGs
[2023-06-05T20:19:34.683+0000] {logging_mixin.py:149} INFO - [2023-06-05T20:19:34.682+0000] {dag.py:3490} INFO - Setting next_dagrun for example_short_circuit_decorator to 2023-06-04T20:19:34.682665+00:00, run_after=2023-06-05T20:19:34.682665+00:00
[2023-06-05T20:19:34.714+0000] {processor.py:179} INFO - Processing /home/airflow/.local/lib/python3.7/site-packages/airflow/example_dags/example_short_circuit_decorator.py took 0.152 seconds
[2023-06-05T20:20:05.142+0000] {processor.py:157} INFO - Started process (PID=1163) to work on /home/airflow/.local/lib/python3.7/site-packages/airflow/example_dags/example_short_circuit_decorator.py
[2023-06-05T20:20:05.143+0000] {processor.py:826} INFO - Processing file /home/airflow/.local/lib/python3.7/site-packages/airflow/example_dags/example_short_circuit_decorator.py for tasks to queue
[2023-06-05T20:20:05.144+0000] {logging_mixin.py:149} INFO - [2023-06-05T20:20:05.143+0000] {dagbag.py:541} INFO - Filling up the DagBag from /home/airflow/.local/lib/python3.7/site-packages/airflow/example_dags/example_short_circuit_decorator.py
[2023-06-05T20:20:05.155+0000] {processor.py:836} INFO - DAG(s) dict_keys(['example_short_circuit_decorator']) retrieved from /home/airflow/.local/lib/python3.7/site-packages/airflow/example_dags/example_short_circuit_decorator.py
[2023-06-05T20:20:05.179+0000] {logging_mixin.py:149} INFO - [2023-06-05T20:20:05.179+0000] {dag.py:2726} INFO - Sync 1 DAGs
[2023-06-05T20:20:05.209+0000] {logging_mixin.py:149} INFO - [2023-06-05T20:20:05.208+0000] {dag.py:3490} INFO - Setting next_dagrun for example_short_circuit_decorator to 2023-06-04T20:20:05.208538+00:00, run_after=2023-06-05T20:20:05.208538+00:00
[2023-06-05T20:20:05.245+0000] {processor.py:179} INFO - Processing /home/airflow/.local/lib/python3.7/site-packages/airflow/example_dags/example_short_circuit_decorator.py took 0.106 seconds
[2023-06-05T20:20:35.439+0000] {processor.py:157} INFO - Started process (PID=1231) to work on /home/airflow/.local/lib/python3.7/site-packages/airflow/example_dags/example_short_circuit_decorator.py
[2023-06-05T20:20:35.440+0000] {processor.py:826} INFO - Processing file /home/airflow/.local/lib/python3.7/site-packages/airflow/example_dags/example_short_circuit_decorator.py for tasks to queue
[2023-06-05T20:20:35.440+0000] {logging_mixin.py:149} INFO - [2023-06-05T20:20:35.440+0000] {dagbag.py:541} INFO - Filling up the DagBag from /home/airflow/.local/lib/python3.7/site-packages/airflow/example_dags/example_short_circuit_decorator.py
[2023-06-05T20:20:35.448+0000] {processor.py:836} INFO - DAG(s) dict_keys(['example_short_circuit_decorator']) retrieved from /home/airflow/.local/lib/python3.7/site-packages/airflow/example_dags/example_short_circuit_decorator.py
[2023-06-05T20:20:35.471+0000] {logging_mixin.py:149} INFO - [2023-06-05T20:20:35.471+0000] {dag.py:2726} INFO - Sync 1 DAGs
[2023-06-05T20:20:35.492+0000] {logging_mixin.py:149} INFO - [2023-06-05T20:20:35.492+0000] {dag.py:3490} INFO - Setting next_dagrun for example_short_circuit_decorator to 2023-06-04T20:20:35.492630+00:00, run_after=2023-06-05T20:20:35.492630+00:00
[2023-06-05T20:20:35.522+0000] {processor.py:179} INFO - Processing /home/airflow/.local/lib/python3.7/site-packages/airflow/example_dags/example_short_circuit_decorator.py took 0.085 seconds
[2023-06-05T20:21:05.969+0000] {processor.py:157} INFO - Started process (PID=1299) to work on /home/airflow/.local/lib/python3.7/site-packages/airflow/example_dags/example_short_circuit_decorator.py
[2023-06-05T20:21:05.971+0000] {processor.py:826} INFO - Processing file /home/airflow/.local/lib/python3.7/site-packages/airflow/example_dags/example_short_circuit_decorator.py for tasks to queue
[2023-06-05T20:21:05.971+0000] {logging_mixin.py:149} INFO - [2023-06-05T20:21:05.971+0000] {dagbag.py:541} INFO - Filling up the DagBag from /home/airflow/.local/lib/python3.7/site-packages/airflow/example_dags/example_short_circuit_decorator.py
[2023-06-05T20:21:05.979+0000] {processor.py:836} INFO - DAG(s) dict_keys(['example_short_circuit_decorator']) retrieved from /home/airflow/.local/lib/python3.7/site-packages/airflow/example_dags/example_short_circuit_decorator.py
[2023-06-05T20:21:06.004+0000] {logging_mixin.py:149} INFO - [2023-06-05T20:21:06.004+0000] {dag.py:2726} INFO - Sync 1 DAGs
[2023-06-05T20:21:06.029+0000] {logging_mixin.py:149} INFO - [2023-06-05T20:21:06.029+0000] {dag.py:3490} INFO - Setting next_dagrun for example_short_circuit_decorator to 2023-06-04T20:21:06.029529+00:00, run_after=2023-06-05T20:21:06.029529+00:00
[2023-06-05T20:21:06.047+0000] {processor.py:179} INFO - Processing /home/airflow/.local/lib/python3.7/site-packages/airflow/example_dags/example_short_circuit_decorator.py took 0.080 seconds
[2023-06-05T20:21:36.571+0000] {processor.py:157} INFO - Started process (PID=1367) to work on /home/airflow/.local/lib/python3.7/site-packages/airflow/example_dags/example_short_circuit_decorator.py
[2023-06-05T20:21:36.572+0000] {processor.py:826} INFO - Processing file /home/airflow/.local/lib/python3.7/site-packages/airflow/example_dags/example_short_circuit_decorator.py for tasks to queue
[2023-06-05T20:21:36.572+0000] {logging_mixin.py:149} INFO - [2023-06-05T20:21:36.572+0000] {dagbag.py:541} INFO - Filling up the DagBag from /home/airflow/.local/lib/python3.7/site-packages/airflow/example_dags/example_short_circuit_decorator.py
[2023-06-05T20:21:36.580+0000] {processor.py:836} INFO - DAG(s) dict_keys(['example_short_circuit_decorator']) retrieved from /home/airflow/.local/lib/python3.7/site-packages/airflow/example_dags/example_short_circuit_decorator.py
[2023-06-05T20:21:36.606+0000] {logging_mixin.py:149} INFO - [2023-06-05T20:21:36.606+0000] {dag.py:2726} INFO - Sync 1 DAGs
[2023-06-05T20:21:36.637+0000] {logging_mixin.py:149} INFO - [2023-06-05T20:21:36.637+0000] {dag.py:3490} INFO - Setting next_dagrun for example_short_circuit_decorator to 2023-06-04T20:21:36.636828+00:00, run_after=2023-06-05T20:21:36.636828+00:00
[2023-06-05T20:21:36.655+0000] {processor.py:179} INFO - Processing /home/airflow/.local/lib/python3.7/site-packages/airflow/example_dags/example_short_circuit_decorator.py took 0.086 seconds
[2023-06-05T20:22:07.252+0000] {processor.py:157} INFO - Started process (PID=1435) to work on /home/airflow/.local/lib/python3.7/site-packages/airflow/example_dags/example_short_circuit_decorator.py
[2023-06-05T20:22:07.253+0000] {processor.py:826} INFO - Processing file /home/airflow/.local/lib/python3.7/site-packages/airflow/example_dags/example_short_circuit_decorator.py for tasks to queue
[2023-06-05T20:22:07.254+0000] {logging_mixin.py:149} INFO - [2023-06-05T20:22:07.254+0000] {dagbag.py:541} INFO - Filling up the DagBag from /home/airflow/.local/lib/python3.7/site-packages/airflow/example_dags/example_short_circuit_decorator.py
[2023-06-05T20:22:07.262+0000] {processor.py:836} INFO - DAG(s) dict_keys(['example_short_circuit_decorator']) retrieved from /home/airflow/.local/lib/python3.7/site-packages/airflow/example_dags/example_short_circuit_decorator.py
[2023-06-05T20:22:07.288+0000] {logging_mixin.py:149} INFO - [2023-06-05T20:22:07.288+0000] {dag.py:2726} INFO - Sync 1 DAGs
[2023-06-05T20:22:07.324+0000] {logging_mixin.py:149} INFO - [2023-06-05T20:22:07.324+0000] {dag.py:3490} INFO - Setting next_dagrun for example_short_circuit_decorator to 2023-06-04T20:22:07.323811+00:00, run_after=2023-06-05T20:22:07.323811+00:00
[2023-06-05T20:22:07.344+0000] {processor.py:179} INFO - Processing /home/airflow/.local/lib/python3.7/site-packages/airflow/example_dags/example_short_circuit_decorator.py took 0.094 seconds
