[2023-06-05T20:11:51.509+0000] {processor.py:157} INFO - Started process (PID=59) to work on /home/airflow/.local/lib/python3.7/site-packages/airflow/example_dags/example_datasets.py
[2023-06-05T20:11:51.509+0000] {processor.py:826} INFO - Processing file /home/airflow/.local/lib/python3.7/site-packages/airflow/example_dags/example_datasets.py for tasks to queue
[2023-06-05T20:11:51.510+0000] {logging_mixin.py:149} INFO - [2023-06-05T20:11:51.509+0000] {dagbag.py:541} INFO - Filling up the DagBag from /home/airflow/.local/lib/python3.7/site-packages/airflow/example_dags/example_datasets.py
[2023-06-05T20:11:51.521+0000] {processor.py:836} INFO - DAG(s) dict_keys(['dataset_consumes_1', 'dataset_consumes_unknown_never_scheduled', 'dataset_consumes_1_never_scheduled', 'dataset_consumes_1_and_2', 'dataset_produces_2', 'dataset_produces_1']) retrieved from /home/airflow/.local/lib/python3.7/site-packages/airflow/example_dags/example_datasets.py
[2023-06-05T20:11:51.540+0000] {logging_mixin.py:149} INFO - [2023-06-05T20:11:51.539+0000] {dag.py:2726} INFO - Sync 6 DAGs
[2023-06-05T20:11:51.571+0000] {logging_mixin.py:149} INFO - [2023-06-05T20:11:51.571+0000] {dag.py:3490} INFO - Setting next_dagrun for dataset_consumes_1 to None, run_after=None
[2023-06-05T20:11:51.574+0000] {logging_mixin.py:149} INFO - [2023-06-05T20:11:51.574+0000] {dag.py:3490} INFO - Setting next_dagrun for dataset_consumes_1_and_2 to None, run_after=None
[2023-06-05T20:11:51.575+0000] {logging_mixin.py:149} INFO - [2023-06-05T20:11:51.575+0000] {dag.py:3490} INFO - Setting next_dagrun for dataset_consumes_1_never_scheduled to None, run_after=None
[2023-06-05T20:11:51.576+0000] {logging_mixin.py:149} INFO - [2023-06-05T20:11:51.576+0000] {dag.py:3490} INFO - Setting next_dagrun for dataset_consumes_unknown_never_scheduled to None, run_after=None
[2023-06-05T20:11:51.579+0000] {logging_mixin.py:149} INFO - [2023-06-05T20:11:51.578+0000] {dag.py:3490} INFO - Setting next_dagrun for dataset_produces_1 to 2023-06-04T00:00:00+00:00, run_after=2023-06-05T00:00:00+00:00
[2023-06-05T20:11:51.580+0000] {logging_mixin.py:149} INFO - [2023-06-05T20:11:51.579+0000] {dag.py:3490} INFO - Setting next_dagrun for dataset_produces_2 to None, run_after=None
[2023-06-05T20:11:51.618+0000] {processor.py:179} INFO - Processing /home/airflow/.local/lib/python3.7/site-packages/airflow/example_dags/example_datasets.py took 0.111 seconds
[2023-06-05T20:12:22.268+0000] {processor.py:157} INFO - Started process (PID=127) to work on /home/airflow/.local/lib/python3.7/site-packages/airflow/example_dags/example_datasets.py
[2023-06-05T20:12:22.270+0000] {processor.py:826} INFO - Processing file /home/airflow/.local/lib/python3.7/site-packages/airflow/example_dags/example_datasets.py for tasks to queue
[2023-06-05T20:12:22.270+0000] {logging_mixin.py:149} INFO - [2023-06-05T20:12:22.270+0000] {dagbag.py:541} INFO - Filling up the DagBag from /home/airflow/.local/lib/python3.7/site-packages/airflow/example_dags/example_datasets.py
[2023-06-05T20:12:22.281+0000] {processor.py:836} INFO - DAG(s) dict_keys(['dataset_consumes_unknown_never_scheduled', 'dataset_consumes_1_never_scheduled', 'dataset_consumes_1_and_2', 'dataset_produces_2', 'dataset_consumes_1', 'dataset_produces_1']) retrieved from /home/airflow/.local/lib/python3.7/site-packages/airflow/example_dags/example_datasets.py
[2023-06-05T20:12:22.406+0000] {logging_mixin.py:149} INFO - [2023-06-05T20:12:22.406+0000] {dag.py:2726} INFO - Sync 6 DAGs
[2023-06-05T20:12:22.448+0000] {logging_mixin.py:149} INFO - [2023-06-05T20:12:22.447+0000] {dag.py:3490} INFO - Setting next_dagrun for dataset_consumes_1 to None, run_after=None
[2023-06-05T20:12:22.453+0000] {logging_mixin.py:149} INFO - [2023-06-05T20:12:22.453+0000] {dag.py:3490} INFO - Setting next_dagrun for dataset_consumes_1_and_2 to None, run_after=None
[2023-06-05T20:12:22.454+0000] {logging_mixin.py:149} INFO - [2023-06-05T20:12:22.454+0000] {dag.py:3490} INFO - Setting next_dagrun for dataset_consumes_1_never_scheduled to None, run_after=None
[2023-06-05T20:12:22.456+0000] {logging_mixin.py:149} INFO - [2023-06-05T20:12:22.456+0000] {dag.py:3490} INFO - Setting next_dagrun for dataset_consumes_unknown_never_scheduled to None, run_after=None
[2023-06-05T20:12:22.459+0000] {logging_mixin.py:149} INFO - [2023-06-05T20:12:22.459+0000] {dag.py:3490} INFO - Setting next_dagrun for dataset_produces_1 to 2023-06-04T00:00:00+00:00, run_after=2023-06-05T00:00:00+00:00
[2023-06-05T20:12:22.461+0000] {logging_mixin.py:149} INFO - [2023-06-05T20:12:22.461+0000] {dag.py:3490} INFO - Setting next_dagrun for dataset_produces_2 to None, run_after=None
[2023-06-05T20:12:22.502+0000] {processor.py:179} INFO - Processing /home/airflow/.local/lib/python3.7/site-packages/airflow/example_dags/example_datasets.py took 0.238 seconds
[2023-06-05T20:12:52.528+0000] {processor.py:157} INFO - Started process (PID=195) to work on /home/airflow/.local/lib/python3.7/site-packages/airflow/example_dags/example_datasets.py
[2023-06-05T20:12:52.529+0000] {processor.py:826} INFO - Processing file /home/airflow/.local/lib/python3.7/site-packages/airflow/example_dags/example_datasets.py for tasks to queue
[2023-06-05T20:12:52.529+0000] {logging_mixin.py:149} INFO - [2023-06-05T20:12:52.529+0000] {dagbag.py:541} INFO - Filling up the DagBag from /home/airflow/.local/lib/python3.7/site-packages/airflow/example_dags/example_datasets.py
[2023-06-05T20:12:52.537+0000] {processor.py:836} INFO - DAG(s) dict_keys(['dataset_consumes_1_and_2', 'dataset_produces_1', 'dataset_consumes_1_never_scheduled', 'dataset_produces_2', 'dataset_consumes_1', 'dataset_consumes_unknown_never_scheduled']) retrieved from /home/airflow/.local/lib/python3.7/site-packages/airflow/example_dags/example_datasets.py
[2023-06-05T20:12:52.571+0000] {logging_mixin.py:149} INFO - [2023-06-05T20:12:52.571+0000] {dag.py:2726} INFO - Sync 6 DAGs
[2023-06-05T20:12:52.594+0000] {logging_mixin.py:149} INFO - [2023-06-05T20:12:52.594+0000] {dag.py:3490} INFO - Setting next_dagrun for dataset_consumes_1 to None, run_after=None
[2023-06-05T20:12:52.597+0000] {logging_mixin.py:149} INFO - [2023-06-05T20:12:52.597+0000] {dag.py:3490} INFO - Setting next_dagrun for dataset_consumes_1_and_2 to None, run_after=None
[2023-06-05T20:12:52.599+0000] {logging_mixin.py:149} INFO - [2023-06-05T20:12:52.598+0000] {dag.py:3490} INFO - Setting next_dagrun for dataset_consumes_1_never_scheduled to None, run_after=None
[2023-06-05T20:12:52.600+0000] {logging_mixin.py:149} INFO - [2023-06-05T20:12:52.600+0000] {dag.py:3490} INFO - Setting next_dagrun for dataset_consumes_unknown_never_scheduled to None, run_after=None
[2023-06-05T20:12:52.604+0000] {logging_mixin.py:149} INFO - [2023-06-05T20:12:52.604+0000] {dag.py:3490} INFO - Setting next_dagrun for dataset_produces_1 to 2023-06-04T00:00:00+00:00, run_after=2023-06-05T00:00:00+00:00
[2023-06-05T20:12:52.606+0000] {logging_mixin.py:149} INFO - [2023-06-05T20:12:52.606+0000] {dag.py:3490} INFO - Setting next_dagrun for dataset_produces_2 to None, run_after=None
[2023-06-05T20:12:52.642+0000] {processor.py:179} INFO - Processing /home/airflow/.local/lib/python3.7/site-packages/airflow/example_dags/example_datasets.py took 0.116 seconds
[2023-06-05T20:13:22.964+0000] {processor.py:157} INFO - Started process (PID=263) to work on /home/airflow/.local/lib/python3.7/site-packages/airflow/example_dags/example_datasets.py
[2023-06-05T20:13:22.965+0000] {processor.py:826} INFO - Processing file /home/airflow/.local/lib/python3.7/site-packages/airflow/example_dags/example_datasets.py for tasks to queue
[2023-06-05T20:13:22.965+0000] {logging_mixin.py:149} INFO - [2023-06-05T20:13:22.965+0000] {dagbag.py:541} INFO - Filling up the DagBag from /home/airflow/.local/lib/python3.7/site-packages/airflow/example_dags/example_datasets.py
[2023-06-05T20:13:22.973+0000] {processor.py:836} INFO - DAG(s) dict_keys(['dataset_consumes_unknown_never_scheduled', 'dataset_consumes_1_and_2', 'dataset_consumes_1_never_scheduled', 'dataset_consumes_1', 'dataset_produces_1', 'dataset_produces_2']) retrieved from /home/airflow/.local/lib/python3.7/site-packages/airflow/example_dags/example_datasets.py
[2023-06-05T20:13:23.021+0000] {logging_mixin.py:149} INFO - [2023-06-05T20:13:23.021+0000] {dag.py:2726} INFO - Sync 6 DAGs
[2023-06-05T20:13:23.050+0000] {logging_mixin.py:149} INFO - [2023-06-05T20:13:23.049+0000] {dag.py:3490} INFO - Setting next_dagrun for dataset_consumes_1 to None, run_after=None
[2023-06-05T20:13:23.053+0000] {logging_mixin.py:149} INFO - [2023-06-05T20:13:23.053+0000] {dag.py:3490} INFO - Setting next_dagrun for dataset_consumes_1_and_2 to None, run_after=None
[2023-06-05T20:13:23.054+0000] {logging_mixin.py:149} INFO - [2023-06-05T20:13:23.054+0000] {dag.py:3490} INFO - Setting next_dagrun for dataset_consumes_1_never_scheduled to None, run_after=None
[2023-06-05T20:13:23.055+0000] {logging_mixin.py:149} INFO - [2023-06-05T20:13:23.055+0000] {dag.py:3490} INFO - Setting next_dagrun for dataset_consumes_unknown_never_scheduled to None, run_after=None
[2023-06-05T20:13:23.058+0000] {logging_mixin.py:149} INFO - [2023-06-05T20:13:23.058+0000] {dag.py:3490} INFO - Setting next_dagrun for dataset_produces_1 to 2023-06-04T00:00:00+00:00, run_after=2023-06-05T00:00:00+00:00
[2023-06-05T20:13:23.059+0000] {logging_mixin.py:149} INFO - [2023-06-05T20:13:23.059+0000] {dag.py:3490} INFO - Setting next_dagrun for dataset_produces_2 to None, run_after=None
[2023-06-05T20:13:23.092+0000] {processor.py:179} INFO - Processing /home/airflow/.local/lib/python3.7/site-packages/airflow/example_dags/example_datasets.py took 0.131 seconds
[2023-06-05T20:13:53.651+0000] {processor.py:157} INFO - Started process (PID=331) to work on /home/airflow/.local/lib/python3.7/site-packages/airflow/example_dags/example_datasets.py
[2023-06-05T20:13:53.651+0000] {processor.py:826} INFO - Processing file /home/airflow/.local/lib/python3.7/site-packages/airflow/example_dags/example_datasets.py for tasks to queue
[2023-06-05T20:13:53.652+0000] {logging_mixin.py:149} INFO - [2023-06-05T20:13:53.652+0000] {dagbag.py:541} INFO - Filling up the DagBag from /home/airflow/.local/lib/python3.7/site-packages/airflow/example_dags/example_datasets.py
[2023-06-05T20:13:53.659+0000] {processor.py:836} INFO - DAG(s) dict_keys(['dataset_produces_2', 'dataset_consumes_1', 'dataset_consumes_1_and_2', 'dataset_produces_1', 'dataset_consumes_unknown_never_scheduled', 'dataset_consumes_1_never_scheduled']) retrieved from /home/airflow/.local/lib/python3.7/site-packages/airflow/example_dags/example_datasets.py
[2023-06-05T20:13:53.692+0000] {logging_mixin.py:149} INFO - [2023-06-05T20:13:53.691+0000] {dag.py:2726} INFO - Sync 6 DAGs
[2023-06-05T20:13:53.725+0000] {logging_mixin.py:149} INFO - [2023-06-05T20:13:53.725+0000] {dag.py:3490} INFO - Setting next_dagrun for dataset_consumes_1 to None, run_after=None
[2023-06-05T20:13:53.728+0000] {logging_mixin.py:149} INFO - [2023-06-05T20:13:53.728+0000] {dag.py:3490} INFO - Setting next_dagrun for dataset_consumes_1_and_2 to None, run_after=None
[2023-06-05T20:13:53.730+0000] {logging_mixin.py:149} INFO - [2023-06-05T20:13:53.730+0000] {dag.py:3490} INFO - Setting next_dagrun for dataset_consumes_1_never_scheduled to None, run_after=None
[2023-06-05T20:13:53.731+0000] {logging_mixin.py:149} INFO - [2023-06-05T20:13:53.731+0000] {dag.py:3490} INFO - Setting next_dagrun for dataset_consumes_unknown_never_scheduled to None, run_after=None
[2023-06-05T20:13:53.733+0000] {logging_mixin.py:149} INFO - [2023-06-05T20:13:53.733+0000] {dag.py:3490} INFO - Setting next_dagrun for dataset_produces_1 to 2023-06-04T00:00:00+00:00, run_after=2023-06-05T00:00:00+00:00
[2023-06-05T20:13:53.734+0000] {logging_mixin.py:149} INFO - [2023-06-05T20:13:53.734+0000] {dag.py:3490} INFO - Setting next_dagrun for dataset_produces_2 to None, run_after=None
[2023-06-05T20:13:53.762+0000] {processor.py:179} INFO - Processing /home/airflow/.local/lib/python3.7/site-packages/airflow/example_dags/example_datasets.py took 0.113 seconds
[2023-06-05T20:14:23.987+0000] {processor.py:157} INFO - Started process (PID=399) to work on /home/airflow/.local/lib/python3.7/site-packages/airflow/example_dags/example_datasets.py
[2023-06-05T20:14:23.988+0000] {processor.py:826} INFO - Processing file /home/airflow/.local/lib/python3.7/site-packages/airflow/example_dags/example_datasets.py for tasks to queue
[2023-06-05T20:14:23.989+0000] {logging_mixin.py:149} INFO - [2023-06-05T20:14:23.989+0000] {dagbag.py:541} INFO - Filling up the DagBag from /home/airflow/.local/lib/python3.7/site-packages/airflow/example_dags/example_datasets.py
[2023-06-05T20:14:23.996+0000] {processor.py:836} INFO - DAG(s) dict_keys(['dataset_consumes_1', 'dataset_consumes_1_and_2', 'dataset_produces_2', 'dataset_consumes_unknown_never_scheduled', 'dataset_produces_1', 'dataset_consumes_1_never_scheduled']) retrieved from /home/airflow/.local/lib/python3.7/site-packages/airflow/example_dags/example_datasets.py
[2023-06-05T20:14:24.042+0000] {logging_mixin.py:149} INFO - [2023-06-05T20:14:24.042+0000] {dag.py:2726} INFO - Sync 6 DAGs
[2023-06-05T20:14:24.065+0000] {logging_mixin.py:149} INFO - [2023-06-05T20:14:24.064+0000] {dag.py:3490} INFO - Setting next_dagrun for dataset_consumes_1 to None, run_after=None
[2023-06-05T20:14:24.068+0000] {logging_mixin.py:149} INFO - [2023-06-05T20:14:24.068+0000] {dag.py:3490} INFO - Setting next_dagrun for dataset_consumes_1_and_2 to None, run_after=None
[2023-06-05T20:14:24.069+0000] {logging_mixin.py:149} INFO - [2023-06-05T20:14:24.069+0000] {dag.py:3490} INFO - Setting next_dagrun for dataset_consumes_1_never_scheduled to None, run_after=None
[2023-06-05T20:14:24.070+0000] {logging_mixin.py:149} INFO - [2023-06-05T20:14:24.070+0000] {dag.py:3490} INFO - Setting next_dagrun for dataset_consumes_unknown_never_scheduled to None, run_after=None
[2023-06-05T20:14:24.072+0000] {logging_mixin.py:149} INFO - [2023-06-05T20:14:24.072+0000] {dag.py:3490} INFO - Setting next_dagrun for dataset_produces_1 to 2023-06-04T00:00:00+00:00, run_after=2023-06-05T00:00:00+00:00
[2023-06-05T20:14:24.073+0000] {logging_mixin.py:149} INFO - [2023-06-05T20:14:24.073+0000] {dag.py:3490} INFO - Setting next_dagrun for dataset_produces_2 to None, run_after=None
[2023-06-05T20:14:24.116+0000] {processor.py:179} INFO - Processing /home/airflow/.local/lib/python3.7/site-packages/airflow/example_dags/example_datasets.py took 0.131 seconds
[2023-06-05T20:14:54.181+0000] {processor.py:157} INFO - Started process (PID=467) to work on /home/airflow/.local/lib/python3.7/site-packages/airflow/example_dags/example_datasets.py
[2023-06-05T20:14:54.181+0000] {processor.py:826} INFO - Processing file /home/airflow/.local/lib/python3.7/site-packages/airflow/example_dags/example_datasets.py for tasks to queue
[2023-06-05T20:14:54.182+0000] {logging_mixin.py:149} INFO - [2023-06-05T20:14:54.181+0000] {dagbag.py:541} INFO - Filling up the DagBag from /home/airflow/.local/lib/python3.7/site-packages/airflow/example_dags/example_datasets.py
[2023-06-05T20:14:54.189+0000] {processor.py:836} INFO - DAG(s) dict_keys(['dataset_produces_1', 'dataset_consumes_1_never_scheduled', 'dataset_consumes_unknown_never_scheduled', 'dataset_consumes_1', 'dataset_consumes_1_and_2', 'dataset_produces_2']) retrieved from /home/airflow/.local/lib/python3.7/site-packages/airflow/example_dags/example_datasets.py
[2023-06-05T20:14:54.246+0000] {logging_mixin.py:149} INFO - [2023-06-05T20:14:54.246+0000] {dag.py:2726} INFO - Sync 6 DAGs
[2023-06-05T20:14:54.272+0000] {logging_mixin.py:149} INFO - [2023-06-05T20:14:54.272+0000] {dag.py:3490} INFO - Setting next_dagrun for dataset_consumes_1 to None, run_after=None
[2023-06-05T20:14:54.275+0000] {logging_mixin.py:149} INFO - [2023-06-05T20:14:54.275+0000] {dag.py:3490} INFO - Setting next_dagrun for dataset_consumes_1_and_2 to None, run_after=None
[2023-06-05T20:14:54.276+0000] {logging_mixin.py:149} INFO - [2023-06-05T20:14:54.276+0000] {dag.py:3490} INFO - Setting next_dagrun for dataset_consumes_1_never_scheduled to None, run_after=None
[2023-06-05T20:14:54.277+0000] {logging_mixin.py:149} INFO - [2023-06-05T20:14:54.277+0000] {dag.py:3490} INFO - Setting next_dagrun for dataset_consumes_unknown_never_scheduled to None, run_after=None
[2023-06-05T20:14:54.280+0000] {logging_mixin.py:149} INFO - [2023-06-05T20:14:54.280+0000] {dag.py:3490} INFO - Setting next_dagrun for dataset_produces_1 to 2023-06-04T00:00:00+00:00, run_after=2023-06-05T00:00:00+00:00
[2023-06-05T20:14:54.281+0000] {logging_mixin.py:149} INFO - [2023-06-05T20:14:54.281+0000] {dag.py:3490} INFO - Setting next_dagrun for dataset_produces_2 to None, run_after=None
[2023-06-05T20:14:54.327+0000] {processor.py:179} INFO - Processing /home/airflow/.local/lib/python3.7/site-packages/airflow/example_dags/example_datasets.py took 0.149 seconds
[2023-06-05T20:15:24.427+0000] {processor.py:157} INFO - Started process (PID=535) to work on /home/airflow/.local/lib/python3.7/site-packages/airflow/example_dags/example_datasets.py
[2023-06-05T20:15:24.428+0000] {processor.py:826} INFO - Processing file /home/airflow/.local/lib/python3.7/site-packages/airflow/example_dags/example_datasets.py for tasks to queue
[2023-06-05T20:15:24.429+0000] {logging_mixin.py:149} INFO - [2023-06-05T20:15:24.428+0000] {dagbag.py:541} INFO - Filling up the DagBag from /home/airflow/.local/lib/python3.7/site-packages/airflow/example_dags/example_datasets.py
[2023-06-05T20:15:24.437+0000] {processor.py:836} INFO - DAG(s) dict_keys(['dataset_consumes_1', 'dataset_produces_1', 'dataset_produces_2', 'dataset_consumes_1_never_scheduled', 'dataset_consumes_1_and_2', 'dataset_consumes_unknown_never_scheduled']) retrieved from /home/airflow/.local/lib/python3.7/site-packages/airflow/example_dags/example_datasets.py
[2023-06-05T20:15:24.472+0000] {logging_mixin.py:149} INFO - [2023-06-05T20:15:24.472+0000] {dag.py:2726} INFO - Sync 6 DAGs
[2023-06-05T20:15:24.498+0000] {logging_mixin.py:149} INFO - [2023-06-05T20:15:24.498+0000] {dag.py:3490} INFO - Setting next_dagrun for dataset_consumes_1 to None, run_after=None
[2023-06-05T20:15:24.502+0000] {logging_mixin.py:149} INFO - [2023-06-05T20:15:24.501+0000] {dag.py:3490} INFO - Setting next_dagrun for dataset_consumes_1_and_2 to None, run_after=None
[2023-06-05T20:15:24.503+0000] {logging_mixin.py:149} INFO - [2023-06-05T20:15:24.503+0000] {dag.py:3490} INFO - Setting next_dagrun for dataset_consumes_1_never_scheduled to None, run_after=None
[2023-06-05T20:15:24.504+0000] {logging_mixin.py:149} INFO - [2023-06-05T20:15:24.504+0000] {dag.py:3490} INFO - Setting next_dagrun for dataset_consumes_unknown_never_scheduled to None, run_after=None
[2023-06-05T20:15:24.506+0000] {logging_mixin.py:149} INFO - [2023-06-05T20:15:24.506+0000] {dag.py:3490} INFO - Setting next_dagrun for dataset_produces_1 to 2023-06-04T00:00:00+00:00, run_after=2023-06-05T00:00:00+00:00
[2023-06-05T20:15:24.507+0000] {logging_mixin.py:149} INFO - [2023-06-05T20:15:24.507+0000] {dag.py:3490} INFO - Setting next_dagrun for dataset_produces_2 to None, run_after=None
[2023-06-05T20:15:24.540+0000] {processor.py:179} INFO - Processing /home/airflow/.local/lib/python3.7/site-packages/airflow/example_dags/example_datasets.py took 0.116 seconds
[2023-06-05T20:15:54.759+0000] {processor.py:157} INFO - Started process (PID=603) to work on /home/airflow/.local/lib/python3.7/site-packages/airflow/example_dags/example_datasets.py
[2023-06-05T20:15:54.760+0000] {processor.py:826} INFO - Processing file /home/airflow/.local/lib/python3.7/site-packages/airflow/example_dags/example_datasets.py for tasks to queue
[2023-06-05T20:15:54.760+0000] {logging_mixin.py:149} INFO - [2023-06-05T20:15:54.760+0000] {dagbag.py:541} INFO - Filling up the DagBag from /home/airflow/.local/lib/python3.7/site-packages/airflow/example_dags/example_datasets.py
[2023-06-05T20:15:54.769+0000] {processor.py:836} INFO - DAG(s) dict_keys(['dataset_consumes_1_and_2', 'dataset_produces_1', 'dataset_consumes_unknown_never_scheduled', 'dataset_produces_2', 'dataset_consumes_1', 'dataset_consumes_1_never_scheduled']) retrieved from /home/airflow/.local/lib/python3.7/site-packages/airflow/example_dags/example_datasets.py
[2023-06-05T20:15:54.811+0000] {logging_mixin.py:149} INFO - [2023-06-05T20:15:54.811+0000] {dag.py:2726} INFO - Sync 6 DAGs
[2023-06-05T20:15:54.842+0000] {logging_mixin.py:149} INFO - [2023-06-05T20:15:54.842+0000] {dag.py:3490} INFO - Setting next_dagrun for dataset_consumes_1 to None, run_after=None
[2023-06-05T20:15:54.845+0000] {logging_mixin.py:149} INFO - [2023-06-05T20:15:54.845+0000] {dag.py:3490} INFO - Setting next_dagrun for dataset_consumes_1_and_2 to None, run_after=None
[2023-06-05T20:15:54.846+0000] {logging_mixin.py:149} INFO - [2023-06-05T20:15:54.846+0000] {dag.py:3490} INFO - Setting next_dagrun for dataset_consumes_1_never_scheduled to None, run_after=None
[2023-06-05T20:15:54.847+0000] {logging_mixin.py:149} INFO - [2023-06-05T20:15:54.847+0000] {dag.py:3490} INFO - Setting next_dagrun for dataset_consumes_unknown_never_scheduled to None, run_after=None
[2023-06-05T20:15:54.849+0000] {logging_mixin.py:149} INFO - [2023-06-05T20:15:54.849+0000] {dag.py:3490} INFO - Setting next_dagrun for dataset_produces_1 to 2023-06-04T00:00:00+00:00, run_after=2023-06-05T00:00:00+00:00
[2023-06-05T20:15:54.851+0000] {logging_mixin.py:149} INFO - [2023-06-05T20:15:54.850+0000] {dag.py:3490} INFO - Setting next_dagrun for dataset_produces_2 to None, run_after=None
[2023-06-05T20:15:54.886+0000] {processor.py:179} INFO - Processing /home/airflow/.local/lib/python3.7/site-packages/airflow/example_dags/example_datasets.py took 0.130 seconds
[2023-06-05T20:16:25.184+0000] {processor.py:157} INFO - Started process (PID=671) to work on /home/airflow/.local/lib/python3.7/site-packages/airflow/example_dags/example_datasets.py
[2023-06-05T20:16:25.185+0000] {processor.py:826} INFO - Processing file /home/airflow/.local/lib/python3.7/site-packages/airflow/example_dags/example_datasets.py for tasks to queue
[2023-06-05T20:16:25.186+0000] {logging_mixin.py:149} INFO - [2023-06-05T20:16:25.186+0000] {dagbag.py:541} INFO - Filling up the DagBag from /home/airflow/.local/lib/python3.7/site-packages/airflow/example_dags/example_datasets.py
[2023-06-05T20:16:25.193+0000] {processor.py:836} INFO - DAG(s) dict_keys(['dataset_consumes_1_and_2', 'dataset_consumes_1_never_scheduled', 'dataset_produces_2', 'dataset_consumes_1', 'dataset_consumes_unknown_never_scheduled', 'dataset_produces_1']) retrieved from /home/airflow/.local/lib/python3.7/site-packages/airflow/example_dags/example_datasets.py
[2023-06-05T20:16:25.229+0000] {logging_mixin.py:149} INFO - [2023-06-05T20:16:25.229+0000] {dag.py:2726} INFO - Sync 6 DAGs
[2023-06-05T20:16:25.254+0000] {logging_mixin.py:149} INFO - [2023-06-05T20:16:25.254+0000] {dag.py:3490} INFO - Setting next_dagrun for dataset_consumes_1 to None, run_after=None
[2023-06-05T20:16:25.257+0000] {logging_mixin.py:149} INFO - [2023-06-05T20:16:25.257+0000] {dag.py:3490} INFO - Setting next_dagrun for dataset_consumes_1_and_2 to None, run_after=None
[2023-06-05T20:16:25.258+0000] {logging_mixin.py:149} INFO - [2023-06-05T20:16:25.258+0000] {dag.py:3490} INFO - Setting next_dagrun for dataset_consumes_1_never_scheduled to None, run_after=None
[2023-06-05T20:16:25.259+0000] {logging_mixin.py:149} INFO - [2023-06-05T20:16:25.259+0000] {dag.py:3490} INFO - Setting next_dagrun for dataset_consumes_unknown_never_scheduled to None, run_after=None
[2023-06-05T20:16:25.262+0000] {logging_mixin.py:149} INFO - [2023-06-05T20:16:25.261+0000] {dag.py:3490} INFO - Setting next_dagrun for dataset_produces_1 to 2023-06-04T00:00:00+00:00, run_after=2023-06-05T00:00:00+00:00
[2023-06-05T20:16:25.263+0000] {logging_mixin.py:149} INFO - [2023-06-05T20:16:25.263+0000] {dag.py:3490} INFO - Setting next_dagrun for dataset_produces_2 to None, run_after=None
[2023-06-05T20:16:25.292+0000] {processor.py:179} INFO - Processing /home/airflow/.local/lib/python3.7/site-packages/airflow/example_dags/example_datasets.py took 0.111 seconds
[2023-06-05T20:16:55.566+0000] {processor.py:157} INFO - Started process (PID=739) to work on /home/airflow/.local/lib/python3.7/site-packages/airflow/example_dags/example_datasets.py
[2023-06-05T20:16:55.566+0000] {processor.py:826} INFO - Processing file /home/airflow/.local/lib/python3.7/site-packages/airflow/example_dags/example_datasets.py for tasks to queue
[2023-06-05T20:16:55.567+0000] {logging_mixin.py:149} INFO - [2023-06-05T20:16:55.567+0000] {dagbag.py:541} INFO - Filling up the DagBag from /home/airflow/.local/lib/python3.7/site-packages/airflow/example_dags/example_datasets.py
[2023-06-05T20:16:55.574+0000] {processor.py:836} INFO - DAG(s) dict_keys(['dataset_consumes_1_never_scheduled', 'dataset_consumes_1_and_2', 'dataset_produces_2', 'dataset_consumes_unknown_never_scheduled', 'dataset_consumes_1', 'dataset_produces_1']) retrieved from /home/airflow/.local/lib/python3.7/site-packages/airflow/example_dags/example_datasets.py
[2023-06-05T20:16:55.627+0000] {logging_mixin.py:149} INFO - [2023-06-05T20:16:55.627+0000] {dag.py:2726} INFO - Sync 6 DAGs
[2023-06-05T20:16:55.652+0000] {logging_mixin.py:149} INFO - [2023-06-05T20:16:55.652+0000] {dag.py:3490} INFO - Setting next_dagrun for dataset_consumes_1 to None, run_after=None
[2023-06-05T20:16:55.655+0000] {logging_mixin.py:149} INFO - [2023-06-05T20:16:55.655+0000] {dag.py:3490} INFO - Setting next_dagrun for dataset_consumes_1_and_2 to None, run_after=None
[2023-06-05T20:16:55.656+0000] {logging_mixin.py:149} INFO - [2023-06-05T20:16:55.656+0000] {dag.py:3490} INFO - Setting next_dagrun for dataset_consumes_1_never_scheduled to None, run_after=None
[2023-06-05T20:16:55.657+0000] {logging_mixin.py:149} INFO - [2023-06-05T20:16:55.657+0000] {dag.py:3490} INFO - Setting next_dagrun for dataset_consumes_unknown_never_scheduled to None, run_after=None
[2023-06-05T20:16:55.659+0000] {logging_mixin.py:149} INFO - [2023-06-05T20:16:55.659+0000] {dag.py:3490} INFO - Setting next_dagrun for dataset_produces_1 to 2023-06-04T00:00:00+00:00, run_after=2023-06-05T00:00:00+00:00
[2023-06-05T20:16:55.660+0000] {logging_mixin.py:149} INFO - [2023-06-05T20:16:55.660+0000] {dag.py:3490} INFO - Setting next_dagrun for dataset_produces_2 to None, run_after=None
[2023-06-05T20:16:55.692+0000] {processor.py:179} INFO - Processing /home/airflow/.local/lib/python3.7/site-packages/airflow/example_dags/example_datasets.py took 0.128 seconds
[2023-06-05T20:17:26.666+0000] {processor.py:157} INFO - Started process (PID=807) to work on /home/airflow/.local/lib/python3.7/site-packages/airflow/example_dags/example_datasets.py
[2023-06-05T20:17:26.668+0000] {processor.py:826} INFO - Processing file /home/airflow/.local/lib/python3.7/site-packages/airflow/example_dags/example_datasets.py for tasks to queue
[2023-06-05T20:17:26.668+0000] {logging_mixin.py:149} INFO - [2023-06-05T20:17:26.668+0000] {dagbag.py:541} INFO - Filling up the DagBag from /home/airflow/.local/lib/python3.7/site-packages/airflow/example_dags/example_datasets.py
[2023-06-05T20:17:26.676+0000] {processor.py:836} INFO - DAG(s) dict_keys(['dataset_consumes_1_never_scheduled', 'dataset_consumes_1_and_2', 'dataset_consumes_1', 'dataset_produces_1', 'dataset_produces_2', 'dataset_consumes_unknown_never_scheduled']) retrieved from /home/airflow/.local/lib/python3.7/site-packages/airflow/example_dags/example_datasets.py
[2023-06-05T20:17:26.720+0000] {logging_mixin.py:149} INFO - [2023-06-05T20:17:26.720+0000] {dag.py:2726} INFO - Sync 6 DAGs
[2023-06-05T20:17:26.753+0000] {logging_mixin.py:149} INFO - [2023-06-05T20:17:26.753+0000] {dag.py:3490} INFO - Setting next_dagrun for dataset_consumes_1 to None, run_after=None
[2023-06-05T20:17:26.757+0000] {logging_mixin.py:149} INFO - [2023-06-05T20:17:26.757+0000] {dag.py:3490} INFO - Setting next_dagrun for dataset_consumes_1_and_2 to None, run_after=None
[2023-06-05T20:17:26.758+0000] {logging_mixin.py:149} INFO - [2023-06-05T20:17:26.758+0000] {dag.py:3490} INFO - Setting next_dagrun for dataset_consumes_1_never_scheduled to None, run_after=None
[2023-06-05T20:17:26.759+0000] {logging_mixin.py:149} INFO - [2023-06-05T20:17:26.759+0000] {dag.py:3490} INFO - Setting next_dagrun for dataset_consumes_unknown_never_scheduled to None, run_after=None
[2023-06-05T20:17:26.763+0000] {logging_mixin.py:149} INFO - [2023-06-05T20:17:26.762+0000] {dag.py:3490} INFO - Setting next_dagrun for dataset_produces_1 to 2023-06-04T00:00:00+00:00, run_after=2023-06-05T00:00:00+00:00
[2023-06-05T20:17:26.765+0000] {logging_mixin.py:149} INFO - [2023-06-05T20:17:26.765+0000] {dag.py:3490} INFO - Setting next_dagrun for dataset_produces_2 to None, run_after=None
[2023-06-05T20:17:26.804+0000] {processor.py:179} INFO - Processing /home/airflow/.local/lib/python3.7/site-packages/airflow/example_dags/example_datasets.py took 0.140 seconds
[2023-06-05T20:17:57.122+0000] {processor.py:157} INFO - Started process (PID=875) to work on /home/airflow/.local/lib/python3.7/site-packages/airflow/example_dags/example_datasets.py
[2023-06-05T20:17:57.122+0000] {processor.py:826} INFO - Processing file /home/airflow/.local/lib/python3.7/site-packages/airflow/example_dags/example_datasets.py for tasks to queue
[2023-06-05T20:17:57.123+0000] {logging_mixin.py:149} INFO - [2023-06-05T20:17:57.123+0000] {dagbag.py:541} INFO - Filling up the DagBag from /home/airflow/.local/lib/python3.7/site-packages/airflow/example_dags/example_datasets.py
[2023-06-05T20:17:57.131+0000] {processor.py:836} INFO - DAG(s) dict_keys(['dataset_produces_2', 'dataset_consumes_1_and_2', 'dataset_produces_1', 'dataset_consumes_unknown_never_scheduled', 'dataset_consumes_1_never_scheduled', 'dataset_consumes_1']) retrieved from /home/airflow/.local/lib/python3.7/site-packages/airflow/example_dags/example_datasets.py
[2023-06-05T20:17:57.163+0000] {logging_mixin.py:149} INFO - [2023-06-05T20:17:57.163+0000] {dag.py:2726} INFO - Sync 6 DAGs
[2023-06-05T20:17:57.187+0000] {logging_mixin.py:149} INFO - [2023-06-05T20:17:57.187+0000] {dag.py:3490} INFO - Setting next_dagrun for dataset_consumes_1 to None, run_after=None
[2023-06-05T20:17:57.191+0000] {logging_mixin.py:149} INFO - [2023-06-05T20:17:57.191+0000] {dag.py:3490} INFO - Setting next_dagrun for dataset_consumes_1_and_2 to None, run_after=None
[2023-06-05T20:17:57.192+0000] {logging_mixin.py:149} INFO - [2023-06-05T20:17:57.192+0000] {dag.py:3490} INFO - Setting next_dagrun for dataset_consumes_1_never_scheduled to None, run_after=None
[2023-06-05T20:17:57.193+0000] {logging_mixin.py:149} INFO - [2023-06-05T20:17:57.192+0000] {dag.py:3490} INFO - Setting next_dagrun for dataset_consumes_unknown_never_scheduled to None, run_after=None
[2023-06-05T20:17:57.195+0000] {logging_mixin.py:149} INFO - [2023-06-05T20:17:57.195+0000] {dag.py:3490} INFO - Setting next_dagrun for dataset_produces_1 to 2023-06-04T00:00:00+00:00, run_after=2023-06-05T00:00:00+00:00
[2023-06-05T20:17:57.204+0000] {logging_mixin.py:149} INFO - [2023-06-05T20:17:57.203+0000] {dag.py:3490} INFO - Setting next_dagrun for dataset_produces_2 to None, run_after=None
[2023-06-05T20:17:57.246+0000] {processor.py:179} INFO - Processing /home/airflow/.local/lib/python3.7/site-packages/airflow/example_dags/example_datasets.py took 0.127 seconds
[2023-06-05T20:18:27.520+0000] {processor.py:157} INFO - Started process (PID=943) to work on /home/airflow/.local/lib/python3.7/site-packages/airflow/example_dags/example_datasets.py
[2023-06-05T20:18:27.521+0000] {processor.py:826} INFO - Processing file /home/airflow/.local/lib/python3.7/site-packages/airflow/example_dags/example_datasets.py for tasks to queue
[2023-06-05T20:18:27.521+0000] {logging_mixin.py:149} INFO - [2023-06-05T20:18:27.521+0000] {dagbag.py:541} INFO - Filling up the DagBag from /home/airflow/.local/lib/python3.7/site-packages/airflow/example_dags/example_datasets.py
[2023-06-05T20:18:27.529+0000] {processor.py:836} INFO - DAG(s) dict_keys(['dataset_consumes_1_and_2', 'dataset_produces_2', 'dataset_consumes_unknown_never_scheduled', 'dataset_consumes_1_never_scheduled', 'dataset_produces_1', 'dataset_consumes_1']) retrieved from /home/airflow/.local/lib/python3.7/site-packages/airflow/example_dags/example_datasets.py
[2023-06-05T20:18:27.560+0000] {logging_mixin.py:149} INFO - [2023-06-05T20:18:27.560+0000] {dag.py:2726} INFO - Sync 6 DAGs
[2023-06-05T20:18:27.583+0000] {logging_mixin.py:149} INFO - [2023-06-05T20:18:27.583+0000] {dag.py:3490} INFO - Setting next_dagrun for dataset_consumes_1 to None, run_after=None
[2023-06-05T20:18:27.586+0000] {logging_mixin.py:149} INFO - [2023-06-05T20:18:27.585+0000] {dag.py:3490} INFO - Setting next_dagrun for dataset_consumes_1_and_2 to None, run_after=None
[2023-06-05T20:18:27.587+0000] {logging_mixin.py:149} INFO - [2023-06-05T20:18:27.586+0000] {dag.py:3490} INFO - Setting next_dagrun for dataset_consumes_1_never_scheduled to None, run_after=None
[2023-06-05T20:18:27.588+0000] {logging_mixin.py:149} INFO - [2023-06-05T20:18:27.587+0000] {dag.py:3490} INFO - Setting next_dagrun for dataset_consumes_unknown_never_scheduled to None, run_after=None
[2023-06-05T20:18:27.590+0000] {logging_mixin.py:149} INFO - [2023-06-05T20:18:27.590+0000] {dag.py:3490} INFO - Setting next_dagrun for dataset_produces_1 to 2023-06-04T00:00:00+00:00, run_after=2023-06-05T00:00:00+00:00
[2023-06-05T20:18:27.591+0000] {logging_mixin.py:149} INFO - [2023-06-05T20:18:27.591+0000] {dag.py:3490} INFO - Setting next_dagrun for dataset_produces_2 to None, run_after=None
[2023-06-05T20:18:27.634+0000] {processor.py:179} INFO - Processing /home/airflow/.local/lib/python3.7/site-packages/airflow/example_dags/example_datasets.py took 0.117 seconds
[2023-06-05T20:18:57.963+0000] {processor.py:157} INFO - Started process (PID=1011) to work on /home/airflow/.local/lib/python3.7/site-packages/airflow/example_dags/example_datasets.py
[2023-06-05T20:18:57.964+0000] {processor.py:826} INFO - Processing file /home/airflow/.local/lib/python3.7/site-packages/airflow/example_dags/example_datasets.py for tasks to queue
[2023-06-05T20:18:57.965+0000] {logging_mixin.py:149} INFO - [2023-06-05T20:18:57.964+0000] {dagbag.py:541} INFO - Filling up the DagBag from /home/airflow/.local/lib/python3.7/site-packages/airflow/example_dags/example_datasets.py
[2023-06-05T20:18:57.976+0000] {processor.py:836} INFO - DAG(s) dict_keys(['dataset_consumes_1_never_scheduled', 'dataset_consumes_unknown_never_scheduled', 'dataset_consumes_1', 'dataset_produces_2', 'dataset_consumes_1_and_2', 'dataset_produces_1']) retrieved from /home/airflow/.local/lib/python3.7/site-packages/airflow/example_dags/example_datasets.py
[2023-06-05T20:18:58.029+0000] {logging_mixin.py:149} INFO - [2023-06-05T20:18:58.029+0000] {dag.py:2726} INFO - Sync 6 DAGs
[2023-06-05T20:18:58.066+0000] {logging_mixin.py:149} INFO - [2023-06-05T20:18:58.066+0000] {dag.py:3490} INFO - Setting next_dagrun for dataset_consumes_1 to None, run_after=None
[2023-06-05T20:18:58.070+0000] {logging_mixin.py:149} INFO - [2023-06-05T20:18:58.070+0000] {dag.py:3490} INFO - Setting next_dagrun for dataset_consumes_1_and_2 to None, run_after=None
[2023-06-05T20:18:58.072+0000] {logging_mixin.py:149} INFO - [2023-06-05T20:18:58.072+0000] {dag.py:3490} INFO - Setting next_dagrun for dataset_consumes_1_never_scheduled to None, run_after=None
[2023-06-05T20:18:58.073+0000] {logging_mixin.py:149} INFO - [2023-06-05T20:18:58.073+0000] {dag.py:3490} INFO - Setting next_dagrun for dataset_consumes_unknown_never_scheduled to None, run_after=None
[2023-06-05T20:18:58.076+0000] {logging_mixin.py:149} INFO - [2023-06-05T20:18:58.076+0000] {dag.py:3490} INFO - Setting next_dagrun for dataset_produces_1 to 2023-06-04T00:00:00+00:00, run_after=2023-06-05T00:00:00+00:00
[2023-06-05T20:18:58.079+0000] {logging_mixin.py:149} INFO - [2023-06-05T20:18:58.079+0000] {dag.py:3490} INFO - Setting next_dagrun for dataset_produces_2 to None, run_after=None
[2023-06-05T20:18:58.122+0000] {processor.py:179} INFO - Processing /home/airflow/.local/lib/python3.7/site-packages/airflow/example_dags/example_datasets.py took 0.162 seconds
[2023-06-05T20:19:28.326+0000] {processor.py:157} INFO - Started process (PID=1079) to work on /home/airflow/.local/lib/python3.7/site-packages/airflow/example_dags/example_datasets.py
[2023-06-05T20:19:28.327+0000] {processor.py:826} INFO - Processing file /home/airflow/.local/lib/python3.7/site-packages/airflow/example_dags/example_datasets.py for tasks to queue
[2023-06-05T20:19:28.327+0000] {logging_mixin.py:149} INFO - [2023-06-05T20:19:28.327+0000] {dagbag.py:541} INFO - Filling up the DagBag from /home/airflow/.local/lib/python3.7/site-packages/airflow/example_dags/example_datasets.py
[2023-06-05T20:19:28.334+0000] {processor.py:836} INFO - DAG(s) dict_keys(['dataset_consumes_1', 'dataset_consumes_1_and_2', 'dataset_produces_2', 'dataset_produces_1', 'dataset_consumes_unknown_never_scheduled', 'dataset_consumes_1_never_scheduled']) retrieved from /home/airflow/.local/lib/python3.7/site-packages/airflow/example_dags/example_datasets.py
[2023-06-05T20:19:28.370+0000] {logging_mixin.py:149} INFO - [2023-06-05T20:19:28.370+0000] {dag.py:2726} INFO - Sync 6 DAGs
[2023-06-05T20:19:28.398+0000] {logging_mixin.py:149} INFO - [2023-06-05T20:19:28.397+0000] {dag.py:3490} INFO - Setting next_dagrun for dataset_consumes_1 to None, run_after=None
[2023-06-05T20:19:28.400+0000] {logging_mixin.py:149} INFO - [2023-06-05T20:19:28.400+0000] {dag.py:3490} INFO - Setting next_dagrun for dataset_consumes_1_and_2 to None, run_after=None
[2023-06-05T20:19:28.401+0000] {logging_mixin.py:149} INFO - [2023-06-05T20:19:28.401+0000] {dag.py:3490} INFO - Setting next_dagrun for dataset_consumes_1_never_scheduled to None, run_after=None
[2023-06-05T20:19:28.403+0000] {logging_mixin.py:149} INFO - [2023-06-05T20:19:28.402+0000] {dag.py:3490} INFO - Setting next_dagrun for dataset_consumes_unknown_never_scheduled to None, run_after=None
[2023-06-05T20:19:28.405+0000] {logging_mixin.py:149} INFO - [2023-06-05T20:19:28.405+0000] {dag.py:3490} INFO - Setting next_dagrun for dataset_produces_1 to 2023-06-04T00:00:00+00:00, run_after=2023-06-05T00:00:00+00:00
[2023-06-05T20:19:28.406+0000] {logging_mixin.py:149} INFO - [2023-06-05T20:19:28.406+0000] {dag.py:3490} INFO - Setting next_dagrun for dataset_produces_2 to None, run_after=None
[2023-06-05T20:19:28.438+0000] {processor.py:179} INFO - Processing /home/airflow/.local/lib/python3.7/site-packages/airflow/example_dags/example_datasets.py took 0.114 seconds
[2023-06-05T20:19:58.715+0000] {processor.py:157} INFO - Started process (PID=1147) to work on /home/airflow/.local/lib/python3.7/site-packages/airflow/example_dags/example_datasets.py
[2023-06-05T20:19:58.716+0000] {processor.py:826} INFO - Processing file /home/airflow/.local/lib/python3.7/site-packages/airflow/example_dags/example_datasets.py for tasks to queue
[2023-06-05T20:19:58.717+0000] {logging_mixin.py:149} INFO - [2023-06-05T20:19:58.717+0000] {dagbag.py:541} INFO - Filling up the DagBag from /home/airflow/.local/lib/python3.7/site-packages/airflow/example_dags/example_datasets.py
[2023-06-05T20:19:58.728+0000] {processor.py:836} INFO - DAG(s) dict_keys(['dataset_consumes_1', 'dataset_produces_1', 'dataset_consumes_1_and_2', 'dataset_produces_2', 'dataset_consumes_1_never_scheduled', 'dataset_consumes_unknown_never_scheduled']) retrieved from /home/airflow/.local/lib/python3.7/site-packages/airflow/example_dags/example_datasets.py
[2023-06-05T20:19:58.782+0000] {logging_mixin.py:149} INFO - [2023-06-05T20:19:58.782+0000] {dag.py:2726} INFO - Sync 6 DAGs
[2023-06-05T20:19:58.815+0000] {logging_mixin.py:149} INFO - [2023-06-05T20:19:58.815+0000] {dag.py:3490} INFO - Setting next_dagrun for dataset_consumes_1 to None, run_after=None
[2023-06-05T20:19:58.819+0000] {logging_mixin.py:149} INFO - [2023-06-05T20:19:58.819+0000] {dag.py:3490} INFO - Setting next_dagrun for dataset_consumes_1_and_2 to None, run_after=None
[2023-06-05T20:19:58.820+0000] {logging_mixin.py:149} INFO - [2023-06-05T20:19:58.820+0000] {dag.py:3490} INFO - Setting next_dagrun for dataset_consumes_1_never_scheduled to None, run_after=None
[2023-06-05T20:19:58.821+0000] {logging_mixin.py:149} INFO - [2023-06-05T20:19:58.821+0000] {dag.py:3490} INFO - Setting next_dagrun for dataset_consumes_unknown_never_scheduled to None, run_after=None
[2023-06-05T20:19:58.824+0000] {logging_mixin.py:149} INFO - [2023-06-05T20:19:58.824+0000] {dag.py:3490} INFO - Setting next_dagrun for dataset_produces_1 to 2023-06-04T00:00:00+00:00, run_after=2023-06-05T00:00:00+00:00
[2023-06-05T20:19:58.826+0000] {logging_mixin.py:149} INFO - [2023-06-05T20:19:58.825+0000] {dag.py:3490} INFO - Setting next_dagrun for dataset_produces_2 to None, run_after=None
[2023-06-05T20:19:58.858+0000] {processor.py:179} INFO - Processing /home/airflow/.local/lib/python3.7/site-packages/airflow/example_dags/example_datasets.py took 0.147 seconds
[2023-06-05T20:20:29.183+0000] {processor.py:157} INFO - Started process (PID=1215) to work on /home/airflow/.local/lib/python3.7/site-packages/airflow/example_dags/example_datasets.py
[2023-06-05T20:20:29.184+0000] {processor.py:826} INFO - Processing file /home/airflow/.local/lib/python3.7/site-packages/airflow/example_dags/example_datasets.py for tasks to queue
[2023-06-05T20:20:29.185+0000] {logging_mixin.py:149} INFO - [2023-06-05T20:20:29.185+0000] {dagbag.py:541} INFO - Filling up the DagBag from /home/airflow/.local/lib/python3.7/site-packages/airflow/example_dags/example_datasets.py
[2023-06-05T20:20:29.194+0000] {processor.py:836} INFO - DAG(s) dict_keys(['dataset_produces_2', 'dataset_produces_1', 'dataset_consumes_1_never_scheduled', 'dataset_consumes_unknown_never_scheduled', 'dataset_consumes_1_and_2', 'dataset_consumes_1']) retrieved from /home/airflow/.local/lib/python3.7/site-packages/airflow/example_dags/example_datasets.py
[2023-06-05T20:20:29.242+0000] {logging_mixin.py:149} INFO - [2023-06-05T20:20:29.242+0000] {dag.py:2726} INFO - Sync 6 DAGs
[2023-06-05T20:20:29.273+0000] {logging_mixin.py:149} INFO - [2023-06-05T20:20:29.272+0000] {dag.py:3490} INFO - Setting next_dagrun for dataset_consumes_1 to None, run_after=None
[2023-06-05T20:20:29.276+0000] {logging_mixin.py:149} INFO - [2023-06-05T20:20:29.275+0000] {dag.py:3490} INFO - Setting next_dagrun for dataset_consumes_1_and_2 to None, run_after=None
[2023-06-05T20:20:29.276+0000] {logging_mixin.py:149} INFO - [2023-06-05T20:20:29.276+0000] {dag.py:3490} INFO - Setting next_dagrun for dataset_consumes_1_never_scheduled to None, run_after=None
[2023-06-05T20:20:29.277+0000] {logging_mixin.py:149} INFO - [2023-06-05T20:20:29.277+0000] {dag.py:3490} INFO - Setting next_dagrun for dataset_consumes_unknown_never_scheduled to None, run_after=None
[2023-06-05T20:20:29.280+0000] {logging_mixin.py:149} INFO - [2023-06-05T20:20:29.280+0000] {dag.py:3490} INFO - Setting next_dagrun for dataset_produces_1 to 2023-06-04T00:00:00+00:00, run_after=2023-06-05T00:00:00+00:00
[2023-06-05T20:20:29.281+0000] {logging_mixin.py:149} INFO - [2023-06-05T20:20:29.281+0000] {dag.py:3490} INFO - Setting next_dagrun for dataset_produces_2 to None, run_after=None
[2023-06-05T20:20:29.329+0000] {processor.py:179} INFO - Processing /home/airflow/.local/lib/python3.7/site-packages/airflow/example_dags/example_datasets.py took 0.149 seconds
[2023-06-05T20:20:59.757+0000] {processor.py:157} INFO - Started process (PID=1283) to work on /home/airflow/.local/lib/python3.7/site-packages/airflow/example_dags/example_datasets.py
[2023-06-05T20:20:59.758+0000] {processor.py:826} INFO - Processing file /home/airflow/.local/lib/python3.7/site-packages/airflow/example_dags/example_datasets.py for tasks to queue
[2023-06-05T20:20:59.758+0000] {logging_mixin.py:149} INFO - [2023-06-05T20:20:59.758+0000] {dagbag.py:541} INFO - Filling up the DagBag from /home/airflow/.local/lib/python3.7/site-packages/airflow/example_dags/example_datasets.py
[2023-06-05T20:20:59.766+0000] {processor.py:836} INFO - DAG(s) dict_keys(['dataset_consumes_1_never_scheduled', 'dataset_produces_2', 'dataset_consumes_1_and_2', 'dataset_consumes_1', 'dataset_consumes_unknown_never_scheduled', 'dataset_produces_1']) retrieved from /home/airflow/.local/lib/python3.7/site-packages/airflow/example_dags/example_datasets.py
[2023-06-05T20:20:59.802+0000] {logging_mixin.py:149} INFO - [2023-06-05T20:20:59.801+0000] {dag.py:2726} INFO - Sync 6 DAGs
[2023-06-05T20:20:59.838+0000] {logging_mixin.py:149} INFO - [2023-06-05T20:20:59.838+0000] {dag.py:3490} INFO - Setting next_dagrun for dataset_consumes_1 to None, run_after=None
[2023-06-05T20:20:59.843+0000] {logging_mixin.py:149} INFO - [2023-06-05T20:20:59.842+0000] {dag.py:3490} INFO - Setting next_dagrun for dataset_consumes_1_and_2 to None, run_after=None
[2023-06-05T20:20:59.844+0000] {logging_mixin.py:149} INFO - [2023-06-05T20:20:59.844+0000] {dag.py:3490} INFO - Setting next_dagrun for dataset_consumes_1_never_scheduled to None, run_after=None
[2023-06-05T20:20:59.846+0000] {logging_mixin.py:149} INFO - [2023-06-05T20:20:59.846+0000] {dag.py:3490} INFO - Setting next_dagrun for dataset_consumes_unknown_never_scheduled to None, run_after=None
[2023-06-05T20:20:59.849+0000] {logging_mixin.py:149} INFO - [2023-06-05T20:20:59.849+0000] {dag.py:3490} INFO - Setting next_dagrun for dataset_produces_1 to 2023-06-04T00:00:00+00:00, run_after=2023-06-05T00:00:00+00:00
[2023-06-05T20:20:59.852+0000] {logging_mixin.py:149} INFO - [2023-06-05T20:20:59.851+0000] {dag.py:3490} INFO - Setting next_dagrun for dataset_produces_2 to None, run_after=None
[2023-06-05T20:20:59.883+0000] {processor.py:179} INFO - Processing /home/airflow/.local/lib/python3.7/site-packages/airflow/example_dags/example_datasets.py took 0.128 seconds
[2023-06-05T20:21:30.298+0000] {processor.py:157} INFO - Started process (PID=1351) to work on /home/airflow/.local/lib/python3.7/site-packages/airflow/example_dags/example_datasets.py
[2023-06-05T20:21:30.302+0000] {processor.py:826} INFO - Processing file /home/airflow/.local/lib/python3.7/site-packages/airflow/example_dags/example_datasets.py for tasks to queue
[2023-06-05T20:21:30.303+0000] {logging_mixin.py:149} INFO - [2023-06-05T20:21:30.303+0000] {dagbag.py:541} INFO - Filling up the DagBag from /home/airflow/.local/lib/python3.7/site-packages/airflow/example_dags/example_datasets.py
[2023-06-05T20:21:30.314+0000] {processor.py:836} INFO - DAG(s) dict_keys(['dataset_consumes_unknown_never_scheduled', 'dataset_produces_2', 'dataset_consumes_1_and_2', 'dataset_consumes_1', 'dataset_consumes_1_never_scheduled', 'dataset_produces_1']) retrieved from /home/airflow/.local/lib/python3.7/site-packages/airflow/example_dags/example_datasets.py
[2023-06-05T20:21:30.351+0000] {logging_mixin.py:149} INFO - [2023-06-05T20:21:30.351+0000] {dag.py:2726} INFO - Sync 6 DAGs
[2023-06-05T20:21:30.376+0000] {logging_mixin.py:149} INFO - [2023-06-05T20:21:30.376+0000] {dag.py:3490} INFO - Setting next_dagrun for dataset_consumes_1 to None, run_after=None
[2023-06-05T20:21:30.379+0000] {logging_mixin.py:149} INFO - [2023-06-05T20:21:30.379+0000] {dag.py:3490} INFO - Setting next_dagrun for dataset_consumes_1_and_2 to None, run_after=None
[2023-06-05T20:21:30.380+0000] {logging_mixin.py:149} INFO - [2023-06-05T20:21:30.380+0000] {dag.py:3490} INFO - Setting next_dagrun for dataset_consumes_1_never_scheduled to None, run_after=None
[2023-06-05T20:21:30.381+0000] {logging_mixin.py:149} INFO - [2023-06-05T20:21:30.381+0000] {dag.py:3490} INFO - Setting next_dagrun for dataset_consumes_unknown_never_scheduled to None, run_after=None
[2023-06-05T20:21:30.383+0000] {logging_mixin.py:149} INFO - [2023-06-05T20:21:30.383+0000] {dag.py:3490} INFO - Setting next_dagrun for dataset_produces_1 to 2023-06-04T00:00:00+00:00, run_after=2023-06-05T00:00:00+00:00
[2023-06-05T20:21:30.384+0000] {logging_mixin.py:149} INFO - [2023-06-05T20:21:30.384+0000] {dag.py:3490} INFO - Setting next_dagrun for dataset_produces_2 to None, run_after=None
[2023-06-05T20:21:30.433+0000] {processor.py:179} INFO - Processing /home/airflow/.local/lib/python3.7/site-packages/airflow/example_dags/example_datasets.py took 0.139 seconds
[2023-06-05T20:22:00.939+0000] {processor.py:157} INFO - Started process (PID=1419) to work on /home/airflow/.local/lib/python3.7/site-packages/airflow/example_dags/example_datasets.py
[2023-06-05T20:22:00.939+0000] {processor.py:826} INFO - Processing file /home/airflow/.local/lib/python3.7/site-packages/airflow/example_dags/example_datasets.py for tasks to queue
[2023-06-05T20:22:00.940+0000] {logging_mixin.py:149} INFO - [2023-06-05T20:22:00.940+0000] {dagbag.py:541} INFO - Filling up the DagBag from /home/airflow/.local/lib/python3.7/site-packages/airflow/example_dags/example_datasets.py
[2023-06-05T20:22:00.949+0000] {processor.py:836} INFO - DAG(s) dict_keys(['dataset_produces_1', 'dataset_consumes_1_and_2', 'dataset_consumes_1_never_scheduled', 'dataset_produces_2', 'dataset_consumes_unknown_never_scheduled', 'dataset_consumes_1']) retrieved from /home/airflow/.local/lib/python3.7/site-packages/airflow/example_dags/example_datasets.py
[2023-06-05T20:22:00.989+0000] {logging_mixin.py:149} INFO - [2023-06-05T20:22:00.989+0000] {dag.py:2726} INFO - Sync 6 DAGs
[2023-06-05T20:22:01.025+0000] {logging_mixin.py:149} INFO - [2023-06-05T20:22:01.025+0000] {dag.py:3490} INFO - Setting next_dagrun for dataset_consumes_1 to None, run_after=None
[2023-06-05T20:22:01.029+0000] {logging_mixin.py:149} INFO - [2023-06-05T20:22:01.029+0000] {dag.py:3490} INFO - Setting next_dagrun for dataset_consumes_1_and_2 to None, run_after=None
[2023-06-05T20:22:01.030+0000] {logging_mixin.py:149} INFO - [2023-06-05T20:22:01.030+0000] {dag.py:3490} INFO - Setting next_dagrun for dataset_consumes_1_never_scheduled to None, run_after=None
[2023-06-05T20:22:01.031+0000] {logging_mixin.py:149} INFO - [2023-06-05T20:22:01.031+0000] {dag.py:3490} INFO - Setting next_dagrun for dataset_consumes_unknown_never_scheduled to None, run_after=None
[2023-06-05T20:22:01.033+0000] {logging_mixin.py:149} INFO - [2023-06-05T20:22:01.033+0000] {dag.py:3490} INFO - Setting next_dagrun for dataset_produces_1 to 2023-06-04T00:00:00+00:00, run_after=2023-06-05T00:00:00+00:00
[2023-06-05T20:22:01.035+0000] {logging_mixin.py:149} INFO - [2023-06-05T20:22:01.034+0000] {dag.py:3490} INFO - Setting next_dagrun for dataset_produces_2 to None, run_after=None
[2023-06-05T20:22:01.069+0000] {processor.py:179} INFO - Processing /home/airflow/.local/lib/python3.7/site-packages/airflow/example_dags/example_datasets.py took 0.133 seconds
