[2023-06-05T20:11:52.928+0000] {processor.py:157} INFO - Started process (PID=67) to work on /home/airflow/.local/lib/python3.7/site-packages/airflow/example_dags/example_params_trigger_ui.py
[2023-06-05T20:11:52.928+0000] {processor.py:826} INFO - Processing file /home/airflow/.local/lib/python3.7/site-packages/airflow/example_dags/example_params_trigger_ui.py for tasks to queue
[2023-06-05T20:11:52.929+0000] {logging_mixin.py:149} INFO - [2023-06-05T20:11:52.929+0000] {dagbag.py:541} INFO - Filling up the DagBag from /home/airflow/.local/lib/python3.7/site-packages/airflow/example_dags/example_params_trigger_ui.py
[2023-06-05T20:11:52.950+0000] {processor.py:836} INFO - DAG(s) dict_keys(['example_params_trigger_ui']) retrieved from /home/airflow/.local/lib/python3.7/site-packages/airflow/example_dags/example_params_trigger_ui.py
[2023-06-05T20:11:52.960+0000] {logging_mixin.py:149} INFO - [2023-06-05T20:11:52.960+0000] {dag.py:2726} INFO - Sync 1 DAGs
[2023-06-05T20:11:52.983+0000] {logging_mixin.py:149} INFO - [2023-06-05T20:11:52.983+0000] {dag.py:3490} INFO - Setting next_dagrun for example_params_trigger_ui to None, run_after=None
[2023-06-05T20:11:53.011+0000] {processor.py:179} INFO - Processing /home/airflow/.local/lib/python3.7/site-packages/airflow/example_dags/example_params_trigger_ui.py took 0.086 seconds
[2023-06-05T20:12:24.036+0000] {processor.py:157} INFO - Started process (PID=135) to work on /home/airflow/.local/lib/python3.7/site-packages/airflow/example_dags/example_params_trigger_ui.py
[2023-06-05T20:12:24.037+0000] {processor.py:826} INFO - Processing file /home/airflow/.local/lib/python3.7/site-packages/airflow/example_dags/example_params_trigger_ui.py for tasks to queue
[2023-06-05T20:12:24.037+0000] {logging_mixin.py:149} INFO - [2023-06-05T20:12:24.037+0000] {dagbag.py:541} INFO - Filling up the DagBag from /home/airflow/.local/lib/python3.7/site-packages/airflow/example_dags/example_params_trigger_ui.py
[2023-06-05T20:12:24.061+0000] {processor.py:836} INFO - DAG(s) dict_keys(['example_params_trigger_ui']) retrieved from /home/airflow/.local/lib/python3.7/site-packages/airflow/example_dags/example_params_trigger_ui.py
[2023-06-05T20:12:24.195+0000] {logging_mixin.py:149} INFO - [2023-06-05T20:12:24.195+0000] {dag.py:2726} INFO - Sync 1 DAGs
[2023-06-05T20:12:24.232+0000] {logging_mixin.py:149} INFO - [2023-06-05T20:12:24.231+0000] {dag.py:3490} INFO - Setting next_dagrun for example_params_trigger_ui to None, run_after=None
[2023-06-05T20:12:24.268+0000] {processor.py:179} INFO - Processing /home/airflow/.local/lib/python3.7/site-packages/airflow/example_dags/example_params_trigger_ui.py took 0.235 seconds
[2023-06-05T20:12:55.267+0000] {processor.py:157} INFO - Started process (PID=203) to work on /home/airflow/.local/lib/python3.7/site-packages/airflow/example_dags/example_params_trigger_ui.py
[2023-06-05T20:12:55.267+0000] {processor.py:826} INFO - Processing file /home/airflow/.local/lib/python3.7/site-packages/airflow/example_dags/example_params_trigger_ui.py for tasks to queue
[2023-06-05T20:12:55.268+0000] {logging_mixin.py:149} INFO - [2023-06-05T20:12:55.268+0000] {dagbag.py:541} INFO - Filling up the DagBag from /home/airflow/.local/lib/python3.7/site-packages/airflow/example_dags/example_params_trigger_ui.py
[2023-06-05T20:12:55.286+0000] {processor.py:836} INFO - DAG(s) dict_keys(['example_params_trigger_ui']) retrieved from /home/airflow/.local/lib/python3.7/site-packages/airflow/example_dags/example_params_trigger_ui.py
[2023-06-05T20:12:55.374+0000] {logging_mixin.py:149} INFO - [2023-06-05T20:12:55.374+0000] {dag.py:2726} INFO - Sync 1 DAGs
[2023-06-05T20:12:55.406+0000] {logging_mixin.py:149} INFO - [2023-06-05T20:12:55.405+0000] {dag.py:3490} INFO - Setting next_dagrun for example_params_trigger_ui to None, run_after=None
[2023-06-05T20:12:55.430+0000] {processor.py:179} INFO - Processing /home/airflow/.local/lib/python3.7/site-packages/airflow/example_dags/example_params_trigger_ui.py took 0.165 seconds
[2023-06-05T20:13:25.637+0000] {processor.py:157} INFO - Started process (PID=271) to work on /home/airflow/.local/lib/python3.7/site-packages/airflow/example_dags/example_params_trigger_ui.py
[2023-06-05T20:13:25.639+0000] {processor.py:826} INFO - Processing file /home/airflow/.local/lib/python3.7/site-packages/airflow/example_dags/example_params_trigger_ui.py for tasks to queue
[2023-06-05T20:13:25.639+0000] {logging_mixin.py:149} INFO - [2023-06-05T20:13:25.639+0000] {dagbag.py:541} INFO - Filling up the DagBag from /home/airflow/.local/lib/python3.7/site-packages/airflow/example_dags/example_params_trigger_ui.py
[2023-06-05T20:13:25.656+0000] {processor.py:836} INFO - DAG(s) dict_keys(['example_params_trigger_ui']) retrieved from /home/airflow/.local/lib/python3.7/site-packages/airflow/example_dags/example_params_trigger_ui.py
[2023-06-05T20:13:25.739+0000] {logging_mixin.py:149} INFO - [2023-06-05T20:13:25.739+0000] {dag.py:2726} INFO - Sync 1 DAGs
[2023-06-05T20:13:25.761+0000] {logging_mixin.py:149} INFO - [2023-06-05T20:13:25.761+0000] {dag.py:3490} INFO - Setting next_dagrun for example_params_trigger_ui to None, run_after=None
[2023-06-05T20:13:25.777+0000] {processor.py:179} INFO - Processing /home/airflow/.local/lib/python3.7/site-packages/airflow/example_dags/example_params_trigger_ui.py took 0.142 seconds
[2023-06-05T20:13:56.478+0000] {processor.py:157} INFO - Started process (PID=339) to work on /home/airflow/.local/lib/python3.7/site-packages/airflow/example_dags/example_params_trigger_ui.py
[2023-06-05T20:13:56.479+0000] {processor.py:826} INFO - Processing file /home/airflow/.local/lib/python3.7/site-packages/airflow/example_dags/example_params_trigger_ui.py for tasks to queue
[2023-06-05T20:13:56.479+0000] {logging_mixin.py:149} INFO - [2023-06-05T20:13:56.479+0000] {dagbag.py:541} INFO - Filling up the DagBag from /home/airflow/.local/lib/python3.7/site-packages/airflow/example_dags/example_params_trigger_ui.py
[2023-06-05T20:13:56.497+0000] {processor.py:836} INFO - DAG(s) dict_keys(['example_params_trigger_ui']) retrieved from /home/airflow/.local/lib/python3.7/site-packages/airflow/example_dags/example_params_trigger_ui.py
[2023-06-05T20:13:56.603+0000] {logging_mixin.py:149} INFO - [2023-06-05T20:13:56.603+0000] {dag.py:2726} INFO - Sync 1 DAGs
[2023-06-05T20:13:56.641+0000] {logging_mixin.py:149} INFO - [2023-06-05T20:13:56.641+0000] {dag.py:3490} INFO - Setting next_dagrun for example_params_trigger_ui to None, run_after=None
[2023-06-05T20:13:56.664+0000] {processor.py:179} INFO - Processing /home/airflow/.local/lib/python3.7/site-packages/airflow/example_dags/example_params_trigger_ui.py took 0.188 seconds
[2023-06-05T20:14:26.788+0000] {processor.py:157} INFO - Started process (PID=407) to work on /home/airflow/.local/lib/python3.7/site-packages/airflow/example_dags/example_params_trigger_ui.py
[2023-06-05T20:14:26.789+0000] {processor.py:826} INFO - Processing file /home/airflow/.local/lib/python3.7/site-packages/airflow/example_dags/example_params_trigger_ui.py for tasks to queue
[2023-06-05T20:14:26.790+0000] {logging_mixin.py:149} INFO - [2023-06-05T20:14:26.790+0000] {dagbag.py:541} INFO - Filling up the DagBag from /home/airflow/.local/lib/python3.7/site-packages/airflow/example_dags/example_params_trigger_ui.py
[2023-06-05T20:14:26.821+0000] {processor.py:836} INFO - DAG(s) dict_keys(['example_params_trigger_ui']) retrieved from /home/airflow/.local/lib/python3.7/site-packages/airflow/example_dags/example_params_trigger_ui.py
[2023-06-05T20:14:26.925+0000] {logging_mixin.py:149} INFO - [2023-06-05T20:14:26.925+0000] {dag.py:2726} INFO - Sync 1 DAGs
[2023-06-05T20:14:26.959+0000] {logging_mixin.py:149} INFO - [2023-06-05T20:14:26.959+0000] {dag.py:3490} INFO - Setting next_dagrun for example_params_trigger_ui to None, run_after=None
[2023-06-05T20:14:26.980+0000] {processor.py:179} INFO - Processing /home/airflow/.local/lib/python3.7/site-packages/airflow/example_dags/example_params_trigger_ui.py took 0.195 seconds
[2023-06-05T20:14:58.089+0000] {processor.py:157} INFO - Started process (PID=475) to work on /home/airflow/.local/lib/python3.7/site-packages/airflow/example_dags/example_params_trigger_ui.py
[2023-06-05T20:14:58.090+0000] {processor.py:826} INFO - Processing file /home/airflow/.local/lib/python3.7/site-packages/airflow/example_dags/example_params_trigger_ui.py for tasks to queue
[2023-06-05T20:14:58.090+0000] {logging_mixin.py:149} INFO - [2023-06-05T20:14:58.090+0000] {dagbag.py:541} INFO - Filling up the DagBag from /home/airflow/.local/lib/python3.7/site-packages/airflow/example_dags/example_params_trigger_ui.py
[2023-06-05T20:14:58.114+0000] {processor.py:836} INFO - DAG(s) dict_keys(['example_params_trigger_ui']) retrieved from /home/airflow/.local/lib/python3.7/site-packages/airflow/example_dags/example_params_trigger_ui.py
[2023-06-05T20:14:58.215+0000] {logging_mixin.py:149} INFO - [2023-06-05T20:14:58.215+0000] {dag.py:2726} INFO - Sync 1 DAGs
[2023-06-05T20:14:58.251+0000] {logging_mixin.py:149} INFO - [2023-06-05T20:14:58.250+0000] {dag.py:3490} INFO - Setting next_dagrun for example_params_trigger_ui to None, run_after=None
[2023-06-05T20:14:58.271+0000] {processor.py:179} INFO - Processing /home/airflow/.local/lib/python3.7/site-packages/airflow/example_dags/example_params_trigger_ui.py took 0.184 seconds
[2023-06-05T20:15:29.348+0000] {processor.py:157} INFO - Started process (PID=543) to work on /home/airflow/.local/lib/python3.7/site-packages/airflow/example_dags/example_params_trigger_ui.py
[2023-06-05T20:15:29.354+0000] {processor.py:826} INFO - Processing file /home/airflow/.local/lib/python3.7/site-packages/airflow/example_dags/example_params_trigger_ui.py for tasks to queue
[2023-06-05T20:15:29.355+0000] {logging_mixin.py:149} INFO - [2023-06-05T20:15:29.355+0000] {dagbag.py:541} INFO - Filling up the DagBag from /home/airflow/.local/lib/python3.7/site-packages/airflow/example_dags/example_params_trigger_ui.py
[2023-06-05T20:15:29.376+0000] {processor.py:836} INFO - DAG(s) dict_keys(['example_params_trigger_ui']) retrieved from /home/airflow/.local/lib/python3.7/site-packages/airflow/example_dags/example_params_trigger_ui.py
[2023-06-05T20:15:29.478+0000] {logging_mixin.py:149} INFO - [2023-06-05T20:15:29.478+0000] {dag.py:2726} INFO - Sync 1 DAGs
[2023-06-05T20:15:29.505+0000] {logging_mixin.py:149} INFO - [2023-06-05T20:15:29.505+0000] {dag.py:3490} INFO - Setting next_dagrun for example_params_trigger_ui to None, run_after=None
[2023-06-05T20:15:29.561+0000] {processor.py:179} INFO - Processing /home/airflow/.local/lib/python3.7/site-packages/airflow/example_dags/example_params_trigger_ui.py took 0.216 seconds
[2023-06-05T20:16:00.464+0000] {processor.py:157} INFO - Started process (PID=611) to work on /home/airflow/.local/lib/python3.7/site-packages/airflow/example_dags/example_params_trigger_ui.py
[2023-06-05T20:16:00.466+0000] {processor.py:826} INFO - Processing file /home/airflow/.local/lib/python3.7/site-packages/airflow/example_dags/example_params_trigger_ui.py for tasks to queue
[2023-06-05T20:16:00.467+0000] {logging_mixin.py:149} INFO - [2023-06-05T20:16:00.467+0000] {dagbag.py:541} INFO - Filling up the DagBag from /home/airflow/.local/lib/python3.7/site-packages/airflow/example_dags/example_params_trigger_ui.py
[2023-06-05T20:16:00.485+0000] {processor.py:836} INFO - DAG(s) dict_keys(['example_params_trigger_ui']) retrieved from /home/airflow/.local/lib/python3.7/site-packages/airflow/example_dags/example_params_trigger_ui.py
[2023-06-05T20:16:00.618+0000] {logging_mixin.py:149} INFO - [2023-06-05T20:16:00.617+0000] {dag.py:2726} INFO - Sync 1 DAGs
[2023-06-05T20:16:00.654+0000] {logging_mixin.py:149} INFO - [2023-06-05T20:16:00.654+0000] {dag.py:3490} INFO - Setting next_dagrun for example_params_trigger_ui to None, run_after=None
[2023-06-05T20:16:00.676+0000] {processor.py:179} INFO - Processing /home/airflow/.local/lib/python3.7/site-packages/airflow/example_dags/example_params_trigger_ui.py took 0.215 seconds
[2023-06-05T20:16:30.999+0000] {processor.py:157} INFO - Started process (PID=679) to work on /home/airflow/.local/lib/python3.7/site-packages/airflow/example_dags/example_params_trigger_ui.py
[2023-06-05T20:16:31.000+0000] {processor.py:826} INFO - Processing file /home/airflow/.local/lib/python3.7/site-packages/airflow/example_dags/example_params_trigger_ui.py for tasks to queue
[2023-06-05T20:16:31.000+0000] {logging_mixin.py:149} INFO - [2023-06-05T20:16:31.000+0000] {dagbag.py:541} INFO - Filling up the DagBag from /home/airflow/.local/lib/python3.7/site-packages/airflow/example_dags/example_params_trigger_ui.py
[2023-06-05T20:16:31.020+0000] {processor.py:836} INFO - DAG(s) dict_keys(['example_params_trigger_ui']) retrieved from /home/airflow/.local/lib/python3.7/site-packages/airflow/example_dags/example_params_trigger_ui.py
[2023-06-05T20:16:31.100+0000] {logging_mixin.py:149} INFO - [2023-06-05T20:16:31.100+0000] {dag.py:2726} INFO - Sync 1 DAGs
[2023-06-05T20:16:31.125+0000] {logging_mixin.py:149} INFO - [2023-06-05T20:16:31.125+0000] {dag.py:3490} INFO - Setting next_dagrun for example_params_trigger_ui to None, run_after=None
[2023-06-05T20:16:31.144+0000] {processor.py:179} INFO - Processing /home/airflow/.local/lib/python3.7/site-packages/airflow/example_dags/example_params_trigger_ui.py took 0.147 seconds
[2023-06-05T20:17:01.333+0000] {processor.py:157} INFO - Started process (PID=747) to work on /home/airflow/.local/lib/python3.7/site-packages/airflow/example_dags/example_params_trigger_ui.py
[2023-06-05T20:17:01.334+0000] {processor.py:826} INFO - Processing file /home/airflow/.local/lib/python3.7/site-packages/airflow/example_dags/example_params_trigger_ui.py for tasks to queue
[2023-06-05T20:17:01.334+0000] {logging_mixin.py:149} INFO - [2023-06-05T20:17:01.334+0000] {dagbag.py:541} INFO - Filling up the DagBag from /home/airflow/.local/lib/python3.7/site-packages/airflow/example_dags/example_params_trigger_ui.py
[2023-06-05T20:17:01.353+0000] {processor.py:836} INFO - DAG(s) dict_keys(['example_params_trigger_ui']) retrieved from /home/airflow/.local/lib/python3.7/site-packages/airflow/example_dags/example_params_trigger_ui.py
[2023-06-05T20:17:01.438+0000] {logging_mixin.py:149} INFO - [2023-06-05T20:17:01.438+0000] {dag.py:2726} INFO - Sync 1 DAGs
[2023-06-05T20:17:01.460+0000] {logging_mixin.py:149} INFO - [2023-06-05T20:17:01.460+0000] {dag.py:3490} INFO - Setting next_dagrun for example_params_trigger_ui to None, run_after=None
[2023-06-05T20:17:01.476+0000] {processor.py:179} INFO - Processing /home/airflow/.local/lib/python3.7/site-packages/airflow/example_dags/example_params_trigger_ui.py took 0.146 seconds
[2023-06-05T20:17:32.493+0000] {processor.py:157} INFO - Started process (PID=815) to work on /home/airflow/.local/lib/python3.7/site-packages/airflow/example_dags/example_params_trigger_ui.py
[2023-06-05T20:17:32.495+0000] {processor.py:826} INFO - Processing file /home/airflow/.local/lib/python3.7/site-packages/airflow/example_dags/example_params_trigger_ui.py for tasks to queue
[2023-06-05T20:17:32.495+0000] {logging_mixin.py:149} INFO - [2023-06-05T20:17:32.495+0000] {dagbag.py:541} INFO - Filling up the DagBag from /home/airflow/.local/lib/python3.7/site-packages/airflow/example_dags/example_params_trigger_ui.py
[2023-06-05T20:17:32.517+0000] {processor.py:836} INFO - DAG(s) dict_keys(['example_params_trigger_ui']) retrieved from /home/airflow/.local/lib/python3.7/site-packages/airflow/example_dags/example_params_trigger_ui.py
[2023-06-05T20:17:32.602+0000] {logging_mixin.py:149} INFO - [2023-06-05T20:17:32.602+0000] {dag.py:2726} INFO - Sync 1 DAGs
[2023-06-05T20:17:32.627+0000] {logging_mixin.py:149} INFO - [2023-06-05T20:17:32.626+0000] {dag.py:3490} INFO - Setting next_dagrun for example_params_trigger_ui to None, run_after=None
[2023-06-05T20:17:32.646+0000] {processor.py:179} INFO - Processing /home/airflow/.local/lib/python3.7/site-packages/airflow/example_dags/example_params_trigger_ui.py took 0.155 seconds
[2023-06-05T20:18:02.884+0000] {processor.py:157} INFO - Started process (PID=883) to work on /home/airflow/.local/lib/python3.7/site-packages/airflow/example_dags/example_params_trigger_ui.py
[2023-06-05T20:18:02.885+0000] {processor.py:826} INFO - Processing file /home/airflow/.local/lib/python3.7/site-packages/airflow/example_dags/example_params_trigger_ui.py for tasks to queue
[2023-06-05T20:18:02.886+0000] {logging_mixin.py:149} INFO - [2023-06-05T20:18:02.885+0000] {dagbag.py:541} INFO - Filling up the DagBag from /home/airflow/.local/lib/python3.7/site-packages/airflow/example_dags/example_params_trigger_ui.py
[2023-06-05T20:18:02.905+0000] {processor.py:836} INFO - DAG(s) dict_keys(['example_params_trigger_ui']) retrieved from /home/airflow/.local/lib/python3.7/site-packages/airflow/example_dags/example_params_trigger_ui.py
[2023-06-05T20:18:02.988+0000] {logging_mixin.py:149} INFO - [2023-06-05T20:18:02.988+0000] {dag.py:2726} INFO - Sync 1 DAGs
[2023-06-05T20:18:03.015+0000] {logging_mixin.py:149} INFO - [2023-06-05T20:18:03.014+0000] {dag.py:3490} INFO - Setting next_dagrun for example_params_trigger_ui to None, run_after=None
[2023-06-05T20:18:03.033+0000] {processor.py:179} INFO - Processing /home/airflow/.local/lib/python3.7/site-packages/airflow/example_dags/example_params_trigger_ui.py took 0.151 seconds
[2023-06-05T20:18:33.196+0000] {processor.py:157} INFO - Started process (PID=951) to work on /home/airflow/.local/lib/python3.7/site-packages/airflow/example_dags/example_params_trigger_ui.py
[2023-06-05T20:18:33.197+0000] {processor.py:826} INFO - Processing file /home/airflow/.local/lib/python3.7/site-packages/airflow/example_dags/example_params_trigger_ui.py for tasks to queue
[2023-06-05T20:18:33.198+0000] {logging_mixin.py:149} INFO - [2023-06-05T20:18:33.197+0000] {dagbag.py:541} INFO - Filling up the DagBag from /home/airflow/.local/lib/python3.7/site-packages/airflow/example_dags/example_params_trigger_ui.py
[2023-06-05T20:18:33.223+0000] {processor.py:836} INFO - DAG(s) dict_keys(['example_params_trigger_ui']) retrieved from /home/airflow/.local/lib/python3.7/site-packages/airflow/example_dags/example_params_trigger_ui.py
[2023-06-05T20:18:33.319+0000] {logging_mixin.py:149} INFO - [2023-06-05T20:18:33.319+0000] {dag.py:2726} INFO - Sync 1 DAGs
[2023-06-05T20:18:33.345+0000] {logging_mixin.py:149} INFO - [2023-06-05T20:18:33.345+0000] {dag.py:3490} INFO - Setting next_dagrun for example_params_trigger_ui to None, run_after=None
[2023-06-05T20:18:33.366+0000] {processor.py:179} INFO - Processing /home/airflow/.local/lib/python3.7/site-packages/airflow/example_dags/example_params_trigger_ui.py took 0.173 seconds
[2023-06-05T20:19:03.752+0000] {processor.py:157} INFO - Started process (PID=1019) to work on /home/airflow/.local/lib/python3.7/site-packages/airflow/example_dags/example_params_trigger_ui.py
[2023-06-05T20:19:03.753+0000] {processor.py:826} INFO - Processing file /home/airflow/.local/lib/python3.7/site-packages/airflow/example_dags/example_params_trigger_ui.py for tasks to queue
[2023-06-05T20:19:03.753+0000] {logging_mixin.py:149} INFO - [2023-06-05T20:19:03.753+0000] {dagbag.py:541} INFO - Filling up the DagBag from /home/airflow/.local/lib/python3.7/site-packages/airflow/example_dags/example_params_trigger_ui.py
[2023-06-05T20:19:03.770+0000] {processor.py:836} INFO - DAG(s) dict_keys(['example_params_trigger_ui']) retrieved from /home/airflow/.local/lib/python3.7/site-packages/airflow/example_dags/example_params_trigger_ui.py
[2023-06-05T20:19:03.853+0000] {logging_mixin.py:149} INFO - [2023-06-05T20:19:03.853+0000] {dag.py:2726} INFO - Sync 1 DAGs
[2023-06-05T20:19:03.878+0000] {logging_mixin.py:149} INFO - [2023-06-05T20:19:03.878+0000] {dag.py:3490} INFO - Setting next_dagrun for example_params_trigger_ui to None, run_after=None
[2023-06-05T20:19:03.897+0000] {processor.py:179} INFO - Processing /home/airflow/.local/lib/python3.7/site-packages/airflow/example_dags/example_params_trigger_ui.py took 0.148 seconds
[2023-06-05T20:19:34.093+0000] {processor.py:157} INFO - Started process (PID=1087) to work on /home/airflow/.local/lib/python3.7/site-packages/airflow/example_dags/example_params_trigger_ui.py
[2023-06-05T20:19:34.094+0000] {processor.py:826} INFO - Processing file /home/airflow/.local/lib/python3.7/site-packages/airflow/example_dags/example_params_trigger_ui.py for tasks to queue
[2023-06-05T20:19:34.094+0000] {logging_mixin.py:149} INFO - [2023-06-05T20:19:34.094+0000] {dagbag.py:541} INFO - Filling up the DagBag from /home/airflow/.local/lib/python3.7/site-packages/airflow/example_dags/example_params_trigger_ui.py
[2023-06-05T20:19:34.113+0000] {processor.py:836} INFO - DAG(s) dict_keys(['example_params_trigger_ui']) retrieved from /home/airflow/.local/lib/python3.7/site-packages/airflow/example_dags/example_params_trigger_ui.py
[2023-06-05T20:19:34.191+0000] {logging_mixin.py:149} INFO - [2023-06-05T20:19:34.191+0000] {dag.py:2726} INFO - Sync 1 DAGs
[2023-06-05T20:19:34.214+0000] {logging_mixin.py:149} INFO - [2023-06-05T20:19:34.214+0000] {dag.py:3490} INFO - Setting next_dagrun for example_params_trigger_ui to None, run_after=None
[2023-06-05T20:19:34.231+0000] {processor.py:179} INFO - Processing /home/airflow/.local/lib/python3.7/site-packages/airflow/example_dags/example_params_trigger_ui.py took 0.140 seconds
[2023-06-05T20:20:04.534+0000] {processor.py:157} INFO - Started process (PID=1155) to work on /home/airflow/.local/lib/python3.7/site-packages/airflow/example_dags/example_params_trigger_ui.py
[2023-06-05T20:20:04.538+0000] {processor.py:826} INFO - Processing file /home/airflow/.local/lib/python3.7/site-packages/airflow/example_dags/example_params_trigger_ui.py for tasks to queue
[2023-06-05T20:20:04.539+0000] {logging_mixin.py:149} INFO - [2023-06-05T20:20:04.539+0000] {dagbag.py:541} INFO - Filling up the DagBag from /home/airflow/.local/lib/python3.7/site-packages/airflow/example_dags/example_params_trigger_ui.py
[2023-06-05T20:20:04.563+0000] {processor.py:836} INFO - DAG(s) dict_keys(['example_params_trigger_ui']) retrieved from /home/airflow/.local/lib/python3.7/site-packages/airflow/example_dags/example_params_trigger_ui.py
[2023-06-05T20:20:04.678+0000] {logging_mixin.py:149} INFO - [2023-06-05T20:20:04.677+0000] {dag.py:2726} INFO - Sync 1 DAGs
[2023-06-05T20:20:04.715+0000] {logging_mixin.py:149} INFO - [2023-06-05T20:20:04.715+0000] {dag.py:3490} INFO - Setting next_dagrun for example_params_trigger_ui to None, run_after=None
[2023-06-05T20:20:04.738+0000] {processor.py:179} INFO - Processing /home/airflow/.local/lib/python3.7/site-packages/airflow/example_dags/example_params_trigger_ui.py took 0.208 seconds
[2023-06-05T20:20:34.959+0000] {processor.py:157} INFO - Started process (PID=1223) to work on /home/airflow/.local/lib/python3.7/site-packages/airflow/example_dags/example_params_trigger_ui.py
[2023-06-05T20:20:34.959+0000] {processor.py:826} INFO - Processing file /home/airflow/.local/lib/python3.7/site-packages/airflow/example_dags/example_params_trigger_ui.py for tasks to queue
[2023-06-05T20:20:34.960+0000] {logging_mixin.py:149} INFO - [2023-06-05T20:20:34.960+0000] {dagbag.py:541} INFO - Filling up the DagBag from /home/airflow/.local/lib/python3.7/site-packages/airflow/example_dags/example_params_trigger_ui.py
[2023-06-05T20:20:34.977+0000] {processor.py:836} INFO - DAG(s) dict_keys(['example_params_trigger_ui']) retrieved from /home/airflow/.local/lib/python3.7/site-packages/airflow/example_dags/example_params_trigger_ui.py
[2023-06-05T20:20:35.065+0000] {logging_mixin.py:149} INFO - [2023-06-05T20:20:35.065+0000] {dag.py:2726} INFO - Sync 1 DAGs
[2023-06-05T20:20:35.087+0000] {logging_mixin.py:149} INFO - [2023-06-05T20:20:35.086+0000] {dag.py:3490} INFO - Setting next_dagrun for example_params_trigger_ui to None, run_after=None
[2023-06-05T20:20:35.118+0000] {processor.py:179} INFO - Processing /home/airflow/.local/lib/python3.7/site-packages/airflow/example_dags/example_params_trigger_ui.py took 0.161 seconds
[2023-06-05T20:21:05.505+0000] {processor.py:157} INFO - Started process (PID=1291) to work on /home/airflow/.local/lib/python3.7/site-packages/airflow/example_dags/example_params_trigger_ui.py
[2023-06-05T20:21:05.506+0000] {processor.py:826} INFO - Processing file /home/airflow/.local/lib/python3.7/site-packages/airflow/example_dags/example_params_trigger_ui.py for tasks to queue
[2023-06-05T20:21:05.507+0000] {logging_mixin.py:149} INFO - [2023-06-05T20:21:05.507+0000] {dagbag.py:541} INFO - Filling up the DagBag from /home/airflow/.local/lib/python3.7/site-packages/airflow/example_dags/example_params_trigger_ui.py
[2023-06-05T20:21:05.527+0000] {processor.py:836} INFO - DAG(s) dict_keys(['example_params_trigger_ui']) retrieved from /home/airflow/.local/lib/python3.7/site-packages/airflow/example_dags/example_params_trigger_ui.py
[2023-06-05T20:21:05.618+0000] {logging_mixin.py:149} INFO - [2023-06-05T20:21:05.618+0000] {dag.py:2726} INFO - Sync 1 DAGs
[2023-06-05T20:21:05.642+0000] {logging_mixin.py:149} INFO - [2023-06-05T20:21:05.642+0000] {dag.py:3490} INFO - Setting next_dagrun for example_params_trigger_ui to None, run_after=None
[2023-06-05T20:21:05.661+0000] {processor.py:179} INFO - Processing /home/airflow/.local/lib/python3.7/site-packages/airflow/example_dags/example_params_trigger_ui.py took 0.159 seconds
[2023-06-05T20:21:36.093+0000] {processor.py:157} INFO - Started process (PID=1360) to work on /home/airflow/.local/lib/python3.7/site-packages/airflow/example_dags/example_params_trigger_ui.py
[2023-06-05T20:21:36.094+0000] {processor.py:826} INFO - Processing file /home/airflow/.local/lib/python3.7/site-packages/airflow/example_dags/example_params_trigger_ui.py for tasks to queue
[2023-06-05T20:21:36.094+0000] {logging_mixin.py:149} INFO - [2023-06-05T20:21:36.094+0000] {dagbag.py:541} INFO - Filling up the DagBag from /home/airflow/.local/lib/python3.7/site-packages/airflow/example_dags/example_params_trigger_ui.py
[2023-06-05T20:21:36.119+0000] {processor.py:836} INFO - DAG(s) dict_keys(['example_params_trigger_ui']) retrieved from /home/airflow/.local/lib/python3.7/site-packages/airflow/example_dags/example_params_trigger_ui.py
[2023-06-05T20:21:36.201+0000] {logging_mixin.py:149} INFO - [2023-06-05T20:21:36.201+0000] {dag.py:2726} INFO - Sync 1 DAGs
[2023-06-05T20:21:36.234+0000] {logging_mixin.py:149} INFO - [2023-06-05T20:21:36.234+0000] {dag.py:3490} INFO - Setting next_dagrun for example_params_trigger_ui to None, run_after=None
[2023-06-05T20:21:36.252+0000] {processor.py:179} INFO - Processing /home/airflow/.local/lib/python3.7/site-packages/airflow/example_dags/example_params_trigger_ui.py took 0.161 seconds
[2023-06-05T20:22:06.885+0000] {processor.py:157} INFO - Started process (PID=1428) to work on /home/airflow/.local/lib/python3.7/site-packages/airflow/example_dags/example_params_trigger_ui.py
[2023-06-05T20:22:06.886+0000] {processor.py:826} INFO - Processing file /home/airflow/.local/lib/python3.7/site-packages/airflow/example_dags/example_params_trigger_ui.py for tasks to queue
[2023-06-05T20:22:06.886+0000] {logging_mixin.py:149} INFO - [2023-06-05T20:22:06.886+0000] {dagbag.py:541} INFO - Filling up the DagBag from /home/airflow/.local/lib/python3.7/site-packages/airflow/example_dags/example_params_trigger_ui.py
[2023-06-05T20:22:06.909+0000] {processor.py:836} INFO - DAG(s) dict_keys(['example_params_trigger_ui']) retrieved from /home/airflow/.local/lib/python3.7/site-packages/airflow/example_dags/example_params_trigger_ui.py
[2023-06-05T20:22:07.003+0000] {logging_mixin.py:149} INFO - [2023-06-05T20:22:07.003+0000] {dag.py:2726} INFO - Sync 1 DAGs
[2023-06-05T20:22:07.034+0000] {logging_mixin.py:149} INFO - [2023-06-05T20:22:07.034+0000] {dag.py:3490} INFO - Setting next_dagrun for example_params_trigger_ui to None, run_after=None
[2023-06-05T20:22:07.052+0000] {processor.py:179} INFO - Processing /home/airflow/.local/lib/python3.7/site-packages/airflow/example_dags/example_params_trigger_ui.py took 0.170 seconds
