[2023-06-05T20:11:53.067+0000] {processor.py:157} INFO - Started process (PID=70) to work on /home/airflow/.local/lib/python3.7/site-packages/airflow/example_dags/example_python_operator.py
[2023-06-05T20:11:53.068+0000] {processor.py:826} INFO - Processing file /home/airflow/.local/lib/python3.7/site-packages/airflow/example_dags/example_python_operator.py for tasks to queue
[2023-06-05T20:11:53.068+0000] {logging_mixin.py:149} INFO - [2023-06-05T20:11:53.068+0000] {dagbag.py:541} INFO - Filling up the DagBag from /home/airflow/.local/lib/python3.7/site-packages/airflow/example_dags/example_python_operator.py
[2023-06-05T20:11:53.076+0000] {logging_mixin.py:149} INFO - [2023-06-05T20:11:53.076+0000] {taskmixin.py:211} WARNING - Dependency <Task(_PythonDecoratedOperator): print_the_context>, log_sql_query already registered for DAG: example_python_operator
[2023-06-05T20:11:53.076+0000] {logging_mixin.py:149} INFO - [2023-06-05T20:11:53.076+0000] {taskmixin.py:211} WARNING - Dependency <Task(_PythonDecoratedOperator): log_sql_query>, print_the_context already registered for DAG: example_python_operator
[2023-06-05T20:11:53.077+0000] {logging_mixin.py:149} INFO - [2023-06-05T20:11:53.077+0000] {taskmixin.py:211} WARNING - Dependency <Task(_PythonDecoratedOperator): print_the_context>, log_sql_query already registered for DAG: example_python_operator
[2023-06-05T20:11:53.077+0000] {logging_mixin.py:149} INFO - [2023-06-05T20:11:53.077+0000] {taskmixin.py:211} WARNING - Dependency <Task(_PythonDecoratedOperator): log_sql_query>, print_the_context already registered for DAG: example_python_operator
[2023-06-05T20:11:53.078+0000] {logging_mixin.py:149} INFO - [2023-06-05T20:11:53.078+0000] {taskmixin.py:211} WARNING - Dependency <Task(_PythonDecoratedOperator): print_the_context>, log_sql_query already registered for DAG: example_python_operator
[2023-06-05T20:11:53.078+0000] {logging_mixin.py:149} INFO - [2023-06-05T20:11:53.078+0000] {taskmixin.py:211} WARNING - Dependency <Task(_PythonDecoratedOperator): log_sql_query>, print_the_context already registered for DAG: example_python_operator
[2023-06-05T20:11:53.078+0000] {logging_mixin.py:149} INFO - [2023-06-05T20:11:53.078+0000] {taskmixin.py:211} WARNING - Dependency <Task(_PythonDecoratedOperator): print_the_context>, log_sql_query already registered for DAG: example_python_operator
[2023-06-05T20:11:53.079+0000] {logging_mixin.py:149} INFO - [2023-06-05T20:11:53.079+0000] {taskmixin.py:211} WARNING - Dependency <Task(_PythonDecoratedOperator): log_sql_query>, print_the_context already registered for DAG: example_python_operator
[2023-06-05T20:11:53.084+0000] {processor.py:836} INFO - DAG(s) dict_keys(['example_python_operator']) retrieved from /home/airflow/.local/lib/python3.7/site-packages/airflow/example_dags/example_python_operator.py
[2023-06-05T20:11:53.101+0000] {logging_mixin.py:149} INFO - [2023-06-05T20:11:53.101+0000] {dag.py:2726} INFO - Sync 1 DAGs
[2023-06-05T20:11:53.137+0000] {logging_mixin.py:149} INFO - [2023-06-05T20:11:53.137+0000] {dag.py:3490} INFO - Setting next_dagrun for example_python_operator to None, run_after=None
[2023-06-05T20:11:53.158+0000] {processor.py:179} INFO - Processing /home/airflow/.local/lib/python3.7/site-packages/airflow/example_dags/example_python_operator.py took 0.094 seconds
[2023-06-05T20:12:24.384+0000] {processor.py:157} INFO - Started process (PID=138) to work on /home/airflow/.local/lib/python3.7/site-packages/airflow/example_dags/example_python_operator.py
[2023-06-05T20:12:24.385+0000] {processor.py:826} INFO - Processing file /home/airflow/.local/lib/python3.7/site-packages/airflow/example_dags/example_python_operator.py for tasks to queue
[2023-06-05T20:12:24.385+0000] {logging_mixin.py:149} INFO - [2023-06-05T20:12:24.385+0000] {dagbag.py:541} INFO - Filling up the DagBag from /home/airflow/.local/lib/python3.7/site-packages/airflow/example_dags/example_python_operator.py
[2023-06-05T20:12:24.391+0000] {logging_mixin.py:149} INFO - [2023-06-05T20:12:24.391+0000] {taskmixin.py:211} WARNING - Dependency <Task(_PythonDecoratedOperator): print_the_context>, log_sql_query already registered for DAG: example_python_operator
[2023-06-05T20:12:24.393+0000] {logging_mixin.py:149} INFO - [2023-06-05T20:12:24.393+0000] {taskmixin.py:211} WARNING - Dependency <Task(_PythonDecoratedOperator): log_sql_query>, print_the_context already registered for DAG: example_python_operator
[2023-06-05T20:12:24.394+0000] {logging_mixin.py:149} INFO - [2023-06-05T20:12:24.394+0000] {taskmixin.py:211} WARNING - Dependency <Task(_PythonDecoratedOperator): print_the_context>, log_sql_query already registered for DAG: example_python_operator
[2023-06-05T20:12:24.394+0000] {logging_mixin.py:149} INFO - [2023-06-05T20:12:24.394+0000] {taskmixin.py:211} WARNING - Dependency <Task(_PythonDecoratedOperator): log_sql_query>, print_the_context already registered for DAG: example_python_operator
[2023-06-05T20:12:24.395+0000] {logging_mixin.py:149} INFO - [2023-06-05T20:12:24.395+0000] {taskmixin.py:211} WARNING - Dependency <Task(_PythonDecoratedOperator): print_the_context>, log_sql_query already registered for DAG: example_python_operator
[2023-06-05T20:12:24.395+0000] {logging_mixin.py:149} INFO - [2023-06-05T20:12:24.395+0000] {taskmixin.py:211} WARNING - Dependency <Task(_PythonDecoratedOperator): log_sql_query>, print_the_context already registered for DAG: example_python_operator
[2023-06-05T20:12:24.395+0000] {logging_mixin.py:149} INFO - [2023-06-05T20:12:24.395+0000] {taskmixin.py:211} WARNING - Dependency <Task(_PythonDecoratedOperator): print_the_context>, log_sql_query already registered for DAG: example_python_operator
[2023-06-05T20:12:24.396+0000] {logging_mixin.py:149} INFO - [2023-06-05T20:12:24.396+0000] {taskmixin.py:211} WARNING - Dependency <Task(_PythonDecoratedOperator): log_sql_query>, print_the_context already registered for DAG: example_python_operator
[2023-06-05T20:12:24.398+0000] {processor.py:836} INFO - DAG(s) dict_keys(['example_python_operator']) retrieved from /home/airflow/.local/lib/python3.7/site-packages/airflow/example_dags/example_python_operator.py
[2023-06-05T20:12:24.489+0000] {logging_mixin.py:149} INFO - [2023-06-05T20:12:24.488+0000] {dag.py:2726} INFO - Sync 1 DAGs
[2023-06-05T20:12:24.523+0000] {logging_mixin.py:149} INFO - [2023-06-05T20:12:24.523+0000] {dag.py:3490} INFO - Setting next_dagrun for example_python_operator to None, run_after=None
[2023-06-05T20:12:24.549+0000] {processor.py:179} INFO - Processing /home/airflow/.local/lib/python3.7/site-packages/airflow/example_dags/example_python_operator.py took 0.168 seconds
[2023-06-05T20:12:55.471+0000] {processor.py:157} INFO - Started process (PID=206) to work on /home/airflow/.local/lib/python3.7/site-packages/airflow/example_dags/example_python_operator.py
[2023-06-05T20:12:55.472+0000] {processor.py:826} INFO - Processing file /home/airflow/.local/lib/python3.7/site-packages/airflow/example_dags/example_python_operator.py for tasks to queue
[2023-06-05T20:12:55.472+0000] {logging_mixin.py:149} INFO - [2023-06-05T20:12:55.472+0000] {dagbag.py:541} INFO - Filling up the DagBag from /home/airflow/.local/lib/python3.7/site-packages/airflow/example_dags/example_python_operator.py
[2023-06-05T20:12:55.478+0000] {logging_mixin.py:149} INFO - [2023-06-05T20:12:55.478+0000] {taskmixin.py:211} WARNING - Dependency <Task(_PythonDecoratedOperator): print_the_context>, log_sql_query already registered for DAG: example_python_operator
[2023-06-05T20:12:55.478+0000] {logging_mixin.py:149} INFO - [2023-06-05T20:12:55.478+0000] {taskmixin.py:211} WARNING - Dependency <Task(_PythonDecoratedOperator): log_sql_query>, print_the_context already registered for DAG: example_python_operator
[2023-06-05T20:12:55.479+0000] {logging_mixin.py:149} INFO - [2023-06-05T20:12:55.479+0000] {taskmixin.py:211} WARNING - Dependency <Task(_PythonDecoratedOperator): print_the_context>, log_sql_query already registered for DAG: example_python_operator
[2023-06-05T20:12:55.479+0000] {logging_mixin.py:149} INFO - [2023-06-05T20:12:55.479+0000] {taskmixin.py:211} WARNING - Dependency <Task(_PythonDecoratedOperator): log_sql_query>, print_the_context already registered for DAG: example_python_operator
[2023-06-05T20:12:55.479+0000] {logging_mixin.py:149} INFO - [2023-06-05T20:12:55.479+0000] {taskmixin.py:211} WARNING - Dependency <Task(_PythonDecoratedOperator): print_the_context>, log_sql_query already registered for DAG: example_python_operator
[2023-06-05T20:12:55.480+0000] {logging_mixin.py:149} INFO - [2023-06-05T20:12:55.480+0000] {taskmixin.py:211} WARNING - Dependency <Task(_PythonDecoratedOperator): log_sql_query>, print_the_context already registered for DAG: example_python_operator
[2023-06-05T20:12:55.480+0000] {logging_mixin.py:149} INFO - [2023-06-05T20:12:55.480+0000] {taskmixin.py:211} WARNING - Dependency <Task(_PythonDecoratedOperator): print_the_context>, log_sql_query already registered for DAG: example_python_operator
[2023-06-05T20:12:55.480+0000] {logging_mixin.py:149} INFO - [2023-06-05T20:12:55.480+0000] {taskmixin.py:211} WARNING - Dependency <Task(_PythonDecoratedOperator): log_sql_query>, print_the_context already registered for DAG: example_python_operator
[2023-06-05T20:12:55.483+0000] {processor.py:836} INFO - DAG(s) dict_keys(['example_python_operator']) retrieved from /home/airflow/.local/lib/python3.7/site-packages/airflow/example_dags/example_python_operator.py
[2023-06-05T20:12:55.519+0000] {logging_mixin.py:149} INFO - [2023-06-05T20:12:55.519+0000] {dag.py:2726} INFO - Sync 1 DAGs
[2023-06-05T20:12:55.551+0000] {logging_mixin.py:149} INFO - [2023-06-05T20:12:55.551+0000] {dag.py:3490} INFO - Setting next_dagrun for example_python_operator to None, run_after=None
[2023-06-05T20:12:55.569+0000] {processor.py:179} INFO - Processing /home/airflow/.local/lib/python3.7/site-packages/airflow/example_dags/example_python_operator.py took 0.100 seconds
