[2023-06-05T20:11:51.405+0000] {processor.py:157} INFO - Started process (PID=57) to work on /home/airflow/.local/lib/python3.7/site-packages/airflow/example_dags/example_complex.py
[2023-06-05T20:11:51.406+0000] {processor.py:826} INFO - Processing file /home/airflow/.local/lib/python3.7/site-packages/airflow/example_dags/example_complex.py for tasks to queue
[2023-06-05T20:11:51.406+0000] {logging_mixin.py:149} INFO - [2023-06-05T20:11:51.406+0000] {dagbag.py:541} INFO - Filling up the DagBag from /home/airflow/.local/lib/python3.7/site-packages/airflow/example_dags/example_complex.py
[2023-06-05T20:11:51.417+0000] {logging_mixin.py:149} INFO - [2023-06-05T20:11:51.417+0000] {taskmixin.py:211} WARNING - Dependency <Task(BashOperator): create_entry_group>, delete_entry_group already registered for DAG: example_complex
[2023-06-05T20:11:51.417+0000] {logging_mixin.py:149} INFO - [2023-06-05T20:11:51.417+0000] {taskmixin.py:211} WARNING - Dependency <Task(BashOperator): delete_entry_group>, create_entry_group already registered for DAG: example_complex
[2023-06-05T20:11:51.418+0000] {logging_mixin.py:149} INFO - [2023-06-05T20:11:51.418+0000] {taskmixin.py:211} WARNING - Dependency <Task(BashOperator): create_entry_gcs>, delete_entry already registered for DAG: example_complex
[2023-06-05T20:11:51.418+0000] {logging_mixin.py:149} INFO - [2023-06-05T20:11:51.418+0000] {taskmixin.py:211} WARNING - Dependency <Task(BashOperator): delete_entry>, create_entry_gcs already registered for DAG: example_complex
[2023-06-05T20:11:51.418+0000] {logging_mixin.py:149} INFO - [2023-06-05T20:11:51.418+0000] {taskmixin.py:211} WARNING - Dependency <Task(BashOperator): create_tag>, delete_tag already registered for DAG: example_complex
[2023-06-05T20:11:51.418+0000] {logging_mixin.py:149} INFO - [2023-06-05T20:11:51.418+0000] {taskmixin.py:211} WARNING - Dependency <Task(BashOperator): delete_tag>, create_tag already registered for DAG: example_complex
[2023-06-05T20:11:51.422+0000] {processor.py:836} INFO - DAG(s) dict_keys(['example_complex']) retrieved from /home/airflow/.local/lib/python3.7/site-packages/airflow/example_dags/example_complex.py
[2023-06-05T20:11:51.435+0000] {logging_mixin.py:149} INFO - [2023-06-05T20:11:51.435+0000] {dag.py:2726} INFO - Sync 1 DAGs
[2023-06-05T20:11:51.463+0000] {logging_mixin.py:149} INFO - [2023-06-05T20:11:51.463+0000] {dag.py:3490} INFO - Setting next_dagrun for example_complex to None, run_after=None
[2023-06-05T20:11:51.480+0000] {processor.py:179} INFO - Processing /home/airflow/.local/lib/python3.7/site-packages/airflow/example_dags/example_complex.py took 0.078 seconds
[2023-06-05T20:12:22.082+0000] {processor.py:157} INFO - Started process (PID=125) to work on /home/airflow/.local/lib/python3.7/site-packages/airflow/example_dags/example_complex.py
[2023-06-05T20:12:22.083+0000] {processor.py:826} INFO - Processing file /home/airflow/.local/lib/python3.7/site-packages/airflow/example_dags/example_complex.py for tasks to queue
[2023-06-05T20:12:22.084+0000] {logging_mixin.py:149} INFO - [2023-06-05T20:12:22.084+0000] {dagbag.py:541} INFO - Filling up the DagBag from /home/airflow/.local/lib/python3.7/site-packages/airflow/example_dags/example_complex.py
[2023-06-05T20:12:22.093+0000] {logging_mixin.py:149} INFO - [2023-06-05T20:12:22.093+0000] {taskmixin.py:211} WARNING - Dependency <Task(BashOperator): create_entry_group>, delete_entry_group already registered for DAG: example_complex
[2023-06-05T20:12:22.093+0000] {logging_mixin.py:149} INFO - [2023-06-05T20:12:22.093+0000] {taskmixin.py:211} WARNING - Dependency <Task(BashOperator): delete_entry_group>, create_entry_group already registered for DAG: example_complex
[2023-06-05T20:12:22.093+0000] {logging_mixin.py:149} INFO - [2023-06-05T20:12:22.093+0000] {taskmixin.py:211} WARNING - Dependency <Task(BashOperator): create_entry_gcs>, delete_entry already registered for DAG: example_complex
[2023-06-05T20:12:22.093+0000] {logging_mixin.py:149} INFO - [2023-06-05T20:12:22.093+0000] {taskmixin.py:211} WARNING - Dependency <Task(BashOperator): delete_entry>, create_entry_gcs already registered for DAG: example_complex
[2023-06-05T20:12:22.094+0000] {logging_mixin.py:149} INFO - [2023-06-05T20:12:22.094+0000] {taskmixin.py:211} WARNING - Dependency <Task(BashOperator): create_tag>, delete_tag already registered for DAG: example_complex
[2023-06-05T20:12:22.094+0000] {logging_mixin.py:149} INFO - [2023-06-05T20:12:22.094+0000] {taskmixin.py:211} WARNING - Dependency <Task(BashOperator): delete_tag>, create_tag already registered for DAG: example_complex
[2023-06-05T20:12:22.095+0000] {processor.py:836} INFO - DAG(s) dict_keys(['example_complex']) retrieved from /home/airflow/.local/lib/python3.7/site-packages/airflow/example_dags/example_complex.py
[2023-06-05T20:12:22.171+0000] {logging_mixin.py:149} INFO - [2023-06-05T20:12:22.171+0000] {dag.py:2726} INFO - Sync 1 DAGs
[2023-06-05T20:12:22.195+0000] {logging_mixin.py:149} INFO - [2023-06-05T20:12:22.195+0000] {dag.py:3490} INFO - Setting next_dagrun for example_complex to None, run_after=None
[2023-06-05T20:12:22.235+0000] {processor.py:179} INFO - Processing /home/airflow/.local/lib/python3.7/site-packages/airflow/example_dags/example_complex.py took 0.156 seconds
[2023-06-05T20:12:52.423+0000] {processor.py:157} INFO - Started process (PID=193) to work on /home/airflow/.local/lib/python3.7/site-packages/airflow/example_dags/example_complex.py
[2023-06-05T20:12:52.423+0000] {processor.py:826} INFO - Processing file /home/airflow/.local/lib/python3.7/site-packages/airflow/example_dags/example_complex.py for tasks to queue
[2023-06-05T20:12:52.424+0000] {logging_mixin.py:149} INFO - [2023-06-05T20:12:52.423+0000] {dagbag.py:541} INFO - Filling up the DagBag from /home/airflow/.local/lib/python3.7/site-packages/airflow/example_dags/example_complex.py
[2023-06-05T20:12:52.432+0000] {logging_mixin.py:149} INFO - [2023-06-05T20:12:52.432+0000] {taskmixin.py:211} WARNING - Dependency <Task(BashOperator): create_entry_group>, delete_entry_group already registered for DAG: example_complex
[2023-06-05T20:12:52.432+0000] {logging_mixin.py:149} INFO - [2023-06-05T20:12:52.432+0000] {taskmixin.py:211} WARNING - Dependency <Task(BashOperator): delete_entry_group>, create_entry_group already registered for DAG: example_complex
[2023-06-05T20:12:52.432+0000] {logging_mixin.py:149} INFO - [2023-06-05T20:12:52.432+0000] {taskmixin.py:211} WARNING - Dependency <Task(BashOperator): create_entry_gcs>, delete_entry already registered for DAG: example_complex
[2023-06-05T20:12:52.433+0000] {logging_mixin.py:149} INFO - [2023-06-05T20:12:52.432+0000] {taskmixin.py:211} WARNING - Dependency <Task(BashOperator): delete_entry>, create_entry_gcs already registered for DAG: example_complex
[2023-06-05T20:12:52.433+0000] {logging_mixin.py:149} INFO - [2023-06-05T20:12:52.433+0000] {taskmixin.py:211} WARNING - Dependency <Task(BashOperator): create_tag>, delete_tag already registered for DAG: example_complex
[2023-06-05T20:12:52.433+0000] {logging_mixin.py:149} INFO - [2023-06-05T20:12:52.433+0000] {taskmixin.py:211} WARNING - Dependency <Task(BashOperator): delete_tag>, create_tag already registered for DAG: example_complex
[2023-06-05T20:12:52.434+0000] {processor.py:836} INFO - DAG(s) dict_keys(['example_complex']) retrieved from /home/airflow/.local/lib/python3.7/site-packages/airflow/example_dags/example_complex.py
[2023-06-05T20:12:52.464+0000] {logging_mixin.py:149} INFO - [2023-06-05T20:12:52.464+0000] {dag.py:2726} INFO - Sync 1 DAGs
[2023-06-05T20:12:52.485+0000] {logging_mixin.py:149} INFO - [2023-06-05T20:12:52.485+0000] {dag.py:3490} INFO - Setting next_dagrun for example_complex to None, run_after=None
[2023-06-05T20:12:52.503+0000] {processor.py:179} INFO - Processing /home/airflow/.local/lib/python3.7/site-packages/airflow/example_dags/example_complex.py took 0.083 seconds
[2023-06-05T20:13:22.846+0000] {processor.py:157} INFO - Started process (PID=261) to work on /home/airflow/.local/lib/python3.7/site-packages/airflow/example_dags/example_complex.py
[2023-06-05T20:13:22.847+0000] {processor.py:826} INFO - Processing file /home/airflow/.local/lib/python3.7/site-packages/airflow/example_dags/example_complex.py for tasks to queue
[2023-06-05T20:13:22.847+0000] {logging_mixin.py:149} INFO - [2023-06-05T20:13:22.847+0000] {dagbag.py:541} INFO - Filling up the DagBag from /home/airflow/.local/lib/python3.7/site-packages/airflow/example_dags/example_complex.py
[2023-06-05T20:13:22.855+0000] {logging_mixin.py:149} INFO - [2023-06-05T20:13:22.855+0000] {taskmixin.py:211} WARNING - Dependency <Task(BashOperator): create_entry_group>, delete_entry_group already registered for DAG: example_complex
[2023-06-05T20:13:22.856+0000] {logging_mixin.py:149} INFO - [2023-06-05T20:13:22.856+0000] {taskmixin.py:211} WARNING - Dependency <Task(BashOperator): delete_entry_group>, create_entry_group already registered for DAG: example_complex
[2023-06-05T20:13:22.856+0000] {logging_mixin.py:149} INFO - [2023-06-05T20:13:22.856+0000] {taskmixin.py:211} WARNING - Dependency <Task(BashOperator): create_entry_gcs>, delete_entry already registered for DAG: example_complex
[2023-06-05T20:13:22.856+0000] {logging_mixin.py:149} INFO - [2023-06-05T20:13:22.856+0000] {taskmixin.py:211} WARNING - Dependency <Task(BashOperator): delete_entry>, create_entry_gcs already registered for DAG: example_complex
[2023-06-05T20:13:22.856+0000] {logging_mixin.py:149} INFO - [2023-06-05T20:13:22.856+0000] {taskmixin.py:211} WARNING - Dependency <Task(BashOperator): create_tag>, delete_tag already registered for DAG: example_complex
[2023-06-05T20:13:22.856+0000] {logging_mixin.py:149} INFO - [2023-06-05T20:13:22.856+0000] {taskmixin.py:211} WARNING - Dependency <Task(BashOperator): delete_tag>, create_tag already registered for DAG: example_complex
[2023-06-05T20:13:22.858+0000] {processor.py:836} INFO - DAG(s) dict_keys(['example_complex']) retrieved from /home/airflow/.local/lib/python3.7/site-packages/airflow/example_dags/example_complex.py
[2023-06-05T20:13:22.889+0000] {logging_mixin.py:149} INFO - [2023-06-05T20:13:22.889+0000] {dag.py:2726} INFO - Sync 1 DAGs
[2023-06-05T20:13:22.928+0000] {logging_mixin.py:149} INFO - [2023-06-05T20:13:22.928+0000] {dag.py:3490} INFO - Setting next_dagrun for example_complex to None, run_after=None
[2023-06-05T20:13:22.946+0000] {processor.py:179} INFO - Processing /home/airflow/.local/lib/python3.7/site-packages/airflow/example_dags/example_complex.py took 0.102 seconds
[2023-06-05T20:13:53.532+0000] {processor.py:157} INFO - Started process (PID=329) to work on /home/airflow/.local/lib/python3.7/site-packages/airflow/example_dags/example_complex.py
[2023-06-05T20:13:53.532+0000] {processor.py:826} INFO - Processing file /home/airflow/.local/lib/python3.7/site-packages/airflow/example_dags/example_complex.py for tasks to queue
[2023-06-05T20:13:53.533+0000] {logging_mixin.py:149} INFO - [2023-06-05T20:13:53.533+0000] {dagbag.py:541} INFO - Filling up the DagBag from /home/airflow/.local/lib/python3.7/site-packages/airflow/example_dags/example_complex.py
[2023-06-05T20:13:53.542+0000] {logging_mixin.py:149} INFO - [2023-06-05T20:13:53.542+0000] {taskmixin.py:211} WARNING - Dependency <Task(BashOperator): create_entry_group>, delete_entry_group already registered for DAG: example_complex
[2023-06-05T20:13:53.542+0000] {logging_mixin.py:149} INFO - [2023-06-05T20:13:53.542+0000] {taskmixin.py:211} WARNING - Dependency <Task(BashOperator): delete_entry_group>, create_entry_group already registered for DAG: example_complex
[2023-06-05T20:13:53.542+0000] {logging_mixin.py:149} INFO - [2023-06-05T20:13:53.542+0000] {taskmixin.py:211} WARNING - Dependency <Task(BashOperator): create_entry_gcs>, delete_entry already registered for DAG: example_complex
[2023-06-05T20:13:53.542+0000] {logging_mixin.py:149} INFO - [2023-06-05T20:13:53.542+0000] {taskmixin.py:211} WARNING - Dependency <Task(BashOperator): delete_entry>, create_entry_gcs already registered for DAG: example_complex
[2023-06-05T20:13:53.543+0000] {logging_mixin.py:149} INFO - [2023-06-05T20:13:53.543+0000] {taskmixin.py:211} WARNING - Dependency <Task(BashOperator): create_tag>, delete_tag already registered for DAG: example_complex
[2023-06-05T20:13:53.543+0000] {logging_mixin.py:149} INFO - [2023-06-05T20:13:53.543+0000] {taskmixin.py:211} WARNING - Dependency <Task(BashOperator): delete_tag>, create_tag already registered for DAG: example_complex
[2023-06-05T20:13:53.544+0000] {processor.py:836} INFO - DAG(s) dict_keys(['example_complex']) retrieved from /home/airflow/.local/lib/python3.7/site-packages/airflow/example_dags/example_complex.py
[2023-06-05T20:13:53.575+0000] {logging_mixin.py:149} INFO - [2023-06-05T20:13:53.575+0000] {dag.py:2726} INFO - Sync 1 DAGs
[2023-06-05T20:13:53.604+0000] {logging_mixin.py:149} INFO - [2023-06-05T20:13:53.604+0000] {dag.py:3490} INFO - Setting next_dagrun for example_complex to None, run_after=None
[2023-06-05T20:13:53.631+0000] {processor.py:179} INFO - Processing /home/airflow/.local/lib/python3.7/site-packages/airflow/example_dags/example_complex.py took 0.101 seconds
[2023-06-05T20:14:23.871+0000] {processor.py:157} INFO - Started process (PID=397) to work on /home/airflow/.local/lib/python3.7/site-packages/airflow/example_dags/example_complex.py
[2023-06-05T20:14:23.873+0000] {processor.py:826} INFO - Processing file /home/airflow/.local/lib/python3.7/site-packages/airflow/example_dags/example_complex.py for tasks to queue
[2023-06-05T20:14:23.873+0000] {logging_mixin.py:149} INFO - [2023-06-05T20:14:23.873+0000] {dagbag.py:541} INFO - Filling up the DagBag from /home/airflow/.local/lib/python3.7/site-packages/airflow/example_dags/example_complex.py
[2023-06-05T20:14:23.882+0000] {logging_mixin.py:149} INFO - [2023-06-05T20:14:23.882+0000] {taskmixin.py:211} WARNING - Dependency <Task(BashOperator): create_entry_group>, delete_entry_group already registered for DAG: example_complex
[2023-06-05T20:14:23.882+0000] {logging_mixin.py:149} INFO - [2023-06-05T20:14:23.882+0000] {taskmixin.py:211} WARNING - Dependency <Task(BashOperator): delete_entry_group>, create_entry_group already registered for DAG: example_complex
[2023-06-05T20:14:23.882+0000] {logging_mixin.py:149} INFO - [2023-06-05T20:14:23.882+0000] {taskmixin.py:211} WARNING - Dependency <Task(BashOperator): create_entry_gcs>, delete_entry already registered for DAG: example_complex
[2023-06-05T20:14:23.882+0000] {logging_mixin.py:149} INFO - [2023-06-05T20:14:23.882+0000] {taskmixin.py:211} WARNING - Dependency <Task(BashOperator): delete_entry>, create_entry_gcs already registered for DAG: example_complex
[2023-06-05T20:14:23.883+0000] {logging_mixin.py:149} INFO - [2023-06-05T20:14:23.883+0000] {taskmixin.py:211} WARNING - Dependency <Task(BashOperator): create_tag>, delete_tag already registered for DAG: example_complex
[2023-06-05T20:14:23.883+0000] {logging_mixin.py:149} INFO - [2023-06-05T20:14:23.883+0000] {taskmixin.py:211} WARNING - Dependency <Task(BashOperator): delete_tag>, create_tag already registered for DAG: example_complex
[2023-06-05T20:14:23.884+0000] {processor.py:836} INFO - DAG(s) dict_keys(['example_complex']) retrieved from /home/airflow/.local/lib/python3.7/site-packages/airflow/example_dags/example_complex.py
[2023-06-05T20:14:23.927+0000] {logging_mixin.py:149} INFO - [2023-06-05T20:14:23.926+0000] {dag.py:2726} INFO - Sync 1 DAGs
[2023-06-05T20:14:23.949+0000] {logging_mixin.py:149} INFO - [2023-06-05T20:14:23.949+0000] {dag.py:3490} INFO - Setting next_dagrun for example_complex to None, run_after=None
[2023-06-05T20:14:23.965+0000] {processor.py:179} INFO - Processing /home/airflow/.local/lib/python3.7/site-packages/airflow/example_dags/example_complex.py took 0.096 seconds
[2023-06-05T20:14:54.066+0000] {processor.py:157} INFO - Started process (PID=465) to work on /home/airflow/.local/lib/python3.7/site-packages/airflow/example_dags/example_complex.py
[2023-06-05T20:14:54.067+0000] {processor.py:826} INFO - Processing file /home/airflow/.local/lib/python3.7/site-packages/airflow/example_dags/example_complex.py for tasks to queue
[2023-06-05T20:14:54.067+0000] {logging_mixin.py:149} INFO - [2023-06-05T20:14:54.067+0000] {dagbag.py:541} INFO - Filling up the DagBag from /home/airflow/.local/lib/python3.7/site-packages/airflow/example_dags/example_complex.py
[2023-06-05T20:14:54.076+0000] {logging_mixin.py:149} INFO - [2023-06-05T20:14:54.076+0000] {taskmixin.py:211} WARNING - Dependency <Task(BashOperator): create_entry_group>, delete_entry_group already registered for DAG: example_complex
[2023-06-05T20:14:54.076+0000] {logging_mixin.py:149} INFO - [2023-06-05T20:14:54.076+0000] {taskmixin.py:211} WARNING - Dependency <Task(BashOperator): delete_entry_group>, create_entry_group already registered for DAG: example_complex
[2023-06-05T20:14:54.076+0000] {logging_mixin.py:149} INFO - [2023-06-05T20:14:54.076+0000] {taskmixin.py:211} WARNING - Dependency <Task(BashOperator): create_entry_gcs>, delete_entry already registered for DAG: example_complex
[2023-06-05T20:14:54.076+0000] {logging_mixin.py:149} INFO - [2023-06-05T20:14:54.076+0000] {taskmixin.py:211} WARNING - Dependency <Task(BashOperator): delete_entry>, create_entry_gcs already registered for DAG: example_complex
[2023-06-05T20:14:54.076+0000] {logging_mixin.py:149} INFO - [2023-06-05T20:14:54.076+0000] {taskmixin.py:211} WARNING - Dependency <Task(BashOperator): create_tag>, delete_tag already registered for DAG: example_complex
[2023-06-05T20:14:54.077+0000] {logging_mixin.py:149} INFO - [2023-06-05T20:14:54.076+0000] {taskmixin.py:211} WARNING - Dependency <Task(BashOperator): delete_tag>, create_tag already registered for DAG: example_complex
[2023-06-05T20:14:54.078+0000] {processor.py:836} INFO - DAG(s) dict_keys(['example_complex']) retrieved from /home/airflow/.local/lib/python3.7/site-packages/airflow/example_dags/example_complex.py
[2023-06-05T20:14:54.117+0000] {logging_mixin.py:149} INFO - [2023-06-05T20:14:54.117+0000] {dag.py:2726} INFO - Sync 1 DAGs
[2023-06-05T20:14:54.140+0000] {logging_mixin.py:149} INFO - [2023-06-05T20:14:54.140+0000] {dag.py:3490} INFO - Setting next_dagrun for example_complex to None, run_after=None
[2023-06-05T20:14:54.157+0000] {processor.py:179} INFO - Processing /home/airflow/.local/lib/python3.7/site-packages/airflow/example_dags/example_complex.py took 0.093 seconds
[2023-06-05T20:15:24.300+0000] {processor.py:157} INFO - Started process (PID=533) to work on /home/airflow/.local/lib/python3.7/site-packages/airflow/example_dags/example_complex.py
[2023-06-05T20:15:24.301+0000] {processor.py:826} INFO - Processing file /home/airflow/.local/lib/python3.7/site-packages/airflow/example_dags/example_complex.py for tasks to queue
[2023-06-05T20:15:24.302+0000] {logging_mixin.py:149} INFO - [2023-06-05T20:15:24.302+0000] {dagbag.py:541} INFO - Filling up the DagBag from /home/airflow/.local/lib/python3.7/site-packages/airflow/example_dags/example_complex.py
[2023-06-05T20:15:24.317+0000] {logging_mixin.py:149} INFO - [2023-06-05T20:15:24.317+0000] {taskmixin.py:211} WARNING - Dependency <Task(BashOperator): create_entry_group>, delete_entry_group already registered for DAG: example_complex
[2023-06-05T20:15:24.318+0000] {logging_mixin.py:149} INFO - [2023-06-05T20:15:24.317+0000] {taskmixin.py:211} WARNING - Dependency <Task(BashOperator): delete_entry_group>, create_entry_group already registered for DAG: example_complex
[2023-06-05T20:15:24.318+0000] {logging_mixin.py:149} INFO - [2023-06-05T20:15:24.318+0000] {taskmixin.py:211} WARNING - Dependency <Task(BashOperator): create_entry_gcs>, delete_entry already registered for DAG: example_complex
[2023-06-05T20:15:24.318+0000] {logging_mixin.py:149} INFO - [2023-06-05T20:15:24.318+0000] {taskmixin.py:211} WARNING - Dependency <Task(BashOperator): delete_entry>, create_entry_gcs already registered for DAG: example_complex
[2023-06-05T20:15:24.319+0000] {logging_mixin.py:149} INFO - [2023-06-05T20:15:24.319+0000] {taskmixin.py:211} WARNING - Dependency <Task(BashOperator): create_tag>, delete_tag already registered for DAG: example_complex
[2023-06-05T20:15:24.319+0000] {logging_mixin.py:149} INFO - [2023-06-05T20:15:24.319+0000] {taskmixin.py:211} WARNING - Dependency <Task(BashOperator): delete_tag>, create_tag already registered for DAG: example_complex
[2023-06-05T20:15:24.321+0000] {processor.py:836} INFO - DAG(s) dict_keys(['example_complex']) retrieved from /home/airflow/.local/lib/python3.7/site-packages/airflow/example_dags/example_complex.py
[2023-06-05T20:15:24.353+0000] {logging_mixin.py:149} INFO - [2023-06-05T20:15:24.352+0000] {dag.py:2726} INFO - Sync 1 DAGs
[2023-06-05T20:15:24.375+0000] {logging_mixin.py:149} INFO - [2023-06-05T20:15:24.375+0000] {dag.py:3490} INFO - Setting next_dagrun for example_complex to None, run_after=None
[2023-06-05T20:15:24.392+0000] {processor.py:179} INFO - Processing /home/airflow/.local/lib/python3.7/site-packages/airflow/example_dags/example_complex.py took 0.095 seconds
[2023-06-05T20:15:54.642+0000] {processor.py:157} INFO - Started process (PID=601) to work on /home/airflow/.local/lib/python3.7/site-packages/airflow/example_dags/example_complex.py
[2023-06-05T20:15:54.643+0000] {processor.py:826} INFO - Processing file /home/airflow/.local/lib/python3.7/site-packages/airflow/example_dags/example_complex.py for tasks to queue
[2023-06-05T20:15:54.644+0000] {logging_mixin.py:149} INFO - [2023-06-05T20:15:54.644+0000] {dagbag.py:541} INFO - Filling up the DagBag from /home/airflow/.local/lib/python3.7/site-packages/airflow/example_dags/example_complex.py
[2023-06-05T20:15:54.653+0000] {logging_mixin.py:149} INFO - [2023-06-05T20:15:54.653+0000] {taskmixin.py:211} WARNING - Dependency <Task(BashOperator): create_entry_group>, delete_entry_group already registered for DAG: example_complex
[2023-06-05T20:15:54.653+0000] {logging_mixin.py:149} INFO - [2023-06-05T20:15:54.653+0000] {taskmixin.py:211} WARNING - Dependency <Task(BashOperator): delete_entry_group>, create_entry_group already registered for DAG: example_complex
[2023-06-05T20:15:54.653+0000] {logging_mixin.py:149} INFO - [2023-06-05T20:15:54.653+0000] {taskmixin.py:211} WARNING - Dependency <Task(BashOperator): create_entry_gcs>, delete_entry already registered for DAG: example_complex
[2023-06-05T20:15:54.653+0000] {logging_mixin.py:149} INFO - [2023-06-05T20:15:54.653+0000] {taskmixin.py:211} WARNING - Dependency <Task(BashOperator): delete_entry>, create_entry_gcs already registered for DAG: example_complex
[2023-06-05T20:15:54.654+0000] {logging_mixin.py:149} INFO - [2023-06-05T20:15:54.653+0000] {taskmixin.py:211} WARNING - Dependency <Task(BashOperator): create_tag>, delete_tag already registered for DAG: example_complex
[2023-06-05T20:15:54.654+0000] {logging_mixin.py:149} INFO - [2023-06-05T20:15:54.654+0000] {taskmixin.py:211} WARNING - Dependency <Task(BashOperator): delete_tag>, create_tag already registered for DAG: example_complex
[2023-06-05T20:15:54.655+0000] {processor.py:836} INFO - DAG(s) dict_keys(['example_complex']) retrieved from /home/airflow/.local/lib/python3.7/site-packages/airflow/example_dags/example_complex.py
[2023-06-05T20:15:54.688+0000] {logging_mixin.py:149} INFO - [2023-06-05T20:15:54.688+0000] {dag.py:2726} INFO - Sync 1 DAGs
[2023-06-05T20:15:54.715+0000] {logging_mixin.py:149} INFO - [2023-06-05T20:15:54.715+0000] {dag.py:3490} INFO - Setting next_dagrun for example_complex to None, run_after=None
[2023-06-05T20:15:54.735+0000] {processor.py:179} INFO - Processing /home/airflow/.local/lib/python3.7/site-packages/airflow/example_dags/example_complex.py took 0.097 seconds
[2023-06-05T20:16:25.063+0000] {processor.py:157} INFO - Started process (PID=669) to work on /home/airflow/.local/lib/python3.7/site-packages/airflow/example_dags/example_complex.py
[2023-06-05T20:16:25.064+0000] {processor.py:826} INFO - Processing file /home/airflow/.local/lib/python3.7/site-packages/airflow/example_dags/example_complex.py for tasks to queue
[2023-06-05T20:16:25.064+0000] {logging_mixin.py:149} INFO - [2023-06-05T20:16:25.064+0000] {dagbag.py:541} INFO - Filling up the DagBag from /home/airflow/.local/lib/python3.7/site-packages/airflow/example_dags/example_complex.py
[2023-06-05T20:16:25.072+0000] {logging_mixin.py:149} INFO - [2023-06-05T20:16:25.072+0000] {taskmixin.py:211} WARNING - Dependency <Task(BashOperator): create_entry_group>, delete_entry_group already registered for DAG: example_complex
[2023-06-05T20:16:25.072+0000] {logging_mixin.py:149} INFO - [2023-06-05T20:16:25.072+0000] {taskmixin.py:211} WARNING - Dependency <Task(BashOperator): delete_entry_group>, create_entry_group already registered for DAG: example_complex
[2023-06-05T20:16:25.073+0000] {logging_mixin.py:149} INFO - [2023-06-05T20:16:25.073+0000] {taskmixin.py:211} WARNING - Dependency <Task(BashOperator): create_entry_gcs>, delete_entry already registered for DAG: example_complex
[2023-06-05T20:16:25.073+0000] {logging_mixin.py:149} INFO - [2023-06-05T20:16:25.073+0000] {taskmixin.py:211} WARNING - Dependency <Task(BashOperator): delete_entry>, create_entry_gcs already registered for DAG: example_complex
[2023-06-05T20:16:25.073+0000] {logging_mixin.py:149} INFO - [2023-06-05T20:16:25.073+0000] {taskmixin.py:211} WARNING - Dependency <Task(BashOperator): create_tag>, delete_tag already registered for DAG: example_complex
[2023-06-05T20:16:25.073+0000] {logging_mixin.py:149} INFO - [2023-06-05T20:16:25.073+0000] {taskmixin.py:211} WARNING - Dependency <Task(BashOperator): delete_tag>, create_tag already registered for DAG: example_complex
[2023-06-05T20:16:25.074+0000] {processor.py:836} INFO - DAG(s) dict_keys(['example_complex']) retrieved from /home/airflow/.local/lib/python3.7/site-packages/airflow/example_dags/example_complex.py
[2023-06-05T20:16:25.103+0000] {logging_mixin.py:149} INFO - [2023-06-05T20:16:25.103+0000] {dag.py:2726} INFO - Sync 1 DAGs
[2023-06-05T20:16:25.126+0000] {logging_mixin.py:149} INFO - [2023-06-05T20:16:25.126+0000] {dag.py:3490} INFO - Setting next_dagrun for example_complex to None, run_after=None
[2023-06-05T20:16:25.144+0000] {processor.py:179} INFO - Processing /home/airflow/.local/lib/python3.7/site-packages/airflow/example_dags/example_complex.py took 0.084 seconds
[2023-06-05T20:16:55.464+0000] {processor.py:157} INFO - Started process (PID=737) to work on /home/airflow/.local/lib/python3.7/site-packages/airflow/example_dags/example_complex.py
[2023-06-05T20:16:55.465+0000] {processor.py:826} INFO - Processing file /home/airflow/.local/lib/python3.7/site-packages/airflow/example_dags/example_complex.py for tasks to queue
[2023-06-05T20:16:55.465+0000] {logging_mixin.py:149} INFO - [2023-06-05T20:16:55.465+0000] {dagbag.py:541} INFO - Filling up the DagBag from /home/airflow/.local/lib/python3.7/site-packages/airflow/example_dags/example_complex.py
[2023-06-05T20:16:55.473+0000] {logging_mixin.py:149} INFO - [2023-06-05T20:16:55.473+0000] {taskmixin.py:211} WARNING - Dependency <Task(BashOperator): create_entry_group>, delete_entry_group already registered for DAG: example_complex
[2023-06-05T20:16:55.474+0000] {logging_mixin.py:149} INFO - [2023-06-05T20:16:55.473+0000] {taskmixin.py:211} WARNING - Dependency <Task(BashOperator): delete_entry_group>, create_entry_group already registered for DAG: example_complex
[2023-06-05T20:16:55.474+0000] {logging_mixin.py:149} INFO - [2023-06-05T20:16:55.474+0000] {taskmixin.py:211} WARNING - Dependency <Task(BashOperator): create_entry_gcs>, delete_entry already registered for DAG: example_complex
[2023-06-05T20:16:55.474+0000] {logging_mixin.py:149} INFO - [2023-06-05T20:16:55.474+0000] {taskmixin.py:211} WARNING - Dependency <Task(BashOperator): delete_entry>, create_entry_gcs already registered for DAG: example_complex
[2023-06-05T20:16:55.474+0000] {logging_mixin.py:149} INFO - [2023-06-05T20:16:55.474+0000] {taskmixin.py:211} WARNING - Dependency <Task(BashOperator): create_tag>, delete_tag already registered for DAG: example_complex
[2023-06-05T20:16:55.474+0000] {logging_mixin.py:149} INFO - [2023-06-05T20:16:55.474+0000] {taskmixin.py:211} WARNING - Dependency <Task(BashOperator): delete_tag>, create_tag already registered for DAG: example_complex
[2023-06-05T20:16:55.476+0000] {processor.py:836} INFO - DAG(s) dict_keys(['example_complex']) retrieved from /home/airflow/.local/lib/python3.7/site-packages/airflow/example_dags/example_complex.py
[2023-06-05T20:16:55.511+0000] {logging_mixin.py:149} INFO - [2023-06-05T20:16:55.511+0000] {dag.py:2726} INFO - Sync 1 DAGs
[2023-06-05T20:16:55.536+0000] {logging_mixin.py:149} INFO - [2023-06-05T20:16:55.536+0000] {dag.py:3490} INFO - Setting next_dagrun for example_complex to None, run_after=None
[2023-06-05T20:16:55.551+0000] {processor.py:179} INFO - Processing /home/airflow/.local/lib/python3.7/site-packages/airflow/example_dags/example_complex.py took 0.089 seconds
[2023-06-05T20:17:25.572+0000] {processor.py:157} INFO - Started process (PID=805) to work on /home/airflow/.local/lib/python3.7/site-packages/airflow/example_dags/example_complex.py
[2023-06-05T20:17:25.573+0000] {processor.py:826} INFO - Processing file /home/airflow/.local/lib/python3.7/site-packages/airflow/example_dags/example_complex.py for tasks to queue
[2023-06-05T20:17:25.574+0000] {logging_mixin.py:149} INFO - [2023-06-05T20:17:25.573+0000] {dagbag.py:541} INFO - Filling up the DagBag from /home/airflow/.local/lib/python3.7/site-packages/airflow/example_dags/example_complex.py
[2023-06-05T20:17:25.582+0000] {logging_mixin.py:149} INFO - [2023-06-05T20:17:25.582+0000] {taskmixin.py:211} WARNING - Dependency <Task(BashOperator): create_entry_group>, delete_entry_group already registered for DAG: example_complex
[2023-06-05T20:17:25.582+0000] {logging_mixin.py:149} INFO - [2023-06-05T20:17:25.582+0000] {taskmixin.py:211} WARNING - Dependency <Task(BashOperator): delete_entry_group>, create_entry_group already registered for DAG: example_complex
[2023-06-05T20:17:25.583+0000] {logging_mixin.py:149} INFO - [2023-06-05T20:17:25.583+0000] {taskmixin.py:211} WARNING - Dependency <Task(BashOperator): create_entry_gcs>, delete_entry already registered for DAG: example_complex
[2023-06-05T20:17:25.583+0000] {logging_mixin.py:149} INFO - [2023-06-05T20:17:25.583+0000] {taskmixin.py:211} WARNING - Dependency <Task(BashOperator): delete_entry>, create_entry_gcs already registered for DAG: example_complex
[2023-06-05T20:17:25.583+0000] {logging_mixin.py:149} INFO - [2023-06-05T20:17:25.583+0000] {taskmixin.py:211} WARNING - Dependency <Task(BashOperator): create_tag>, delete_tag already registered for DAG: example_complex
[2023-06-05T20:17:25.583+0000] {logging_mixin.py:149} INFO - [2023-06-05T20:17:25.583+0000] {taskmixin.py:211} WARNING - Dependency <Task(BashOperator): delete_tag>, create_tag already registered for DAG: example_complex
[2023-06-05T20:17:25.585+0000] {processor.py:836} INFO - DAG(s) dict_keys(['example_complex']) retrieved from /home/airflow/.local/lib/python3.7/site-packages/airflow/example_dags/example_complex.py
[2023-06-05T20:17:25.614+0000] {logging_mixin.py:149} INFO - [2023-06-05T20:17:25.614+0000] {dag.py:2726} INFO - Sync 1 DAGs
[2023-06-05T20:17:25.636+0000] {logging_mixin.py:149} INFO - [2023-06-05T20:17:25.636+0000] {dag.py:3490} INFO - Setting next_dagrun for example_complex to None, run_after=None
[2023-06-05T20:17:25.653+0000] {processor.py:179} INFO - Processing /home/airflow/.local/lib/python3.7/site-packages/airflow/example_dags/example_complex.py took 0.084 seconds
[2023-06-05T20:17:56.003+0000] {processor.py:157} INFO - Started process (PID=873) to work on /home/airflow/.local/lib/python3.7/site-packages/airflow/example_dags/example_complex.py
[2023-06-05T20:17:56.004+0000] {processor.py:826} INFO - Processing file /home/airflow/.local/lib/python3.7/site-packages/airflow/example_dags/example_complex.py for tasks to queue
[2023-06-05T20:17:56.004+0000] {logging_mixin.py:149} INFO - [2023-06-05T20:17:56.004+0000] {dagbag.py:541} INFO - Filling up the DagBag from /home/airflow/.local/lib/python3.7/site-packages/airflow/example_dags/example_complex.py
[2023-06-05T20:17:56.020+0000] {logging_mixin.py:149} INFO - [2023-06-05T20:17:56.020+0000] {taskmixin.py:211} WARNING - Dependency <Task(BashOperator): create_entry_group>, delete_entry_group already registered for DAG: example_complex
[2023-06-05T20:17:56.020+0000] {logging_mixin.py:149} INFO - [2023-06-05T20:17:56.020+0000] {taskmixin.py:211} WARNING - Dependency <Task(BashOperator): delete_entry_group>, create_entry_group already registered for DAG: example_complex
[2023-06-05T20:17:56.020+0000] {logging_mixin.py:149} INFO - [2023-06-05T20:17:56.020+0000] {taskmixin.py:211} WARNING - Dependency <Task(BashOperator): create_entry_gcs>, delete_entry already registered for DAG: example_complex
[2023-06-05T20:17:56.020+0000] {logging_mixin.py:149} INFO - [2023-06-05T20:17:56.020+0000] {taskmixin.py:211} WARNING - Dependency <Task(BashOperator): delete_entry>, create_entry_gcs already registered for DAG: example_complex
[2023-06-05T20:17:56.021+0000] {logging_mixin.py:149} INFO - [2023-06-05T20:17:56.021+0000] {taskmixin.py:211} WARNING - Dependency <Task(BashOperator): create_tag>, delete_tag already registered for DAG: example_complex
[2023-06-05T20:17:56.021+0000] {logging_mixin.py:149} INFO - [2023-06-05T20:17:56.021+0000] {taskmixin.py:211} WARNING - Dependency <Task(BashOperator): delete_tag>, create_tag already registered for DAG: example_complex
[2023-06-05T20:17:56.022+0000] {processor.py:836} INFO - DAG(s) dict_keys(['example_complex']) retrieved from /home/airflow/.local/lib/python3.7/site-packages/airflow/example_dags/example_complex.py
[2023-06-05T20:17:56.058+0000] {logging_mixin.py:149} INFO - [2023-06-05T20:17:56.058+0000] {dag.py:2726} INFO - Sync 1 DAGs
[2023-06-05T20:17:56.085+0000] {logging_mixin.py:149} INFO - [2023-06-05T20:17:56.085+0000] {dag.py:3490} INFO - Setting next_dagrun for example_complex to None, run_after=None
[2023-06-05T20:17:56.119+0000] {processor.py:179} INFO - Processing /home/airflow/.local/lib/python3.7/site-packages/airflow/example_dags/example_complex.py took 0.119 seconds
[2023-06-05T20:18:26.399+0000] {processor.py:157} INFO - Started process (PID=941) to work on /home/airflow/.local/lib/python3.7/site-packages/airflow/example_dags/example_complex.py
[2023-06-05T20:18:26.400+0000] {processor.py:826} INFO - Processing file /home/airflow/.local/lib/python3.7/site-packages/airflow/example_dags/example_complex.py for tasks to queue
[2023-06-05T20:18:26.401+0000] {logging_mixin.py:149} INFO - [2023-06-05T20:18:26.400+0000] {dagbag.py:541} INFO - Filling up the DagBag from /home/airflow/.local/lib/python3.7/site-packages/airflow/example_dags/example_complex.py
[2023-06-05T20:18:26.416+0000] {logging_mixin.py:149} INFO - [2023-06-05T20:18:26.416+0000] {taskmixin.py:211} WARNING - Dependency <Task(BashOperator): create_entry_group>, delete_entry_group already registered for DAG: example_complex
[2023-06-05T20:18:26.416+0000] {logging_mixin.py:149} INFO - [2023-06-05T20:18:26.416+0000] {taskmixin.py:211} WARNING - Dependency <Task(BashOperator): delete_entry_group>, create_entry_group already registered for DAG: example_complex
[2023-06-05T20:18:26.417+0000] {logging_mixin.py:149} INFO - [2023-06-05T20:18:26.417+0000] {taskmixin.py:211} WARNING - Dependency <Task(BashOperator): create_entry_gcs>, delete_entry already registered for DAG: example_complex
[2023-06-05T20:18:26.417+0000] {logging_mixin.py:149} INFO - [2023-06-05T20:18:26.417+0000] {taskmixin.py:211} WARNING - Dependency <Task(BashOperator): delete_entry>, create_entry_gcs already registered for DAG: example_complex
[2023-06-05T20:18:26.418+0000] {logging_mixin.py:149} INFO - [2023-06-05T20:18:26.417+0000] {taskmixin.py:211} WARNING - Dependency <Task(BashOperator): create_tag>, delete_tag already registered for DAG: example_complex
[2023-06-05T20:18:26.418+0000] {logging_mixin.py:149} INFO - [2023-06-05T20:18:26.418+0000] {taskmixin.py:211} WARNING - Dependency <Task(BashOperator): delete_tag>, create_tag already registered for DAG: example_complex
[2023-06-05T20:18:26.419+0000] {processor.py:836} INFO - DAG(s) dict_keys(['example_complex']) retrieved from /home/airflow/.local/lib/python3.7/site-packages/airflow/example_dags/example_complex.py
[2023-06-05T20:18:26.449+0000] {logging_mixin.py:149} INFO - [2023-06-05T20:18:26.449+0000] {dag.py:2726} INFO - Sync 1 DAGs
[2023-06-05T20:18:26.471+0000] {logging_mixin.py:149} INFO - [2023-06-05T20:18:26.471+0000] {dag.py:3490} INFO - Setting next_dagrun for example_complex to None, run_after=None
[2023-06-05T20:18:26.487+0000] {processor.py:179} INFO - Processing /home/airflow/.local/lib/python3.7/site-packages/airflow/example_dags/example_complex.py took 0.092 seconds
[2023-06-05T20:18:56.897+0000] {processor.py:157} INFO - Started process (PID=1009) to work on /home/airflow/.local/lib/python3.7/site-packages/airflow/example_dags/example_complex.py
[2023-06-05T20:18:56.897+0000] {processor.py:826} INFO - Processing file /home/airflow/.local/lib/python3.7/site-packages/airflow/example_dags/example_complex.py for tasks to queue
[2023-06-05T20:18:56.898+0000] {logging_mixin.py:149} INFO - [2023-06-05T20:18:56.898+0000] {dagbag.py:541} INFO - Filling up the DagBag from /home/airflow/.local/lib/python3.7/site-packages/airflow/example_dags/example_complex.py
[2023-06-05T20:18:56.909+0000] {logging_mixin.py:149} INFO - [2023-06-05T20:18:56.909+0000] {taskmixin.py:211} WARNING - Dependency <Task(BashOperator): create_entry_group>, delete_entry_group already registered for DAG: example_complex
[2023-06-05T20:18:56.909+0000] {logging_mixin.py:149} INFO - [2023-06-05T20:18:56.909+0000] {taskmixin.py:211} WARNING - Dependency <Task(BashOperator): delete_entry_group>, create_entry_group already registered for DAG: example_complex
[2023-06-05T20:18:56.909+0000] {logging_mixin.py:149} INFO - [2023-06-05T20:18:56.909+0000] {taskmixin.py:211} WARNING - Dependency <Task(BashOperator): create_entry_gcs>, delete_entry already registered for DAG: example_complex
[2023-06-05T20:18:56.910+0000] {logging_mixin.py:149} INFO - [2023-06-05T20:18:56.909+0000] {taskmixin.py:211} WARNING - Dependency <Task(BashOperator): delete_entry>, create_entry_gcs already registered for DAG: example_complex
[2023-06-05T20:18:56.910+0000] {logging_mixin.py:149} INFO - [2023-06-05T20:18:56.910+0000] {taskmixin.py:211} WARNING - Dependency <Task(BashOperator): create_tag>, delete_tag already registered for DAG: example_complex
[2023-06-05T20:18:56.910+0000] {logging_mixin.py:149} INFO - [2023-06-05T20:18:56.910+0000] {taskmixin.py:211} WARNING - Dependency <Task(BashOperator): delete_tag>, create_tag already registered for DAG: example_complex
[2023-06-05T20:18:56.911+0000] {processor.py:836} INFO - DAG(s) dict_keys(['example_complex']) retrieved from /home/airflow/.local/lib/python3.7/site-packages/airflow/example_dags/example_complex.py
[2023-06-05T20:18:56.942+0000] {logging_mixin.py:149} INFO - [2023-06-05T20:18:56.942+0000] {dag.py:2726} INFO - Sync 1 DAGs
[2023-06-05T20:18:56.964+0000] {logging_mixin.py:149} INFO - [2023-06-05T20:18:56.964+0000] {dag.py:3490} INFO - Setting next_dagrun for example_complex to None, run_after=None
[2023-06-05T20:18:56.981+0000] {processor.py:179} INFO - Processing /home/airflow/.local/lib/python3.7/site-packages/airflow/example_dags/example_complex.py took 0.087 seconds
[2023-06-05T20:19:27.226+0000] {processor.py:157} INFO - Started process (PID=1077) to work on /home/airflow/.local/lib/python3.7/site-packages/airflow/example_dags/example_complex.py
[2023-06-05T20:19:27.227+0000] {processor.py:826} INFO - Processing file /home/airflow/.local/lib/python3.7/site-packages/airflow/example_dags/example_complex.py for tasks to queue
[2023-06-05T20:19:27.228+0000] {logging_mixin.py:149} INFO - [2023-06-05T20:19:27.227+0000] {dagbag.py:541} INFO - Filling up the DagBag from /home/airflow/.local/lib/python3.7/site-packages/airflow/example_dags/example_complex.py
[2023-06-05T20:19:27.236+0000] {logging_mixin.py:149} INFO - [2023-06-05T20:19:27.236+0000] {taskmixin.py:211} WARNING - Dependency <Task(BashOperator): create_entry_group>, delete_entry_group already registered for DAG: example_complex
[2023-06-05T20:19:27.237+0000] {logging_mixin.py:149} INFO - [2023-06-05T20:19:27.236+0000] {taskmixin.py:211} WARNING - Dependency <Task(BashOperator): delete_entry_group>, create_entry_group already registered for DAG: example_complex
[2023-06-05T20:19:27.237+0000] {logging_mixin.py:149} INFO - [2023-06-05T20:19:27.237+0000] {taskmixin.py:211} WARNING - Dependency <Task(BashOperator): create_entry_gcs>, delete_entry already registered for DAG: example_complex
[2023-06-05T20:19:27.237+0000] {logging_mixin.py:149} INFO - [2023-06-05T20:19:27.237+0000] {taskmixin.py:211} WARNING - Dependency <Task(BashOperator): delete_entry>, create_entry_gcs already registered for DAG: example_complex
[2023-06-05T20:19:27.237+0000] {logging_mixin.py:149} INFO - [2023-06-05T20:19:27.237+0000] {taskmixin.py:211} WARNING - Dependency <Task(BashOperator): create_tag>, delete_tag already registered for DAG: example_complex
[2023-06-05T20:19:27.237+0000] {logging_mixin.py:149} INFO - [2023-06-05T20:19:27.237+0000] {taskmixin.py:211} WARNING - Dependency <Task(BashOperator): delete_tag>, create_tag already registered for DAG: example_complex
[2023-06-05T20:19:27.239+0000] {processor.py:836} INFO - DAG(s) dict_keys(['example_complex']) retrieved from /home/airflow/.local/lib/python3.7/site-packages/airflow/example_dags/example_complex.py
[2023-06-05T20:19:27.270+0000] {logging_mixin.py:149} INFO - [2023-06-05T20:19:27.270+0000] {dag.py:2726} INFO - Sync 1 DAGs
[2023-06-05T20:19:27.293+0000] {logging_mixin.py:149} INFO - [2023-06-05T20:19:27.292+0000] {dag.py:3490} INFO - Setting next_dagrun for example_complex to None, run_after=None
[2023-06-05T20:19:27.310+0000] {processor.py:179} INFO - Processing /home/airflow/.local/lib/python3.7/site-packages/airflow/example_dags/example_complex.py took 0.086 seconds
[2023-06-05T20:19:57.692+0000] {processor.py:157} INFO - Started process (PID=1145) to work on /home/airflow/.local/lib/python3.7/site-packages/airflow/example_dags/example_complex.py
[2023-06-05T20:19:57.692+0000] {processor.py:826} INFO - Processing file /home/airflow/.local/lib/python3.7/site-packages/airflow/example_dags/example_complex.py for tasks to queue
[2023-06-05T20:19:57.693+0000] {logging_mixin.py:149} INFO - [2023-06-05T20:19:57.693+0000] {dagbag.py:541} INFO - Filling up the DagBag from /home/airflow/.local/lib/python3.7/site-packages/airflow/example_dags/example_complex.py
[2023-06-05T20:19:57.701+0000] {logging_mixin.py:149} INFO - [2023-06-05T20:19:57.701+0000] {taskmixin.py:211} WARNING - Dependency <Task(BashOperator): create_entry_group>, delete_entry_group already registered for DAG: example_complex
[2023-06-05T20:19:57.702+0000] {logging_mixin.py:149} INFO - [2023-06-05T20:19:57.701+0000] {taskmixin.py:211} WARNING - Dependency <Task(BashOperator): delete_entry_group>, create_entry_group already registered for DAG: example_complex
[2023-06-05T20:19:57.702+0000] {logging_mixin.py:149} INFO - [2023-06-05T20:19:57.702+0000] {taskmixin.py:211} WARNING - Dependency <Task(BashOperator): create_entry_gcs>, delete_entry already registered for DAG: example_complex
[2023-06-05T20:19:57.702+0000] {logging_mixin.py:149} INFO - [2023-06-05T20:19:57.702+0000] {taskmixin.py:211} WARNING - Dependency <Task(BashOperator): delete_entry>, create_entry_gcs already registered for DAG: example_complex
[2023-06-05T20:19:57.702+0000] {logging_mixin.py:149} INFO - [2023-06-05T20:19:57.702+0000] {taskmixin.py:211} WARNING - Dependency <Task(BashOperator): create_tag>, delete_tag already registered for DAG: example_complex
[2023-06-05T20:19:57.702+0000] {logging_mixin.py:149} INFO - [2023-06-05T20:19:57.702+0000] {taskmixin.py:211} WARNING - Dependency <Task(BashOperator): delete_tag>, create_tag already registered for DAG: example_complex
[2023-06-05T20:19:57.704+0000] {processor.py:836} INFO - DAG(s) dict_keys(['example_complex']) retrieved from /home/airflow/.local/lib/python3.7/site-packages/airflow/example_dags/example_complex.py
[2023-06-05T20:19:57.736+0000] {logging_mixin.py:149} INFO - [2023-06-05T20:19:57.736+0000] {dag.py:2726} INFO - Sync 1 DAGs
[2023-06-05T20:19:57.759+0000] {logging_mixin.py:149} INFO - [2023-06-05T20:19:57.759+0000] {dag.py:3490} INFO - Setting next_dagrun for example_complex to None, run_after=None
[2023-06-05T20:19:57.776+0000] {processor.py:179} INFO - Processing /home/airflow/.local/lib/python3.7/site-packages/airflow/example_dags/example_complex.py took 0.086 seconds
[2023-06-05T20:20:28.072+0000] {processor.py:157} INFO - Started process (PID=1213) to work on /home/airflow/.local/lib/python3.7/site-packages/airflow/example_dags/example_complex.py
[2023-06-05T20:20:28.073+0000] {processor.py:826} INFO - Processing file /home/airflow/.local/lib/python3.7/site-packages/airflow/example_dags/example_complex.py for tasks to queue
[2023-06-05T20:20:28.074+0000] {logging_mixin.py:149} INFO - [2023-06-05T20:20:28.074+0000] {dagbag.py:541} INFO - Filling up the DagBag from /home/airflow/.local/lib/python3.7/site-packages/airflow/example_dags/example_complex.py
[2023-06-05T20:20:28.084+0000] {logging_mixin.py:149} INFO - [2023-06-05T20:20:28.084+0000] {taskmixin.py:211} WARNING - Dependency <Task(BashOperator): create_entry_group>, delete_entry_group already registered for DAG: example_complex
[2023-06-05T20:20:28.084+0000] {logging_mixin.py:149} INFO - [2023-06-05T20:20:28.084+0000] {taskmixin.py:211} WARNING - Dependency <Task(BashOperator): delete_entry_group>, create_entry_group already registered for DAG: example_complex
[2023-06-05T20:20:28.085+0000] {logging_mixin.py:149} INFO - [2023-06-05T20:20:28.085+0000] {taskmixin.py:211} WARNING - Dependency <Task(BashOperator): create_entry_gcs>, delete_entry already registered for DAG: example_complex
[2023-06-05T20:20:28.085+0000] {logging_mixin.py:149} INFO - [2023-06-05T20:20:28.085+0000] {taskmixin.py:211} WARNING - Dependency <Task(BashOperator): delete_entry>, create_entry_gcs already registered for DAG: example_complex
[2023-06-05T20:20:28.085+0000] {logging_mixin.py:149} INFO - [2023-06-05T20:20:28.085+0000] {taskmixin.py:211} WARNING - Dependency <Task(BashOperator): create_tag>, delete_tag already registered for DAG: example_complex
[2023-06-05T20:20:28.085+0000] {logging_mixin.py:149} INFO - [2023-06-05T20:20:28.085+0000] {taskmixin.py:211} WARNING - Dependency <Task(BashOperator): delete_tag>, create_tag already registered for DAG: example_complex
[2023-06-05T20:20:28.086+0000] {processor.py:836} INFO - DAG(s) dict_keys(['example_complex']) retrieved from /home/airflow/.local/lib/python3.7/site-packages/airflow/example_dags/example_complex.py
[2023-06-05T20:20:28.133+0000] {logging_mixin.py:149} INFO - [2023-06-05T20:20:28.133+0000] {dag.py:2726} INFO - Sync 1 DAGs
[2023-06-05T20:20:28.159+0000] {logging_mixin.py:149} INFO - [2023-06-05T20:20:28.159+0000] {dag.py:3490} INFO - Setting next_dagrun for example_complex to None, run_after=None
[2023-06-05T20:20:28.177+0000] {processor.py:179} INFO - Processing /home/airflow/.local/lib/python3.7/site-packages/airflow/example_dags/example_complex.py took 0.107 seconds
[2023-06-05T20:20:58.663+0000] {processor.py:157} INFO - Started process (PID=1281) to work on /home/airflow/.local/lib/python3.7/site-packages/airflow/example_dags/example_complex.py
[2023-06-05T20:20:58.663+0000] {processor.py:826} INFO - Processing file /home/airflow/.local/lib/python3.7/site-packages/airflow/example_dags/example_complex.py for tasks to queue
[2023-06-05T20:20:58.664+0000] {logging_mixin.py:149} INFO - [2023-06-05T20:20:58.664+0000] {dagbag.py:541} INFO - Filling up the DagBag from /home/airflow/.local/lib/python3.7/site-packages/airflow/example_dags/example_complex.py
[2023-06-05T20:20:58.673+0000] {logging_mixin.py:149} INFO - [2023-06-05T20:20:58.673+0000] {taskmixin.py:211} WARNING - Dependency <Task(BashOperator): create_entry_group>, delete_entry_group already registered for DAG: example_complex
[2023-06-05T20:20:58.673+0000] {logging_mixin.py:149} INFO - [2023-06-05T20:20:58.673+0000] {taskmixin.py:211} WARNING - Dependency <Task(BashOperator): delete_entry_group>, create_entry_group already registered for DAG: example_complex
[2023-06-05T20:20:58.673+0000] {logging_mixin.py:149} INFO - [2023-06-05T20:20:58.673+0000] {taskmixin.py:211} WARNING - Dependency <Task(BashOperator): create_entry_gcs>, delete_entry already registered for DAG: example_complex
[2023-06-05T20:20:58.673+0000] {logging_mixin.py:149} INFO - [2023-06-05T20:20:58.673+0000] {taskmixin.py:211} WARNING - Dependency <Task(BashOperator): delete_entry>, create_entry_gcs already registered for DAG: example_complex
[2023-06-05T20:20:58.674+0000] {logging_mixin.py:149} INFO - [2023-06-05T20:20:58.674+0000] {taskmixin.py:211} WARNING - Dependency <Task(BashOperator): create_tag>, delete_tag already registered for DAG: example_complex
[2023-06-05T20:20:58.674+0000] {logging_mixin.py:149} INFO - [2023-06-05T20:20:58.674+0000] {taskmixin.py:211} WARNING - Dependency <Task(BashOperator): delete_tag>, create_tag already registered for DAG: example_complex
[2023-06-05T20:20:58.675+0000] {processor.py:836} INFO - DAG(s) dict_keys(['example_complex']) retrieved from /home/airflow/.local/lib/python3.7/site-packages/airflow/example_dags/example_complex.py
[2023-06-05T20:20:58.706+0000] {logging_mixin.py:149} INFO - [2023-06-05T20:20:58.706+0000] {dag.py:2726} INFO - Sync 1 DAGs
[2023-06-05T20:20:58.731+0000] {logging_mixin.py:149} INFO - [2023-06-05T20:20:58.731+0000] {dag.py:3490} INFO - Setting next_dagrun for example_complex to None, run_after=None
[2023-06-05T20:20:58.748+0000] {processor.py:179} INFO - Processing /home/airflow/.local/lib/python3.7/site-packages/airflow/example_dags/example_complex.py took 0.087 seconds
[2023-06-05T20:21:29.282+0000] {processor.py:157} INFO - Started process (PID=1349) to work on /home/airflow/.local/lib/python3.7/site-packages/airflow/example_dags/example_complex.py
[2023-06-05T20:21:29.283+0000] {processor.py:826} INFO - Processing file /home/airflow/.local/lib/python3.7/site-packages/airflow/example_dags/example_complex.py for tasks to queue
[2023-06-05T20:21:29.283+0000] {logging_mixin.py:149} INFO - [2023-06-05T20:21:29.283+0000] {dagbag.py:541} INFO - Filling up the DagBag from /home/airflow/.local/lib/python3.7/site-packages/airflow/example_dags/example_complex.py
[2023-06-05T20:21:29.294+0000] {logging_mixin.py:149} INFO - [2023-06-05T20:21:29.294+0000] {taskmixin.py:211} WARNING - Dependency <Task(BashOperator): create_entry_group>, delete_entry_group already registered for DAG: example_complex
[2023-06-05T20:21:29.294+0000] {logging_mixin.py:149} INFO - [2023-06-05T20:21:29.294+0000] {taskmixin.py:211} WARNING - Dependency <Task(BashOperator): delete_entry_group>, create_entry_group already registered for DAG: example_complex
[2023-06-05T20:21:29.294+0000] {logging_mixin.py:149} INFO - [2023-06-05T20:21:29.294+0000] {taskmixin.py:211} WARNING - Dependency <Task(BashOperator): create_entry_gcs>, delete_entry already registered for DAG: example_complex
[2023-06-05T20:21:29.294+0000] {logging_mixin.py:149} INFO - [2023-06-05T20:21:29.294+0000] {taskmixin.py:211} WARNING - Dependency <Task(BashOperator): delete_entry>, create_entry_gcs already registered for DAG: example_complex
[2023-06-05T20:21:29.295+0000] {logging_mixin.py:149} INFO - [2023-06-05T20:21:29.295+0000] {taskmixin.py:211} WARNING - Dependency <Task(BashOperator): create_tag>, delete_tag already registered for DAG: example_complex
[2023-06-05T20:21:29.295+0000] {logging_mixin.py:149} INFO - [2023-06-05T20:21:29.295+0000] {taskmixin.py:211} WARNING - Dependency <Task(BashOperator): delete_tag>, create_tag already registered for DAG: example_complex
[2023-06-05T20:21:29.300+0000] {processor.py:836} INFO - DAG(s) dict_keys(['example_complex']) retrieved from /home/airflow/.local/lib/python3.7/site-packages/airflow/example_dags/example_complex.py
[2023-06-05T20:21:29.342+0000] {logging_mixin.py:149} INFO - [2023-06-05T20:21:29.341+0000] {dag.py:2726} INFO - Sync 1 DAGs
[2023-06-05T20:21:29.365+0000] {logging_mixin.py:149} INFO - [2023-06-05T20:21:29.365+0000] {dag.py:3490} INFO - Setting next_dagrun for example_complex to None, run_after=None
[2023-06-05T20:21:29.384+0000] {processor.py:179} INFO - Processing /home/airflow/.local/lib/python3.7/site-packages/airflow/example_dags/example_complex.py took 0.105 seconds
[2023-06-05T20:21:59.918+0000] {processor.py:157} INFO - Started process (PID=1417) to work on /home/airflow/.local/lib/python3.7/site-packages/airflow/example_dags/example_complex.py
[2023-06-05T20:21:59.919+0000] {processor.py:826} INFO - Processing file /home/airflow/.local/lib/python3.7/site-packages/airflow/example_dags/example_complex.py for tasks to queue
[2023-06-05T20:21:59.919+0000] {logging_mixin.py:149} INFO - [2023-06-05T20:21:59.919+0000] {dagbag.py:541} INFO - Filling up the DagBag from /home/airflow/.local/lib/python3.7/site-packages/airflow/example_dags/example_complex.py
[2023-06-05T20:21:59.933+0000] {logging_mixin.py:149} INFO - [2023-06-05T20:21:59.933+0000] {taskmixin.py:211} WARNING - Dependency <Task(BashOperator): create_entry_group>, delete_entry_group already registered for DAG: example_complex
[2023-06-05T20:21:59.933+0000] {logging_mixin.py:149} INFO - [2023-06-05T20:21:59.933+0000] {taskmixin.py:211} WARNING - Dependency <Task(BashOperator): delete_entry_group>, create_entry_group already registered for DAG: example_complex
[2023-06-05T20:21:59.934+0000] {logging_mixin.py:149} INFO - [2023-06-05T20:21:59.934+0000] {taskmixin.py:211} WARNING - Dependency <Task(BashOperator): create_entry_gcs>, delete_entry already registered for DAG: example_complex
[2023-06-05T20:21:59.934+0000] {logging_mixin.py:149} INFO - [2023-06-05T20:21:59.934+0000] {taskmixin.py:211} WARNING - Dependency <Task(BashOperator): delete_entry>, create_entry_gcs already registered for DAG: example_complex
[2023-06-05T20:21:59.935+0000] {logging_mixin.py:149} INFO - [2023-06-05T20:21:59.934+0000] {taskmixin.py:211} WARNING - Dependency <Task(BashOperator): create_tag>, delete_tag already registered for DAG: example_complex
[2023-06-05T20:21:59.935+0000] {logging_mixin.py:149} INFO - [2023-06-05T20:21:59.935+0000] {taskmixin.py:211} WARNING - Dependency <Task(BashOperator): delete_tag>, create_tag already registered for DAG: example_complex
[2023-06-05T20:21:59.937+0000] {processor.py:836} INFO - DAG(s) dict_keys(['example_complex']) retrieved from /home/airflow/.local/lib/python3.7/site-packages/airflow/example_dags/example_complex.py
[2023-06-05T20:21:59.970+0000] {logging_mixin.py:149} INFO - [2023-06-05T20:21:59.970+0000] {dag.py:2726} INFO - Sync 1 DAGs
[2023-06-05T20:21:59.996+0000] {logging_mixin.py:149} INFO - [2023-06-05T20:21:59.996+0000] {dag.py:3490} INFO - Setting next_dagrun for example_complex to None, run_after=None
[2023-06-05T20:22:00.022+0000] {processor.py:179} INFO - Processing /home/airflow/.local/lib/python3.7/site-packages/airflow/example_dags/example_complex.py took 0.107 seconds
