[2023-06-05T20:11:53.347+0000] {processor.py:157} INFO - Started process (PID=76) to work on /home/airflow/.local/lib/python3.7/site-packages/airflow/example_dags/example_short_circuit_operator.py
[2023-06-05T20:11:53.348+0000] {processor.py:826} INFO - Processing file /home/airflow/.local/lib/python3.7/site-packages/airflow/example_dags/example_short_circuit_operator.py for tasks to queue
[2023-06-05T20:11:53.348+0000] {logging_mixin.py:149} INFO - [2023-06-05T20:11:53.348+0000] {dagbag.py:541} INFO - Filling up the DagBag from /home/airflow/.local/lib/python3.7/site-packages/airflow/example_dags/example_short_circuit_operator.py
[2023-06-05T20:11:53.357+0000] {processor.py:836} INFO - DAG(s) dict_keys(['example_short_circuit_operator']) retrieved from /home/airflow/.local/lib/python3.7/site-packages/airflow/example_dags/example_short_circuit_operator.py
[2023-06-05T20:11:53.369+0000] {logging_mixin.py:149} INFO - [2023-06-05T20:11:53.369+0000] {dag.py:2726} INFO - Sync 1 DAGs
[2023-06-05T20:11:53.394+0000] {logging_mixin.py:149} INFO - [2023-06-05T20:11:53.394+0000] {dag.py:3490} INFO - Setting next_dagrun for example_short_circuit_operator to 2023-06-04T20:11:53.393791+00:00, run_after=2023-06-05T20:11:53.393791+00:00
[2023-06-05T20:11:53.420+0000] {processor.py:179} INFO - Processing /home/airflow/.local/lib/python3.7/site-packages/airflow/example_dags/example_short_circuit_operator.py took 0.075 seconds
[2023-06-05T20:12:24.683+0000] {processor.py:157} INFO - Started process (PID=144) to work on /home/airflow/.local/lib/python3.7/site-packages/airflow/example_dags/example_short_circuit_operator.py
[2023-06-05T20:12:24.685+0000] {processor.py:826} INFO - Processing file /home/airflow/.local/lib/python3.7/site-packages/airflow/example_dags/example_short_circuit_operator.py for tasks to queue
[2023-06-05T20:12:24.686+0000] {logging_mixin.py:149} INFO - [2023-06-05T20:12:24.685+0000] {dagbag.py:541} INFO - Filling up the DagBag from /home/airflow/.local/lib/python3.7/site-packages/airflow/example_dags/example_short_circuit_operator.py
[2023-06-05T20:12:24.695+0000] {processor.py:836} INFO - DAG(s) dict_keys(['example_short_circuit_operator']) retrieved from /home/airflow/.local/lib/python3.7/site-packages/airflow/example_dags/example_short_circuit_operator.py
[2023-06-05T20:12:24.734+0000] {logging_mixin.py:149} INFO - [2023-06-05T20:12:24.733+0000] {dag.py:2726} INFO - Sync 1 DAGs
[2023-06-05T20:12:24.778+0000] {logging_mixin.py:149} INFO - [2023-06-05T20:12:24.778+0000] {dag.py:3490} INFO - Setting next_dagrun for example_short_circuit_operator to 2023-06-04T20:12:24.778128+00:00, run_after=2023-06-05T20:12:24.778128+00:00
[2023-06-05T20:12:24.802+0000] {processor.py:179} INFO - Processing /home/airflow/.local/lib/python3.7/site-packages/airflow/example_dags/example_short_circuit_operator.py took 0.123 seconds
[2023-06-05T20:12:55.733+0000] {processor.py:157} INFO - Started process (PID=212) to work on /home/airflow/.local/lib/python3.7/site-packages/airflow/example_dags/example_short_circuit_operator.py
[2023-06-05T20:12:55.733+0000] {processor.py:826} INFO - Processing file /home/airflow/.local/lib/python3.7/site-packages/airflow/example_dags/example_short_circuit_operator.py for tasks to queue
[2023-06-05T20:12:55.734+0000] {logging_mixin.py:149} INFO - [2023-06-05T20:12:55.733+0000] {dagbag.py:541} INFO - Filling up the DagBag from /home/airflow/.local/lib/python3.7/site-packages/airflow/example_dags/example_short_circuit_operator.py
[2023-06-05T20:12:55.740+0000] {processor.py:836} INFO - DAG(s) dict_keys(['example_short_circuit_operator']) retrieved from /home/airflow/.local/lib/python3.7/site-packages/airflow/example_dags/example_short_circuit_operator.py
[2023-06-05T20:12:55.766+0000] {logging_mixin.py:149} INFO - [2023-06-05T20:12:55.766+0000] {dag.py:2726} INFO - Sync 1 DAGs
[2023-06-05T20:12:55.796+0000] {logging_mixin.py:149} INFO - [2023-06-05T20:12:55.796+0000] {dag.py:3490} INFO - Setting next_dagrun for example_short_circuit_operator to 2023-06-04T20:12:55.795746+00:00, run_after=2023-06-05T20:12:55.795746+00:00
[2023-06-05T20:12:55.826+0000] {processor.py:179} INFO - Processing /home/airflow/.local/lib/python3.7/site-packages/airflow/example_dags/example_short_circuit_operator.py took 0.096 seconds
[2023-06-05T20:13:26.089+0000] {processor.py:157} INFO - Started process (PID=280) to work on /home/airflow/.local/lib/python3.7/site-packages/airflow/example_dags/example_short_circuit_operator.py
[2023-06-05T20:13:26.090+0000] {processor.py:826} INFO - Processing file /home/airflow/.local/lib/python3.7/site-packages/airflow/example_dags/example_short_circuit_operator.py for tasks to queue
[2023-06-05T20:13:26.091+0000] {logging_mixin.py:149} INFO - [2023-06-05T20:13:26.090+0000] {dagbag.py:541} INFO - Filling up the DagBag from /home/airflow/.local/lib/python3.7/site-packages/airflow/example_dags/example_short_circuit_operator.py
[2023-06-05T20:13:26.101+0000] {processor.py:836} INFO - DAG(s) dict_keys(['example_short_circuit_operator']) retrieved from /home/airflow/.local/lib/python3.7/site-packages/airflow/example_dags/example_short_circuit_operator.py
[2023-06-05T20:13:26.131+0000] {logging_mixin.py:149} INFO - [2023-06-05T20:13:26.131+0000] {dag.py:2726} INFO - Sync 1 DAGs
[2023-06-05T20:13:26.153+0000] {logging_mixin.py:149} INFO - [2023-06-05T20:13:26.153+0000] {dag.py:3490} INFO - Setting next_dagrun for example_short_circuit_operator to 2023-06-04T20:13:26.153291+00:00, run_after=2023-06-05T20:13:26.153291+00:00
[2023-06-05T20:13:26.174+0000] {processor.py:179} INFO - Processing /home/airflow/.local/lib/python3.7/site-packages/airflow/example_dags/example_short_circuit_operator.py took 0.088 seconds
[2023-06-05T20:13:57.080+0000] {processor.py:157} INFO - Started process (PID=348) to work on /home/airflow/.local/lib/python3.7/site-packages/airflow/example_dags/example_short_circuit_operator.py
[2023-06-05T20:13:57.080+0000] {processor.py:826} INFO - Processing file /home/airflow/.local/lib/python3.7/site-packages/airflow/example_dags/example_short_circuit_operator.py for tasks to queue
[2023-06-05T20:13:57.081+0000] {logging_mixin.py:149} INFO - [2023-06-05T20:13:57.080+0000] {dagbag.py:541} INFO - Filling up the DagBag from /home/airflow/.local/lib/python3.7/site-packages/airflow/example_dags/example_short_circuit_operator.py
[2023-06-05T20:13:57.087+0000] {processor.py:836} INFO - DAG(s) dict_keys(['example_short_circuit_operator']) retrieved from /home/airflow/.local/lib/python3.7/site-packages/airflow/example_dags/example_short_circuit_operator.py
[2023-06-05T20:13:57.115+0000] {logging_mixin.py:149} INFO - [2023-06-05T20:13:57.115+0000] {dag.py:2726} INFO - Sync 1 DAGs
[2023-06-05T20:13:57.151+0000] {logging_mixin.py:149} INFO - [2023-06-05T20:13:57.150+0000] {dag.py:3490} INFO - Setting next_dagrun for example_short_circuit_operator to 2023-06-04T20:13:57.150507+00:00, run_after=2023-06-05T20:13:57.150507+00:00
[2023-06-05T20:13:57.170+0000] {processor.py:179} INFO - Processing /home/airflow/.local/lib/python3.7/site-packages/airflow/example_dags/example_short_circuit_operator.py took 0.093 seconds
[2023-06-05T20:14:27.539+0000] {processor.py:157} INFO - Started process (PID=416) to work on /home/airflow/.local/lib/python3.7/site-packages/airflow/example_dags/example_short_circuit_operator.py
[2023-06-05T20:14:27.540+0000] {processor.py:826} INFO - Processing file /home/airflow/.local/lib/python3.7/site-packages/airflow/example_dags/example_short_circuit_operator.py for tasks to queue
[2023-06-05T20:14:27.540+0000] {logging_mixin.py:149} INFO - [2023-06-05T20:14:27.540+0000] {dagbag.py:541} INFO - Filling up the DagBag from /home/airflow/.local/lib/python3.7/site-packages/airflow/example_dags/example_short_circuit_operator.py
[2023-06-05T20:14:27.551+0000] {processor.py:836} INFO - DAG(s) dict_keys(['example_short_circuit_operator']) retrieved from /home/airflow/.local/lib/python3.7/site-packages/airflow/example_dags/example_short_circuit_operator.py
[2023-06-05T20:14:27.585+0000] {logging_mixin.py:149} INFO - [2023-06-05T20:14:27.585+0000] {dag.py:2726} INFO - Sync 1 DAGs
[2023-06-05T20:14:27.624+0000] {logging_mixin.py:149} INFO - [2023-06-05T20:14:27.624+0000] {dag.py:3490} INFO - Setting next_dagrun for example_short_circuit_operator to 2023-06-04T20:14:27.624223+00:00, run_after=2023-06-05T20:14:27.624223+00:00
[2023-06-05T20:14:27.666+0000] {processor.py:179} INFO - Processing /home/airflow/.local/lib/python3.7/site-packages/airflow/example_dags/example_short_circuit_operator.py took 0.131 seconds
[2023-06-05T20:14:58.644+0000] {processor.py:157} INFO - Started process (PID=484) to work on /home/airflow/.local/lib/python3.7/site-packages/airflow/example_dags/example_short_circuit_operator.py
[2023-06-05T20:14:58.645+0000] {processor.py:826} INFO - Processing file /home/airflow/.local/lib/python3.7/site-packages/airflow/example_dags/example_short_circuit_operator.py for tasks to queue
[2023-06-05T20:14:58.645+0000] {logging_mixin.py:149} INFO - [2023-06-05T20:14:58.645+0000] {dagbag.py:541} INFO - Filling up the DagBag from /home/airflow/.local/lib/python3.7/site-packages/airflow/example_dags/example_short_circuit_operator.py
[2023-06-05T20:14:58.652+0000] {processor.py:836} INFO - DAG(s) dict_keys(['example_short_circuit_operator']) retrieved from /home/airflow/.local/lib/python3.7/site-packages/airflow/example_dags/example_short_circuit_operator.py
[2023-06-05T20:14:58.677+0000] {logging_mixin.py:149} INFO - [2023-06-05T20:14:58.677+0000] {dag.py:2726} INFO - Sync 1 DAGs
[2023-06-05T20:14:58.702+0000] {logging_mixin.py:149} INFO - [2023-06-05T20:14:58.702+0000] {dag.py:3490} INFO - Setting next_dagrun for example_short_circuit_operator to 2023-06-04T20:14:58.702567+00:00, run_after=2023-06-05T20:14:58.702567+00:00
[2023-06-05T20:14:58.719+0000] {processor.py:179} INFO - Processing /home/airflow/.local/lib/python3.7/site-packages/airflow/example_dags/example_short_circuit_operator.py took 0.078 seconds
[2023-06-05T20:15:29.935+0000] {processor.py:157} INFO - Started process (PID=552) to work on /home/airflow/.local/lib/python3.7/site-packages/airflow/example_dags/example_short_circuit_operator.py
[2023-06-05T20:15:29.936+0000] {processor.py:826} INFO - Processing file /home/airflow/.local/lib/python3.7/site-packages/airflow/example_dags/example_short_circuit_operator.py for tasks to queue
[2023-06-05T20:15:29.937+0000] {logging_mixin.py:149} INFO - [2023-06-05T20:15:29.936+0000] {dagbag.py:541} INFO - Filling up the DagBag from /home/airflow/.local/lib/python3.7/site-packages/airflow/example_dags/example_short_circuit_operator.py
[2023-06-05T20:15:29.946+0000] {processor.py:836} INFO - DAG(s) dict_keys(['example_short_circuit_operator']) retrieved from /home/airflow/.local/lib/python3.7/site-packages/airflow/example_dags/example_short_circuit_operator.py
[2023-06-05T20:15:29.982+0000] {logging_mixin.py:149} INFO - [2023-06-05T20:15:29.982+0000] {dag.py:2726} INFO - Sync 1 DAGs
[2023-06-05T20:15:30.017+0000] {logging_mixin.py:149} INFO - [2023-06-05T20:15:30.017+0000] {dag.py:3490} INFO - Setting next_dagrun for example_short_circuit_operator to 2023-06-04T20:15:30.016859+00:00, run_after=2023-06-05T20:15:30.016859+00:00
[2023-06-05T20:15:30.046+0000] {processor.py:179} INFO - Processing /home/airflow/.local/lib/python3.7/site-packages/airflow/example_dags/example_short_circuit_operator.py took 0.114 seconds
[2023-06-05T20:16:01.080+0000] {processor.py:157} INFO - Started process (PID=620) to work on /home/airflow/.local/lib/python3.7/site-packages/airflow/example_dags/example_short_circuit_operator.py
[2023-06-05T20:16:01.081+0000] {processor.py:826} INFO - Processing file /home/airflow/.local/lib/python3.7/site-packages/airflow/example_dags/example_short_circuit_operator.py for tasks to queue
[2023-06-05T20:16:01.082+0000] {logging_mixin.py:149} INFO - [2023-06-05T20:16:01.082+0000] {dagbag.py:541} INFO - Filling up the DagBag from /home/airflow/.local/lib/python3.7/site-packages/airflow/example_dags/example_short_circuit_operator.py
[2023-06-05T20:16:01.089+0000] {processor.py:836} INFO - DAG(s) dict_keys(['example_short_circuit_operator']) retrieved from /home/airflow/.local/lib/python3.7/site-packages/airflow/example_dags/example_short_circuit_operator.py
[2023-06-05T20:16:01.119+0000] {logging_mixin.py:149} INFO - [2023-06-05T20:16:01.118+0000] {dag.py:2726} INFO - Sync 1 DAGs
[2023-06-05T20:16:01.152+0000] {logging_mixin.py:149} INFO - [2023-06-05T20:16:01.152+0000] {dag.py:3490} INFO - Setting next_dagrun for example_short_circuit_operator to 2023-06-04T20:16:01.152483+00:00, run_after=2023-06-05T20:16:01.152483+00:00
[2023-06-05T20:16:01.172+0000] {processor.py:179} INFO - Processing /home/airflow/.local/lib/python3.7/site-packages/airflow/example_dags/example_short_circuit_operator.py took 0.094 seconds
[2023-06-05T20:16:31.564+0000] {processor.py:157} INFO - Started process (PID=688) to work on /home/airflow/.local/lib/python3.7/site-packages/airflow/example_dags/example_short_circuit_operator.py
[2023-06-05T20:16:31.565+0000] {processor.py:826} INFO - Processing file /home/airflow/.local/lib/python3.7/site-packages/airflow/example_dags/example_short_circuit_operator.py for tasks to queue
[2023-06-05T20:16:31.566+0000] {logging_mixin.py:149} INFO - [2023-06-05T20:16:31.566+0000] {dagbag.py:541} INFO - Filling up the DagBag from /home/airflow/.local/lib/python3.7/site-packages/airflow/example_dags/example_short_circuit_operator.py
[2023-06-05T20:16:31.573+0000] {processor.py:836} INFO - DAG(s) dict_keys(['example_short_circuit_operator']) retrieved from /home/airflow/.local/lib/python3.7/site-packages/airflow/example_dags/example_short_circuit_operator.py
[2023-06-05T20:16:31.600+0000] {logging_mixin.py:149} INFO - [2023-06-05T20:16:31.600+0000] {dag.py:2726} INFO - Sync 1 DAGs
[2023-06-05T20:16:31.655+0000] {logging_mixin.py:149} INFO - [2023-06-05T20:16:31.655+0000] {dag.py:3490} INFO - Setting next_dagrun for example_short_circuit_operator to 2023-06-04T20:16:31.655028+00:00, run_after=2023-06-05T20:16:31.655028+00:00
[2023-06-05T20:16:31.678+0000] {processor.py:179} INFO - Processing /home/airflow/.local/lib/python3.7/site-packages/airflow/example_dags/example_short_circuit_operator.py took 0.116 seconds
[2023-06-05T20:17:01.937+0000] {processor.py:157} INFO - Started process (PID=756) to work on /home/airflow/.local/lib/python3.7/site-packages/airflow/example_dags/example_short_circuit_operator.py
[2023-06-05T20:17:01.938+0000] {processor.py:826} INFO - Processing file /home/airflow/.local/lib/python3.7/site-packages/airflow/example_dags/example_short_circuit_operator.py for tasks to queue
[2023-06-05T20:17:01.939+0000] {logging_mixin.py:149} INFO - [2023-06-05T20:17:01.939+0000] {dagbag.py:541} INFO - Filling up the DagBag from /home/airflow/.local/lib/python3.7/site-packages/airflow/example_dags/example_short_circuit_operator.py
[2023-06-05T20:17:01.945+0000] {processor.py:836} INFO - DAG(s) dict_keys(['example_short_circuit_operator']) retrieved from /home/airflow/.local/lib/python3.7/site-packages/airflow/example_dags/example_short_circuit_operator.py
[2023-06-05T20:17:01.968+0000] {logging_mixin.py:149} INFO - [2023-06-05T20:17:01.968+0000] {dag.py:2726} INFO - Sync 1 DAGs
[2023-06-05T20:17:01.991+0000] {logging_mixin.py:149} INFO - [2023-06-05T20:17:01.991+0000] {dag.py:3490} INFO - Setting next_dagrun for example_short_circuit_operator to 2023-06-04T20:17:01.990748+00:00, run_after=2023-06-05T20:17:01.990748+00:00
[2023-06-05T20:17:02.018+0000] {processor.py:179} INFO - Processing /home/airflow/.local/lib/python3.7/site-packages/airflow/example_dags/example_short_circuit_operator.py took 0.083 seconds
[2023-06-05T20:17:33.049+0000] {processor.py:157} INFO - Started process (PID=824) to work on /home/airflow/.local/lib/python3.7/site-packages/airflow/example_dags/example_short_circuit_operator.py
[2023-06-05T20:17:33.050+0000] {processor.py:826} INFO - Processing file /home/airflow/.local/lib/python3.7/site-packages/airflow/example_dags/example_short_circuit_operator.py for tasks to queue
[2023-06-05T20:17:33.051+0000] {logging_mixin.py:149} INFO - [2023-06-05T20:17:33.051+0000] {dagbag.py:541} INFO - Filling up the DagBag from /home/airflow/.local/lib/python3.7/site-packages/airflow/example_dags/example_short_circuit_operator.py
[2023-06-05T20:17:33.057+0000] {processor.py:836} INFO - DAG(s) dict_keys(['example_short_circuit_operator']) retrieved from /home/airflow/.local/lib/python3.7/site-packages/airflow/example_dags/example_short_circuit_operator.py
[2023-06-05T20:17:33.080+0000] {logging_mixin.py:149} INFO - [2023-06-05T20:17:33.079+0000] {dag.py:2726} INFO - Sync 1 DAGs
[2023-06-05T20:17:33.101+0000] {logging_mixin.py:149} INFO - [2023-06-05T20:17:33.101+0000] {dag.py:3490} INFO - Setting next_dagrun for example_short_circuit_operator to 2023-06-04T20:17:33.101436+00:00, run_after=2023-06-05T20:17:33.101436+00:00
[2023-06-05T20:17:33.118+0000] {processor.py:179} INFO - Processing /home/airflow/.local/lib/python3.7/site-packages/airflow/example_dags/example_short_circuit_operator.py took 0.071 seconds
[2023-06-05T20:18:03.477+0000] {processor.py:157} INFO - Started process (PID=892) to work on /home/airflow/.local/lib/python3.7/site-packages/airflow/example_dags/example_short_circuit_operator.py
[2023-06-05T20:18:03.478+0000] {processor.py:826} INFO - Processing file /home/airflow/.local/lib/python3.7/site-packages/airflow/example_dags/example_short_circuit_operator.py for tasks to queue
[2023-06-05T20:18:03.478+0000] {logging_mixin.py:149} INFO - [2023-06-05T20:18:03.478+0000] {dagbag.py:541} INFO - Filling up the DagBag from /home/airflow/.local/lib/python3.7/site-packages/airflow/example_dags/example_short_circuit_operator.py
[2023-06-05T20:18:03.484+0000] {processor.py:836} INFO - DAG(s) dict_keys(['example_short_circuit_operator']) retrieved from /home/airflow/.local/lib/python3.7/site-packages/airflow/example_dags/example_short_circuit_operator.py
[2023-06-05T20:18:03.517+0000] {logging_mixin.py:149} INFO - [2023-06-05T20:18:03.517+0000] {dag.py:2726} INFO - Sync 1 DAGs
[2023-06-05T20:18:03.540+0000] {logging_mixin.py:149} INFO - [2023-06-05T20:18:03.540+0000] {dag.py:3490} INFO - Setting next_dagrun for example_short_circuit_operator to 2023-06-04T20:18:03.539772+00:00, run_after=2023-06-05T20:18:03.539772+00:00
[2023-06-05T20:18:03.557+0000] {processor.py:179} INFO - Processing /home/airflow/.local/lib/python3.7/site-packages/airflow/example_dags/example_short_circuit_operator.py took 0.082 seconds
[2023-06-05T20:18:33.894+0000] {processor.py:157} INFO - Started process (PID=960) to work on /home/airflow/.local/lib/python3.7/site-packages/airflow/example_dags/example_short_circuit_operator.py
[2023-06-05T20:18:33.897+0000] {processor.py:826} INFO - Processing file /home/airflow/.local/lib/python3.7/site-packages/airflow/example_dags/example_short_circuit_operator.py for tasks to queue
[2023-06-05T20:18:33.898+0000] {logging_mixin.py:149} INFO - [2023-06-05T20:18:33.897+0000] {dagbag.py:541} INFO - Filling up the DagBag from /home/airflow/.local/lib/python3.7/site-packages/airflow/example_dags/example_short_circuit_operator.py
[2023-06-05T20:18:33.908+0000] {processor.py:836} INFO - DAG(s) dict_keys(['example_short_circuit_operator']) retrieved from /home/airflow/.local/lib/python3.7/site-packages/airflow/example_dags/example_short_circuit_operator.py
[2023-06-05T20:18:33.951+0000] {logging_mixin.py:149} INFO - [2023-06-05T20:18:33.951+0000] {dag.py:2726} INFO - Sync 1 DAGs
[2023-06-05T20:18:33.976+0000] {logging_mixin.py:149} INFO - [2023-06-05T20:18:33.976+0000] {dag.py:3490} INFO - Setting next_dagrun for example_short_circuit_operator to 2023-06-04T20:18:33.975983+00:00, run_after=2023-06-05T20:18:33.975983+00:00
[2023-06-05T20:18:33.994+0000] {processor.py:179} INFO - Processing /home/airflow/.local/lib/python3.7/site-packages/airflow/example_dags/example_short_circuit_operator.py took 0.103 seconds
[2023-06-05T20:19:04.335+0000] {processor.py:157} INFO - Started process (PID=1028) to work on /home/airflow/.local/lib/python3.7/site-packages/airflow/example_dags/example_short_circuit_operator.py
[2023-06-05T20:19:04.336+0000] {processor.py:826} INFO - Processing file /home/airflow/.local/lib/python3.7/site-packages/airflow/example_dags/example_short_circuit_operator.py for tasks to queue
[2023-06-05T20:19:04.337+0000] {logging_mixin.py:149} INFO - [2023-06-05T20:19:04.337+0000] {dagbag.py:541} INFO - Filling up the DagBag from /home/airflow/.local/lib/python3.7/site-packages/airflow/example_dags/example_short_circuit_operator.py
[2023-06-05T20:19:04.344+0000] {processor.py:836} INFO - DAG(s) dict_keys(['example_short_circuit_operator']) retrieved from /home/airflow/.local/lib/python3.7/site-packages/airflow/example_dags/example_short_circuit_operator.py
[2023-06-05T20:19:04.368+0000] {logging_mixin.py:149} INFO - [2023-06-05T20:19:04.368+0000] {dag.py:2726} INFO - Sync 1 DAGs
[2023-06-05T20:19:04.392+0000] {logging_mixin.py:149} INFO - [2023-06-05T20:19:04.392+0000] {dag.py:3490} INFO - Setting next_dagrun for example_short_circuit_operator to 2023-06-04T20:19:04.392510+00:00, run_after=2023-06-05T20:19:04.392510+00:00
[2023-06-05T20:19:04.411+0000] {processor.py:179} INFO - Processing /home/airflow/.local/lib/python3.7/site-packages/airflow/example_dags/example_short_circuit_operator.py took 0.078 seconds
[2023-06-05T20:19:34.634+0000] {processor.py:157} INFO - Started process (PID=1096) to work on /home/airflow/.local/lib/python3.7/site-packages/airflow/example_dags/example_short_circuit_operator.py
[2023-06-05T20:19:34.635+0000] {processor.py:826} INFO - Processing file /home/airflow/.local/lib/python3.7/site-packages/airflow/example_dags/example_short_circuit_operator.py for tasks to queue
[2023-06-05T20:19:34.635+0000] {logging_mixin.py:149} INFO - [2023-06-05T20:19:34.635+0000] {dagbag.py:541} INFO - Filling up the DagBag from /home/airflow/.local/lib/python3.7/site-packages/airflow/example_dags/example_short_circuit_operator.py
[2023-06-05T20:19:34.650+0000] {processor.py:836} INFO - DAG(s) dict_keys(['example_short_circuit_operator']) retrieved from /home/airflow/.local/lib/python3.7/site-packages/airflow/example_dags/example_short_circuit_operator.py
[2023-06-05T20:19:34.702+0000] {logging_mixin.py:149} INFO - [2023-06-05T20:19:34.702+0000] {dag.py:2726} INFO - Sync 1 DAGs
[2023-06-05T20:19:34.734+0000] {logging_mixin.py:149} INFO - [2023-06-05T20:19:34.734+0000] {dag.py:3490} INFO - Setting next_dagrun for example_short_circuit_operator to 2023-06-04T20:19:34.734083+00:00, run_after=2023-06-05T20:19:34.734083+00:00
[2023-06-05T20:19:34.765+0000] {processor.py:179} INFO - Processing /home/airflow/.local/lib/python3.7/site-packages/airflow/example_dags/example_short_circuit_operator.py took 0.136 seconds
[2023-06-05T20:20:05.152+0000] {processor.py:157} INFO - Started process (PID=1164) to work on /home/airflow/.local/lib/python3.7/site-packages/airflow/example_dags/example_short_circuit_operator.py
[2023-06-05T20:20:05.153+0000] {processor.py:826} INFO - Processing file /home/airflow/.local/lib/python3.7/site-packages/airflow/example_dags/example_short_circuit_operator.py for tasks to queue
[2023-06-05T20:20:05.153+0000] {logging_mixin.py:149} INFO - [2023-06-05T20:20:05.153+0000] {dagbag.py:541} INFO - Filling up the DagBag from /home/airflow/.local/lib/python3.7/site-packages/airflow/example_dags/example_short_circuit_operator.py
[2023-06-05T20:20:05.160+0000] {processor.py:836} INFO - DAG(s) dict_keys(['example_short_circuit_operator']) retrieved from /home/airflow/.local/lib/python3.7/site-packages/airflow/example_dags/example_short_circuit_operator.py
[2023-06-05T20:20:05.183+0000] {logging_mixin.py:149} INFO - [2023-06-05T20:20:05.183+0000] {dag.py:2726} INFO - Sync 1 DAGs
[2023-06-05T20:20:05.211+0000] {logging_mixin.py:149} INFO - [2023-06-05T20:20:05.211+0000] {dag.py:3490} INFO - Setting next_dagrun for example_short_circuit_operator to 2023-06-04T20:20:05.211466+00:00, run_after=2023-06-05T20:20:05.211466+00:00
[2023-06-05T20:20:05.263+0000] {processor.py:179} INFO - Processing /home/airflow/.local/lib/python3.7/site-packages/airflow/example_dags/example_short_circuit_operator.py took 0.115 seconds
[2023-06-05T20:20:35.452+0000] {processor.py:157} INFO - Started process (PID=1232) to work on /home/airflow/.local/lib/python3.7/site-packages/airflow/example_dags/example_short_circuit_operator.py
[2023-06-05T20:20:35.452+0000] {processor.py:826} INFO - Processing file /home/airflow/.local/lib/python3.7/site-packages/airflow/example_dags/example_short_circuit_operator.py for tasks to queue
[2023-06-05T20:20:35.453+0000] {logging_mixin.py:149} INFO - [2023-06-05T20:20:35.453+0000] {dagbag.py:541} INFO - Filling up the DagBag from /home/airflow/.local/lib/python3.7/site-packages/airflow/example_dags/example_short_circuit_operator.py
[2023-06-05T20:20:35.459+0000] {processor.py:836} INFO - DAG(s) dict_keys(['example_short_circuit_operator']) retrieved from /home/airflow/.local/lib/python3.7/site-packages/airflow/example_dags/example_short_circuit_operator.py
[2023-06-05T20:20:35.481+0000] {logging_mixin.py:149} INFO - [2023-06-05T20:20:35.481+0000] {dag.py:2726} INFO - Sync 1 DAGs
[2023-06-05T20:20:35.512+0000] {logging_mixin.py:149} INFO - [2023-06-05T20:20:35.512+0000] {dag.py:3490} INFO - Setting next_dagrun for example_short_circuit_operator to 2023-06-04T20:20:35.511711+00:00, run_after=2023-06-05T20:20:35.511711+00:00
[2023-06-05T20:20:35.530+0000] {processor.py:179} INFO - Processing /home/airflow/.local/lib/python3.7/site-packages/airflow/example_dags/example_short_circuit_operator.py took 0.080 seconds
[2023-06-05T20:21:06.066+0000] {processor.py:157} INFO - Started process (PID=1300) to work on /home/airflow/.local/lib/python3.7/site-packages/airflow/example_dags/example_short_circuit_operator.py
[2023-06-05T20:21:06.067+0000] {processor.py:826} INFO - Processing file /home/airflow/.local/lib/python3.7/site-packages/airflow/example_dags/example_short_circuit_operator.py for tasks to queue
[2023-06-05T20:21:06.068+0000] {logging_mixin.py:149} INFO - [2023-06-05T20:21:06.068+0000] {dagbag.py:541} INFO - Filling up the DagBag from /home/airflow/.local/lib/python3.7/site-packages/airflow/example_dags/example_short_circuit_operator.py
[2023-06-05T20:21:06.075+0000] {processor.py:836} INFO - DAG(s) dict_keys(['example_short_circuit_operator']) retrieved from /home/airflow/.local/lib/python3.7/site-packages/airflow/example_dags/example_short_circuit_operator.py
[2023-06-05T20:21:06.101+0000] {logging_mixin.py:149} INFO - [2023-06-05T20:21:06.100+0000] {dag.py:2726} INFO - Sync 1 DAGs
[2023-06-05T20:21:06.126+0000] {logging_mixin.py:149} INFO - [2023-06-05T20:21:06.125+0000] {dag.py:3490} INFO - Setting next_dagrun for example_short_circuit_operator to 2023-06-04T20:21:06.125627+00:00, run_after=2023-06-05T20:21:06.125627+00:00
[2023-06-05T20:21:06.149+0000] {processor.py:179} INFO - Processing /home/airflow/.local/lib/python3.7/site-packages/airflow/example_dags/example_short_circuit_operator.py took 0.085 seconds
[2023-06-05T20:21:36.602+0000] {processor.py:157} INFO - Started process (PID=1368) to work on /home/airflow/.local/lib/python3.7/site-packages/airflow/example_dags/example_short_circuit_operator.py
[2023-06-05T20:21:36.603+0000] {processor.py:826} INFO - Processing file /home/airflow/.local/lib/python3.7/site-packages/airflow/example_dags/example_short_circuit_operator.py for tasks to queue
[2023-06-05T20:21:36.604+0000] {logging_mixin.py:149} INFO - [2023-06-05T20:21:36.603+0000] {dagbag.py:541} INFO - Filling up the DagBag from /home/airflow/.local/lib/python3.7/site-packages/airflow/example_dags/example_short_circuit_operator.py
[2023-06-05T20:21:36.613+0000] {processor.py:836} INFO - DAG(s) dict_keys(['example_short_circuit_operator']) retrieved from /home/airflow/.local/lib/python3.7/site-packages/airflow/example_dags/example_short_circuit_operator.py
[2023-06-05T20:21:36.642+0000] {logging_mixin.py:149} INFO - [2023-06-05T20:21:36.642+0000] {dag.py:2726} INFO - Sync 1 DAGs
[2023-06-05T20:21:36.663+0000] {logging_mixin.py:149} INFO - [2023-06-05T20:21:36.663+0000] {dag.py:3490} INFO - Setting next_dagrun for example_short_circuit_operator to 2023-06-04T20:21:36.663575+00:00, run_after=2023-06-05T20:21:36.663575+00:00
[2023-06-05T20:21:36.683+0000] {processor.py:179} INFO - Processing /home/airflow/.local/lib/python3.7/site-packages/airflow/example_dags/example_short_circuit_operator.py took 0.084 seconds
[2023-06-05T20:22:07.363+0000] {processor.py:157} INFO - Started process (PID=1436) to work on /home/airflow/.local/lib/python3.7/site-packages/airflow/example_dags/example_short_circuit_operator.py
[2023-06-05T20:22:07.364+0000] {processor.py:826} INFO - Processing file /home/airflow/.local/lib/python3.7/site-packages/airflow/example_dags/example_short_circuit_operator.py for tasks to queue
[2023-06-05T20:22:07.365+0000] {logging_mixin.py:149} INFO - [2023-06-05T20:22:07.364+0000] {dagbag.py:541} INFO - Filling up the DagBag from /home/airflow/.local/lib/python3.7/site-packages/airflow/example_dags/example_short_circuit_operator.py
[2023-06-05T20:22:07.372+0000] {processor.py:836} INFO - DAG(s) dict_keys(['example_short_circuit_operator']) retrieved from /home/airflow/.local/lib/python3.7/site-packages/airflow/example_dags/example_short_circuit_operator.py
[2023-06-05T20:22:07.405+0000] {logging_mixin.py:149} INFO - [2023-06-05T20:22:07.404+0000] {dag.py:2726} INFO - Sync 1 DAGs
[2023-06-05T20:22:07.433+0000] {logging_mixin.py:149} INFO - [2023-06-05T20:22:07.433+0000] {dag.py:3490} INFO - Setting next_dagrun for example_short_circuit_operator to 2023-06-04T20:22:07.433158+00:00, run_after=2023-06-05T20:22:07.433158+00:00
[2023-06-05T20:22:07.450+0000] {processor.py:179} INFO - Processing /home/airflow/.local/lib/python3.7/site-packages/airflow/example_dags/example_short_circuit_operator.py took 0.090 seconds
