[2023-06-05T20:11:51.644+0000] {processor.py:157} INFO - Started process (PID=61) to work on /home/airflow/.local/lib/python3.7/site-packages/airflow/example_dags/example_external_task_marker_dag.py
[2023-06-05T20:11:51.645+0000] {processor.py:826} INFO - Processing file /home/airflow/.local/lib/python3.7/site-packages/airflow/example_dags/example_external_task_marker_dag.py for tasks to queue
[2023-06-05T20:11:51.645+0000] {logging_mixin.py:149} INFO - [2023-06-05T20:11:51.645+0000] {dagbag.py:541} INFO - Filling up the DagBag from /home/airflow/.local/lib/python3.7/site-packages/airflow/example_dags/example_external_task_marker_dag.py
[2023-06-05T20:11:51.653+0000] {processor.py:836} INFO - DAG(s) dict_keys(['example_external_task_marker_child', 'example_external_task_marker_parent']) retrieved from /home/airflow/.local/lib/python3.7/site-packages/airflow/example_dags/example_external_task_marker_dag.py
[2023-06-05T20:11:51.666+0000] {logging_mixin.py:149} INFO - [2023-06-05T20:11:51.666+0000] {dag.py:2726} INFO - Sync 2 DAGs
[2023-06-05T20:11:51.690+0000] {logging_mixin.py:149} INFO - [2023-06-05T20:11:51.690+0000] {dag.py:3490} INFO - Setting next_dagrun for example_external_task_marker_child to None, run_after=None
[2023-06-05T20:11:51.693+0000] {logging_mixin.py:149} INFO - [2023-06-05T20:11:51.693+0000] {dag.py:3490} INFO - Setting next_dagrun for example_external_task_marker_parent to None, run_after=None
[2023-06-05T20:11:51.715+0000] {processor.py:179} INFO - Processing /home/airflow/.local/lib/python3.7/site-packages/airflow/example_dags/example_external_task_marker_dag.py took 0.073 seconds
[2023-06-05T20:12:22.507+0000] {processor.py:157} INFO - Started process (PID=129) to work on /home/airflow/.local/lib/python3.7/site-packages/airflow/example_dags/example_external_task_marker_dag.py
[2023-06-05T20:12:22.508+0000] {processor.py:826} INFO - Processing file /home/airflow/.local/lib/python3.7/site-packages/airflow/example_dags/example_external_task_marker_dag.py for tasks to queue
[2023-06-05T20:12:22.509+0000] {logging_mixin.py:149} INFO - [2023-06-05T20:12:22.509+0000] {dagbag.py:541} INFO - Filling up the DagBag from /home/airflow/.local/lib/python3.7/site-packages/airflow/example_dags/example_external_task_marker_dag.py
[2023-06-05T20:12:22.516+0000] {processor.py:836} INFO - DAG(s) dict_keys(['example_external_task_marker_parent', 'example_external_task_marker_child']) retrieved from /home/airflow/.local/lib/python3.7/site-packages/airflow/example_dags/example_external_task_marker_dag.py
[2023-06-05T20:12:22.556+0000] {logging_mixin.py:149} INFO - [2023-06-05T20:12:22.556+0000] {dag.py:2726} INFO - Sync 2 DAGs
[2023-06-05T20:12:22.590+0000] {logging_mixin.py:149} INFO - [2023-06-05T20:12:22.590+0000] {dag.py:3490} INFO - Setting next_dagrun for example_external_task_marker_child to None, run_after=None
[2023-06-05T20:12:22.593+0000] {logging_mixin.py:149} INFO - [2023-06-05T20:12:22.593+0000] {dag.py:3490} INFO - Setting next_dagrun for example_external_task_marker_parent to None, run_after=None
[2023-06-05T20:12:22.620+0000] {processor.py:179} INFO - Processing /home/airflow/.local/lib/python3.7/site-packages/airflow/example_dags/example_external_task_marker_dag.py took 0.116 seconds
[2023-06-05T20:12:52.661+0000] {processor.py:157} INFO - Started process (PID=197) to work on /home/airflow/.local/lib/python3.7/site-packages/airflow/example_dags/example_external_task_marker_dag.py
[2023-06-05T20:12:52.662+0000] {processor.py:826} INFO - Processing file /home/airflow/.local/lib/python3.7/site-packages/airflow/example_dags/example_external_task_marker_dag.py for tasks to queue
[2023-06-05T20:12:52.663+0000] {logging_mixin.py:149} INFO - [2023-06-05T20:12:52.662+0000] {dagbag.py:541} INFO - Filling up the DagBag from /home/airflow/.local/lib/python3.7/site-packages/airflow/example_dags/example_external_task_marker_dag.py
[2023-06-05T20:12:52.667+0000] {processor.py:836} INFO - DAG(s) dict_keys(['example_external_task_marker_child', 'example_external_task_marker_parent']) retrieved from /home/airflow/.local/lib/python3.7/site-packages/airflow/example_dags/example_external_task_marker_dag.py
[2023-06-05T20:12:52.690+0000] {logging_mixin.py:149} INFO - [2023-06-05T20:12:52.690+0000] {dag.py:2726} INFO - Sync 2 DAGs
[2023-06-05T20:12:52.720+0000] {logging_mixin.py:149} INFO - [2023-06-05T20:12:52.720+0000] {dag.py:3490} INFO - Setting next_dagrun for example_external_task_marker_child to None, run_after=None
[2023-06-05T20:12:52.724+0000] {logging_mixin.py:149} INFO - [2023-06-05T20:12:52.723+0000] {dag.py:3490} INFO - Setting next_dagrun for example_external_task_marker_parent to None, run_after=None
[2023-06-05T20:12:52.738+0000] {processor.py:179} INFO - Processing /home/airflow/.local/lib/python3.7/site-packages/airflow/example_dags/example_external_task_marker_dag.py took 0.079 seconds
[2023-06-05T20:13:23.125+0000] {processor.py:157} INFO - Started process (PID=265) to work on /home/airflow/.local/lib/python3.7/site-packages/airflow/example_dags/example_external_task_marker_dag.py
[2023-06-05T20:13:23.127+0000] {processor.py:826} INFO - Processing file /home/airflow/.local/lib/python3.7/site-packages/airflow/example_dags/example_external_task_marker_dag.py for tasks to queue
[2023-06-05T20:13:23.127+0000] {logging_mixin.py:149} INFO - [2023-06-05T20:13:23.127+0000] {dagbag.py:541} INFO - Filling up the DagBag from /home/airflow/.local/lib/python3.7/site-packages/airflow/example_dags/example_external_task_marker_dag.py
[2023-06-05T20:13:23.132+0000] {processor.py:836} INFO - DAG(s) dict_keys(['example_external_task_marker_parent', 'example_external_task_marker_child']) retrieved from /home/airflow/.local/lib/python3.7/site-packages/airflow/example_dags/example_external_task_marker_dag.py
[2023-06-05T20:13:23.158+0000] {logging_mixin.py:149} INFO - [2023-06-05T20:13:23.158+0000] {dag.py:2726} INFO - Sync 2 DAGs
[2023-06-05T20:13:23.183+0000] {logging_mixin.py:149} INFO - [2023-06-05T20:13:23.183+0000] {dag.py:3490} INFO - Setting next_dagrun for example_external_task_marker_child to None, run_after=None
[2023-06-05T20:13:23.186+0000] {logging_mixin.py:149} INFO - [2023-06-05T20:13:23.186+0000] {dag.py:3490} INFO - Setting next_dagrun for example_external_task_marker_parent to None, run_after=None
[2023-06-05T20:13:23.220+0000] {processor.py:179} INFO - Processing /home/airflow/.local/lib/python3.7/site-packages/airflow/example_dags/example_external_task_marker_dag.py took 0.098 seconds
[2023-06-05T20:13:53.779+0000] {processor.py:157} INFO - Started process (PID=333) to work on /home/airflow/.local/lib/python3.7/site-packages/airflow/example_dags/example_external_task_marker_dag.py
[2023-06-05T20:13:53.779+0000] {processor.py:826} INFO - Processing file /home/airflow/.local/lib/python3.7/site-packages/airflow/example_dags/example_external_task_marker_dag.py for tasks to queue
[2023-06-05T20:13:53.780+0000] {logging_mixin.py:149} INFO - [2023-06-05T20:13:53.780+0000] {dagbag.py:541} INFO - Filling up the DagBag from /home/airflow/.local/lib/python3.7/site-packages/airflow/example_dags/example_external_task_marker_dag.py
[2023-06-05T20:13:53.784+0000] {processor.py:836} INFO - DAG(s) dict_keys(['example_external_task_marker_parent', 'example_external_task_marker_child']) retrieved from /home/airflow/.local/lib/python3.7/site-packages/airflow/example_dags/example_external_task_marker_dag.py
[2023-06-05T20:13:53.817+0000] {logging_mixin.py:149} INFO - [2023-06-05T20:13:53.816+0000] {dag.py:2726} INFO - Sync 2 DAGs
[2023-06-05T20:13:53.838+0000] {logging_mixin.py:149} INFO - [2023-06-05T20:13:53.838+0000] {dag.py:3490} INFO - Setting next_dagrun for example_external_task_marker_child to None, run_after=None
[2023-06-05T20:13:53.842+0000] {logging_mixin.py:149} INFO - [2023-06-05T20:13:53.842+0000] {dag.py:3490} INFO - Setting next_dagrun for example_external_task_marker_parent to None, run_after=None
[2023-06-05T20:13:53.859+0000] {processor.py:179} INFO - Processing /home/airflow/.local/lib/python3.7/site-packages/airflow/example_dags/example_external_task_marker_dag.py took 0.083 seconds
[2023-06-05T20:14:24.153+0000] {processor.py:157} INFO - Started process (PID=401) to work on /home/airflow/.local/lib/python3.7/site-packages/airflow/example_dags/example_external_task_marker_dag.py
[2023-06-05T20:14:24.154+0000] {processor.py:826} INFO - Processing file /home/airflow/.local/lib/python3.7/site-packages/airflow/example_dags/example_external_task_marker_dag.py for tasks to queue
[2023-06-05T20:14:24.154+0000] {logging_mixin.py:149} INFO - [2023-06-05T20:14:24.154+0000] {dagbag.py:541} INFO - Filling up the DagBag from /home/airflow/.local/lib/python3.7/site-packages/airflow/example_dags/example_external_task_marker_dag.py
[2023-06-05T20:14:24.159+0000] {processor.py:836} INFO - DAG(s) dict_keys(['example_external_task_marker_parent', 'example_external_task_marker_child']) retrieved from /home/airflow/.local/lib/python3.7/site-packages/airflow/example_dags/example_external_task_marker_dag.py
[2023-06-05T20:14:24.183+0000] {logging_mixin.py:149} INFO - [2023-06-05T20:14:24.183+0000] {dag.py:2726} INFO - Sync 2 DAGs
[2023-06-05T20:14:24.223+0000] {logging_mixin.py:149} INFO - [2023-06-05T20:14:24.223+0000] {dag.py:3490} INFO - Setting next_dagrun for example_external_task_marker_child to None, run_after=None
[2023-06-05T20:14:24.226+0000] {logging_mixin.py:149} INFO - [2023-06-05T20:14:24.226+0000] {dag.py:3490} INFO - Setting next_dagrun for example_external_task_marker_parent to None, run_after=None
[2023-06-05T20:14:24.245+0000] {processor.py:179} INFO - Processing /home/airflow/.local/lib/python3.7/site-packages/airflow/example_dags/example_external_task_marker_dag.py took 0.095 seconds
[2023-06-05T20:14:54.349+0000] {processor.py:157} INFO - Started process (PID=469) to work on /home/airflow/.local/lib/python3.7/site-packages/airflow/example_dags/example_external_task_marker_dag.py
[2023-06-05T20:14:54.349+0000] {processor.py:826} INFO - Processing file /home/airflow/.local/lib/python3.7/site-packages/airflow/example_dags/example_external_task_marker_dag.py for tasks to queue
[2023-06-05T20:14:54.350+0000] {logging_mixin.py:149} INFO - [2023-06-05T20:14:54.350+0000] {dagbag.py:541} INFO - Filling up the DagBag from /home/airflow/.local/lib/python3.7/site-packages/airflow/example_dags/example_external_task_marker_dag.py
[2023-06-05T20:14:54.354+0000] {processor.py:836} INFO - DAG(s) dict_keys(['example_external_task_marker_child', 'example_external_task_marker_parent']) retrieved from /home/airflow/.local/lib/python3.7/site-packages/airflow/example_dags/example_external_task_marker_dag.py
[2023-06-05T20:14:54.379+0000] {logging_mixin.py:149} INFO - [2023-06-05T20:14:54.379+0000] {dag.py:2726} INFO - Sync 2 DAGs
[2023-06-05T20:14:54.416+0000] {logging_mixin.py:149} INFO - [2023-06-05T20:14:54.416+0000] {dag.py:3490} INFO - Setting next_dagrun for example_external_task_marker_child to None, run_after=None
[2023-06-05T20:14:54.421+0000] {logging_mixin.py:149} INFO - [2023-06-05T20:14:54.421+0000] {dag.py:3490} INFO - Setting next_dagrun for example_external_task_marker_parent to None, run_after=None
[2023-06-05T20:14:54.439+0000] {processor.py:179} INFO - Processing /home/airflow/.local/lib/python3.7/site-packages/airflow/example_dags/example_external_task_marker_dag.py took 0.093 seconds
[2023-06-05T20:15:24.579+0000] {processor.py:157} INFO - Started process (PID=537) to work on /home/airflow/.local/lib/python3.7/site-packages/airflow/example_dags/example_external_task_marker_dag.py
[2023-06-05T20:15:24.580+0000] {processor.py:826} INFO - Processing file /home/airflow/.local/lib/python3.7/site-packages/airflow/example_dags/example_external_task_marker_dag.py for tasks to queue
[2023-06-05T20:15:24.581+0000] {logging_mixin.py:149} INFO - [2023-06-05T20:15:24.581+0000] {dagbag.py:541} INFO - Filling up the DagBag from /home/airflow/.local/lib/python3.7/site-packages/airflow/example_dags/example_external_task_marker_dag.py
[2023-06-05T20:15:24.585+0000] {processor.py:836} INFO - DAG(s) dict_keys(['example_external_task_marker_parent', 'example_external_task_marker_child']) retrieved from /home/airflow/.local/lib/python3.7/site-packages/airflow/example_dags/example_external_task_marker_dag.py
[2023-06-05T20:15:24.611+0000] {logging_mixin.py:149} INFO - [2023-06-05T20:15:24.610+0000] {dag.py:2726} INFO - Sync 2 DAGs
[2023-06-05T20:15:24.636+0000] {logging_mixin.py:149} INFO - [2023-06-05T20:15:24.636+0000] {dag.py:3490} INFO - Setting next_dagrun for example_external_task_marker_child to None, run_after=None
[2023-06-05T20:15:24.639+0000] {logging_mixin.py:149} INFO - [2023-06-05T20:15:24.639+0000] {dag.py:3490} INFO - Setting next_dagrun for example_external_task_marker_parent to None, run_after=None
[2023-06-05T20:15:24.655+0000] {processor.py:179} INFO - Processing /home/airflow/.local/lib/python3.7/site-packages/airflow/example_dags/example_external_task_marker_dag.py took 0.079 seconds
[2023-06-05T20:15:54.910+0000] {processor.py:157} INFO - Started process (PID=605) to work on /home/airflow/.local/lib/python3.7/site-packages/airflow/example_dags/example_external_task_marker_dag.py
[2023-06-05T20:15:54.911+0000] {processor.py:826} INFO - Processing file /home/airflow/.local/lib/python3.7/site-packages/airflow/example_dags/example_external_task_marker_dag.py for tasks to queue
[2023-06-05T20:15:54.912+0000] {logging_mixin.py:149} INFO - [2023-06-05T20:15:54.912+0000] {dagbag.py:541} INFO - Filling up the DagBag from /home/airflow/.local/lib/python3.7/site-packages/airflow/example_dags/example_external_task_marker_dag.py
[2023-06-05T20:15:54.917+0000] {processor.py:836} INFO - DAG(s) dict_keys(['example_external_task_marker_child', 'example_external_task_marker_parent']) retrieved from /home/airflow/.local/lib/python3.7/site-packages/airflow/example_dags/example_external_task_marker_dag.py
[2023-06-05T20:15:54.944+0000] {logging_mixin.py:149} INFO - [2023-06-05T20:15:54.944+0000] {dag.py:2726} INFO - Sync 2 DAGs
[2023-06-05T20:15:54.969+0000] {logging_mixin.py:149} INFO - [2023-06-05T20:15:54.969+0000] {dag.py:3490} INFO - Setting next_dagrun for example_external_task_marker_child to None, run_after=None
[2023-06-05T20:15:54.973+0000] {logging_mixin.py:149} INFO - [2023-06-05T20:15:54.972+0000] {dag.py:3490} INFO - Setting next_dagrun for example_external_task_marker_parent to None, run_after=None
[2023-06-05T20:15:54.992+0000] {processor.py:179} INFO - Processing /home/airflow/.local/lib/python3.7/site-packages/airflow/example_dags/example_external_task_marker_dag.py took 0.085 seconds
[2023-06-05T20:16:25.387+0000] {processor.py:157} INFO - Started process (PID=673) to work on /home/airflow/.local/lib/python3.7/site-packages/airflow/example_dags/example_external_task_marker_dag.py
[2023-06-05T20:16:25.388+0000] {processor.py:826} INFO - Processing file /home/airflow/.local/lib/python3.7/site-packages/airflow/example_dags/example_external_task_marker_dag.py for tasks to queue
[2023-06-05T20:16:25.388+0000] {logging_mixin.py:149} INFO - [2023-06-05T20:16:25.388+0000] {dagbag.py:541} INFO - Filling up the DagBag from /home/airflow/.local/lib/python3.7/site-packages/airflow/example_dags/example_external_task_marker_dag.py
[2023-06-05T20:16:25.392+0000] {processor.py:836} INFO - DAG(s) dict_keys(['example_external_task_marker_parent', 'example_external_task_marker_child']) retrieved from /home/airflow/.local/lib/python3.7/site-packages/airflow/example_dags/example_external_task_marker_dag.py
[2023-06-05T20:16:25.417+0000] {logging_mixin.py:149} INFO - [2023-06-05T20:16:25.417+0000] {dag.py:2726} INFO - Sync 2 DAGs
[2023-06-05T20:16:25.439+0000] {logging_mixin.py:149} INFO - [2023-06-05T20:16:25.438+0000] {dag.py:3490} INFO - Setting next_dagrun for example_external_task_marker_child to None, run_after=None
[2023-06-05T20:16:25.441+0000] {logging_mixin.py:149} INFO - [2023-06-05T20:16:25.441+0000] {dag.py:3490} INFO - Setting next_dagrun for example_external_task_marker_parent to None, run_after=None
[2023-06-05T20:16:25.456+0000] {processor.py:179} INFO - Processing /home/airflow/.local/lib/python3.7/site-packages/airflow/example_dags/example_external_task_marker_dag.py took 0.072 seconds
[2023-06-05T20:16:55.719+0000] {processor.py:157} INFO - Started process (PID=741) to work on /home/airflow/.local/lib/python3.7/site-packages/airflow/example_dags/example_external_task_marker_dag.py
[2023-06-05T20:16:55.720+0000] {processor.py:826} INFO - Processing file /home/airflow/.local/lib/python3.7/site-packages/airflow/example_dags/example_external_task_marker_dag.py for tasks to queue
[2023-06-05T20:16:55.720+0000] {logging_mixin.py:149} INFO - [2023-06-05T20:16:55.720+0000] {dagbag.py:541} INFO - Filling up the DagBag from /home/airflow/.local/lib/python3.7/site-packages/airflow/example_dags/example_external_task_marker_dag.py
[2023-06-05T20:16:55.725+0000] {processor.py:836} INFO - DAG(s) dict_keys(['example_external_task_marker_child', 'example_external_task_marker_parent']) retrieved from /home/airflow/.local/lib/python3.7/site-packages/airflow/example_dags/example_external_task_marker_dag.py
[2023-06-05T20:16:55.750+0000] {logging_mixin.py:149} INFO - [2023-06-05T20:16:55.749+0000] {dag.py:2726} INFO - Sync 2 DAGs
[2023-06-05T20:16:55.774+0000] {logging_mixin.py:149} INFO - [2023-06-05T20:16:55.774+0000] {dag.py:3490} INFO - Setting next_dagrun for example_external_task_marker_child to None, run_after=None
[2023-06-05T20:16:55.777+0000] {logging_mixin.py:149} INFO - [2023-06-05T20:16:55.777+0000] {dag.py:3490} INFO - Setting next_dagrun for example_external_task_marker_parent to None, run_after=None
[2023-06-05T20:16:55.792+0000] {processor.py:179} INFO - Processing /home/airflow/.local/lib/python3.7/site-packages/airflow/example_dags/example_external_task_marker_dag.py took 0.075 seconds
[2023-06-05T20:17:26.825+0000] {processor.py:157} INFO - Started process (PID=809) to work on /home/airflow/.local/lib/python3.7/site-packages/airflow/example_dags/example_external_task_marker_dag.py
[2023-06-05T20:17:26.826+0000] {processor.py:826} INFO - Processing file /home/airflow/.local/lib/python3.7/site-packages/airflow/example_dags/example_external_task_marker_dag.py for tasks to queue
[2023-06-05T20:17:26.827+0000] {logging_mixin.py:149} INFO - [2023-06-05T20:17:26.827+0000] {dagbag.py:541} INFO - Filling up the DagBag from /home/airflow/.local/lib/python3.7/site-packages/airflow/example_dags/example_external_task_marker_dag.py
[2023-06-05T20:17:26.832+0000] {processor.py:836} INFO - DAG(s) dict_keys(['example_external_task_marker_child', 'example_external_task_marker_parent']) retrieved from /home/airflow/.local/lib/python3.7/site-packages/airflow/example_dags/example_external_task_marker_dag.py
[2023-06-05T20:17:26.858+0000] {logging_mixin.py:149} INFO - [2023-06-05T20:17:26.857+0000] {dag.py:2726} INFO - Sync 2 DAGs
[2023-06-05T20:17:26.883+0000] {logging_mixin.py:149} INFO - [2023-06-05T20:17:26.883+0000] {dag.py:3490} INFO - Setting next_dagrun for example_external_task_marker_child to None, run_after=None
[2023-06-05T20:17:26.886+0000] {logging_mixin.py:149} INFO - [2023-06-05T20:17:26.886+0000] {dag.py:3490} INFO - Setting next_dagrun for example_external_task_marker_parent to None, run_after=None
[2023-06-05T20:17:26.905+0000] {processor.py:179} INFO - Processing /home/airflow/.local/lib/python3.7/site-packages/airflow/example_dags/example_external_task_marker_dag.py took 0.082 seconds
[2023-06-05T20:17:57.359+0000] {processor.py:157} INFO - Started process (PID=877) to work on /home/airflow/.local/lib/python3.7/site-packages/airflow/example_dags/example_external_task_marker_dag.py
[2023-06-05T20:17:57.359+0000] {processor.py:826} INFO - Processing file /home/airflow/.local/lib/python3.7/site-packages/airflow/example_dags/example_external_task_marker_dag.py for tasks to queue
[2023-06-05T20:17:57.360+0000] {logging_mixin.py:149} INFO - [2023-06-05T20:17:57.360+0000] {dagbag.py:541} INFO - Filling up the DagBag from /home/airflow/.local/lib/python3.7/site-packages/airflow/example_dags/example_external_task_marker_dag.py
[2023-06-05T20:17:57.364+0000] {processor.py:836} INFO - DAG(s) dict_keys(['example_external_task_marker_child', 'example_external_task_marker_parent']) retrieved from /home/airflow/.local/lib/python3.7/site-packages/airflow/example_dags/example_external_task_marker_dag.py
[2023-06-05T20:17:57.388+0000] {logging_mixin.py:149} INFO - [2023-06-05T20:17:57.388+0000] {dag.py:2726} INFO - Sync 2 DAGs
[2023-06-05T20:17:57.421+0000] {logging_mixin.py:149} INFO - [2023-06-05T20:17:57.421+0000] {dag.py:3490} INFO - Setting next_dagrun for example_external_task_marker_child to None, run_after=None
[2023-06-05T20:17:57.424+0000] {logging_mixin.py:149} INFO - [2023-06-05T20:17:57.424+0000] {dag.py:3490} INFO - Setting next_dagrun for example_external_task_marker_parent to None, run_after=None
[2023-06-05T20:17:57.439+0000] {processor.py:179} INFO - Processing /home/airflow/.local/lib/python3.7/site-packages/airflow/example_dags/example_external_task_marker_dag.py took 0.083 seconds
[2023-06-05T20:18:27.668+0000] {processor.py:157} INFO - Started process (PID=945) to work on /home/airflow/.local/lib/python3.7/site-packages/airflow/example_dags/example_external_task_marker_dag.py
[2023-06-05T20:18:27.669+0000] {processor.py:826} INFO - Processing file /home/airflow/.local/lib/python3.7/site-packages/airflow/example_dags/example_external_task_marker_dag.py for tasks to queue
[2023-06-05T20:18:27.670+0000] {logging_mixin.py:149} INFO - [2023-06-05T20:18:27.670+0000] {dagbag.py:541} INFO - Filling up the DagBag from /home/airflow/.local/lib/python3.7/site-packages/airflow/example_dags/example_external_task_marker_dag.py
[2023-06-05T20:18:27.674+0000] {processor.py:836} INFO - DAG(s) dict_keys(['example_external_task_marker_child', 'example_external_task_marker_parent']) retrieved from /home/airflow/.local/lib/python3.7/site-packages/airflow/example_dags/example_external_task_marker_dag.py
[2023-06-05T20:18:27.709+0000] {logging_mixin.py:149} INFO - [2023-06-05T20:18:27.709+0000] {dag.py:2726} INFO - Sync 2 DAGs
[2023-06-05T20:18:27.735+0000] {logging_mixin.py:149} INFO - [2023-06-05T20:18:27.735+0000] {dag.py:3490} INFO - Setting next_dagrun for example_external_task_marker_child to None, run_after=None
[2023-06-05T20:18:27.738+0000] {logging_mixin.py:149} INFO - [2023-06-05T20:18:27.738+0000] {dag.py:3490} INFO - Setting next_dagrun for example_external_task_marker_parent to None, run_after=None
[2023-06-05T20:18:27.752+0000] {processor.py:179} INFO - Processing /home/airflow/.local/lib/python3.7/site-packages/airflow/example_dags/example_external_task_marker_dag.py took 0.087 seconds
[2023-06-05T20:18:58.149+0000] {processor.py:157} INFO - Started process (PID=1013) to work on /home/airflow/.local/lib/python3.7/site-packages/airflow/example_dags/example_external_task_marker_dag.py
[2023-06-05T20:18:58.150+0000] {processor.py:826} INFO - Processing file /home/airflow/.local/lib/python3.7/site-packages/airflow/example_dags/example_external_task_marker_dag.py for tasks to queue
[2023-06-05T20:18:58.150+0000] {logging_mixin.py:149} INFO - [2023-06-05T20:18:58.150+0000] {dagbag.py:541} INFO - Filling up the DagBag from /home/airflow/.local/lib/python3.7/site-packages/airflow/example_dags/example_external_task_marker_dag.py
[2023-06-05T20:18:58.156+0000] {processor.py:836} INFO - DAG(s) dict_keys(['example_external_task_marker_parent', 'example_external_task_marker_child']) retrieved from /home/airflow/.local/lib/python3.7/site-packages/airflow/example_dags/example_external_task_marker_dag.py
[2023-06-05T20:18:58.203+0000] {logging_mixin.py:149} INFO - [2023-06-05T20:18:58.202+0000] {dag.py:2726} INFO - Sync 2 DAGs
[2023-06-05T20:18:58.236+0000] {logging_mixin.py:149} INFO - [2023-06-05T20:18:58.236+0000] {dag.py:3490} INFO - Setting next_dagrun for example_external_task_marker_child to None, run_after=None
[2023-06-05T20:18:58.241+0000] {logging_mixin.py:149} INFO - [2023-06-05T20:18:58.240+0000] {dag.py:3490} INFO - Setting next_dagrun for example_external_task_marker_parent to None, run_after=None
[2023-06-05T20:18:58.264+0000] {processor.py:179} INFO - Processing /home/airflow/.local/lib/python3.7/site-packages/airflow/example_dags/example_external_task_marker_dag.py took 0.118 seconds
[2023-06-05T20:19:28.542+0000] {processor.py:157} INFO - Started process (PID=1081) to work on /home/airflow/.local/lib/python3.7/site-packages/airflow/example_dags/example_external_task_marker_dag.py
[2023-06-05T20:19:28.543+0000] {processor.py:826} INFO - Processing file /home/airflow/.local/lib/python3.7/site-packages/airflow/example_dags/example_external_task_marker_dag.py for tasks to queue
[2023-06-05T20:19:28.544+0000] {logging_mixin.py:149} INFO - [2023-06-05T20:19:28.544+0000] {dagbag.py:541} INFO - Filling up the DagBag from /home/airflow/.local/lib/python3.7/site-packages/airflow/example_dags/example_external_task_marker_dag.py
[2023-06-05T20:19:28.548+0000] {processor.py:836} INFO - DAG(s) dict_keys(['example_external_task_marker_child', 'example_external_task_marker_parent']) retrieved from /home/airflow/.local/lib/python3.7/site-packages/airflow/example_dags/example_external_task_marker_dag.py
[2023-06-05T20:19:28.575+0000] {logging_mixin.py:149} INFO - [2023-06-05T20:19:28.575+0000] {dag.py:2726} INFO - Sync 2 DAGs
[2023-06-05T20:19:28.601+0000] {logging_mixin.py:149} INFO - [2023-06-05T20:19:28.601+0000] {dag.py:3490} INFO - Setting next_dagrun for example_external_task_marker_child to None, run_after=None
[2023-06-05T20:19:28.604+0000] {logging_mixin.py:149} INFO - [2023-06-05T20:19:28.604+0000] {dag.py:3490} INFO - Setting next_dagrun for example_external_task_marker_parent to None, run_after=None
[2023-06-05T20:19:28.625+0000] {processor.py:179} INFO - Processing /home/airflow/.local/lib/python3.7/site-packages/airflow/example_dags/example_external_task_marker_dag.py took 0.086 seconds
[2023-06-05T20:19:58.909+0000] {processor.py:157} INFO - Started process (PID=1149) to work on /home/airflow/.local/lib/python3.7/site-packages/airflow/example_dags/example_external_task_marker_dag.py
[2023-06-05T20:19:58.909+0000] {processor.py:826} INFO - Processing file /home/airflow/.local/lib/python3.7/site-packages/airflow/example_dags/example_external_task_marker_dag.py for tasks to queue
[2023-06-05T20:19:58.910+0000] {logging_mixin.py:149} INFO - [2023-06-05T20:19:58.910+0000] {dagbag.py:541} INFO - Filling up the DagBag from /home/airflow/.local/lib/python3.7/site-packages/airflow/example_dags/example_external_task_marker_dag.py
[2023-06-05T20:19:58.917+0000] {processor.py:836} INFO - DAG(s) dict_keys(['example_external_task_marker_child', 'example_external_task_marker_parent']) retrieved from /home/airflow/.local/lib/python3.7/site-packages/airflow/example_dags/example_external_task_marker_dag.py
[2023-06-05T20:19:58.959+0000] {logging_mixin.py:149} INFO - [2023-06-05T20:19:58.958+0000] {dag.py:2726} INFO - Sync 2 DAGs
[2023-06-05T20:19:58.982+0000] {logging_mixin.py:149} INFO - [2023-06-05T20:19:58.982+0000] {dag.py:3490} INFO - Setting next_dagrun for example_external_task_marker_child to None, run_after=None
[2023-06-05T20:19:58.985+0000] {logging_mixin.py:149} INFO - [2023-06-05T20:19:58.985+0000] {dag.py:3490} INFO - Setting next_dagrun for example_external_task_marker_parent to None, run_after=None
[2023-06-05T20:19:59.024+0000] {processor.py:179} INFO - Processing /home/airflow/.local/lib/python3.7/site-packages/airflow/example_dags/example_external_task_marker_dag.py took 0.119 seconds
[2023-06-05T20:20:29.344+0000] {processor.py:157} INFO - Started process (PID=1217) to work on /home/airflow/.local/lib/python3.7/site-packages/airflow/example_dags/example_external_task_marker_dag.py
[2023-06-05T20:20:29.345+0000] {processor.py:826} INFO - Processing file /home/airflow/.local/lib/python3.7/site-packages/airflow/example_dags/example_external_task_marker_dag.py for tasks to queue
[2023-06-05T20:20:29.346+0000] {logging_mixin.py:149} INFO - [2023-06-05T20:20:29.345+0000] {dagbag.py:541} INFO - Filling up the DagBag from /home/airflow/.local/lib/python3.7/site-packages/airflow/example_dags/example_external_task_marker_dag.py
[2023-06-05T20:20:29.351+0000] {processor.py:836} INFO - DAG(s) dict_keys(['example_external_task_marker_parent', 'example_external_task_marker_child']) retrieved from /home/airflow/.local/lib/python3.7/site-packages/airflow/example_dags/example_external_task_marker_dag.py
[2023-06-05T20:20:29.373+0000] {logging_mixin.py:149} INFO - [2023-06-05T20:20:29.373+0000] {dag.py:2726} INFO - Sync 2 DAGs
[2023-06-05T20:20:29.394+0000] {logging_mixin.py:149} INFO - [2023-06-05T20:20:29.394+0000] {dag.py:3490} INFO - Setting next_dagrun for example_external_task_marker_child to None, run_after=None
[2023-06-05T20:20:29.403+0000] {logging_mixin.py:149} INFO - [2023-06-05T20:20:29.403+0000] {dag.py:3490} INFO - Setting next_dagrun for example_external_task_marker_parent to None, run_after=None
[2023-06-05T20:20:29.427+0000] {processor.py:179} INFO - Processing /home/airflow/.local/lib/python3.7/site-packages/airflow/example_dags/example_external_task_marker_dag.py took 0.085 seconds
[2023-06-05T20:20:59.906+0000] {processor.py:157} INFO - Started process (PID=1285) to work on /home/airflow/.local/lib/python3.7/site-packages/airflow/example_dags/example_external_task_marker_dag.py
[2023-06-05T20:20:59.906+0000] {processor.py:826} INFO - Processing file /home/airflow/.local/lib/python3.7/site-packages/airflow/example_dags/example_external_task_marker_dag.py for tasks to queue
[2023-06-05T20:20:59.907+0000] {logging_mixin.py:149} INFO - [2023-06-05T20:20:59.907+0000] {dagbag.py:541} INFO - Filling up the DagBag from /home/airflow/.local/lib/python3.7/site-packages/airflow/example_dags/example_external_task_marker_dag.py
[2023-06-05T20:20:59.913+0000] {processor.py:836} INFO - DAG(s) dict_keys(['example_external_task_marker_parent', 'example_external_task_marker_child']) retrieved from /home/airflow/.local/lib/python3.7/site-packages/airflow/example_dags/example_external_task_marker_dag.py
[2023-06-05T20:20:59.939+0000] {logging_mixin.py:149} INFO - [2023-06-05T20:20:59.939+0000] {dag.py:2726} INFO - Sync 2 DAGs
[2023-06-05T20:20:59.964+0000] {logging_mixin.py:149} INFO - [2023-06-05T20:20:59.964+0000] {dag.py:3490} INFO - Setting next_dagrun for example_external_task_marker_child to None, run_after=None
[2023-06-05T20:20:59.968+0000] {logging_mixin.py:149} INFO - [2023-06-05T20:20:59.968+0000] {dag.py:3490} INFO - Setting next_dagrun for example_external_task_marker_parent to None, run_after=None
[2023-06-05T20:20:59.985+0000] {processor.py:179} INFO - Processing /home/airflow/.local/lib/python3.7/site-packages/airflow/example_dags/example_external_task_marker_dag.py took 0.083 seconds
[2023-06-05T20:21:30.456+0000] {processor.py:157} INFO - Started process (PID=1353) to work on /home/airflow/.local/lib/python3.7/site-packages/airflow/example_dags/example_external_task_marker_dag.py
[2023-06-05T20:21:30.457+0000] {processor.py:826} INFO - Processing file /home/airflow/.local/lib/python3.7/site-packages/airflow/example_dags/example_external_task_marker_dag.py for tasks to queue
[2023-06-05T20:21:30.457+0000] {logging_mixin.py:149} INFO - [2023-06-05T20:21:30.457+0000] {dagbag.py:541} INFO - Filling up the DagBag from /home/airflow/.local/lib/python3.7/site-packages/airflow/example_dags/example_external_task_marker_dag.py
[2023-06-05T20:21:30.462+0000] {processor.py:836} INFO - DAG(s) dict_keys(['example_external_task_marker_child', 'example_external_task_marker_parent']) retrieved from /home/airflow/.local/lib/python3.7/site-packages/airflow/example_dags/example_external_task_marker_dag.py
[2023-06-05T20:21:30.487+0000] {logging_mixin.py:149} INFO - [2023-06-05T20:21:30.487+0000] {dag.py:2726} INFO - Sync 2 DAGs
[2023-06-05T20:21:30.521+0000] {logging_mixin.py:149} INFO - [2023-06-05T20:21:30.521+0000] {dag.py:3490} INFO - Setting next_dagrun for example_external_task_marker_child to None, run_after=None
[2023-06-05T20:21:30.524+0000] {logging_mixin.py:149} INFO - [2023-06-05T20:21:30.524+0000] {dag.py:3490} INFO - Setting next_dagrun for example_external_task_marker_parent to None, run_after=None
[2023-06-05T20:21:30.541+0000] {processor.py:179} INFO - Processing /home/airflow/.local/lib/python3.7/site-packages/airflow/example_dags/example_external_task_marker_dag.py took 0.088 seconds
[2023-06-05T20:22:01.086+0000] {processor.py:157} INFO - Started process (PID=1421) to work on /home/airflow/.local/lib/python3.7/site-packages/airflow/example_dags/example_external_task_marker_dag.py
[2023-06-05T20:22:01.087+0000] {processor.py:826} INFO - Processing file /home/airflow/.local/lib/python3.7/site-packages/airflow/example_dags/example_external_task_marker_dag.py for tasks to queue
[2023-06-05T20:22:01.087+0000] {logging_mixin.py:149} INFO - [2023-06-05T20:22:01.087+0000] {dagbag.py:541} INFO - Filling up the DagBag from /home/airflow/.local/lib/python3.7/site-packages/airflow/example_dags/example_external_task_marker_dag.py
[2023-06-05T20:22:01.092+0000] {processor.py:836} INFO - DAG(s) dict_keys(['example_external_task_marker_child', 'example_external_task_marker_parent']) retrieved from /home/airflow/.local/lib/python3.7/site-packages/airflow/example_dags/example_external_task_marker_dag.py
[2023-06-05T20:22:01.129+0000] {logging_mixin.py:149} INFO - [2023-06-05T20:22:01.129+0000] {dag.py:2726} INFO - Sync 2 DAGs
[2023-06-05T20:22:01.154+0000] {logging_mixin.py:149} INFO - [2023-06-05T20:22:01.154+0000] {dag.py:3490} INFO - Setting next_dagrun for example_external_task_marker_child to None, run_after=None
[2023-06-05T20:22:01.157+0000] {logging_mixin.py:149} INFO - [2023-06-05T20:22:01.157+0000] {dag.py:3490} INFO - Setting next_dagrun for example_external_task_marker_parent to None, run_after=None
[2023-06-05T20:22:01.177+0000] {processor.py:179} INFO - Processing /home/airflow/.local/lib/python3.7/site-packages/airflow/example_dags/example_external_task_marker_dag.py took 0.093 seconds
