[2023-06-05T20:11:52.832+0000] {processor.py:157} INFO - Started process (PID=66) to work on /home/airflow/.local/lib/python3.7/site-packages/airflow/example_dags/example_nested_branch_dag.py
[2023-06-05T20:11:52.833+0000] {processor.py:826} INFO - Processing file /home/airflow/.local/lib/python3.7/site-packages/airflow/example_dags/example_nested_branch_dag.py for tasks to queue
[2023-06-05T20:11:52.834+0000] {logging_mixin.py:149} INFO - [2023-06-05T20:11:52.833+0000] {dagbag.py:541} INFO - Filling up the DagBag from /home/airflow/.local/lib/python3.7/site-packages/airflow/example_dags/example_nested_branch_dag.py
[2023-06-05T20:11:52.844+0000] {processor.py:836} INFO - DAG(s) dict_keys(['example_nested_branch_dag']) retrieved from /home/airflow/.local/lib/python3.7/site-packages/airflow/example_dags/example_nested_branch_dag.py
[2023-06-05T20:11:52.856+0000] {logging_mixin.py:149} INFO - [2023-06-05T20:11:52.856+0000] {dag.py:2726} INFO - Sync 1 DAGs
[2023-06-05T20:11:52.880+0000] {logging_mixin.py:149} INFO - [2023-06-05T20:11:52.880+0000] {dag.py:3490} INFO - Setting next_dagrun for example_nested_branch_dag to 2023-06-04T00:00:00+00:00, run_after=2023-06-05T00:00:00+00:00
[2023-06-05T20:11:52.898+0000] {processor.py:179} INFO - Processing /home/airflow/.local/lib/python3.7/site-packages/airflow/example_dags/example_nested_branch_dag.py took 0.069 seconds
[2023-06-05T20:12:23.999+0000] {processor.py:157} INFO - Started process (PID=134) to work on /home/airflow/.local/lib/python3.7/site-packages/airflow/example_dags/example_nested_branch_dag.py
[2023-06-05T20:12:24.001+0000] {processor.py:826} INFO - Processing file /home/airflow/.local/lib/python3.7/site-packages/airflow/example_dags/example_nested_branch_dag.py for tasks to queue
[2023-06-05T20:12:24.001+0000] {logging_mixin.py:149} INFO - [2023-06-05T20:12:24.001+0000] {dagbag.py:541} INFO - Filling up the DagBag from /home/airflow/.local/lib/python3.7/site-packages/airflow/example_dags/example_nested_branch_dag.py
[2023-06-05T20:12:24.013+0000] {processor.py:836} INFO - DAG(s) dict_keys(['example_nested_branch_dag']) retrieved from /home/airflow/.local/lib/python3.7/site-packages/airflow/example_dags/example_nested_branch_dag.py
[2023-06-05T20:12:24.052+0000] {logging_mixin.py:149} INFO - [2023-06-05T20:12:24.052+0000] {dag.py:2726} INFO - Sync 1 DAGs
[2023-06-05T20:12:24.082+0000] {logging_mixin.py:149} INFO - [2023-06-05T20:12:24.082+0000] {dag.py:3490} INFO - Setting next_dagrun for example_nested_branch_dag to 2023-06-04T00:00:00+00:00, run_after=2023-06-05T00:00:00+00:00
[2023-06-05T20:12:24.126+0000] {processor.py:179} INFO - Processing /home/airflow/.local/lib/python3.7/site-packages/airflow/example_dags/example_nested_branch_dag.py took 0.130 seconds
[2023-06-05T20:12:55.161+0000] {processor.py:157} INFO - Started process (PID=202) to work on /home/airflow/.local/lib/python3.7/site-packages/airflow/example_dags/example_nested_branch_dag.py
[2023-06-05T20:12:55.161+0000] {processor.py:826} INFO - Processing file /home/airflow/.local/lib/python3.7/site-packages/airflow/example_dags/example_nested_branch_dag.py for tasks to queue
[2023-06-05T20:12:55.162+0000] {logging_mixin.py:149} INFO - [2023-06-05T20:12:55.162+0000] {dagbag.py:541} INFO - Filling up the DagBag from /home/airflow/.local/lib/python3.7/site-packages/airflow/example_dags/example_nested_branch_dag.py
[2023-06-05T20:12:55.170+0000] {processor.py:836} INFO - DAG(s) dict_keys(['example_nested_branch_dag']) retrieved from /home/airflow/.local/lib/python3.7/site-packages/airflow/example_dags/example_nested_branch_dag.py
[2023-06-05T20:12:55.194+0000] {logging_mixin.py:149} INFO - [2023-06-05T20:12:55.194+0000] {dag.py:2726} INFO - Sync 1 DAGs
[2023-06-05T20:12:55.232+0000] {logging_mixin.py:149} INFO - [2023-06-05T20:12:55.231+0000] {dag.py:3490} INFO - Setting next_dagrun for example_nested_branch_dag to 2023-06-04T00:00:00+00:00, run_after=2023-06-05T00:00:00+00:00
[2023-06-05T20:12:55.249+0000] {processor.py:179} INFO - Processing /home/airflow/.local/lib/python3.7/site-packages/airflow/example_dags/example_nested_branch_dag.py took 0.091 seconds
[2023-06-05T20:13:25.614+0000] {processor.py:157} INFO - Started process (PID=270) to work on /home/airflow/.local/lib/python3.7/site-packages/airflow/example_dags/example_nested_branch_dag.py
[2023-06-05T20:13:25.615+0000] {processor.py:826} INFO - Processing file /home/airflow/.local/lib/python3.7/site-packages/airflow/example_dags/example_nested_branch_dag.py for tasks to queue
[2023-06-05T20:13:25.616+0000] {logging_mixin.py:149} INFO - [2023-06-05T20:13:25.616+0000] {dagbag.py:541} INFO - Filling up the DagBag from /home/airflow/.local/lib/python3.7/site-packages/airflow/example_dags/example_nested_branch_dag.py
[2023-06-05T20:13:25.627+0000] {processor.py:836} INFO - DAG(s) dict_keys(['example_nested_branch_dag']) retrieved from /home/airflow/.local/lib/python3.7/site-packages/airflow/example_dags/example_nested_branch_dag.py
[2023-06-05T20:13:25.649+0000] {logging_mixin.py:149} INFO - [2023-06-05T20:13:25.649+0000] {dag.py:2726} INFO - Sync 1 DAGs
[2023-06-05T20:13:25.673+0000] {logging_mixin.py:149} INFO - [2023-06-05T20:13:25.673+0000] {dag.py:3490} INFO - Setting next_dagrun for example_nested_branch_dag to 2023-06-04T00:00:00+00:00, run_after=2023-06-05T00:00:00+00:00
[2023-06-05T20:13:25.690+0000] {processor.py:179} INFO - Processing /home/airflow/.local/lib/python3.7/site-packages/airflow/example_dags/example_nested_branch_dag.py took 0.079 seconds
[2023-06-05T20:13:56.362+0000] {processor.py:157} INFO - Started process (PID=338) to work on /home/airflow/.local/lib/python3.7/site-packages/airflow/example_dags/example_nested_branch_dag.py
[2023-06-05T20:13:56.362+0000] {processor.py:826} INFO - Processing file /home/airflow/.local/lib/python3.7/site-packages/airflow/example_dags/example_nested_branch_dag.py for tasks to queue
[2023-06-05T20:13:56.363+0000] {logging_mixin.py:149} INFO - [2023-06-05T20:13:56.363+0000] {dagbag.py:541} INFO - Filling up the DagBag from /home/airflow/.local/lib/python3.7/site-packages/airflow/example_dags/example_nested_branch_dag.py
[2023-06-05T20:13:56.371+0000] {processor.py:836} INFO - DAG(s) dict_keys(['example_nested_branch_dag']) retrieved from /home/airflow/.local/lib/python3.7/site-packages/airflow/example_dags/example_nested_branch_dag.py
[2023-06-05T20:13:56.392+0000] {logging_mixin.py:149} INFO - [2023-06-05T20:13:56.392+0000] {dag.py:2726} INFO - Sync 1 DAGs
[2023-06-05T20:13:56.430+0000] {logging_mixin.py:149} INFO - [2023-06-05T20:13:56.429+0000] {dag.py:3490} INFO - Setting next_dagrun for example_nested_branch_dag to 2023-06-04T00:00:00+00:00, run_after=2023-06-05T00:00:00+00:00
[2023-06-05T20:13:56.459+0000] {processor.py:179} INFO - Processing /home/airflow/.local/lib/python3.7/site-packages/airflow/example_dags/example_nested_branch_dag.py took 0.100 seconds
[2023-06-05T20:14:26.763+0000] {processor.py:157} INFO - Started process (PID=406) to work on /home/airflow/.local/lib/python3.7/site-packages/airflow/example_dags/example_nested_branch_dag.py
[2023-06-05T20:14:26.765+0000] {processor.py:826} INFO - Processing file /home/airflow/.local/lib/python3.7/site-packages/airflow/example_dags/example_nested_branch_dag.py for tasks to queue
[2023-06-05T20:14:26.765+0000] {logging_mixin.py:149} INFO - [2023-06-05T20:14:26.765+0000] {dagbag.py:541} INFO - Filling up the DagBag from /home/airflow/.local/lib/python3.7/site-packages/airflow/example_dags/example_nested_branch_dag.py
[2023-06-05T20:14:26.776+0000] {processor.py:836} INFO - DAG(s) dict_keys(['example_nested_branch_dag']) retrieved from /home/airflow/.local/lib/python3.7/site-packages/airflow/example_dags/example_nested_branch_dag.py
[2023-06-05T20:14:26.805+0000] {logging_mixin.py:149} INFO - [2023-06-05T20:14:26.805+0000] {dag.py:2726} INFO - Sync 1 DAGs
[2023-06-05T20:14:26.851+0000] {logging_mixin.py:149} INFO - [2023-06-05T20:14:26.850+0000] {dag.py:3490} INFO - Setting next_dagrun for example_nested_branch_dag to 2023-06-04T00:00:00+00:00, run_after=2023-06-05T00:00:00+00:00
[2023-06-05T20:14:26.870+0000] {processor.py:179} INFO - Processing /home/airflow/.local/lib/python3.7/site-packages/airflow/example_dags/example_nested_branch_dag.py took 0.109 seconds
[2023-06-05T20:14:57.973+0000] {processor.py:157} INFO - Started process (PID=474) to work on /home/airflow/.local/lib/python3.7/site-packages/airflow/example_dags/example_nested_branch_dag.py
[2023-06-05T20:14:57.973+0000] {processor.py:826} INFO - Processing file /home/airflow/.local/lib/python3.7/site-packages/airflow/example_dags/example_nested_branch_dag.py for tasks to queue
[2023-06-05T20:14:57.974+0000] {logging_mixin.py:149} INFO - [2023-06-05T20:14:57.974+0000] {dagbag.py:541} INFO - Filling up the DagBag from /home/airflow/.local/lib/python3.7/site-packages/airflow/example_dags/example_nested_branch_dag.py
[2023-06-05T20:14:57.982+0000] {processor.py:836} INFO - DAG(s) dict_keys(['example_nested_branch_dag']) retrieved from /home/airflow/.local/lib/python3.7/site-packages/airflow/example_dags/example_nested_branch_dag.py
[2023-06-05T20:14:58.012+0000] {logging_mixin.py:149} INFO - [2023-06-05T20:14:58.011+0000] {dag.py:2726} INFO - Sync 1 DAGs
[2023-06-05T20:14:58.050+0000] {logging_mixin.py:149} INFO - [2023-06-05T20:14:58.050+0000] {dag.py:3490} INFO - Setting next_dagrun for example_nested_branch_dag to 2023-06-04T00:00:00+00:00, run_after=2023-06-05T00:00:00+00:00
[2023-06-05T20:14:58.072+0000] {processor.py:179} INFO - Processing /home/airflow/.local/lib/python3.7/site-packages/airflow/example_dags/example_nested_branch_dag.py took 0.102 seconds
[2023-06-05T20:15:29.155+0000] {processor.py:157} INFO - Started process (PID=542) to work on /home/airflow/.local/lib/python3.7/site-packages/airflow/example_dags/example_nested_branch_dag.py
[2023-06-05T20:15:29.156+0000] {processor.py:826} INFO - Processing file /home/airflow/.local/lib/python3.7/site-packages/airflow/example_dags/example_nested_branch_dag.py for tasks to queue
[2023-06-05T20:15:29.157+0000] {logging_mixin.py:149} INFO - [2023-06-05T20:15:29.157+0000] {dagbag.py:541} INFO - Filling up the DagBag from /home/airflow/.local/lib/python3.7/site-packages/airflow/example_dags/example_nested_branch_dag.py
[2023-06-05T20:15:29.165+0000] {processor.py:836} INFO - DAG(s) dict_keys(['example_nested_branch_dag']) retrieved from /home/airflow/.local/lib/python3.7/site-packages/airflow/example_dags/example_nested_branch_dag.py
[2023-06-05T20:15:29.203+0000] {logging_mixin.py:149} INFO - [2023-06-05T20:15:29.203+0000] {dag.py:2726} INFO - Sync 1 DAGs
[2023-06-05T20:15:29.247+0000] {logging_mixin.py:149} INFO - [2023-06-05T20:15:29.246+0000] {dag.py:3490} INFO - Setting next_dagrun for example_nested_branch_dag to 2023-06-04T00:00:00+00:00, run_after=2023-06-05T00:00:00+00:00
[2023-06-05T20:15:29.278+0000] {processor.py:179} INFO - Processing /home/airflow/.local/lib/python3.7/site-packages/airflow/example_dags/example_nested_branch_dag.py took 0.126 seconds
[2023-06-05T20:16:00.438+0000] {processor.py:157} INFO - Started process (PID=610) to work on /home/airflow/.local/lib/python3.7/site-packages/airflow/example_dags/example_nested_branch_dag.py
[2023-06-05T20:16:00.440+0000] {processor.py:826} INFO - Processing file /home/airflow/.local/lib/python3.7/site-packages/airflow/example_dags/example_nested_branch_dag.py for tasks to queue
[2023-06-05T20:16:00.441+0000] {logging_mixin.py:149} INFO - [2023-06-05T20:16:00.441+0000] {dagbag.py:541} INFO - Filling up the DagBag from /home/airflow/.local/lib/python3.7/site-packages/airflow/example_dags/example_nested_branch_dag.py
[2023-06-05T20:16:00.454+0000] {processor.py:836} INFO - DAG(s) dict_keys(['example_nested_branch_dag']) retrieved from /home/airflow/.local/lib/python3.7/site-packages/airflow/example_dags/example_nested_branch_dag.py
[2023-06-05T20:16:00.482+0000] {logging_mixin.py:149} INFO - [2023-06-05T20:16:00.482+0000] {dag.py:2726} INFO - Sync 1 DAGs
[2023-06-05T20:16:00.521+0000] {logging_mixin.py:149} INFO - [2023-06-05T20:16:00.521+0000] {dag.py:3490} INFO - Setting next_dagrun for example_nested_branch_dag to 2023-06-04T00:00:00+00:00, run_after=2023-06-05T00:00:00+00:00
[2023-06-05T20:16:00.570+0000] {processor.py:179} INFO - Processing /home/airflow/.local/lib/python3.7/site-packages/airflow/example_dags/example_nested_branch_dag.py took 0.136 seconds
[2023-06-05T20:16:30.898+0000] {processor.py:157} INFO - Started process (PID=678) to work on /home/airflow/.local/lib/python3.7/site-packages/airflow/example_dags/example_nested_branch_dag.py
[2023-06-05T20:16:30.898+0000] {processor.py:826} INFO - Processing file /home/airflow/.local/lib/python3.7/site-packages/airflow/example_dags/example_nested_branch_dag.py for tasks to queue
[2023-06-05T20:16:30.899+0000] {logging_mixin.py:149} INFO - [2023-06-05T20:16:30.899+0000] {dagbag.py:541} INFO - Filling up the DagBag from /home/airflow/.local/lib/python3.7/site-packages/airflow/example_dags/example_nested_branch_dag.py
[2023-06-05T20:16:30.908+0000] {processor.py:836} INFO - DAG(s) dict_keys(['example_nested_branch_dag']) retrieved from /home/airflow/.local/lib/python3.7/site-packages/airflow/example_dags/example_nested_branch_dag.py
[2023-06-05T20:16:30.934+0000] {logging_mixin.py:149} INFO - [2023-06-05T20:16:30.934+0000] {dag.py:2726} INFO - Sync 1 DAGs
[2023-06-05T20:16:30.960+0000] {logging_mixin.py:149} INFO - [2023-06-05T20:16:30.960+0000] {dag.py:3490} INFO - Setting next_dagrun for example_nested_branch_dag to 2023-06-04T00:00:00+00:00, run_after=2023-06-05T00:00:00+00:00
[2023-06-05T20:16:30.978+0000] {processor.py:179} INFO - Processing /home/airflow/.local/lib/python3.7/site-packages/airflow/example_dags/example_nested_branch_dag.py took 0.083 seconds
[2023-06-05T20:17:01.225+0000] {processor.py:157} INFO - Started process (PID=746) to work on /home/airflow/.local/lib/python3.7/site-packages/airflow/example_dags/example_nested_branch_dag.py
[2023-06-05T20:17:01.226+0000] {processor.py:826} INFO - Processing file /home/airflow/.local/lib/python3.7/site-packages/airflow/example_dags/example_nested_branch_dag.py for tasks to queue
[2023-06-05T20:17:01.227+0000] {logging_mixin.py:149} INFO - [2023-06-05T20:17:01.227+0000] {dagbag.py:541} INFO - Filling up the DagBag from /home/airflow/.local/lib/python3.7/site-packages/airflow/example_dags/example_nested_branch_dag.py
[2023-06-05T20:17:01.235+0000] {processor.py:836} INFO - DAG(s) dict_keys(['example_nested_branch_dag']) retrieved from /home/airflow/.local/lib/python3.7/site-packages/airflow/example_dags/example_nested_branch_dag.py
[2023-06-05T20:17:01.258+0000] {logging_mixin.py:149} INFO - [2023-06-05T20:17:01.258+0000] {dag.py:2726} INFO - Sync 1 DAGs
[2023-06-05T20:17:01.281+0000] {logging_mixin.py:149} INFO - [2023-06-05T20:17:01.281+0000] {dag.py:3490} INFO - Setting next_dagrun for example_nested_branch_dag to 2023-06-04T00:00:00+00:00, run_after=2023-06-05T00:00:00+00:00
[2023-06-05T20:17:01.311+0000] {processor.py:179} INFO - Processing /home/airflow/.local/lib/python3.7/site-packages/airflow/example_dags/example_nested_branch_dag.py took 0.088 seconds
[2023-06-05T20:17:32.382+0000] {processor.py:157} INFO - Started process (PID=814) to work on /home/airflow/.local/lib/python3.7/site-packages/airflow/example_dags/example_nested_branch_dag.py
[2023-06-05T20:17:32.383+0000] {processor.py:826} INFO - Processing file /home/airflow/.local/lib/python3.7/site-packages/airflow/example_dags/example_nested_branch_dag.py for tasks to queue
[2023-06-05T20:17:32.383+0000] {logging_mixin.py:149} INFO - [2023-06-05T20:17:32.383+0000] {dagbag.py:541} INFO - Filling up the DagBag from /home/airflow/.local/lib/python3.7/site-packages/airflow/example_dags/example_nested_branch_dag.py
[2023-06-05T20:17:32.391+0000] {processor.py:836} INFO - DAG(s) dict_keys(['example_nested_branch_dag']) retrieved from /home/airflow/.local/lib/python3.7/site-packages/airflow/example_dags/example_nested_branch_dag.py
[2023-06-05T20:17:32.423+0000] {logging_mixin.py:149} INFO - [2023-06-05T20:17:32.422+0000] {dag.py:2726} INFO - Sync 1 DAGs
[2023-06-05T20:17:32.459+0000] {logging_mixin.py:149} INFO - [2023-06-05T20:17:32.459+0000] {dag.py:3490} INFO - Setting next_dagrun for example_nested_branch_dag to 2023-06-04T00:00:00+00:00, run_after=2023-06-05T00:00:00+00:00
[2023-06-05T20:17:32.476+0000] {processor.py:179} INFO - Processing /home/airflow/.local/lib/python3.7/site-packages/airflow/example_dags/example_nested_branch_dag.py took 0.096 seconds
[2023-06-05T20:18:02.785+0000] {processor.py:157} INFO - Started process (PID=882) to work on /home/airflow/.local/lib/python3.7/site-packages/airflow/example_dags/example_nested_branch_dag.py
[2023-06-05T20:18:02.786+0000] {processor.py:826} INFO - Processing file /home/airflow/.local/lib/python3.7/site-packages/airflow/example_dags/example_nested_branch_dag.py for tasks to queue
[2023-06-05T20:18:02.787+0000] {logging_mixin.py:149} INFO - [2023-06-05T20:18:02.787+0000] {dagbag.py:541} INFO - Filling up the DagBag from /home/airflow/.local/lib/python3.7/site-packages/airflow/example_dags/example_nested_branch_dag.py
[2023-06-05T20:18:02.794+0000] {processor.py:836} INFO - DAG(s) dict_keys(['example_nested_branch_dag']) retrieved from /home/airflow/.local/lib/python3.7/site-packages/airflow/example_dags/example_nested_branch_dag.py
[2023-06-05T20:18:02.827+0000] {logging_mixin.py:149} INFO - [2023-06-05T20:18:02.826+0000] {dag.py:2726} INFO - Sync 1 DAGs
[2023-06-05T20:18:02.850+0000] {logging_mixin.py:149} INFO - [2023-06-05T20:18:02.850+0000] {dag.py:3490} INFO - Setting next_dagrun for example_nested_branch_dag to 2023-06-04T00:00:00+00:00, run_after=2023-06-05T00:00:00+00:00
[2023-06-05T20:18:02.867+0000] {processor.py:179} INFO - Processing /home/airflow/.local/lib/python3.7/site-packages/airflow/example_dags/example_nested_branch_dag.py took 0.084 seconds
[2023-06-05T20:18:33.185+0000] {processor.py:157} INFO - Started process (PID=950) to work on /home/airflow/.local/lib/python3.7/site-packages/airflow/example_dags/example_nested_branch_dag.py
[2023-06-05T20:18:33.185+0000] {processor.py:826} INFO - Processing file /home/airflow/.local/lib/python3.7/site-packages/airflow/example_dags/example_nested_branch_dag.py for tasks to queue
[2023-06-05T20:18:33.186+0000] {logging_mixin.py:149} INFO - [2023-06-05T20:18:33.186+0000] {dagbag.py:541} INFO - Filling up the DagBag from /home/airflow/.local/lib/python3.7/site-packages/airflow/example_dags/example_nested_branch_dag.py
[2023-06-05T20:18:33.193+0000] {processor.py:836} INFO - DAG(s) dict_keys(['example_nested_branch_dag']) retrieved from /home/airflow/.local/lib/python3.7/site-packages/airflow/example_dags/example_nested_branch_dag.py
[2023-06-05T20:18:33.227+0000] {logging_mixin.py:149} INFO - [2023-06-05T20:18:33.227+0000] {dag.py:2726} INFO - Sync 1 DAGs
[2023-06-05T20:18:33.253+0000] {logging_mixin.py:149} INFO - [2023-06-05T20:18:33.253+0000] {dag.py:3490} INFO - Setting next_dagrun for example_nested_branch_dag to 2023-06-04T00:00:00+00:00, run_after=2023-06-05T00:00:00+00:00
[2023-06-05T20:18:33.270+0000] {processor.py:179} INFO - Processing /home/airflow/.local/lib/python3.7/site-packages/airflow/example_dags/example_nested_branch_dag.py took 0.087 seconds
[2023-06-05T20:19:03.663+0000] {processor.py:157} INFO - Started process (PID=1018) to work on /home/airflow/.local/lib/python3.7/site-packages/airflow/example_dags/example_nested_branch_dag.py
[2023-06-05T20:19:03.664+0000] {processor.py:826} INFO - Processing file /home/airflow/.local/lib/python3.7/site-packages/airflow/example_dags/example_nested_branch_dag.py for tasks to queue
[2023-06-05T20:19:03.664+0000] {logging_mixin.py:149} INFO - [2023-06-05T20:19:03.664+0000] {dagbag.py:541} INFO - Filling up the DagBag from /home/airflow/.local/lib/python3.7/site-packages/airflow/example_dags/example_nested_branch_dag.py
[2023-06-05T20:19:03.672+0000] {processor.py:836} INFO - DAG(s) dict_keys(['example_nested_branch_dag']) retrieved from /home/airflow/.local/lib/python3.7/site-packages/airflow/example_dags/example_nested_branch_dag.py
[2023-06-05T20:19:03.693+0000] {logging_mixin.py:149} INFO - [2023-06-05T20:19:03.693+0000] {dag.py:2726} INFO - Sync 1 DAGs
[2023-06-05T20:19:03.717+0000] {logging_mixin.py:149} INFO - [2023-06-05T20:19:03.717+0000] {dag.py:3490} INFO - Setting next_dagrun for example_nested_branch_dag to 2023-06-04T00:00:00+00:00, run_after=2023-06-05T00:00:00+00:00
[2023-06-05T20:19:03.734+0000] {processor.py:179} INFO - Processing /home/airflow/.local/lib/python3.7/site-packages/airflow/example_dags/example_nested_branch_dag.py took 0.074 seconds
[2023-06-05T20:19:34.036+0000] {processor.py:157} INFO - Started process (PID=1086) to work on /home/airflow/.local/lib/python3.7/site-packages/airflow/example_dags/example_nested_branch_dag.py
[2023-06-05T20:19:34.036+0000] {processor.py:826} INFO - Processing file /home/airflow/.local/lib/python3.7/site-packages/airflow/example_dags/example_nested_branch_dag.py for tasks to queue
[2023-06-05T20:19:34.037+0000] {logging_mixin.py:149} INFO - [2023-06-05T20:19:34.036+0000] {dagbag.py:541} INFO - Filling up the DagBag from /home/airflow/.local/lib/python3.7/site-packages/airflow/example_dags/example_nested_branch_dag.py
[2023-06-05T20:19:34.044+0000] {processor.py:836} INFO - DAG(s) dict_keys(['example_nested_branch_dag']) retrieved from /home/airflow/.local/lib/python3.7/site-packages/airflow/example_dags/example_nested_branch_dag.py
[2023-06-05T20:19:34.069+0000] {logging_mixin.py:149} INFO - [2023-06-05T20:19:34.069+0000] {dag.py:2726} INFO - Sync 1 DAGs
[2023-06-05T20:19:34.092+0000] {logging_mixin.py:149} INFO - [2023-06-05T20:19:34.092+0000] {dag.py:3490} INFO - Setting next_dagrun for example_nested_branch_dag to 2023-06-04T00:00:00+00:00, run_after=2023-06-05T00:00:00+00:00
[2023-06-05T20:19:34.108+0000] {processor.py:179} INFO - Processing /home/airflow/.local/lib/python3.7/site-packages/airflow/example_dags/example_nested_branch_dag.py took 0.075 seconds
[2023-06-05T20:20:04.492+0000] {processor.py:157} INFO - Started process (PID=1154) to work on /home/airflow/.local/lib/python3.7/site-packages/airflow/example_dags/example_nested_branch_dag.py
[2023-06-05T20:20:04.494+0000] {processor.py:826} INFO - Processing file /home/airflow/.local/lib/python3.7/site-packages/airflow/example_dags/example_nested_branch_dag.py for tasks to queue
[2023-06-05T20:20:04.494+0000] {logging_mixin.py:149} INFO - [2023-06-05T20:20:04.494+0000] {dagbag.py:541} INFO - Filling up the DagBag from /home/airflow/.local/lib/python3.7/site-packages/airflow/example_dags/example_nested_branch_dag.py
[2023-06-05T20:20:04.511+0000] {processor.py:836} INFO - DAG(s) dict_keys(['example_nested_branch_dag']) retrieved from /home/airflow/.local/lib/python3.7/site-packages/airflow/example_dags/example_nested_branch_dag.py
[2023-06-05T20:20:04.545+0000] {logging_mixin.py:149} INFO - [2023-06-05T20:20:04.545+0000] {dag.py:2726} INFO - Sync 1 DAGs
[2023-06-05T20:20:04.572+0000] {logging_mixin.py:149} INFO - [2023-06-05T20:20:04.572+0000] {dag.py:3490} INFO - Setting next_dagrun for example_nested_branch_dag to 2023-06-04T00:00:00+00:00, run_after=2023-06-05T00:00:00+00:00
[2023-06-05T20:20:04.588+0000] {processor.py:179} INFO - Processing /home/airflow/.local/lib/python3.7/site-packages/airflow/example_dags/example_nested_branch_dag.py took 0.098 seconds
[2023-06-05T20:20:34.862+0000] {processor.py:157} INFO - Started process (PID=1222) to work on /home/airflow/.local/lib/python3.7/site-packages/airflow/example_dags/example_nested_branch_dag.py
[2023-06-05T20:20:34.863+0000] {processor.py:826} INFO - Processing file /home/airflow/.local/lib/python3.7/site-packages/airflow/example_dags/example_nested_branch_dag.py for tasks to queue
[2023-06-05T20:20:34.863+0000] {logging_mixin.py:149} INFO - [2023-06-05T20:20:34.863+0000] {dagbag.py:541} INFO - Filling up the DagBag from /home/airflow/.local/lib/python3.7/site-packages/airflow/example_dags/example_nested_branch_dag.py
[2023-06-05T20:20:34.872+0000] {processor.py:836} INFO - DAG(s) dict_keys(['example_nested_branch_dag']) retrieved from /home/airflow/.local/lib/python3.7/site-packages/airflow/example_dags/example_nested_branch_dag.py
[2023-06-05T20:20:34.893+0000] {logging_mixin.py:149} INFO - [2023-06-05T20:20:34.893+0000] {dag.py:2726} INFO - Sync 1 DAGs
[2023-06-05T20:20:34.926+0000] {logging_mixin.py:149} INFO - [2023-06-05T20:20:34.926+0000] {dag.py:3490} INFO - Setting next_dagrun for example_nested_branch_dag to 2023-06-04T00:00:00+00:00, run_after=2023-06-05T00:00:00+00:00
[2023-06-05T20:20:34.942+0000] {processor.py:179} INFO - Processing /home/airflow/.local/lib/python3.7/site-packages/airflow/example_dags/example_nested_branch_dag.py took 0.082 seconds
[2023-06-05T20:21:05.407+0000] {processor.py:157} INFO - Started process (PID=1290) to work on /home/airflow/.local/lib/python3.7/site-packages/airflow/example_dags/example_nested_branch_dag.py
[2023-06-05T20:21:05.408+0000] {processor.py:826} INFO - Processing file /home/airflow/.local/lib/python3.7/site-packages/airflow/example_dags/example_nested_branch_dag.py for tasks to queue
[2023-06-05T20:21:05.409+0000] {logging_mixin.py:149} INFO - [2023-06-05T20:21:05.409+0000] {dagbag.py:541} INFO - Filling up the DagBag from /home/airflow/.local/lib/python3.7/site-packages/airflow/example_dags/example_nested_branch_dag.py
[2023-06-05T20:21:05.419+0000] {processor.py:836} INFO - DAG(s) dict_keys(['example_nested_branch_dag']) retrieved from /home/airflow/.local/lib/python3.7/site-packages/airflow/example_dags/example_nested_branch_dag.py
[2023-06-05T20:21:05.442+0000] {logging_mixin.py:149} INFO - [2023-06-05T20:21:05.442+0000] {dag.py:2726} INFO - Sync 1 DAGs
[2023-06-05T20:21:05.467+0000] {logging_mixin.py:149} INFO - [2023-06-05T20:21:05.467+0000] {dag.py:3490} INFO - Setting next_dagrun for example_nested_branch_dag to 2023-06-04T00:00:00+00:00, run_after=2023-06-05T00:00:00+00:00
[2023-06-05T20:21:05.485+0000] {processor.py:179} INFO - Processing /home/airflow/.local/lib/python3.7/site-packages/airflow/example_dags/example_nested_branch_dag.py took 0.081 seconds
[2023-06-05T20:21:35.991+0000] {processor.py:157} INFO - Started process (PID=1358) to work on /home/airflow/.local/lib/python3.7/site-packages/airflow/example_dags/example_nested_branch_dag.py
[2023-06-05T20:21:35.991+0000] {processor.py:826} INFO - Processing file /home/airflow/.local/lib/python3.7/site-packages/airflow/example_dags/example_nested_branch_dag.py for tasks to queue
[2023-06-05T20:21:35.992+0000] {logging_mixin.py:149} INFO - [2023-06-05T20:21:35.992+0000] {dagbag.py:541} INFO - Filling up the DagBag from /home/airflow/.local/lib/python3.7/site-packages/airflow/example_dags/example_nested_branch_dag.py
[2023-06-05T20:21:36.003+0000] {processor.py:836} INFO - DAG(s) dict_keys(['example_nested_branch_dag']) retrieved from /home/airflow/.local/lib/python3.7/site-packages/airflow/example_dags/example_nested_branch_dag.py
[2023-06-05T20:21:36.033+0000] {logging_mixin.py:149} INFO - [2023-06-05T20:21:36.033+0000] {dag.py:2726} INFO - Sync 1 DAGs
[2023-06-05T20:21:36.056+0000] {logging_mixin.py:149} INFO - [2023-06-05T20:21:36.056+0000] {dag.py:3490} INFO - Setting next_dagrun for example_nested_branch_dag to 2023-06-04T00:00:00+00:00, run_after=2023-06-05T00:00:00+00:00
[2023-06-05T20:21:36.073+0000] {processor.py:179} INFO - Processing /home/airflow/.local/lib/python3.7/site-packages/airflow/example_dags/example_nested_branch_dag.py took 0.085 seconds
[2023-06-05T20:22:06.614+0000] {processor.py:157} INFO - Started process (PID=1426) to work on /home/airflow/.local/lib/python3.7/site-packages/airflow/example_dags/example_nested_branch_dag.py
[2023-06-05T20:22:06.615+0000] {processor.py:826} INFO - Processing file /home/airflow/.local/lib/python3.7/site-packages/airflow/example_dags/example_nested_branch_dag.py for tasks to queue
[2023-06-05T20:22:06.616+0000] {logging_mixin.py:149} INFO - [2023-06-05T20:22:06.616+0000] {dagbag.py:541} INFO - Filling up the DagBag from /home/airflow/.local/lib/python3.7/site-packages/airflow/example_dags/example_nested_branch_dag.py
[2023-06-05T20:22:06.626+0000] {processor.py:836} INFO - DAG(s) dict_keys(['example_nested_branch_dag']) retrieved from /home/airflow/.local/lib/python3.7/site-packages/airflow/example_dags/example_nested_branch_dag.py
[2023-06-05T20:22:06.647+0000] {logging_mixin.py:149} INFO - [2023-06-05T20:22:06.647+0000] {dag.py:2726} INFO - Sync 1 DAGs
[2023-06-05T20:22:06.669+0000] {logging_mixin.py:149} INFO - [2023-06-05T20:22:06.669+0000] {dag.py:3490} INFO - Setting next_dagrun for example_nested_branch_dag to 2023-06-04T00:00:00+00:00, run_after=2023-06-05T00:00:00+00:00
[2023-06-05T20:22:06.685+0000] {processor.py:179} INFO - Processing /home/airflow/.local/lib/python3.7/site-packages/airflow/example_dags/example_nested_branch_dag.py took 0.075 seconds
