[2023-06-05T20:11:54.038+0000] {processor.py:157} INFO - Started process (PID=87) to work on /home/airflow/.local/lib/python3.7/site-packages/airflow/example_dags/tutorial.py
[2023-06-05T20:11:54.038+0000] {processor.py:826} INFO - Processing file /home/airflow/.local/lib/python3.7/site-packages/airflow/example_dags/tutorial.py for tasks to queue
[2023-06-05T20:11:54.039+0000] {logging_mixin.py:149} INFO - [2023-06-05T20:11:54.039+0000] {dagbag.py:541} INFO - Filling up the DagBag from /home/airflow/.local/lib/python3.7/site-packages/airflow/example_dags/tutorial.py
[2023-06-05T20:11:54.044+0000] {processor.py:836} INFO - DAG(s) dict_keys(['tutorial']) retrieved from /home/airflow/.local/lib/python3.7/site-packages/airflow/example_dags/tutorial.py
[2023-06-05T20:11:54.055+0000] {logging_mixin.py:149} INFO - [2023-06-05T20:11:54.055+0000] {dag.py:2726} INFO - Sync 1 DAGs
[2023-06-05T20:11:54.086+0000] {logging_mixin.py:149} INFO - [2023-06-05T20:11:54.086+0000] {dag.py:3490} INFO - Setting next_dagrun for tutorial to 2023-06-04T20:11:54.085958+00:00, run_after=2023-06-05T20:11:54.085958+00:00
[2023-06-05T20:11:54.118+0000] {processor.py:179} INFO - Processing /home/airflow/.local/lib/python3.7/site-packages/airflow/example_dags/tutorial.py took 0.083 seconds
[2023-06-05T20:12:25.476+0000] {processor.py:157} INFO - Started process (PID=155) to work on /home/airflow/.local/lib/python3.7/site-packages/airflow/example_dags/tutorial.py
[2023-06-05T20:12:25.477+0000] {processor.py:826} INFO - Processing file /home/airflow/.local/lib/python3.7/site-packages/airflow/example_dags/tutorial.py for tasks to queue
[2023-06-05T20:12:25.478+0000] {logging_mixin.py:149} INFO - [2023-06-05T20:12:25.477+0000] {dagbag.py:541} INFO - Filling up the DagBag from /home/airflow/.local/lib/python3.7/site-packages/airflow/example_dags/tutorial.py
[2023-06-05T20:12:25.483+0000] {processor.py:836} INFO - DAG(s) dict_keys(['tutorial']) retrieved from /home/airflow/.local/lib/python3.7/site-packages/airflow/example_dags/tutorial.py
[2023-06-05T20:12:25.509+0000] {logging_mixin.py:149} INFO - [2023-06-05T20:12:25.508+0000] {dag.py:2726} INFO - Sync 1 DAGs
[2023-06-05T20:12:25.545+0000] {logging_mixin.py:149} INFO - [2023-06-05T20:12:25.544+0000] {dag.py:3490} INFO - Setting next_dagrun for tutorial to 2023-06-04T20:12:25.544675+00:00, run_after=2023-06-05T20:12:25.544675+00:00
[2023-06-05T20:12:25.567+0000] {processor.py:179} INFO - Processing /home/airflow/.local/lib/python3.7/site-packages/airflow/example_dags/tutorial.py took 0.095 seconds
[2023-06-05T20:12:56.465+0000] {processor.py:157} INFO - Started process (PID=223) to work on /home/airflow/.local/lib/python3.7/site-packages/airflow/example_dags/tutorial.py
[2023-06-05T20:12:56.465+0000] {processor.py:826} INFO - Processing file /home/airflow/.local/lib/python3.7/site-packages/airflow/example_dags/tutorial.py for tasks to queue
[2023-06-05T20:12:56.466+0000] {logging_mixin.py:149} INFO - [2023-06-05T20:12:56.466+0000] {dagbag.py:541} INFO - Filling up the DagBag from /home/airflow/.local/lib/python3.7/site-packages/airflow/example_dags/tutorial.py
[2023-06-05T20:12:56.471+0000] {processor.py:836} INFO - DAG(s) dict_keys(['tutorial']) retrieved from /home/airflow/.local/lib/python3.7/site-packages/airflow/example_dags/tutorial.py
[2023-06-05T20:12:56.493+0000] {logging_mixin.py:149} INFO - [2023-06-05T20:12:56.492+0000] {dag.py:2726} INFO - Sync 1 DAGs
[2023-06-05T20:12:56.525+0000] {logging_mixin.py:149} INFO - [2023-06-05T20:12:56.525+0000] {dag.py:3490} INFO - Setting next_dagrun for tutorial to 2023-06-04T20:12:56.524918+00:00, run_after=2023-06-05T20:12:56.524918+00:00
[2023-06-05T20:12:56.546+0000] {processor.py:179} INFO - Processing /home/airflow/.local/lib/python3.7/site-packages/airflow/example_dags/tutorial.py took 0.084 seconds
[2023-06-05T20:13:26.689+0000] {processor.py:157} INFO - Started process (PID=291) to work on /home/airflow/.local/lib/python3.7/site-packages/airflow/example_dags/tutorial.py
[2023-06-05T20:13:26.691+0000] {processor.py:826} INFO - Processing file /home/airflow/.local/lib/python3.7/site-packages/airflow/example_dags/tutorial.py for tasks to queue
[2023-06-05T20:13:26.691+0000] {logging_mixin.py:149} INFO - [2023-06-05T20:13:26.691+0000] {dagbag.py:541} INFO - Filling up the DagBag from /home/airflow/.local/lib/python3.7/site-packages/airflow/example_dags/tutorial.py
[2023-06-05T20:13:26.696+0000] {processor.py:836} INFO - DAG(s) dict_keys(['tutorial']) retrieved from /home/airflow/.local/lib/python3.7/site-packages/airflow/example_dags/tutorial.py
[2023-06-05T20:13:26.723+0000] {logging_mixin.py:149} INFO - [2023-06-05T20:13:26.723+0000] {dag.py:2726} INFO - Sync 1 DAGs
[2023-06-05T20:13:26.746+0000] {logging_mixin.py:149} INFO - [2023-06-05T20:13:26.745+0000] {dag.py:3490} INFO - Setting next_dagrun for tutorial to 2023-06-04T20:13:26.745563+00:00, run_after=2023-06-05T20:13:26.745563+00:00
[2023-06-05T20:13:26.765+0000] {processor.py:179} INFO - Processing /home/airflow/.local/lib/python3.7/site-packages/airflow/example_dags/tutorial.py took 0.077 seconds
[2023-06-05T20:13:57.807+0000] {processor.py:157} INFO - Started process (PID=359) to work on /home/airflow/.local/lib/python3.7/site-packages/airflow/example_dags/tutorial.py
[2023-06-05T20:13:57.809+0000] {processor.py:826} INFO - Processing file /home/airflow/.local/lib/python3.7/site-packages/airflow/example_dags/tutorial.py for tasks to queue
[2023-06-05T20:13:57.810+0000] {logging_mixin.py:149} INFO - [2023-06-05T20:13:57.809+0000] {dagbag.py:541} INFO - Filling up the DagBag from /home/airflow/.local/lib/python3.7/site-packages/airflow/example_dags/tutorial.py
[2023-06-05T20:13:57.818+0000] {processor.py:836} INFO - DAG(s) dict_keys(['tutorial']) retrieved from /home/airflow/.local/lib/python3.7/site-packages/airflow/example_dags/tutorial.py
[2023-06-05T20:13:57.854+0000] {logging_mixin.py:149} INFO - [2023-06-05T20:13:57.854+0000] {dag.py:2726} INFO - Sync 1 DAGs
[2023-06-05T20:13:57.876+0000] {logging_mixin.py:149} INFO - [2023-06-05T20:13:57.876+0000] {dag.py:3490} INFO - Setting next_dagrun for tutorial to 2023-06-04T20:13:57.876013+00:00, run_after=2023-06-05T20:13:57.876013+00:00
[2023-06-05T20:13:57.892+0000] {processor.py:179} INFO - Processing /home/airflow/.local/lib/python3.7/site-packages/airflow/example_dags/tutorial.py took 0.088 seconds
[2023-06-05T20:14:28.479+0000] {processor.py:157} INFO - Started process (PID=427) to work on /home/airflow/.local/lib/python3.7/site-packages/airflow/example_dags/tutorial.py
[2023-06-05T20:14:28.480+0000] {processor.py:826} INFO - Processing file /home/airflow/.local/lib/python3.7/site-packages/airflow/example_dags/tutorial.py for tasks to queue
[2023-06-05T20:14:28.481+0000] {logging_mixin.py:149} INFO - [2023-06-05T20:14:28.481+0000] {dagbag.py:541} INFO - Filling up the DagBag from /home/airflow/.local/lib/python3.7/site-packages/airflow/example_dags/tutorial.py
[2023-06-05T20:14:28.487+0000] {processor.py:836} INFO - DAG(s) dict_keys(['tutorial']) retrieved from /home/airflow/.local/lib/python3.7/site-packages/airflow/example_dags/tutorial.py
[2023-06-05T20:14:28.517+0000] {logging_mixin.py:149} INFO - [2023-06-05T20:14:28.517+0000] {dag.py:2726} INFO - Sync 1 DAGs
[2023-06-05T20:14:28.558+0000] {logging_mixin.py:149} INFO - [2023-06-05T20:14:28.558+0000] {dag.py:3490} INFO - Setting next_dagrun for tutorial to 2023-06-04T20:14:28.558311+00:00, run_after=2023-06-05T20:14:28.558311+00:00
[2023-06-05T20:14:28.577+0000] {processor.py:179} INFO - Processing /home/airflow/.local/lib/python3.7/site-packages/airflow/example_dags/tutorial.py took 0.101 seconds
[2023-06-05T20:14:59.417+0000] {processor.py:157} INFO - Started process (PID=495) to work on /home/airflow/.local/lib/python3.7/site-packages/airflow/example_dags/tutorial.py
[2023-06-05T20:14:59.418+0000] {processor.py:826} INFO - Processing file /home/airflow/.local/lib/python3.7/site-packages/airflow/example_dags/tutorial.py for tasks to queue
[2023-06-05T20:14:59.419+0000] {logging_mixin.py:149} INFO - [2023-06-05T20:14:59.419+0000] {dagbag.py:541} INFO - Filling up the DagBag from /home/airflow/.local/lib/python3.7/site-packages/airflow/example_dags/tutorial.py
[2023-06-05T20:14:59.427+0000] {processor.py:836} INFO - DAG(s) dict_keys(['tutorial']) retrieved from /home/airflow/.local/lib/python3.7/site-packages/airflow/example_dags/tutorial.py
[2023-06-05T20:14:59.460+0000] {logging_mixin.py:149} INFO - [2023-06-05T20:14:59.460+0000] {dag.py:2726} INFO - Sync 1 DAGs
[2023-06-05T20:14:59.485+0000] {logging_mixin.py:149} INFO - [2023-06-05T20:14:59.485+0000] {dag.py:3490} INFO - Setting next_dagrun for tutorial to 2023-06-04T20:14:59.485493+00:00, run_after=2023-06-05T20:14:59.485493+00:00
[2023-06-05T20:14:59.504+0000] {processor.py:179} INFO - Processing /home/airflow/.local/lib/python3.7/site-packages/airflow/example_dags/tutorial.py took 0.090 seconds
[2023-06-05T20:15:30.862+0000] {processor.py:157} INFO - Started process (PID=563) to work on /home/airflow/.local/lib/python3.7/site-packages/airflow/example_dags/tutorial.py
[2023-06-05T20:15:30.863+0000] {processor.py:826} INFO - Processing file /home/airflow/.local/lib/python3.7/site-packages/airflow/example_dags/tutorial.py for tasks to queue
[2023-06-05T20:15:30.864+0000] {logging_mixin.py:149} INFO - [2023-06-05T20:15:30.864+0000] {dagbag.py:541} INFO - Filling up the DagBag from /home/airflow/.local/lib/python3.7/site-packages/airflow/example_dags/tutorial.py
[2023-06-05T20:15:30.870+0000] {processor.py:836} INFO - DAG(s) dict_keys(['tutorial']) retrieved from /home/airflow/.local/lib/python3.7/site-packages/airflow/example_dags/tutorial.py
[2023-06-05T20:15:30.890+0000] {logging_mixin.py:149} INFO - [2023-06-05T20:15:30.890+0000] {dag.py:2726} INFO - Sync 1 DAGs
[2023-06-05T20:15:30.922+0000] {logging_mixin.py:149} INFO - [2023-06-05T20:15:30.922+0000] {dag.py:3490} INFO - Setting next_dagrun for tutorial to 2023-06-04T20:15:30.922233+00:00, run_after=2023-06-05T20:15:30.922233+00:00
[2023-06-05T20:15:30.954+0000] {processor.py:179} INFO - Processing /home/airflow/.local/lib/python3.7/site-packages/airflow/example_dags/tutorial.py took 0.096 seconds
[2023-06-05T20:16:01.790+0000] {processor.py:157} INFO - Started process (PID=631) to work on /home/airflow/.local/lib/python3.7/site-packages/airflow/example_dags/tutorial.py
[2023-06-05T20:16:01.791+0000] {processor.py:826} INFO - Processing file /home/airflow/.local/lib/python3.7/site-packages/airflow/example_dags/tutorial.py for tasks to queue
[2023-06-05T20:16:01.791+0000] {logging_mixin.py:149} INFO - [2023-06-05T20:16:01.791+0000] {dagbag.py:541} INFO - Filling up the DagBag from /home/airflow/.local/lib/python3.7/site-packages/airflow/example_dags/tutorial.py
[2023-06-05T20:16:01.797+0000] {processor.py:836} INFO - DAG(s) dict_keys(['tutorial']) retrieved from /home/airflow/.local/lib/python3.7/site-packages/airflow/example_dags/tutorial.py
[2023-06-05T20:16:01.820+0000] {logging_mixin.py:149} INFO - [2023-06-05T20:16:01.819+0000] {dag.py:2726} INFO - Sync 1 DAGs
[2023-06-05T20:16:01.843+0000] {logging_mixin.py:149} INFO - [2023-06-05T20:16:01.843+0000] {dag.py:3490} INFO - Setting next_dagrun for tutorial to 2023-06-04T20:16:01.843261+00:00, run_after=2023-06-05T20:16:01.843261+00:00
[2023-06-05T20:16:01.861+0000] {processor.py:179} INFO - Processing /home/airflow/.local/lib/python3.7/site-packages/airflow/example_dags/tutorial.py took 0.073 seconds
[2023-06-05T20:16:32.471+0000] {processor.py:157} INFO - Started process (PID=699) to work on /home/airflow/.local/lib/python3.7/site-packages/airflow/example_dags/tutorial.py
[2023-06-05T20:16:32.472+0000] {processor.py:826} INFO - Processing file /home/airflow/.local/lib/python3.7/site-packages/airflow/example_dags/tutorial.py for tasks to queue
[2023-06-05T20:16:32.473+0000] {logging_mixin.py:149} INFO - [2023-06-05T20:16:32.473+0000] {dagbag.py:541} INFO - Filling up the DagBag from /home/airflow/.local/lib/python3.7/site-packages/airflow/example_dags/tutorial.py
[2023-06-05T20:16:32.478+0000] {processor.py:836} INFO - DAG(s) dict_keys(['tutorial']) retrieved from /home/airflow/.local/lib/python3.7/site-packages/airflow/example_dags/tutorial.py
[2023-06-05T20:16:32.519+0000] {logging_mixin.py:149} INFO - [2023-06-05T20:16:32.518+0000] {dag.py:2726} INFO - Sync 1 DAGs
[2023-06-05T20:16:32.577+0000] {logging_mixin.py:149} INFO - [2023-06-05T20:16:32.577+0000] {dag.py:3490} INFO - Setting next_dagrun for tutorial to 2023-06-04T20:16:32.577288+00:00, run_after=2023-06-05T20:16:32.577288+00:00
[2023-06-05T20:16:32.622+0000] {processor.py:179} INFO - Processing /home/airflow/.local/lib/python3.7/site-packages/airflow/example_dags/tutorial.py took 0.154 seconds
[2023-06-05T20:17:02.701+0000] {processor.py:157} INFO - Started process (PID=767) to work on /home/airflow/.local/lib/python3.7/site-packages/airflow/example_dags/tutorial.py
[2023-06-05T20:17:02.702+0000] {processor.py:826} INFO - Processing file /home/airflow/.local/lib/python3.7/site-packages/airflow/example_dags/tutorial.py for tasks to queue
[2023-06-05T20:17:02.703+0000] {logging_mixin.py:149} INFO - [2023-06-05T20:17:02.703+0000] {dagbag.py:541} INFO - Filling up the DagBag from /home/airflow/.local/lib/python3.7/site-packages/airflow/example_dags/tutorial.py
[2023-06-05T20:17:02.710+0000] {processor.py:836} INFO - DAG(s) dict_keys(['tutorial']) retrieved from /home/airflow/.local/lib/python3.7/site-packages/airflow/example_dags/tutorial.py
[2023-06-05T20:17:02.735+0000] {logging_mixin.py:149} INFO - [2023-06-05T20:17:02.735+0000] {dag.py:2726} INFO - Sync 1 DAGs
[2023-06-05T20:17:02.757+0000] {logging_mixin.py:149} INFO - [2023-06-05T20:17:02.757+0000] {dag.py:3490} INFO - Setting next_dagrun for tutorial to 2023-06-04T20:17:02.757052+00:00, run_after=2023-06-05T20:17:02.757052+00:00
[2023-06-05T20:17:02.773+0000] {processor.py:179} INFO - Processing /home/airflow/.local/lib/python3.7/site-packages/airflow/example_dags/tutorial.py took 0.076 seconds
[2023-06-05T20:17:33.684+0000] {processor.py:157} INFO - Started process (PID=835) to work on /home/airflow/.local/lib/python3.7/site-packages/airflow/example_dags/tutorial.py
[2023-06-05T20:17:33.685+0000] {processor.py:826} INFO - Processing file /home/airflow/.local/lib/python3.7/site-packages/airflow/example_dags/tutorial.py for tasks to queue
[2023-06-05T20:17:33.686+0000] {logging_mixin.py:149} INFO - [2023-06-05T20:17:33.685+0000] {dagbag.py:541} INFO - Filling up the DagBag from /home/airflow/.local/lib/python3.7/site-packages/airflow/example_dags/tutorial.py
[2023-06-05T20:17:33.692+0000] {processor.py:836} INFO - DAG(s) dict_keys(['tutorial']) retrieved from /home/airflow/.local/lib/python3.7/site-packages/airflow/example_dags/tutorial.py
[2023-06-05T20:17:33.716+0000] {logging_mixin.py:149} INFO - [2023-06-05T20:17:33.715+0000] {dag.py:2726} INFO - Sync 1 DAGs
[2023-06-05T20:17:33.740+0000] {logging_mixin.py:149} INFO - [2023-06-05T20:17:33.739+0000] {dag.py:3490} INFO - Setting next_dagrun for tutorial to 2023-06-04T20:17:33.739707+00:00, run_after=2023-06-05T20:17:33.739707+00:00
[2023-06-05T20:17:33.757+0000] {processor.py:179} INFO - Processing /home/airflow/.local/lib/python3.7/site-packages/airflow/example_dags/tutorial.py took 0.076 seconds
[2023-06-05T20:18:04.073+0000] {processor.py:157} INFO - Started process (PID=903) to work on /home/airflow/.local/lib/python3.7/site-packages/airflow/example_dags/tutorial.py
[2023-06-05T20:18:04.074+0000] {processor.py:826} INFO - Processing file /home/airflow/.local/lib/python3.7/site-packages/airflow/example_dags/tutorial.py for tasks to queue
[2023-06-05T20:18:04.075+0000] {logging_mixin.py:149} INFO - [2023-06-05T20:18:04.074+0000] {dagbag.py:541} INFO - Filling up the DagBag from /home/airflow/.local/lib/python3.7/site-packages/airflow/example_dags/tutorial.py
[2023-06-05T20:18:04.079+0000] {processor.py:836} INFO - DAG(s) dict_keys(['tutorial']) retrieved from /home/airflow/.local/lib/python3.7/site-packages/airflow/example_dags/tutorial.py
[2023-06-05T20:18:04.111+0000] {logging_mixin.py:149} INFO - [2023-06-05T20:18:04.110+0000] {dag.py:2726} INFO - Sync 1 DAGs
[2023-06-05T20:18:04.136+0000] {logging_mixin.py:149} INFO - [2023-06-05T20:18:04.136+0000] {dag.py:3490} INFO - Setting next_dagrun for tutorial to 2023-06-04T20:18:04.136372+00:00, run_after=2023-06-05T20:18:04.136372+00:00
[2023-06-05T20:18:04.155+0000] {processor.py:179} INFO - Processing /home/airflow/.local/lib/python3.7/site-packages/airflow/example_dags/tutorial.py took 0.085 seconds
[2023-06-05T20:18:34.523+0000] {processor.py:157} INFO - Started process (PID=971) to work on /home/airflow/.local/lib/python3.7/site-packages/airflow/example_dags/tutorial.py
[2023-06-05T20:18:34.524+0000] {processor.py:826} INFO - Processing file /home/airflow/.local/lib/python3.7/site-packages/airflow/example_dags/tutorial.py for tasks to queue
[2023-06-05T20:18:34.524+0000] {logging_mixin.py:149} INFO - [2023-06-05T20:18:34.524+0000] {dagbag.py:541} INFO - Filling up the DagBag from /home/airflow/.local/lib/python3.7/site-packages/airflow/example_dags/tutorial.py
[2023-06-05T20:18:34.530+0000] {processor.py:836} INFO - DAG(s) dict_keys(['tutorial']) retrieved from /home/airflow/.local/lib/python3.7/site-packages/airflow/example_dags/tutorial.py
[2023-06-05T20:18:34.553+0000] {logging_mixin.py:149} INFO - [2023-06-05T20:18:34.553+0000] {dag.py:2726} INFO - Sync 1 DAGs
[2023-06-05T20:18:34.579+0000] {logging_mixin.py:149} INFO - [2023-06-05T20:18:34.579+0000] {dag.py:3490} INFO - Setting next_dagrun for tutorial to 2023-06-04T20:18:34.578884+00:00, run_after=2023-06-05T20:18:34.578884+00:00
[2023-06-05T20:18:34.597+0000] {processor.py:179} INFO - Processing /home/airflow/.local/lib/python3.7/site-packages/airflow/example_dags/tutorial.py took 0.077 seconds
[2023-06-05T20:19:04.912+0000] {processor.py:157} INFO - Started process (PID=1039) to work on /home/airflow/.local/lib/python3.7/site-packages/airflow/example_dags/tutorial.py
[2023-06-05T20:19:04.913+0000] {processor.py:826} INFO - Processing file /home/airflow/.local/lib/python3.7/site-packages/airflow/example_dags/tutorial.py for tasks to queue
[2023-06-05T20:19:04.914+0000] {logging_mixin.py:149} INFO - [2023-06-05T20:19:04.914+0000] {dagbag.py:541} INFO - Filling up the DagBag from /home/airflow/.local/lib/python3.7/site-packages/airflow/example_dags/tutorial.py
[2023-06-05T20:19:04.919+0000] {processor.py:836} INFO - DAG(s) dict_keys(['tutorial']) retrieved from /home/airflow/.local/lib/python3.7/site-packages/airflow/example_dags/tutorial.py
[2023-06-05T20:19:04.944+0000] {logging_mixin.py:149} INFO - [2023-06-05T20:19:04.944+0000] {dag.py:2726} INFO - Sync 1 DAGs
[2023-06-05T20:19:04.974+0000] {logging_mixin.py:149} INFO - [2023-06-05T20:19:04.974+0000] {dag.py:3490} INFO - Setting next_dagrun for tutorial to 2023-06-04T20:19:04.974311+00:00, run_after=2023-06-05T20:19:04.974311+00:00
[2023-06-05T20:19:04.998+0000] {processor.py:179} INFO - Processing /home/airflow/.local/lib/python3.7/site-packages/airflow/example_dags/tutorial.py took 0.089 seconds
[2023-06-05T20:19:35.681+0000] {processor.py:157} INFO - Started process (PID=1107) to work on /home/airflow/.local/lib/python3.7/site-packages/airflow/example_dags/tutorial.py
[2023-06-05T20:19:35.682+0000] {processor.py:826} INFO - Processing file /home/airflow/.local/lib/python3.7/site-packages/airflow/example_dags/tutorial.py for tasks to queue
[2023-06-05T20:19:35.682+0000] {logging_mixin.py:149} INFO - [2023-06-05T20:19:35.682+0000] {dagbag.py:541} INFO - Filling up the DagBag from /home/airflow/.local/lib/python3.7/site-packages/airflow/example_dags/tutorial.py
[2023-06-05T20:19:35.688+0000] {processor.py:836} INFO - DAG(s) dict_keys(['tutorial']) retrieved from /home/airflow/.local/lib/python3.7/site-packages/airflow/example_dags/tutorial.py
[2023-06-05T20:19:35.718+0000] {logging_mixin.py:149} INFO - [2023-06-05T20:19:35.717+0000] {dag.py:2726} INFO - Sync 1 DAGs
[2023-06-05T20:19:35.752+0000] {logging_mixin.py:149} INFO - [2023-06-05T20:19:35.751+0000] {dag.py:3490} INFO - Setting next_dagrun for tutorial to 2023-06-04T20:19:35.751586+00:00, run_after=2023-06-05T20:19:35.751586+00:00
[2023-06-05T20:19:35.797+0000] {processor.py:179} INFO - Processing /home/airflow/.local/lib/python3.7/site-packages/airflow/example_dags/tutorial.py took 0.119 seconds
[2023-06-05T20:20:06.063+0000] {processor.py:157} INFO - Started process (PID=1175) to work on /home/airflow/.local/lib/python3.7/site-packages/airflow/example_dags/tutorial.py
[2023-06-05T20:20:06.064+0000] {processor.py:826} INFO - Processing file /home/airflow/.local/lib/python3.7/site-packages/airflow/example_dags/tutorial.py for tasks to queue
[2023-06-05T20:20:06.065+0000] {logging_mixin.py:149} INFO - [2023-06-05T20:20:06.065+0000] {dagbag.py:541} INFO - Filling up the DagBag from /home/airflow/.local/lib/python3.7/site-packages/airflow/example_dags/tutorial.py
[2023-06-05T20:20:06.070+0000] {processor.py:836} INFO - DAG(s) dict_keys(['tutorial']) retrieved from /home/airflow/.local/lib/python3.7/site-packages/airflow/example_dags/tutorial.py
[2023-06-05T20:20:06.089+0000] {logging_mixin.py:149} INFO - [2023-06-05T20:20:06.089+0000] {dag.py:2726} INFO - Sync 1 DAGs
[2023-06-05T20:20:06.129+0000] {logging_mixin.py:149} INFO - [2023-06-05T20:20:06.129+0000] {dag.py:3490} INFO - Setting next_dagrun for tutorial to 2023-06-04T20:20:06.128914+00:00, run_after=2023-06-05T20:20:06.128914+00:00
[2023-06-05T20:20:06.158+0000] {processor.py:179} INFO - Processing /home/airflow/.local/lib/python3.7/site-packages/airflow/example_dags/tutorial.py took 0.097 seconds
[2023-06-05T20:20:36.224+0000] {processor.py:157} INFO - Started process (PID=1243) to work on /home/airflow/.local/lib/python3.7/site-packages/airflow/example_dags/tutorial.py
[2023-06-05T20:20:36.224+0000] {processor.py:826} INFO - Processing file /home/airflow/.local/lib/python3.7/site-packages/airflow/example_dags/tutorial.py for tasks to queue
[2023-06-05T20:20:36.225+0000] {logging_mixin.py:149} INFO - [2023-06-05T20:20:36.225+0000] {dagbag.py:541} INFO - Filling up the DagBag from /home/airflow/.local/lib/python3.7/site-packages/airflow/example_dags/tutorial.py
[2023-06-05T20:20:36.229+0000] {processor.py:836} INFO - DAG(s) dict_keys(['tutorial']) retrieved from /home/airflow/.local/lib/python3.7/site-packages/airflow/example_dags/tutorial.py
[2023-06-05T20:20:36.249+0000] {logging_mixin.py:149} INFO - [2023-06-05T20:20:36.249+0000] {dag.py:2726} INFO - Sync 1 DAGs
[2023-06-05T20:20:36.271+0000] {logging_mixin.py:149} INFO - [2023-06-05T20:20:36.270+0000] {dag.py:3490} INFO - Setting next_dagrun for tutorial to 2023-06-04T20:20:36.270660+00:00, run_after=2023-06-05T20:20:36.270660+00:00
[2023-06-05T20:20:36.288+0000] {processor.py:179} INFO - Processing /home/airflow/.local/lib/python3.7/site-packages/airflow/example_dags/tutorial.py took 0.066 seconds
[2023-06-05T20:21:06.702+0000] {processor.py:157} INFO - Started process (PID=1311) to work on /home/airflow/.local/lib/python3.7/site-packages/airflow/example_dags/tutorial.py
[2023-06-05T20:21:06.702+0000] {processor.py:826} INFO - Processing file /home/airflow/.local/lib/python3.7/site-packages/airflow/example_dags/tutorial.py for tasks to queue
[2023-06-05T20:21:06.703+0000] {logging_mixin.py:149} INFO - [2023-06-05T20:21:06.703+0000] {dagbag.py:541} INFO - Filling up the DagBag from /home/airflow/.local/lib/python3.7/site-packages/airflow/example_dags/tutorial.py
[2023-06-05T20:21:06.708+0000] {processor.py:836} INFO - DAG(s) dict_keys(['tutorial']) retrieved from /home/airflow/.local/lib/python3.7/site-packages/airflow/example_dags/tutorial.py
[2023-06-05T20:21:06.731+0000] {logging_mixin.py:149} INFO - [2023-06-05T20:21:06.730+0000] {dag.py:2726} INFO - Sync 1 DAGs
[2023-06-05T20:21:06.754+0000] {logging_mixin.py:149} INFO - [2023-06-05T20:21:06.754+0000] {dag.py:3490} INFO - Setting next_dagrun for tutorial to 2023-06-04T20:21:06.754443+00:00, run_after=2023-06-05T20:21:06.754443+00:00
[2023-06-05T20:21:06.772+0000] {processor.py:179} INFO - Processing /home/airflow/.local/lib/python3.7/site-packages/airflow/example_dags/tutorial.py took 0.073 seconds
[2023-06-05T20:21:37.315+0000] {processor.py:157} INFO - Started process (PID=1379) to work on /home/airflow/.local/lib/python3.7/site-packages/airflow/example_dags/tutorial.py
[2023-06-05T20:21:37.317+0000] {processor.py:826} INFO - Processing file /home/airflow/.local/lib/python3.7/site-packages/airflow/example_dags/tutorial.py for tasks to queue
[2023-06-05T20:21:37.317+0000] {logging_mixin.py:149} INFO - [2023-06-05T20:21:37.317+0000] {dagbag.py:541} INFO - Filling up the DagBag from /home/airflow/.local/lib/python3.7/site-packages/airflow/example_dags/tutorial.py
[2023-06-05T20:21:37.322+0000] {processor.py:836} INFO - DAG(s) dict_keys(['tutorial']) retrieved from /home/airflow/.local/lib/python3.7/site-packages/airflow/example_dags/tutorial.py
[2023-06-05T20:21:37.343+0000] {logging_mixin.py:149} INFO - [2023-06-05T20:21:37.342+0000] {dag.py:2726} INFO - Sync 1 DAGs
[2023-06-05T20:21:37.365+0000] {logging_mixin.py:149} INFO - [2023-06-05T20:21:37.365+0000] {dag.py:3490} INFO - Setting next_dagrun for tutorial to 2023-06-04T20:21:37.364945+00:00, run_after=2023-06-05T20:21:37.364945+00:00
[2023-06-05T20:21:37.383+0000] {processor.py:179} INFO - Processing /home/airflow/.local/lib/python3.7/site-packages/airflow/example_dags/tutorial.py took 0.072 seconds
[2023-06-05T20:22:08.015+0000] {processor.py:157} INFO - Started process (PID=1447) to work on /home/airflow/.local/lib/python3.7/site-packages/airflow/example_dags/tutorial.py
[2023-06-05T20:22:08.016+0000] {processor.py:826} INFO - Processing file /home/airflow/.local/lib/python3.7/site-packages/airflow/example_dags/tutorial.py for tasks to queue
[2023-06-05T20:22:08.017+0000] {logging_mixin.py:149} INFO - [2023-06-05T20:22:08.017+0000] {dagbag.py:541} INFO - Filling up the DagBag from /home/airflow/.local/lib/python3.7/site-packages/airflow/example_dags/tutorial.py
[2023-06-05T20:22:08.032+0000] {processor.py:836} INFO - DAG(s) dict_keys(['tutorial']) retrieved from /home/airflow/.local/lib/python3.7/site-packages/airflow/example_dags/tutorial.py
[2023-06-05T20:22:08.058+0000] {logging_mixin.py:149} INFO - [2023-06-05T20:22:08.058+0000] {dag.py:2726} INFO - Sync 1 DAGs
[2023-06-05T20:22:08.080+0000] {logging_mixin.py:149} INFO - [2023-06-05T20:22:08.080+0000] {dag.py:3490} INFO - Setting next_dagrun for tutorial to 2023-06-04T20:22:08.080100+00:00, run_after=2023-06-05T20:22:08.080100+00:00
[2023-06-05T20:22:08.100+0000] {processor.py:179} INFO - Processing /home/airflow/.local/lib/python3.7/site-packages/airflow/example_dags/tutorial.py took 0.088 seconds
